2021/4/20 ¤W¤È 09:26:17(80890578) : <?xml version='1.0' encoding='big5'?><Result Code='0' ServerTime='99999999-999999'><Error Code='-100000' Msg='¤¸¥ó¿ù»~ToGetProduct -- Automation ¿ù»~
§@·~¨t²ÎµLªk°õ¦æ %1¡C '/></Result>
2021/4/20 ¤W¤È 09:26:31(80904623) : <!DOCTYPE html>
<html>
    <head>
        <title>?¾ä??°è?æºã€?/title>
        <meta name="viewport" content="width=device-width" />
        <style>
         body {font-family:"Verdana";font-weight:normal;font-size: .7em;color:black;} 
         p {font-family:"Verdana";font-weight:normal;color:black;margin-top: -5px}
         b {font-family:"Verdana";font-weight:bold;color:black;margin-top: -5px}
         H1 { font-family:"Verdana";font-weight:normal;font-size:18pt;color:red }
         H2 { font-family:"Verdana";font-weight:normal;font-size:14pt;color:maroon }
         pre {font-family:"Consolas","Lucida Console",Monospace;font-size:11pt;margin:0;padding:0.5em;line-height:14pt}
         .marker {font-weight: bold; color: black;text-decoration: none;}
         .version {color: gray;}
         .error {margin-bottom: 10px;}
         .expandable { text-decoration:underline; font-weight:bold; color:navy; cursor:hand; }
         @media screen and (max-width: 639px) {
          pre { width: 440px; overflow: auto; white-space: pre-wrap; word-wrap: break-word; }
         }
         @media screen and (max-width: 479px) {
          pre { width: 280px; }
         }
        </style>
    </head>

    <body bgcolor="white">

            <span><H1>'/' ?‰ç”¨ç¨‹å?ä¸­ç™¼?Ÿä¼º?å™¨?¯èª¤??hr width=100% size=1 color=silver></H1>

            <h2> <i>?¾ä??°è?æºã€?/i> </h2></span>

            <font face="Arial, Helvetica, Geneva, SunSans-Regular, sans-serif ">

            <b> ?è¿°: </b>HTTP 404. ?¨è?å°‹æ‰¾?„è?æº?(?–å…¶?¸ä??§ç??¶ä¸­ä¹‹ä?) ?¯èƒ½å·²ç?ç§»é™¤?å?ç¨±å·²ç¶“è??´æ??¯æš«?‚ç„¡æ³•ä½¿?¨ã€‚è?æª¢é–±ä¸‹å? URLï¼Œä¸¦ä¸”ç¢ºå®šå??„æ‹¼å¯«ç„¡èª¤ã€?
            <br><br>

            <b> è¦æ???URL: </b>/SessionWeb/LoginSession.aspx<br><br>

    </body>
</html>

2021/4/20 ¤W¤È 09:51:49(82423093) : <?xml version='1.0' encoding='big5'?><Result Code='0' ServerTime='99999999-999999'><Error Code='-100000' Msg='¤¸¥ó¿ù»~ToGetProduct -- Automation ¿ù»~
§@·~¨t²ÎµLªk°õ¦æ %1¡C '/></Result>
2021/4/20 ¤W¤È 09:52:20(82454029) : <!DOCTYPE html>
<html>
    <head>
        <title>?¾ä??°è?æºã€?/title>
        <meta name="viewport" content="width=device-width" />
        <style>
         body {font-family:"Verdana";font-weight:normal;font-size: .7em;color:black;} 
         p {font-family:"Verdana";font-weight:normal;color:black;margin-top: -5px}
         b {font-family:"Verdana";font-weight:bold;color:black;margin-top: -5px}
         H1 { font-family:"Verdana";font-weight:normal;font-size:18pt;color:red }
         H2 { font-family:"Verdana";font-weight:normal;font-size:14pt;color:maroon }
         pre {font-family:"Consolas","Lucida Console",Monospace;font-size:11pt;margin:0;padding:0.5em;line-height:14pt}
         .marker {font-weight: bold; color: black;text-decoration: none;}
         .version {color: gray;}
         .error {margin-bottom: 10px;}
         .expandable { text-decoration:underline; font-weight:bold; color:navy; cursor:hand; }
         @media screen and (max-width: 639px) {
          pre { width: 440px; overflow: auto; white-space: pre-wrap; word-wrap: break-word; }
         }
         @media screen and (max-width: 479px) {
          pre { width: 280px; }
         }
        </style>
    </head>

    <body bgcolor="white">

            <span><H1>'/' ?‰ç”¨ç¨‹å?ä¸­ç™¼?Ÿä¼º?å™¨?¯èª¤??hr width=100% size=1 color=silver></H1>

            <h2> <i>?¾ä??°è?æºã€?/i> </h2></span>

            <font face="Arial, Helvetica, Geneva, SunSans-Regular, sans-serif ">

            <b> ?è¿°: </b>HTTP 404. ?¨è?å°‹æ‰¾?„è?æº?(?–å…¶?¸ä??§ç??¶ä¸­ä¹‹ä?) ?¯èƒ½å·²ç?ç§»é™¤?å?ç¨±å·²ç¶“è??´æ??¯æš«?‚ç„¡æ³•ä½¿?¨ã€‚è?æª¢é–±ä¸‹å? URLï¼Œä¸¦ä¸”ç¢ºå®šå??„æ‹¼å¯«ç„¡èª¤ã€?
            <br><br>

            <b> è¦æ???URL: </b>/SessionWeb/LoginSession.aspx<br><br>

    </body>
</html>

2021/4/20 ¤W¤È 09:52:31(82465187) : <?xml version='1.0' encoding='big5'?><Result Code='0' ServerTime='99999999-999999'><Error Code='-100000' Msg='¤¸¥ó¿ù»~ToGetProduct -- Automation ¿ù»~
§@·~¨t²ÎµLªk°õ¦æ %1¡C '/></Result>
2021/4/20 ¤W¤È 09:52:38(82472030) : <!DOCTYPE html>
<html>
    <head>
        <title>?¾ä??°è?æºã€?/title>
        <meta name="viewport" content="width=device-width" />
        <style>
         body {font-family:"Verdana";font-weight:normal;font-size: .7em;color:black;} 
         p {font-family:"Verdana";font-weight:normal;color:black;margin-top: -5px}
         b {font-family:"Verdana";font-weight:bold;color:black;margin-top: -5px}
         H1 { font-family:"Verdana";font-weight:normal;font-size:18pt;color:red }
         H2 { font-family:"Verdana";font-weight:normal;font-size:14pt;color:maroon }
         pre {font-family:"Consolas","Lucida Console",Monospace;font-size:11pt;margin:0;padding:0.5em;line-height:14pt}
         .marker {font-weight: bold; color: black;text-decoration: none;}
         .version {color: gray;}
         .error {margin-bottom: 10px;}
         .expandable { text-decoration:underline; font-weight:bold; color:navy; cursor:hand; }
         @media screen and (max-width: 639px) {
          pre { width: 440px; overflow: auto; white-space: pre-wrap; word-wrap: break-word; }
         }
         @media screen and (max-width: 479px) {
          pre { width: 280px; }
         }
        </style>
    </head>

    <body bgcolor="white">

            <span><H1>'/' ?‰ç”¨ç¨‹å?ä¸­ç™¼?Ÿä¼º?å™¨?¯èª¤??hr width=100% size=1 color=silver></H1>

            <h2> <i>?¾ä??°è?æºã€?/i> </h2></span>

            <font face="Arial, Helvetica, Geneva, SunSans-Regular, sans-serif ">

            <b> ?è¿°: </b>HTTP 404. ?¨è?å°‹æ‰¾?„è?æº?(?–å…¶?¸ä??§ç??¶ä¸­ä¹‹ä?) ?¯èƒ½å·²ç?ç§»é™¤?å?ç¨±å·²ç¶“è??´æ??¯æš«?‚ç„¡æ³•ä½¿?¨ã€‚è?æª¢é–±ä¸‹å? URLï¼Œä¸¦ä¸”ç¢ºå®šå??„æ‹¼å¯«ç„¡èª¤ã€?
            <br><br>

            <b> è¦æ???URL: </b>/SessionWeb/LoginSession.aspx<br><br>

    </body>
</html>

2021/4/20 ¤W¤È 09:53:00(82494268) : <!DOCTYPE html>
<html>
    <head>
        <title>?¾ä??°è?æºã€?/title>
        <meta name="viewport" content="width=device-width" />
        <style>
         body {font-family:"Verdana";font-weight:normal;font-size: .7em;color:black;} 
         p {font-family:"Verdana";font-weight:normal;color:black;margin-top: -5px}
         b {font-family:"Verdana";font-weight:bold;color:black;margin-top: -5px}
         H1 { font-family:"Verdana";font-weight:normal;font-size:18pt;color:red }
         H2 { font-family:"Verdana";font-weight:normal;font-size:14pt;color:maroon }
         pre {font-family:"Consolas","Lucida Console",Monospace;font-size:11pt;margin:0;padding:0.5em;line-height:14pt}
         .marker {font-weight: bold; color: black;text-decoration: none;}
         .version {color: gray;}
         .error {margin-bottom: 10px;}
         .expandable { text-decoration:underline; font-weight:bold; color:navy; cursor:hand; }
         @media screen and (max-width: 639px) {
          pre { width: 440px; overflow: auto; white-space: pre-wrap; word-wrap: break-word; }
         }
         @media screen and (max-width: 479px) {
          pre { width: 280px; }
         }
        </style>
    </head>

    <body bgcolor="white">

            <span><H1>'/' ?‰ç”¨ç¨‹å?ä¸­ç™¼?Ÿä¼º?å™¨?¯èª¤??hr width=100% size=1 color=silver></H1>

            <h2> <i>?¾ä??°è?æºã€?/i> </h2></span>

            <font face="Arial, Helvetica, Geneva, SunSans-Regular, sans-serif ">

            <b> ?è¿°: </b>HTTP 404. ?¨è?å°‹æ‰¾?„è?æº?(?–å…¶?¸ä??§ç??¶ä¸­ä¹‹ä?) ?¯èƒ½å·²ç?ç§»é™¤?å?ç¨±å·²ç¶“è??´æ??¯æš«?‚ç„¡æ³•ä½¿?¨ã€‚è?æª¢é–±ä¸‹å? URLï¼Œä¸¦ä¸”ç¢ºå®šå??„æ‹¼å¯«ç„¡èª¤ã€?
            <br><br>

            <b> è¦æ???URL: </b>/SessionWeb/LoginSession.aspx<br><br>

    </body>
</html>

2021/4/20 ¤W¤È 09:55:42(82655500) : <?xml version='1.0' encoding='big5'?><Result Code='0' ServerTime='99999999-999999'><Error Code='-100000' Msg='¤¸¥ó¿ù»~ToGetProduct -- Automation ¿ù»~
§@·~¨t²ÎµLªk°õ¦æ %1¡C '/></Result>
2021/4/20 ¤W¤È 09:55:47(82660871) : <!DOCTYPE html>
<html>
    <head>
        <title>?¾ä??°è?æºã€?/title>
        <meta name="viewport" content="width=device-width" />
        <style>
         body {font-family:"Verdana";font-weight:normal;font-size: .7em;color:black;} 
         p {font-family:"Verdana";font-weight:normal;color:black;margin-top: -5px}
         b {font-family:"Verdana";font-weight:bold;color:black;margin-top: -5px}
         H1 { font-family:"Verdana";font-weight:normal;font-size:18pt;color:red }
         H2 { font-family:"Verdana";font-weight:normal;font-size:14pt;color:maroon }
         pre {font-family:"Consolas","Lucida Console",Monospace;font-size:11pt;margin:0;padding:0.5em;line-height:14pt}
         .marker {font-weight: bold; color: black;text-decoration: none;}
         .version {color: gray;}
         .error {margin-bottom: 10px;}
         .expandable { text-decoration:underline; font-weight:bold; color:navy; cursor:hand; }
         @media screen and (max-width: 639px) {
          pre { width: 440px; overflow: auto; white-space: pre-wrap; word-wrap: break-word; }
         }
         @media screen and (max-width: 479px) {
          pre { width: 280px; }
         }
        </style>
    </head>

    <body bgcolor="white">

            <span><H1>'/' ?‰ç”¨ç¨‹å?ä¸­ç™¼?Ÿä¼º?å™¨?¯èª¤??hr width=100% size=1 color=silver></H1>

            <h2> <i>?¾ä??°è?æºã€?/i> </h2></span>

            <font face="Arial, Helvetica, Geneva, SunSans-Regular, sans-serif ">

            <b> ?è¿°: </b>HTTP 404. ?¨è?å°‹æ‰¾?„è?æº?(?–å…¶?¸ä??§ç??¶ä¸­ä¹‹ä?) ?¯èƒ½å·²ç?ç§»é™¤?å?ç¨±å·²ç¶“è??´æ??¯æš«?‚ç„¡æ³•ä½¿?¨ã€‚è?æª¢é–±ä¸‹å? URLï¼Œä¸¦ä¸”ç¢ºå®šå??„æ‹¼å¯«ç„¡èª¤ã€?
            <br><br>

            <b> è¦æ???URL: </b>/SessionWeb/LoginSession.aspx<br><br>

    </body>
</html>

2021/4/20 ¤W¤È 09:58:24(82817796) : <?xml version='1.0' encoding='big5'?><Result Code='0' ServerTime='99999999-999999'><Error Code='-100000' Msg='¤¸¥ó¿ù»~ToGetProduct -- Automation ¿ù»~
§@·~¨t²ÎµLªk°õ¦æ %1¡C '/></Result>
2021/4/20 ¤W¤È 09:58:32(82825654) : <!DOCTYPE html>
<html>
    <head>
        <title>?¾ä??°è?æºã€?/title>
        <meta name="viewport" content="width=device-width" />
        <style>
         body {font-family:"Verdana";font-weight:normal;font-size: .7em;color:black;} 
         p {font-family:"Verdana";font-weight:normal;color:black;margin-top: -5px}
         b {font-family:"Verdana";font-weight:bold;color:black;margin-top: -5px}
         H1 { font-family:"Verdana";font-weight:normal;font-size:18pt;color:red }
         H2 { font-family:"Verdana";font-weight:normal;font-size:14pt;color:maroon }
         pre {font-family:"Consolas","Lucida Console",Monospace;font-size:11pt;margin:0;padding:0.5em;line-height:14pt}
         .marker {font-weight: bold; color: black;text-decoration: none;}
         .version {color: gray;}
         .error {margin-bottom: 10px;}
         .expandable { text-decoration:underline; font-weight:bold; color:navy; cursor:hand; }
         @media screen and (max-width: 639px) {
          pre { width: 440px; overflow: auto; white-space: pre-wrap; word-wrap: break-word; }
         }
         @media screen and (max-width: 479px) {
          pre { width: 280px; }
         }
        </style>
    </head>

    <body bgcolor="white">

            <span><H1>'/' ?‰ç”¨ç¨‹å?ä¸­ç™¼?Ÿä¼º?å™¨?¯èª¤??hr width=100% size=1 color=silver></H1>

            <h2> <i>?¾ä??°è?æºã€?/i> </h2></span>

            <font face="Arial, Helvetica, Geneva, SunSans-Regular, sans-serif ">

            <b> ?è¿°: </b>HTTP 404. ?¨è?å°‹æ‰¾?„è?æº?(?–å…¶?¸ä??§ç??¶ä¸­ä¹‹ä?) ?¯èƒ½å·²ç?ç§»é™¤?å?ç¨±å·²ç¶“è??´æ??¯æš«?‚ç„¡æ³•ä½¿?¨ã€‚è?æª¢é–±ä¸‹å? URLï¼Œä¸¦ä¸”ç¢ºå®šå??„æ‹¼å¯«ç„¡èª¤ã€?
            <br><br>

            <b> è¦æ???URL: </b>/SessionWeb/LoginSession.aspx<br><br>

    </body>
</html>

2021/4/20 ¤W¤È 10:03:51(83144703) : <?xml version='1.0' encoding='big5'?><Result Code='0' ServerTime='99999999-999999'><Error Code='-100000' Msg='¤¸¥ó¿ù»~ToGetProduct -- Automation ¿ù»~
§@·~¨t²ÎµLªk°õ¦æ %1¡C '/></Result>
2021/4/20 ¤W¤È 10:03:54(83148095) : <!DOCTYPE html>
<html>
    <head>
        <title>?¾ä??°è?æºã€?/title>
        <meta name="viewport" content="width=device-width" />
        <style>
         body {font-family:"Verdana";font-weight:normal;font-size: .7em;color:black;} 
         p {font-family:"Verdana";font-weight:normal;color:black;margin-top: -5px}
         b {font-family:"Verdana";font-weight:bold;color:black;margin-top: -5px}
         H1 { font-family:"Verdana";font-weight:normal;font-size:18pt;color:red }
         H2 { font-family:"Verdana";font-weight:normal;font-size:14pt;color:maroon }
         pre {font-family:"Consolas","Lucida Console",Monospace;font-size:11pt;margin:0;padding:0.5em;line-height:14pt}
         .marker {font-weight: bold; color: black;text-decoration: none;}
         .version {color: gray;}
         .error {margin-bottom: 10px;}
         .expandable { text-decoration:underline; font-weight:bold; color:navy; cursor:hand; }
         @media screen and (max-width: 639px) {
          pre { width: 440px; overflow: auto; white-space: pre-wrap; word-wrap: break-word; }
         }
         @media screen and (max-width: 479px) {
          pre { width: 280px; }
         }
        </style>
    </head>

    <body bgcolor="white">

            <span><H1>'/' ?‰ç”¨ç¨‹å?ä¸­ç™¼?Ÿä¼º?å™¨?¯èª¤??hr width=100% size=1 color=silver></H1>

            <h2> <i>?¾ä??°è?æºã€?/i> </h2></span>

            <font face="Arial, Helvetica, Geneva, SunSans-Regular, sans-serif ">

            <b> ?è¿°: </b>HTTP 404. ?¨è?å°‹æ‰¾?„è?æº?(?–å…¶?¸ä??§ç??¶ä¸­ä¹‹ä?) ?¯èƒ½å·²ç?ç§»é™¤?å?ç¨±å·²ç¶“è??´æ??¯æš«?‚ç„¡æ³•ä½¿?¨ã€‚è?æª¢é–±ä¸‹å? URLï¼Œä¸¦ä¸”ç¢ºå®šå??„æ‹¼å¯«ç„¡èª¤ã€?
            <br><br>

            <b> è¦æ???URL: </b>/SessionWeb/LoginSession.aspx<br><br>

    </body>
</html>

2021/4/20 ¤W¤È 10:08:04(83398062) : <?xml version='1.0' encoding='big5'?><Result Code='0' ServerTime='99999999-999999'><Error Code='-100000' Msg='¤¸¥ó¿ù»~ToGetProduct -- Automation ¿ù»~
§@·~¨t²ÎµLªk°õ¦æ %1¡C '/></Result>
2021/4/20 ¤W¤È 10:08:10(83403705) : <!DOCTYPE html>
<html>
    <head>
        <title>?¾ä??°è?æºã€?/title>
        <meta name="viewport" content="width=device-width" />
        <style>
         body {font-family:"Verdana";font-weight:normal;font-size: .7em;color:black;} 
         p {font-family:"Verdana";font-weight:normal;color:black;margin-top: -5px}
         b {font-family:"Verdana";font-weight:bold;color:black;margin-top: -5px}
         H1 { font-family:"Verdana";font-weight:normal;font-size:18pt;color:red }
         H2 { font-family:"Verdana";font-weight:normal;font-size:14pt;color:maroon }
         pre {font-family:"Consolas","Lucida Console",Monospace;font-size:11pt;margin:0;padding:0.5em;line-height:14pt}
         .marker {font-weight: bold; color: black;text-decoration: none;}
         .version {color: gray;}
         .error {margin-bottom: 10px;}
         .expandable { text-decoration:underline; font-weight:bold; color:navy; cursor:hand; }
         @media screen and (max-width: 639px) {
          pre { width: 440px; overflow: auto; white-space: pre-wrap; word-wrap: break-word; }
         }
         @media screen and (max-width: 479px) {
          pre { width: 280px; }
         }
        </style>
    </head>

    <body bgcolor="white">

            <span><H1>'/' ?‰ç”¨ç¨‹å?ä¸­ç™¼?Ÿä¼º?å™¨?¯èª¤??hr width=100% size=1 color=silver></H1>

            <h2> <i>?¾ä??°è?æºã€?/i> </h2></span>

            <font face="Arial, Helvetica, Geneva, SunSans-Regular, sans-serif ">

            <b> ?è¿°: </b>HTTP 404. ?¨è?å°‹æ‰¾?„è?æº?(?–å…¶?¸ä??§ç??¶ä¸­ä¹‹ä?) ?¯èƒ½å·²ç?ç§»é™¤?å?ç¨±å·²ç¶“è??´æ??¯æš«?‚ç„¡æ³•ä½¿?¨ã€‚è?æª¢é–±ä¸‹å? URLï¼Œä¸¦ä¸”ç¢ºå®šå??„æ‹¼å¯«ç„¡èª¤ã€?
            <br><br>

            <b> è¦æ???URL: </b>/SessionWeb/LoginSession.aspx<br><br>

    </body>
</html>

2021/4/20 ¤U¤È 01:53:27(96921265) : <?xml version='1.0' encoding='big5'?><Result Code='0' ServerTime='99999999-999999'><Error Code='-100000' Msg='¤¸¥ó¿ù»~ToGetProduct -- Automation ¿ù»~
§@·~¨t²ÎµLªk°õ¦æ %1¡C '/></Result>
2021/4/20 ¤U¤È 01:54:36(96990405) : <!DOCTYPE html>
<html>
    <head>
        <title>?¾ä??°è?æºã€?/title>
        <meta name="viewport" content="width=device-width" />
        <style>
         body {font-family:"Verdana";font-weight:normal;font-size: .7em;color:black;} 
         p {font-family:"Verdana";font-weight:normal;color:black;margin-top: -5px}
         b {font-family:"Verdana";font-weight:bold;color:black;margin-top: -5px}
         H1 { font-family:"Verdana";font-weight:normal;font-size:18pt;color:red }
         H2 { font-family:"Verdana";font-weight:normal;font-size:14pt;color:maroon }
         pre {font-family:"Consolas","Lucida Console",Monospace;font-size:11pt;margin:0;padding:0.5em;line-height:14pt}
         .marker {font-weight: bold; color: black;text-decoration: none;}
         .version {color: gray;}
         .error {margin-bottom: 10px;}
         .expandable { text-decoration:underline; font-weight:bold; color:navy; cursor:hand; }
         @media screen and (max-width: 639px) {
          pre { width: 440px; overflow: auto; white-space: pre-wrap; word-wrap: break-word; }
         }
         @media screen and (max-width: 479px) {
          pre { width: 280px; }
         }
        </style>
    </head>

    <body bgcolor="white">

            <span><H1>'/' ?‰ç”¨ç¨‹å?ä¸­ç™¼?Ÿä¼º?å™¨?¯èª¤??hr width=100% size=1 color=silver></H1>

            <h2> <i>?¾ä??°è?æºã€?/i> </h2></span>

            <font face="Arial, Helvetica, Geneva, SunSans-Regular, sans-serif ">

            <b> ?è¿°: </b>HTTP 404. ?¨è?å°‹æ‰¾?„è?æº?(?–å…¶?¸ä??§ç??¶ä¸­ä¹‹ä?) ?¯èƒ½å·²ç?ç§»é™¤?å?ç¨±å·²ç¶“è??´æ??¯æš«?‚ç„¡æ³•ä½¿?¨ã€‚è?æª¢é–±ä¸‹å? URLï¼Œä¸¦ä¸”ç¢ºå®šå??„æ‹¼å¯«ç„¡èª¤ã€?
            <br><br>

            <b> è¦æ???URL: </b>/SessionWeb/LoginSession.aspx<br><br>

    </body>
</html>

2021/4/20 ¤U¤È 02:37:45(99579375) : <?xml version='1.0' encoding='big5'?><Result Code='0' ServerTime='99999999-999999'><Error Code='-100000' Msg='¤¸¥ó¿ù»~ToGetProduct -- Automation ¿ù»~
§@·~¨t²ÎµLªk°õ¦æ %1¡C '/></Result>
2021/4/20 ¤U¤È 02:38:00(99594165) : <!DOCTYPE html>
<html>
    <head>
        <title>?¾ä??°è?æºã€?/title>
        <meta name="viewport" content="width=device-width" />
        <style>
         body {font-family:"Verdana";font-weight:normal;font-size: .7em;color:black;} 
         p {font-family:"Verdana";font-weight:normal;color:black;margin-top: -5px}
         b {font-family:"Verdana";font-weight:bold;color:black;margin-top: -5px}
         H1 { font-family:"Verdana";font-weight:normal;font-size:18pt;color:red }
         H2 { font-family:"Verdana";font-weight:normal;font-size:14pt;color:maroon }
         pre {font-family:"Consolas","Lucida Console",Monospace;font-size:11pt;margin:0;padding:0.5em;line-height:14pt}
         .marker {font-weight: bold; color: black;text-decoration: none;}
         .version {color: gray;}
         .error {margin-bottom: 10px;}
         .expandable { text-decoration:underline; font-weight:bold; color:navy; cursor:hand; }
         @media screen and (max-width: 639px) {
          pre { width: 440px; overflow: auto; white-space: pre-wrap; word-wrap: break-word; }
         }
         @media screen and (max-width: 479px) {
          pre { width: 280px; }
         }
        </style>
    </head>

    <body bgcolor="white">

            <span><H1>'/' ?‰ç”¨ç¨‹å?ä¸­ç™¼?Ÿä¼º?å™¨?¯èª¤??hr width=100% size=1 color=silver></H1>

            <h2> <i>?¾ä??°è?æºã€?/i> </h2></span>

            <font face="Arial, Helvetica, Geneva, SunSans-Regular, sans-serif ">

            <b> ?è¿°: </b>HTTP 404. ?¨è?å°‹æ‰¾?„è?æº?(?–å…¶?¸ä??§ç??¶ä¸­ä¹‹ä?) ?¯èƒ½å·²ç?ç§»é™¤?å?ç¨±å·²ç¶“è??´æ??¯æš«?‚ç„¡æ³•ä½¿?¨ã€‚è?æª¢é–±ä¸‹å? URLï¼Œä¸¦ä¸”ç¢ºå®šå??„æ‹¼å¯«ç„¡èª¤ã€?
            <br><br>

            <b> è¦æ???URL: </b>/SessionWeb/LoginSession.aspx<br><br>

    </body>
</html>

2021/4/20 ¤U¤È 04:14:49(105403359) : <?xml version='1.0' encoding='big5'?><Result Code='0' ServerTime='99999999-999999'><Error Code='-100000' Msg='¤¸¥ó¿ù»~ToGetProduct -- Automation ¿ù»~
§@·~¨t²ÎµLªk°õ¦æ %1¡C '/></Result>
2021/4/20 ¤U¤È 04:15:00(105415039) : <!DOCTYPE html>
<html>
    <head>
        <title>?¾ä??°è?æºã€?/title>
        <meta name="viewport" content="width=device-width" />
        <style>
         body {font-family:"Verdana";font-weight:normal;font-size: .7em;color:black;} 
         p {font-family:"Verdana";font-weight:normal;color:black;margin-top: -5px}
         b {font-family:"Verdana";font-weight:bold;color:black;margin-top: -5px}
         H1 { font-family:"Verdana";font-weight:normal;font-size:18pt;color:red }
         H2 { font-family:"Verdana";font-weight:normal;font-size:14pt;color:maroon }
         pre {font-family:"Consolas","Lucida Console",Monospace;font-size:11pt;margin:0;padding:0.5em;line-height:14pt}
         .marker {font-weight: bold; color: black;text-decoration: none;}
         .version {color: gray;}
         .error {margin-bottom: 10px;}
         .expandable { text-decoration:underline; font-weight:bold; color:navy; cursor:hand; }
         @media screen and (max-width: 639px) {
          pre { width: 440px; overflow: auto; white-space: pre-wrap; word-wrap: break-word; }
         }
         @media screen and (max-width: 479px) {
          pre { width: 280px; }
         }
        </style>
    </head>

    <body bgcolor="white">

            <span><H1>'/' ?‰ç”¨ç¨‹å?ä¸­ç™¼?Ÿä¼º?å™¨?¯èª¤??hr width=100% size=1 color=silver></H1>

            <h2> <i>?¾ä??°è?æºã€?/i> </h2></span>

            <font face="Arial, Helvetica, Geneva, SunSans-Regular, sans-serif ">

            <b> ?è¿°: </b>HTTP 404. ?¨è?å°‹æ‰¾?„è?æº?(?–å…¶?¸ä??§ç??¶ä¸­ä¹‹ä?) ?¯èƒ½å·²ç?ç§»é™¤?å?ç¨±å·²ç¶“è??´æ??¯æš«?‚ç„¡æ³•ä½¿?¨ã€‚è?æª¢é–±ä¸‹å? URLï¼Œä¸¦ä¸”ç¢ºå®šå??„æ‹¼å¯«ç„¡èª¤ã€?
            <br><br>

            <b> è¦æ???URL: </b>/SessionWeb/LoginSession.aspx<br><br>

    </body>
</html>

2021/4/20 ¤U¤È 04:22:43(105877593) : <?xml version='1.0' encoding='big5'?><Result Code='0' ServerTime='99999999-999999'><Error Code='-100000' Msg='¤¸¥ó¿ù»~ToGetProduct -- Automation ¿ù»~
§@·~¨t²ÎµLªk°õ¦æ %1¡C '/></Result>
2021/4/20 ¤U¤È 04:23:06(105901062) : <?xml version='1.0' encoding='big5'?><Result Code='0' ServerTime='99999999-999999'><Error Code='-100000' Msg='¤¸¥ó¿ù»~ToGetProduct -- Automation ¿ù»~
§@·~¨t²ÎµLªk°õ¦æ %1¡C '/></Result>
2021/4/20 ¤U¤È 04:23:07(105901510) : <!DOCTYPE html>
<html>
    <head>
        <title>?¾ä??°è?æºã€?/title>
        <meta name="viewport" content="width=device-width" />
        <style>
         body {font-family:"Verdana";font-weight:normal;font-size: .7em;color:black;} 
         p {font-family:"Verdana";font-weight:normal;color:black;margin-top: -5px}
         b {font-family:"Verdana";font-weight:bold;color:black;margin-top: -5px}
         H1 { font-family:"Verdana";font-weight:normal;font-size:18pt;color:red }
         H2 { font-family:"Verdana";font-weight:normal;font-size:14pt;color:maroon }
         pre {font-family:"Consolas","Lucida Console",Monospace;font-size:11pt;margin:0;padding:0.5em;line-height:14pt}
         .marker {font-weight: bold; color: black;text-decoration: none;}
         .version {color: gray;}
         .error {margin-bottom: 10px;}
         .expandable { text-decoration:underline; font-weight:bold; color:navy; cursor:hand; }
         @media screen and (max-width: 639px) {
          pre { width: 440px; overflow: auto; white-space: pre-wrap; word-wrap: break-word; }
         }
         @media screen and (max-width: 479px) {
          pre { width: 280px; }
         }
        </style>
    </head>

    <body bgcolor="white">

            <span><H1>'/' ?‰ç”¨ç¨‹å?ä¸­ç™¼?Ÿä¼º?å™¨?¯èª¤??hr width=100% size=1 color=silver></H1>

            <h2> <i>?¾ä??°è?æºã€?/i> </h2></span>

            <font face="Arial, Helvetica, Geneva, SunSans-Regular, sans-serif ">

            <b> ?è¿°: </b>HTTP 404. ?¨è?å°‹æ‰¾?„è?æº?(?–å…¶?¸ä??§ç??¶ä¸­ä¹‹ä?) ?¯èƒ½å·²ç?ç§»é™¤?å?ç¨±å·²ç¶“è??´æ??¯æš«?‚ç„¡æ³•ä½¿?¨ã€‚è?æª¢é–±ä¸‹å? URLï¼Œä¸¦ä¸”ç¢ºå®šå??„æ‹¼å¯«ç„¡èª¤ã€?
            <br><br>

            <b> è¦æ???URL: </b>/SessionWeb/LoginSession.aspx<br><br>

    </body>
</html>

2021/4/20 ¤U¤È 04:24:35(105989421) : <?xml version='1.0' encoding='big5'?><Result Code='0' ServerTime='99999999-999999'><Error Code='-100000' Msg='¤¸¥ó¿ù»~ToGetProduct -- Automation ¿ù»~
§@·~¨t²ÎµLªk°õ¦æ %1¡C '/></Result>
2021/4/20 ¤U¤È 04:24:36(105990838) : <!DOCTYPE html>
<html>
    <head>
        <title>?¾ä??°è?æºã€?/title>
        <meta name="viewport" content="width=device-width" />
        <style>
         body {font-family:"Verdana";font-weight:normal;font-size: .7em;color:black;} 
         p {font-family:"Verdana";font-weight:normal;color:black;margin-top: -5px}
         b {font-family:"Verdana";font-weight:bold;color:black;margin-top: -5px}
         H1 { font-family:"Verdana";font-weight:normal;font-size:18pt;color:red }
         H2 { font-family:"Verdana";font-weight:normal;font-size:14pt;color:maroon }
         pre {font-family:"Consolas","Lucida Console",Monospace;font-size:11pt;margin:0;padding:0.5em;line-height:14pt}
         .marker {font-weight: bold; color: black;text-decoration: none;}
         .version {color: gray;}
         .error {margin-bottom: 10px;}
         .expandable { text-decoration:underline; font-weight:bold; color:navy; cursor:hand; }
         @media screen and (max-width: 639px) {
          pre { width: 440px; overflow: auto; white-space: pre-wrap; word-wrap: break-word; }
         }
         @media screen and (max-width: 479px) {
          pre { width: 280px; }
         }
        </style>
    </head>

    <body bgcolor="white">

            <span><H1>'/' ?‰ç”¨ç¨‹å?ä¸­ç™¼?Ÿä¼º?å™¨?¯èª¤??hr width=100% size=1 color=silver></H1>

            <h2> <i>?¾ä??°è?æºã€?/i> </h2></span>

            <font face="Arial, Helvetica, Geneva, SunSans-Regular, sans-serif ">

            <b> ?è¿°: </b>HTTP 404. ?¨è?å°‹æ‰¾?„è?æº?(?–å…¶?¸ä??§ç??¶ä¸­ä¹‹ä?) ?¯èƒ½å·²ç?ç§»é™¤?å?ç¨±å·²ç¶“è??´æ??¯æš«?‚ç„¡æ³•ä½¿?¨ã€‚è?æª¢é–±ä¸‹å? URLï¼Œä¸¦ä¸”ç¢ºå®šå??„æ‹¼å¯«ç„¡èª¤ã€?
            <br><br>

            <b> è¦æ???URL: </b>/SessionWeb/LoginSession.aspx<br><br>

    </body>
</html>

2021/4/20 ¤U¤È 04:26:21(106095171) : <?xml version='1.0' encoding='big5'?><Result Code='0' ServerTime='99999999-999999'><Error Code='-100000' Msg='¤¸¥ó¿ù»~ToGetProduct -- Automation ¿ù»~
§@·~¨t²ÎµLªk°õ¦æ %1¡C '/></Result>
2021/4/20 ¤U¤È 04:26:29(106103337) : <!DOCTYPE html>
<html>
    <head>
        <title>?¾ä??°è?æºã€?/title>
        <meta name="viewport" content="width=device-width" />
        <style>
         body {font-family:"Verdana";font-weight:normal;font-size: .7em;color:black;} 
         p {font-family:"Verdana";font-weight:normal;color:black;margin-top: -5px}
         b {font-family:"Verdana";font-weight:bold;color:black;margin-top: -5px}
         H1 { font-family:"Verdana";font-weight:normal;font-size:18pt;color:red }
         H2 { font-family:"Verdana";font-weight:normal;font-size:14pt;color:maroon }
         pre {font-family:"Consolas","Lucida Console",Monospace;font-size:11pt;margin:0;padding:0.5em;line-height:14pt}
         .marker {font-weight: bold; color: black;text-decoration: none;}
         .version {color: gray;}
         .error {margin-bottom: 10px;}
         .expandable { text-decoration:underline; font-weight:bold; color:navy; cursor:hand; }
         @media screen and (max-width: 639px) {
          pre { width: 440px; overflow: auto; white-space: pre-wrap; word-wrap: break-word; }
         }
         @media screen and (max-width: 479px) {
          pre { width: 280px; }
         }
        </style>
    </head>

    <body bgcolor="white">

            <span><H1>'/' ?‰ç”¨ç¨‹å?ä¸­ç™¼?Ÿä¼º?å™¨?¯èª¤??hr width=100% size=1 color=silver></H1>

            <h2> <i>?¾ä??°è?æºã€?/i> </h2></span>

            <font face="Arial, Helvetica, Geneva, SunSans-Regular, sans-serif ">

            <b> ?è¿°: </b>HTTP 404. ?¨è?å°‹æ‰¾?„è?æº?(?–å…¶?¸ä??§ç??¶ä¸­ä¹‹ä?) ?¯èƒ½å·²ç?ç§»é™¤?å?ç¨±å·²ç¶“è??´æ??¯æš«?‚ç„¡æ³•ä½¿?¨ã€‚è?æª¢é–±ä¸‹å? URLï¼Œä¸¦ä¸”ç¢ºå®šå??„æ‹¼å¯«ç„¡èª¤ã€?
            <br><br>

            <b> è¦æ???URL: </b>/SessionWeb/LoginSession.aspx<br><br>

    </body>
</html>

2021/4/20 ¤U¤È 04:28:34(106228750) : <?xml version='1.0' encoding='big5'?><Result Code='0' ServerTime='99999999-999999'><Error Code='-100000' Msg='¤¸¥ó¿ù»~ToGetProduct -- Automation ¿ù»~
§@·~¨t²ÎµLªk°õ¦æ %1¡C '/></Result>
2021/4/20 ¤U¤È 04:28:35(106229398) : <!DOCTYPE html>
<html>
    <head>
        <title>?¾ä??°è?æºã€?/title>
        <meta name="viewport" content="width=device-width" />
        <style>
         body {font-family:"Verdana";font-weight:normal;font-size: .7em;color:black;} 
         p {font-family:"Verdana";font-weight:normal;color:black;margin-top: -5px}
         b {font-family:"Verdana";font-weight:bold;color:black;margin-top: -5px}
         H1 { font-family:"Verdana";font-weight:normal;font-size:18pt;color:red }
         H2 { font-family:"Verdana";font-weight:normal;font-size:14pt;color:maroon }
         pre {font-family:"Consolas","Lucida Console",Monospace;font-size:11pt;margin:0;padding:0.5em;line-height:14pt}
         .marker {font-weight: bold; color: black;text-decoration: none;}
         .version {color: gray;}
         .error {margin-bottom: 10px;}
         .expandable { text-decoration:underline; font-weight:bold; color:navy; cursor:hand; }
         @media screen and (max-width: 639px) {
          pre { width: 440px; overflow: auto; white-space: pre-wrap; word-wrap: break-word; }
         }
         @media screen and (max-width: 479px) {
          pre { width: 280px; }
         }
        </style>
    </head>

    <body bgcolor="white">

            <span><H1>'/' ?‰ç”¨ç¨‹å?ä¸­ç™¼?Ÿä¼º?å™¨?¯èª¤??hr width=100% size=1 color=silver></H1>

            <h2> <i>?¾ä??°è?æºã€?/i> </h2></span>

            <font face="Arial, Helvetica, Geneva, SunSans-Regular, sans-serif ">

            <b> ?è¿°: </b>HTTP 404. ?¨è?å°‹æ‰¾?„è?æº?(?–å…¶?¸ä??§ç??¶ä¸­ä¹‹ä?) ?¯èƒ½å·²ç?ç§»é™¤?å?ç¨±å·²ç¶“è??´æ??¯æš«?‚ç„¡æ³•ä½¿?¨ã€‚è?æª¢é–±ä¸‹å? URLï¼Œä¸¦ä¸”ç¢ºå®šå??„æ‹¼å¯«ç„¡èª¤ã€?
            <br><br>

            <b> è¦æ???URL: </b>/SessionWeb/LoginSession.aspx<br><br>

    </body>
</html>

2021/4/20 ¤U¤È 04:31:34(106408968) : <?xml version='1.0' encoding='big5'?><Result Code='0' ServerTime='99999999-999999'><Error Code='-100000' Msg='¤¸¥ó¿ù»~ToGetProduct -- Automation ¿ù»~
§@·~¨t²ÎµLªk°õ¦æ %1¡C '/></Result>
2021/4/20 ¤U¤È 04:31:37(106411434) : <!DOCTYPE html>
<html>
    <head>
        <title>?¾ä??°è?æºã€?/title>
        <meta name="viewport" content="width=device-width" />
        <style>
         body {font-family:"Verdana";font-weight:normal;font-size: .7em;color:black;} 
         p {font-family:"Verdana";font-weight:normal;color:black;margin-top: -5px}
         b {font-family:"Verdana";font-weight:bold;color:black;margin-top: -5px}
         H1 { font-family:"Verdana";font-weight:normal;font-size:18pt;color:red }
         H2 { font-family:"Verdana";font-weight:normal;font-size:14pt;color:maroon }
         pre {font-family:"Consolas","Lucida Console",Monospace;font-size:11pt;margin:0;padding:0.5em;line-height:14pt}
         .marker {font-weight: bold; color: black;text-decoration: none;}
         .version {color: gray;}
         .error {margin-bottom: 10px;}
         .expandable { text-decoration:underline; font-weight:bold; color:navy; cursor:hand; }
         @media screen and (max-width: 639px) {
          pre { width: 440px; overflow: auto; white-space: pre-wrap; word-wrap: break-word; }
         }
         @media screen and (max-width: 479px) {
          pre { width: 280px; }
         }
        </style>
    </head>

    <body bgcolor="white">

            <span><H1>'/' ?‰ç”¨ç¨‹å?ä¸­ç™¼?Ÿä¼º?å™¨?¯èª¤??hr width=100% size=1 color=silver></H1>

            <h2> <i>?¾ä??°è?æºã€?/i> </h2></span>

            <font face="Arial, Helvetica, Geneva, SunSans-Regular, sans-serif ">

            <b> ?è¿°: </b>HTTP 404. ?¨è?å°‹æ‰¾?„è?æº?(?–å…¶?¸ä??§ç??¶ä¸­ä¹‹ä?) ?¯èƒ½å·²ç?ç§»é™¤?å?ç¨±å·²ç¶“è??´æ??¯æš«?‚ç„¡æ³•ä½¿?¨ã€‚è?æª¢é–±ä¸‹å? URLï¼Œä¸¦ä¸”ç¢ºå®šå??„æ‹¼å¯«ç„¡èª¤ã€?
            <br><br>

            <b> è¦æ???URL: </b>/SessionWeb/LoginSession.aspx<br><br>

    </body>
</html>

2021/4/20 ¤U¤È 04:31:57(106431796) : <?xml version='1.0' encoding='big5'?><Result Code='0' ServerTime='99999999-999999'><Error Code='-100000' Msg='¤¸¥ó¿ù»~ToGetProduct -- Automation ¿ù»~
§@·~¨t²ÎµLªk°õ¦æ %1¡C '/></Result>
2021/4/20 ¤U¤È 04:31:58(106432292) : <!DOCTYPE html>
<html>
    <head>
        <title>?¾ä??°è?æºã€?/title>
        <meta name="viewport" content="width=device-width" />
        <style>
         body {font-family:"Verdana";font-weight:normal;font-size: .7em;color:black;} 
         p {font-family:"Verdana";font-weight:normal;color:black;margin-top: -5px}
         b {font-family:"Verdana";font-weight:bold;color:black;margin-top: -5px}
         H1 { font-family:"Verdana";font-weight:normal;font-size:18pt;color:red }
         H2 { font-family:"Verdana";font-weight:normal;font-size:14pt;color:maroon }
         pre {font-family:"Consolas","Lucida Console",Monospace;font-size:11pt;margin:0;padding:0.5em;line-height:14pt}
         .marker {font-weight: bold; color: black;text-decoration: none;}
         .version {color: gray;}
         .error {margin-bottom: 10px;}
         .expandable { text-decoration:underline; font-weight:bold; color:navy; cursor:hand; }
         @media screen and (max-width: 639px) {
          pre { width: 440px; overflow: auto; white-space: pre-wrap; word-wrap: break-word; }
         }
         @media screen and (max-width: 479px) {
          pre { width: 280px; }
         }
        </style>
    </head>

    <body bgcolor="white">

            <span><H1>'/' ?‰ç”¨ç¨‹å?ä¸­ç™¼?Ÿä¼º?å™¨?¯èª¤??hr width=100% size=1 color=silver></H1>

            <h2> <i>?¾ä??°è?æºã€?/i> </h2></span>

            <font face="Arial, Helvetica, Geneva, SunSans-Regular, sans-serif ">

            <b> ?è¿°: </b>HTTP 404. ?¨è?å°‹æ‰¾?„è?æº?(?–å…¶?¸ä??§ç??¶ä¸­ä¹‹ä?) ?¯èƒ½å·²ç?ç§»é™¤?å?ç¨±å·²ç¶“è??´æ??¯æš«?‚ç„¡æ³•ä½¿?¨ã€‚è?æª¢é–±ä¸‹å? URLï¼Œä¸¦ä¸”ç¢ºå®šå??„æ‹¼å¯«ç„¡èª¤ã€?
            <br><br>

            <b> è¦æ???URL: </b>/SessionWeb/LoginSession.aspx<br><br>

    </body>
</html>

2021/4/20 ¤U¤È 04:33:04(106498375) : <?xml version='1.0' encoding='big5'?><Result Code='0' ServerTime='99999999-999999'><Error Code='-100000' Msg='¤¸¥ó¿ù»~ToGetProduct -- Automation ¿ù»~
§@·~¨t²ÎµLªk°õ¦æ %1¡C '/></Result>
2021/4/20 ¤U¤È 04:33:12(106507049) : <!DOCTYPE html>
<html>
    <head>
        <title>?¾ä??°è?æºã€?/title>
        <meta name="viewport" content="width=device-width" />
        <style>
         body {font-family:"Verdana";font-weight:normal;font-size: .7em;color:black;} 
         p {font-family:"Verdana";font-weight:normal;color:black;margin-top: -5px}
         b {font-family:"Verdana";font-weight:bold;color:black;margin-top: -5px}
         H1 { font-family:"Verdana";font-weight:normal;font-size:18pt;color:red }
         H2 { font-family:"Verdana";font-weight:normal;font-size:14pt;color:maroon }
         pre {font-family:"Consolas","Lucida Console",Monospace;font-size:11pt;margin:0;padding:0.5em;line-height:14pt}
         .marker {font-weight: bold; color: black;text-decoration: none;}
         .version {color: gray;}
         .error {margin-bottom: 10px;}
         .expandable { text-decoration:underline; font-weight:bold; color:navy; cursor:hand; }
         @media screen and (max-width: 639px) {
          pre { width: 440px; overflow: auto; white-space: pre-wrap; word-wrap: break-word; }
         }
         @media screen and (max-width: 479px) {
          pre { width: 280px; }
         }
        </style>
    </head>

    <body bgcolor="white">

            <span><H1>'/' ?‰ç”¨ç¨‹å?ä¸­ç™¼?Ÿä¼º?å™¨?¯èª¤??hr width=100% size=1 color=silver></H1>

            <h2> <i>?¾ä??°è?æºã€?/i> </h2></span>

            <font face="Arial, Helvetica, Geneva, SunSans-Regular, sans-serif ">

            <b> ?è¿°: </b>HTTP 404. ?¨è?å°‹æ‰¾?„è?æº?(?–å…¶?¸ä??§ç??¶ä¸­ä¹‹ä?) ?¯èƒ½å·²ç?ç§»é™¤?å?ç¨±å·²ç¶“è??´æ??¯æš«?‚ç„¡æ³•ä½¿?¨ã€‚è?æª¢é–±ä¸‹å? URLï¼Œä¸¦ä¸”ç¢ºå®šå??„æ‹¼å¯«ç„¡èª¤ã€?
            <br><br>

            <b> è¦æ???URL: </b>/SessionWeb/LoginSession.aspx<br><br>

    </body>
</html>

2021/4/20 ¤U¤È 04:36:57(106731421) : <?xml version='1.0' encoding='big5'?><Result Code='0' ServerTime='99999999-999999'><Error Code='-100000' Msg='¤¸¥ó¿ù»~ToGetProduct -- Automation ¿ù»~
§@·~¨t²ÎµLªk°õ¦æ %1¡C '/></Result>
2021/4/20 ¤U¤È 04:37:19(106753796) : <?xml version='1.0' encoding='big5'?><Result Code='0' ServerTime='99999999-999999'><Error Code='-100000' Msg='¤¸¥ó¿ù»~ToGetProduct -- Automation ¿ù»~
§@·~¨t²ÎµLªk°õ¦æ %1¡C '/></Result>
2021/4/20 ¤U¤È 04:37:21(106755287) : <!DOCTYPE html>
<html>
    <head>
        <title>?¾ä??°è?æºã€?/title>
        <meta name="viewport" content="width=device-width" />
        <style>
         body {font-family:"Verdana";font-weight:normal;font-size: .7em;color:black;} 
         p {font-family:"Verdana";font-weight:normal;color:black;margin-top: -5px}
         b {font-family:"Verdana";font-weight:bold;color:black;margin-top: -5px}
         H1 { font-family:"Verdana";font-weight:normal;font-size:18pt;color:red }
         H2 { font-family:"Verdana";font-weight:normal;font-size:14pt;color:maroon }
         pre {font-family:"Consolas","Lucida Console",Monospace;font-size:11pt;margin:0;padding:0.5em;line-height:14pt}
         .marker {font-weight: bold; color: black;text-decoration: none;}
         .version {color: gray;}
         .error {margin-bottom: 10px;}
         .expandable { text-decoration:underline; font-weight:bold; color:navy; cursor:hand; }
         @media screen and (max-width: 639px) {
          pre { width: 440px; overflow: auto; white-space: pre-wrap; word-wrap: break-word; }
         }
         @media screen and (max-width: 479px) {
          pre { width: 280px; }
         }
        </style>
    </head>

    <body bgcolor="white">

            <span><H1>'/' ?‰ç”¨ç¨‹å?ä¸­ç™¼?Ÿä¼º?å™¨?¯èª¤??hr width=100% size=1 color=silver></H1>

            <h2> <i>?¾ä??°è?æºã€?/i> </h2></span>

            <font face="Arial, Helvetica, Geneva, SunSans-Regular, sans-serif ">

            <b> ?è¿°: </b>HTTP 404. ?¨è?å°‹æ‰¾?„è?æº?(?–å…¶?¸ä??§ç??¶ä¸­ä¹‹ä?) ?¯èƒ½å·²ç?ç§»é™¤?å?ç¨±å·²ç¶“è??´æ??¯æš«?‚ç„¡æ³•ä½¿?¨ã€‚è?æª¢é–±ä¸‹å? URLï¼Œä¸¦ä¸”ç¢ºå®šå??„æ‹¼å¯«ç„¡èª¤ã€?
            <br><br>

            <b> è¦æ???URL: </b>/SessionWeb/LoginSession.aspx<br><br>

    </body>
</html>

2021/4/20 ¤U¤È 04:37:53(106788000) : <?xml version='1.0' encoding='big5'?><Result Code='0' ServerTime='99999999-999999'><Error Code='-100000' Msg='¤¸¥ó¿ù»~ToGetProduct -- Automation ¿ù»~
§@·~¨t²ÎµLªk°õ¦æ %1¡C '/></Result>
2021/4/20 ¤U¤È 04:37:54(106788430) : <!DOCTYPE html>
<html>
    <head>
        <title>?¾ä??°è?æºã€?/title>
        <meta name="viewport" content="width=device-width" />
        <style>
         body {font-family:"Verdana";font-weight:normal;font-size: .7em;color:black;} 
         p {font-family:"Verdana";font-weight:normal;color:black;margin-top: -5px}
         b {font-family:"Verdana";font-weight:bold;color:black;margin-top: -5px}
         H1 { font-family:"Verdana";font-weight:normal;font-size:18pt;color:red }
         H2 { font-family:"Verdana";font-weight:normal;font-size:14pt;color:maroon }
         pre {font-family:"Consolas","Lucida Console",Monospace;font-size:11pt;margin:0;padding:0.5em;line-height:14pt}
         .marker {font-weight: bold; color: black;text-decoration: none;}
         .version {color: gray;}
         .error {margin-bottom: 10px;}
         .expandable { text-decoration:underline; font-weight:bold; color:navy; cursor:hand; }
         @media screen and (max-width: 639px) {
          pre { width: 440px; overflow: auto; white-space: pre-wrap; word-wrap: break-word; }
         }
         @media screen and (max-width: 479px) {
          pre { width: 280px; }
         }
        </style>
    </head>

    <body bgcolor="white">

            <span><H1>'/' ?‰ç”¨ç¨‹å?ä¸­ç™¼?Ÿä¼º?å™¨?¯èª¤??hr width=100% size=1 color=silver></H1>

            <h2> <i>?¾ä??°è?æºã€?/i> </h2></span>

            <font face="Arial, Helvetica, Geneva, SunSans-Regular, sans-serif ">

            <b> ?è¿°: </b>HTTP 404. ?¨è?å°‹æ‰¾?„è?æº?(?–å…¶?¸ä??§ç??¶ä¸­ä¹‹ä?) ?¯èƒ½å·²ç?ç§»é™¤?å?ç¨±å·²ç¶“è??´æ??¯æš«?‚ç„¡æ³•ä½¿?¨ã€‚è?æª¢é–±ä¸‹å? URLï¼Œä¸¦ä¸”ç¢ºå®šå??„æ‹¼å¯«ç„¡èª¤ã€?
            <br><br>

            <b> è¦æ???URL: </b>/SessionWeb/LoginSession.aspx<br><br>

    </body>
</html>

2021/4/20 ¤U¤È 04:38:01(106795328) : <?xml version='1.0' encoding='big5'?><Result Code='0' ServerTime='99999999-999999'><Error Code='-100000' Msg='¤¸¥ó¿ù»~ToGetProduct -- Automation ¿ù»~
§@·~¨t²ÎµLªk°õ¦æ %1¡C '/></Result>
2021/4/20 ¤U¤È 04:38:01(106795743) : <!DOCTYPE html>
<html>
    <head>
        <title>?¾ä??°è?æºã€?/title>
        <meta name="viewport" content="width=device-width" />
        <style>
         body {font-family:"Verdana";font-weight:normal;font-size: .7em;color:black;} 
         p {font-family:"Verdana";font-weight:normal;color:black;margin-top: -5px}
         b {font-family:"Verdana";font-weight:bold;color:black;margin-top: -5px}
         H1 { font-family:"Verdana";font-weight:normal;font-size:18pt;color:red }
         H2 { font-family:"Verdana";font-weight:normal;font-size:14pt;color:maroon }
         pre {font-family:"Consolas","Lucida Console",Monospace;font-size:11pt;margin:0;padding:0.5em;line-height:14pt}
         .marker {font-weight: bold; color: black;text-decoration: none;}
         .version {color: gray;}
         .error {margin-bottom: 10px;}
         .expandable { text-decoration:underline; font-weight:bold; color:navy; cursor:hand; }
         @media screen and (max-width: 639px) {
          pre { width: 440px; overflow: auto; white-space: pre-wrap; word-wrap: break-word; }
         }
         @media screen and (max-width: 479px) {
          pre { width: 280px; }
         }
        </style>
    </head>

    <body bgcolor="white">

            <span><H1>'/' ?‰ç”¨ç¨‹å?ä¸­ç™¼?Ÿä¼º?å™¨?¯èª¤??hr width=100% size=1 color=silver></H1>

            <h2> <i>?¾ä??°è?æºã€?/i> </h2></span>

            <font face="Arial, Helvetica, Geneva, SunSans-Regular, sans-serif ">

            <b> ?è¿°: </b>HTTP 404. ?¨è?å°‹æ‰¾?„è?æº?(?–å…¶?¸ä??§ç??¶ä¸­ä¹‹ä?) ?¯èƒ½å·²ç?ç§»é™¤?å?ç¨±å·²ç¶“è??´æ??¯æš«?‚ç„¡æ³•ä½¿?¨ã€‚è?æª¢é–±ä¸‹å? URLï¼Œä¸¦ä¸”ç¢ºå®šå??„æ‹¼å¯«ç„¡èª¤ã€?
            <br><br>

            <b> è¦æ???URL: </b>/SessionWeb/LoginSession.aspx<br><br>

    </body>
</html>

2021/4/20 ¤U¤È 04:38:04(106799031) : <?xml version='1.0' encoding='big5'?><Result Code='0' ServerTime='99999999-999999'><Error Code='-100000' Msg='¤¸¥ó¿ù»~ToGetProduct -- Automation ¿ù»~
§@·~¨t²ÎµLªk°õ¦æ %1¡C '/></Result>
2021/4/20 ¤U¤È 04:38:05(106799441) : <!DOCTYPE html>
<html>
    <head>
        <title>?¾ä??°è?æºã€?/title>
        <meta name="viewport" content="width=device-width" />
        <style>
         body {font-family:"Verdana";font-weight:normal;font-size: .7em;color:black;} 
         p {font-family:"Verdana";font-weight:normal;color:black;margin-top: -5px}
         b {font-family:"Verdana";font-weight:bold;color:black;margin-top: -5px}
         H1 { font-family:"Verdana";font-weight:normal;font-size:18pt;color:red }
         H2 { font-family:"Verdana";font-weight:normal;font-size:14pt;color:maroon }
         pre {font-family:"Consolas","Lucida Console",Monospace;font-size:11pt;margin:0;padding:0.5em;line-height:14pt}
         .marker {font-weight: bold; color: black;text-decoration: none;}
         .version {color: gray;}
         .error {margin-bottom: 10px;}
         .expandable { text-decoration:underline; font-weight:bold; color:navy; cursor:hand; }
         @media screen and (max-width: 639px) {
          pre { width: 440px; overflow: auto; white-space: pre-wrap; word-wrap: break-word; }
         }
         @media screen and (max-width: 479px) {
          pre { width: 280px; }
         }
        </style>
    </head>

    <body bgcolor="white">

            <span><H1>'/' ?‰ç”¨ç¨‹å?ä¸­ç™¼?Ÿä¼º?å™¨?¯èª¤??hr width=100% size=1 color=silver></H1>

            <h2> <i>?¾ä??°è?æºã€?/i> </h2></span>

            <font face="Arial, Helvetica, Geneva, SunSans-Regular, sans-serif ">

            <b> ?è¿°: </b>HTTP 404. ?¨è?å°‹æ‰¾?„è?æº?(?–å…¶?¸ä??§ç??¶ä¸­ä¹‹ä?) ?¯èƒ½å·²ç?ç§»é™¤?å?ç¨±å·²ç¶“è??´æ??¯æš«?‚ç„¡æ³•ä½¿?¨ã€‚è?æª¢é–±ä¸‹å? URLï¼Œä¸¦ä¸”ç¢ºå®šå??„æ‹¼å¯«ç„¡èª¤ã€?
            <br><br>

            <b> è¦æ???URL: </b>/SessionWeb/LoginSession.aspx<br><br>

    </body>
</html>

2021/4/20 ¤U¤È 04:38:53(106847375) : <?xml version='1.0' encoding='big5'?><Result Code='0' ServerTime='99999999-999999'><Error Code='-100000' Msg='¤¸¥ó¿ù»~ToGetProduct -- Automation ¿ù»~
§@·~¨t²ÎµLªk°õ¦æ %1¡C '/></Result>
2021/4/20 ¤U¤È 04:39:00(106854234) : <?xml version='1.0' encoding='big5'?><Result Code='0' ServerTime='99999999-999999'><Error Code='-100000' Msg='¤¸¥ó¿ù»~ToGetProduct -- Automation ¿ù»~
§@·~¨t²ÎµLªk°õ¦æ %1¡C '/></Result>
2021/4/20 ¤U¤È 04:39:00(106854654) : <!DOCTYPE html>
<html>
    <head>
        <title>?¾ä??°è?æºã€?/title>
        <meta name="viewport" content="width=device-width" />
        <style>
         body {font-family:"Verdana";font-weight:normal;font-size: .7em;color:black;} 
         p {font-family:"Verdana";font-weight:normal;color:black;margin-top: -5px}
         b {font-family:"Verdana";font-weight:bold;color:black;margin-top: -5px}
         H1 { font-family:"Verdana";font-weight:normal;font-size:18pt;color:red }
         H2 { font-family:"Verdana";font-weight:normal;font-size:14pt;color:maroon }
         pre {font-family:"Consolas","Lucida Console",Monospace;font-size:11pt;margin:0;padding:0.5em;line-height:14pt}
         .marker {font-weight: bold; color: black;text-decoration: none;}
         .version {color: gray;}
         .error {margin-bottom: 10px;}
         .expandable { text-decoration:underline; font-weight:bold; color:navy; cursor:hand; }
         @media screen and (max-width: 639px) {
          pre { width: 440px; overflow: auto; white-space: pre-wrap; word-wrap: break-word; }
         }
         @media screen and (max-width: 479px) {
          pre { width: 280px; }
         }
        </style>
    </head>

    <body bgcolor="white">

            <span><H1>'/' ?‰ç”¨ç¨‹å?ä¸­ç™¼?Ÿä¼º?å™¨?¯èª¤??hr width=100% size=1 color=silver></H1>

            <h2> <i>?¾ä??°è?æºã€?/i> </h2></span>

            <font face="Arial, Helvetica, Geneva, SunSans-Regular, sans-serif ">

            <b> ?è¿°: </b>HTTP 404. ?¨è?å°‹æ‰¾?„è?æº?(?–å…¶?¸ä??§ç??¶ä¸­ä¹‹ä?) ?¯èƒ½å·²ç?ç§»é™¤?å?ç¨±å·²ç¶“è??´æ??¯æš«?‚ç„¡æ³•ä½¿?¨ã€‚è?æª¢é–±ä¸‹å? URLï¼Œä¸¦ä¸”ç¢ºå®šå??„æ‹¼å¯«ç„¡èª¤ã€?
            <br><br>

            <b> è¦æ???URL: </b>/SessionWeb/LoginSession.aspx<br><br>

    </body>
</html>

2021/4/20 ¤U¤È 04:39:52(106906859) : <?xml version='1.0' encoding='big5'?><Result Code='0' ServerTime='99999999-999999'><Error Code='-100000' Msg='¤¸¥ó¿ù»~ToGetProduct -- Automation ¿ù»~
§@·~¨t²ÎµLªk°õ¦æ %1¡C '/></Result>
2021/4/20 ¤U¤È 04:39:53(106907359) : <!DOCTYPE html>
<html>
    <head>
        <title>?¾ä??°è?æºã€?/title>
        <meta name="viewport" content="width=device-width" />
        <style>
         body {font-family:"Verdana";font-weight:normal;font-size: .7em;color:black;} 
         p {font-family:"Verdana";font-weight:normal;color:black;margin-top: -5px}
         b {font-family:"Verdana";font-weight:bold;color:black;margin-top: -5px}
         H1 { font-family:"Verdana";font-weight:normal;font-size:18pt;color:red }
         H2 { font-family:"Verdana";font-weight:normal;font-size:14pt;color:maroon }
         pre {font-family:"Consolas","Lucida Console",Monospace;font-size:11pt;margin:0;padding:0.5em;line-height:14pt}
         .marker {font-weight: bold; color: black;text-decoration: none;}
         .version {color: gray;}
         .error {margin-bottom: 10px;}
         .expandable { text-decoration:underline; font-weight:bold; color:navy; cursor:hand; }
         @media screen and (max-width: 639px) {
          pre { width: 440px; overflow: auto; white-space: pre-wrap; word-wrap: break-word; }
         }
         @media screen and (max-width: 479px) {
          pre { width: 280px; }
         }
        </style>
    </head>

    <body bgcolor="white">

            <span><H1>'/' ?‰ç”¨ç¨‹å?ä¸­ç™¼?Ÿä¼º?å™¨?¯èª¤??hr width=100% size=1 color=silver></H1>

            <h2> <i>?¾ä??°è?æºã€?/i> </h2></span>

            <font face="Arial, Helvetica, Geneva, SunSans-Regular, sans-serif ">

            <b> ?è¿°: </b>HTTP 404. ?¨è?å°‹æ‰¾?„è?æº?(?–å…¶?¸ä??§ç??¶ä¸­ä¹‹ä?) ?¯èƒ½å·²ç?ç§»é™¤?å?ç¨±å·²ç¶“è??´æ??¯æš«?‚ç„¡æ³•ä½¿?¨ã€‚è?æª¢é–±ä¸‹å? URLï¼Œä¸¦ä¸”ç¢ºå®šå??„æ‹¼å¯«ç„¡èª¤ã€?
            <br><br>

            <b> è¦æ???URL: </b>/SessionWeb/LoginSession.aspx<br><br>

    </body>
</html>

2021/4/20 ¤U¤È 04:39:54(106908515) : <?xml version='1.0' encoding='big5'?><Result Code='0' ServerTime='99999999-999999'><Error Code='-100000' Msg='¤¸¥ó¿ù»~ToGetProduct -- Automation ¿ù»~
§@·~¨t²ÎµLªk°õ¦æ %1¡C '/></Result>
2021/4/20 ¤U¤È 04:39:54(106908974) : <!DOCTYPE html>
<html>
    <head>
        <title>?¾ä??°è?æºã€?/title>
        <meta name="viewport" content="width=device-width" />
        <style>
         body {font-family:"Verdana";font-weight:normal;font-size: .7em;color:black;} 
         p {font-family:"Verdana";font-weight:normal;color:black;margin-top: -5px}
         b {font-family:"Verdana";font-weight:bold;color:black;margin-top: -5px}
         H1 { font-family:"Verdana";font-weight:normal;font-size:18pt;color:red }
         H2 { font-family:"Verdana";font-weight:normal;font-size:14pt;color:maroon }
         pre {font-family:"Consolas","Lucida Console",Monospace;font-size:11pt;margin:0;padding:0.5em;line-height:14pt}
         .marker {font-weight: bold; color: black;text-decoration: none;}
         .version {color: gray;}
         .error {margin-bottom: 10px;}
         .expandable { text-decoration:underline; font-weight:bold; color:navy; cursor:hand; }
         @media screen and (max-width: 639px) {
          pre { width: 440px; overflow: auto; white-space: pre-wrap; word-wrap: break-word; }
         }
         @media screen and (max-width: 479px) {
          pre { width: 280px; }
         }
        </style>
    </head>

    <body bgcolor="white">

            <span><H1>'/' ?‰ç”¨ç¨‹å?ä¸­ç™¼?Ÿä¼º?å™¨?¯èª¤??hr width=100% size=1 color=silver></H1>

            <h2> <i>?¾ä??°è?æºã€?/i> </h2></span>

            <font face="Arial, Helvetica, Geneva, SunSans-Regular, sans-serif ">

            <b> ?è¿°: </b>HTTP 404. ?¨è?å°‹æ‰¾?„è?æº?(?–å…¶?¸ä??§ç??¶ä¸­ä¹‹ä?) ?¯èƒ½å·²ç?ç§»é™¤?å?ç¨±å·²ç¶“è??´æ??¯æš«?‚ç„¡æ³•ä½¿?¨ã€‚è?æª¢é–±ä¸‹å? URLï¼Œä¸¦ä¸”ç¢ºå®šå??„æ‹¼å¯«ç„¡èª¤ã€?
            <br><br>

            <b> è¦æ???URL: </b>/SessionWeb/LoginSession.aspx<br><br>

    </body>
</html>

2021/4/20 ¤U¤È 04:41:49(107023765) : <?xml version='1.0' encoding='big5'?><Result Code='0' ServerTime='99999999-999999'><Error Code='-100000' Msg='¤¸¥ó¿ù»~ToGetProduct -- Automation ¿ù»~
§@·~¨t²ÎµLªk°õ¦æ %1¡C '/></Result>
2021/4/20 ¤U¤È 04:41:50(107024197) : <!DOCTYPE html>
<html>
    <head>
        <title>?¾ä??°è?æºã€?/title>
        <meta name="viewport" content="width=device-width" />
        <style>
         body {font-family:"Verdana";font-weight:normal;font-size: .7em;color:black;} 
         p {font-family:"Verdana";font-weight:normal;color:black;margin-top: -5px}
         b {font-family:"Verdana";font-weight:bold;color:black;margin-top: -5px}
         H1 { font-family:"Verdana";font-weight:normal;font-size:18pt;color:red }
         H2 { font-family:"Verdana";font-weight:normal;font-size:14pt;color:maroon }
         pre {font-family:"Consolas","Lucida Console",Monospace;font-size:11pt;margin:0;padding:0.5em;line-height:14pt}
         .marker {font-weight: bold; color: black;text-decoration: none;}
         .version {color: gray;}
         .error {margin-bottom: 10px;}
         .expandable { text-decoration:underline; font-weight:bold; color:navy; cursor:hand; }
         @media screen and (max-width: 639px) {
          pre { width: 440px; overflow: auto; white-space: pre-wrap; word-wrap: break-word; }
         }
         @media screen and (max-width: 479px) {
          pre { width: 280px; }
         }
        </style>
    </head>

    <body bgcolor="white">

            <span><H1>'/' ?‰ç”¨ç¨‹å?ä¸­ç™¼?Ÿä¼º?å™¨?¯èª¤??hr width=100% size=1 color=silver></H1>

            <h2> <i>?¾ä??°è?æºã€?/i> </h2></span>

            <font face="Arial, Helvetica, Geneva, SunSans-Regular, sans-serif ">

            <b> ?è¿°: </b>HTTP 404. ?¨è?å°‹æ‰¾?„è?æº?(?–å…¶?¸ä??§ç??¶ä¸­ä¹‹ä?) ?¯èƒ½å·²ç?ç§»é™¤?å?ç¨±å·²ç¶“è??´æ??¯æš«?‚ç„¡æ³•ä½¿?¨ã€‚è?æª¢é–±ä¸‹å? URLï¼Œä¸¦ä¸”ç¢ºå®šå??„æ‹¼å¯«ç„¡èª¤ã€?
            <br><br>

            <b> è¦æ???URL: </b>/SessionWeb/LoginSession.aspx<br><br>

    </body>
</html>

2021/4/20 ¤U¤È 04:41:54(107028250) : <?xml version='1.0' encoding='big5'?><Result Code='0' ServerTime='99999999-999999'><Error Code='-100000' Msg='¤¸¥ó¿ù»~ToGetProduct -- Automation ¿ù»~
§@·~¨t²ÎµLªk°õ¦æ %1¡C '/></Result>
2021/4/20 ¤U¤È 04:41:54(107028659) : <!DOCTYPE html>
<html>
    <head>
        <title>?¾ä??°è?æºã€?/title>
        <meta name="viewport" content="width=device-width" />
        <style>
         body {font-family:"Verdana";font-weight:normal;font-size: .7em;color:black;} 
         p {font-family:"Verdana";font-weight:normal;color:black;margin-top: -5px}
         b {font-family:"Verdana";font-weight:bold;color:black;margin-top: -5px}
         H1 { font-family:"Verdana";font-weight:normal;font-size:18pt;color:red }
         H2 { font-family:"Verdana";font-weight:normal;font-size:14pt;color:maroon }
         pre {font-family:"Consolas","Lucida Console",Monospace;font-size:11pt;margin:0;padding:0.5em;line-height:14pt}
         .marker {font-weight: bold; color: black;text-decoration: none;}
         .version {color: gray;}
         .error {margin-bottom: 10px;}
         .expandable { text-decoration:underline; font-weight:bold; color:navy; cursor:hand; }
         @media screen and (max-width: 639px) {
          pre { width: 440px; overflow: auto; white-space: pre-wrap; word-wrap: break-word; }
         }
         @media screen and (max-width: 479px) {
          pre { width: 280px; }
         }
        </style>
    </head>

    <body bgcolor="white">

            <span><H1>'/' ?‰ç”¨ç¨‹å?ä¸­ç™¼?Ÿä¼º?å™¨?¯èª¤??hr width=100% size=1 color=silver></H1>

            <h2> <i>?¾ä??°è?æºã€?/i> </h2></span>

            <font face="Arial, Helvetica, Geneva, SunSans-Regular, sans-serif ">

            <b> ?è¿°: </b>HTTP 404. ?¨è?å°‹æ‰¾?„è?æº?(?–å…¶?¸ä??§ç??¶ä¸­ä¹‹ä?) ?¯èƒ½å·²ç?ç§»é™¤?å?ç¨±å·²ç¶“è??´æ??¯æš«?‚ç„¡æ³•ä½¿?¨ã€‚è?æª¢é–±ä¸‹å? URLï¼Œä¸¦ä¸”ç¢ºå®šå??„æ‹¼å¯«ç„¡èª¤ã€?
            <br><br>

            <b> è¦æ???URL: </b>/SessionWeb/LoginSession.aspx<br><br>

    </body>
</html>

2021/4/20 ¤U¤È 04:41:57(107031421) : <?xml version='1.0' encoding='big5'?><Result Code='0' ServerTime='99999999-999999'><Error Code='-100000' Msg='¤¸¥ó¿ù»~ToGetProduct -- Automation ¿ù»~
§@·~¨t²ÎµLªk°õ¦æ %1¡C '/></Result>
2021/4/20 ¤U¤È 04:41:57(107031944) : <!DOCTYPE html>
<html>
    <head>
        <title>?¾ä??°è?æºã€?/title>
        <meta name="viewport" content="width=device-width" />
        <style>
         body {font-family:"Verdana";font-weight:normal;font-size: .7em;color:black;} 
         p {font-family:"Verdana";font-weight:normal;color:black;margin-top: -5px}
         b {font-family:"Verdana";font-weight:bold;color:black;margin-top: -5px}
         H1 { font-family:"Verdana";font-weight:normal;font-size:18pt;color:red }
         H2 { font-family:"Verdana";font-weight:normal;font-size:14pt;color:maroon }
         pre {font-family:"Consolas","Lucida Console",Monospace;font-size:11pt;margin:0;padding:0.5em;line-height:14pt}
         .marker {font-weight: bold; color: black;text-decoration: none;}
         .version {color: gray;}
         .error {margin-bottom: 10px;}
         .expandable { text-decoration:underline; font-weight:bold; color:navy; cursor:hand; }
         @media screen and (max-width: 639px) {
          pre { width: 440px; overflow: auto; white-space: pre-wrap; word-wrap: break-word; }
         }
         @media screen and (max-width: 479px) {
          pre { width: 280px; }
         }
        </style>
    </head>

    <body bgcolor="white">

            <span><H1>'/' ?‰ç”¨ç¨‹å?ä¸­ç™¼?Ÿä¼º?å™¨?¯èª¤??hr width=100% size=1 color=silver></H1>

            <h2> <i>?¾ä??°è?æºã€?/i> </h2></span>

            <font face="Arial, Helvetica, Geneva, SunSans-Regular, sans-serif ">

            <b> ?è¿°: </b>HTTP 404. ?¨è?å°‹æ‰¾?„è?æº?(?–å…¶?¸ä??§ç??¶ä¸­ä¹‹ä?) ?¯èƒ½å·²ç?ç§»é™¤?å?ç¨±å·²ç¶“è??´æ??¯æš«?‚ç„¡æ³•ä½¿?¨ã€‚è?æª¢é–±ä¸‹å? URLï¼Œä¸¦ä¸”ç¢ºå®šå??„æ‹¼å¯«ç„¡èª¤ã€?
            <br><br>

            <b> è¦æ???URL: </b>/SessionWeb/LoginSession.aspx<br><br>

    </body>
</html>

2021/4/20 ¤U¤È 04:43:23(107117375) : <?xml version='1.0' encoding='big5'?><Result Code='0' ServerTime='99999999-999999'><Error Code='-100000' Msg='¤¸¥ó¿ù»~ToGetProduct -- Automation ¿ù»~
§@·~¨t²ÎµLªk°õ¦æ %1¡C '/></Result>
2021/4/20 ¤U¤È 04:43:30(107125000) : <?xml version='1.0' encoding='big5'?><Result Code='0' ServerTime='99999999-999999'><Error Code='-100000' Msg='¤¸¥ó¿ù»~ToGetProduct -- Automation ¿ù»~
§@·~¨t²ÎµLªk°õ¦æ %1¡C '/></Result>
2021/4/20 ¤U¤È 04:43:31(107125418) : <!DOCTYPE html>
<html>
    <head>
        <title>?¾ä??°è?æºã€?/title>
        <meta name="viewport" content="width=device-width" />
        <style>
         body {font-family:"Verdana";font-weight:normal;font-size: .7em;color:black;} 
         p {font-family:"Verdana";font-weight:normal;color:black;margin-top: -5px}
         b {font-family:"Verdana";font-weight:bold;color:black;margin-top: -5px}
         H1 { font-family:"Verdana";font-weight:normal;font-size:18pt;color:red }
         H2 { font-family:"Verdana";font-weight:normal;font-size:14pt;color:maroon }
         pre {font-family:"Consolas","Lucida Console",Monospace;font-size:11pt;margin:0;padding:0.5em;line-height:14pt}
         .marker {font-weight: bold; color: black;text-decoration: none;}
         .version {color: gray;}
         .error {margin-bottom: 10px;}
         .expandable { text-decoration:underline; font-weight:bold; color:navy; cursor:hand; }
         @media screen and (max-width: 639px) {
          pre { width: 440px; overflow: auto; white-space: pre-wrap; word-wrap: break-word; }
         }
         @media screen and (max-width: 479px) {
          pre { width: 280px; }
         }
        </style>
    </head>

    <body bgcolor="white">

            <span><H1>'/' ?‰ç”¨ç¨‹å?ä¸­ç™¼?Ÿä¼º?å™¨?¯èª¤??hr width=100% size=1 color=silver></H1>

            <h2> <i>?¾ä??°è?æºã€?/i> </h2></span>

            <font face="Arial, Helvetica, Geneva, SunSans-Regular, sans-serif ">

            <b> ?è¿°: </b>HTTP 404. ?¨è?å°‹æ‰¾?„è?æº?(?–å…¶?¸ä??§ç??¶ä¸­ä¹‹ä?) ?¯èƒ½å·²ç?ç§»é™¤?å?ç¨±å·²ç¶“è??´æ??¯æš«?‚ç„¡æ³•ä½¿?¨ã€‚è?æª¢é–±ä¸‹å? URLï¼Œä¸¦ä¸”ç¢ºå®šå??„æ‹¼å¯«ç„¡èª¤ã€?
            <br><br>

            <b> è¦æ???URL: </b>/SessionWeb/LoginSession.aspx<br><br>

    </body>
</html>

2021/4/20 ¤U¤È 04:43:35(107129562) : <?xml version='1.0' encoding='big5'?><Result Code='0' ServerTime='99999999-999999'><Error Code='-100000' Msg='¤¸¥ó¿ù»~ToGetProduct -- Automation ¿ù»~
§@·~¨t²ÎµLªk°õ¦æ %1¡C '/></Result>
2021/4/20 ¤U¤È 04:43:40(107134406) : <?xml version='1.0' encoding='big5'?><Result Code='0' ServerTime='99999999-999999'><Error Code='-100000' Msg='¤¸¥ó¿ù»~ToGetProduct -- Automation ¿ù»~
§@·~¨t²ÎµLªk°õ¦æ %1¡C '/></Result>
2021/4/20 ¤U¤È 04:44:53(107207390) : <?xml version='1.0' encoding='big5'?><Result Code='0' ServerTime='99999999-999999'><Error Code='-100000' Msg='¤¸¥ó¿ù»~ToGetProduct -- Automation ¿ù»~
§@·~¨t²ÎµLªk°õ¦æ %1¡C '/></Result>
2021/4/20 ¤U¤È 04:46:10(107284421) : <?xml version='1.0' encoding='big5'?><Result Code='0' ServerTime='99999999-999999'><Error Code='-100000' Msg='¤¸¥ó¿ù»~ToGetProduct -- Automation ¿ù»~
§@·~¨t²ÎµLªk°õ¦æ %1¡C '/></Result>
2021/4/20 ¤U¤È 04:46:14(107288781) : <?xml version='1.0' encoding='big5'?><Result Code='0' ServerTime='99999999-999999'><Error Code='-100000' Msg='¤¸¥ó¿ù»~ToGetProduct -- Automation ¿ù»~
§@·~¨t²ÎµLªk°õ¦æ %1¡C '/></Result>
2021/4/20 ¤U¤È 04:46:15(107289218) : <!DOCTYPE html>
<html>
    <head>
        <title>?¾ä??°è?æºã€?/title>
        <meta name="viewport" content="width=device-width" />
        <style>
         body {font-family:"Verdana";font-weight:normal;font-size: .7em;color:black;} 
         p {font-family:"Verdana";font-weight:normal;color:black;margin-top: -5px}
         b {font-family:"Verdana";font-weight:bold;color:black;margin-top: -5px}
         H1 { font-family:"Verdana";font-weight:normal;font-size:18pt;color:red }
         H2 { font-family:"Verdana";font-weight:normal;font-size:14pt;color:maroon }
         pre {font-family:"Consolas","Lucida Console",Monospace;font-size:11pt;margin:0;padding:0.5em;line-height:14pt}
         .marker {font-weight: bold; color: black;text-decoration: none;}
         .version {color: gray;}
         .error {margin-bottom: 10px;}
         .expandable { text-decoration:underline; font-weight:bold; color:navy; cursor:hand; }
         @media screen and (max-width: 639px) {
          pre { width: 440px; overflow: auto; white-space: pre-wrap; word-wrap: break-word; }
         }
         @media screen and (max-width: 479px) {
          pre { width: 280px; }
         }
        </style>
    </head>

    <body bgcolor="white">

            <span><H1>'/' ?‰ç”¨ç¨‹å?ä¸­ç™¼?Ÿä¼º?å™¨?¯èª¤??hr width=100% size=1 color=silver></H1>

            <h2> <i>?¾ä??°è?æºã€?/i> </h2></span>

            <font face="Arial, Helvetica, Geneva, SunSans-Regular, sans-serif ">

            <b> ?è¿°: </b>HTTP 404. ?¨è?å°‹æ‰¾?„è?æº?(?–å…¶?¸ä??§ç??¶ä¸­ä¹‹ä?) ?¯èƒ½å·²ç?ç§»é™¤?å?ç¨±å·²ç¶“è??´æ??¯æš«?‚ç„¡æ³•ä½¿?¨ã€‚è?æª¢é–±ä¸‹å? URLï¼Œä¸¦ä¸”ç¢ºå®šå??„æ‹¼å¯«ç„¡èª¤ã€?
            <br><br>

            <b> è¦æ???URL: </b>/SessionWeb/LoginSession.aspx<br><br>

    </body>
</html>

2021/4/20 ¤U¤È 04:47:02(107337031) : <?xml version='1.0' encoding='big5'?><Result Code='0' ServerTime='99999999-999999'><Error Code='-100000' Msg='¤¸¥ó¿ù»~ToGetProduct -- Automation ¿ù»~
§@·~¨t²ÎµLªk°õ¦æ %1¡C '/></Result>
2021/4/20 ¤U¤È 04:47:12(107346281) : <?xml version='1.0' encoding='big5'?><Result Code='0' ServerTime='99999999-999999'><Error Code='-100000' Msg='¤¸¥ó¿ù»~ToGetProduct -- Automation ¿ù»~
§@·~¨t²ÎµLªk°õ¦æ %1¡C '/></Result>
2021/4/20 ¤U¤È 04:47:12(107346643) : <!DOCTYPE html>
<html>
    <head>
        <title>?¾ä??°è?æºã€?/title>
        <meta name="viewport" content="width=device-width" />
        <style>
         body {font-family:"Verdana";font-weight:normal;font-size: .7em;color:black;} 
         p {font-family:"Verdana";font-weight:normal;color:black;margin-top: -5px}
         b {font-family:"Verdana";font-weight:bold;color:black;margin-top: -5px}
         H1 { font-family:"Verdana";font-weight:normal;font-size:18pt;color:red }
         H2 { font-family:"Verdana";font-weight:normal;font-size:14pt;color:maroon }
         pre {font-family:"Consolas","Lucida Console",Monospace;font-size:11pt;margin:0;padding:0.5em;line-height:14pt}
         .marker {font-weight: bold; color: black;text-decoration: none;}
         .version {color: gray;}
         .error {margin-bottom: 10px;}
         .expandable { text-decoration:underline; font-weight:bold; color:navy; cursor:hand; }
         @media screen and (max-width: 639px) {
          pre { width: 440px; overflow: auto; white-space: pre-wrap; word-wrap: break-word; }
         }
         @media screen and (max-width: 479px) {
          pre { width: 280px; }
         }
        </style>
    </head>

    <body bgcolor="white">

            <span><H1>'/' ?‰ç”¨ç¨‹å?ä¸­ç™¼?Ÿä¼º?å™¨?¯èª¤??hr width=100% size=1 color=silver></H1>

            <h2> <i>?¾ä??°è?æºã€?/i> </h2></span>

            <font face="Arial, Helvetica, Geneva, SunSans-Regular, sans-serif ">

            <b> ?è¿°: </b>HTTP 404. ?¨è?å°‹æ‰¾?„è?æº?(?–å…¶?¸ä??§ç??¶ä¸­ä¹‹ä?) ?¯èƒ½å·²ç?ç§»é™¤?å?ç¨±å·²ç¶“è??´æ??¯æš«?‚ç„¡æ³•ä½¿?¨ã€‚è?æª¢é–±ä¸‹å? URLï¼Œä¸¦ä¸”ç¢ºå®šå??„æ‹¼å¯«ç„¡èª¤ã€?
            <br><br>

            <b> è¦æ???URL: </b>/SessionWeb/LoginSession.aspx<br><br>

    </body>
</html>

2021/4/20 ¤U¤È 05:00:34(108148687) : <?xml version='1.0' encoding='big5'?><Result Code='0' ServerTime='99999999-999999'><Error Code='-100000' Msg='¤¸¥ó¿ù»~ToGetProduct -- Automation ¿ù»~
§@·~¨t²ÎµLªk°õ¦æ %1¡C '/></Result>
2021/4/20 ¤U¤È 05:00:57(108171937) : <?xml version='1.0' encoding='big5'?><Result Code='0' ServerTime='99999999-999999'><Error Code='-100000' Msg='¤¸¥ó¿ù»~ToGetProduct -- Automation ¿ù»~
§@·~¨t²ÎµLªk°õ¦æ %1¡C '/></Result>
2021/4/20 ¤U¤È 05:00:58(108172366) : <!DOCTYPE html>
<html>
    <head>
        <title>?¾ä??°è?æºã€?/title>
        <meta name="viewport" content="width=device-width" />
        <style>
         body {font-family:"Verdana";font-weight:normal;font-size: .7em;color:black;} 
         p {font-family:"Verdana";font-weight:normal;color:black;margin-top: -5px}
         b {font-family:"Verdana";font-weight:bold;color:black;margin-top: -5px}
         H1 { font-family:"Verdana";font-weight:normal;font-size:18pt;color:red }
         H2 { font-family:"Verdana";font-weight:normal;font-size:14pt;color:maroon }
         pre {font-family:"Consolas","Lucida Console",Monospace;font-size:11pt;margin:0;padding:0.5em;line-height:14pt}
         .marker {font-weight: bold; color: black;text-decoration: none;}
         .version {color: gray;}
         .error {margin-bottom: 10px;}
         .expandable { text-decoration:underline; font-weight:bold; color:navy; cursor:hand; }
         @media screen and (max-width: 639px) {
          pre { width: 440px; overflow: auto; white-space: pre-wrap; word-wrap: break-word; }
         }
         @media screen and (max-width: 479px) {
          pre { width: 280px; }
         }
        </style>
    </head>

    <body bgcolor="white">

            <span><H1>'/' ?‰ç”¨ç¨‹å?ä¸­ç™¼?Ÿä¼º?å™¨?¯èª¤??hr width=100% size=1 color=silver></H1>

            <h2> <i>?¾ä??°è?æºã€?/i> </h2></span>

            <font face="Arial, Helvetica, Geneva, SunSans-Regular, sans-serif ">

            <b> ?è¿°: </b>HTTP 404. ?¨è?å°‹æ‰¾?„è?æº?(?–å…¶?¸ä??§ç??¶ä¸­ä¹‹ä?) ?¯èƒ½å·²ç?ç§»é™¤?å?ç¨±å·²ç¶“è??´æ??¯æš«?‚ç„¡æ³•ä½¿?¨ã€‚è?æª¢é–±ä¸‹å? URLï¼Œä¸¦ä¸”ç¢ºå®šå??„æ‹¼å¯«ç„¡èª¤ã€?
            <br><br>

            <b> è¦æ???URL: </b>/SessionWeb/LoginSession.aspx<br><br>

    </body>
</html>

2021/4/20 ¤U¤È 05:01:10(108184390) : <?xml version='1.0' encoding='big5'?><Result Code='0' ServerTime='99999999-999999'><Error Code='-100000' Msg='¤¸¥ó¿ù»~ToGetProduct -- Automation ¿ù»~
§@·~¨t²ÎµLªk°õ¦æ %1¡C '/></Result>
2021/4/20 ¤U¤È 05:01:10(108184777) : <!DOCTYPE html>
<html>
    <head>
        <title>?¾ä??°è?æºã€?/title>
        <meta name="viewport" content="width=device-width" />
        <style>
         body {font-family:"Verdana";font-weight:normal;font-size: .7em;color:black;} 
         p {font-family:"Verdana";font-weight:normal;color:black;margin-top: -5px}
         b {font-family:"Verdana";font-weight:bold;color:black;margin-top: -5px}
         H1 { font-family:"Verdana";font-weight:normal;font-size:18pt;color:red }
         H2 { font-family:"Verdana";font-weight:normal;font-size:14pt;color:maroon }
         pre {font-family:"Consolas","Lucida Console",Monospace;font-size:11pt;margin:0;padding:0.5em;line-height:14pt}
         .marker {font-weight: bold; color: black;text-decoration: none;}
         .version {color: gray;}
         .error {margin-bottom: 10px;}
         .expandable { text-decoration:underline; font-weight:bold; color:navy; cursor:hand; }
         @media screen and (max-width: 639px) {
          pre { width: 440px; overflow: auto; white-space: pre-wrap; word-wrap: break-word; }
         }
         @media screen and (max-width: 479px) {
          pre { width: 280px; }
         }
        </style>
    </head>

    <body bgcolor="white">

            <span><H1>'/' ?‰ç”¨ç¨‹å?ä¸­ç™¼?Ÿä¼º?å™¨?¯èª¤??hr width=100% size=1 color=silver></H1>

            <h2> <i>?¾ä??°è?æºã€?/i> </h2></span>

            <font face="Arial, Helvetica, Geneva, SunSans-Regular, sans-serif ">

            <b> ?è¿°: </b>HTTP 404. ?¨è?å°‹æ‰¾?„è?æº?(?–å…¶?¸ä??§ç??¶ä¸­ä¹‹ä?) ?¯èƒ½å·²ç?ç§»é™¤?å?ç¨±å·²ç¶“è??´æ??¯æš«?‚ç„¡æ³•ä½¿?¨ã€‚è?æª¢é–±ä¸‹å? URLï¼Œä¸¦ä¸”ç¢ºå®šå??„æ‹¼å¯«ç„¡èª¤ã€?
            <br><br>

            <b> è¦æ???URL: </b>/SessionWeb/LoginSession.aspx<br><br>

    </body>
</html>

2021/4/20 ¤U¤È 06:21:20(112994921) : <?xml version='1.0' encoding='big5'?><Result Code='0' ServerTime='99999999-999999'><Error Code='-100000' Msg='¤¸¥ó¿ù»~ToGetProduct -- Automation ¿ù»~
§@·~¨t²ÎµLªk°õ¦æ %1¡C '/></Result>
