2021/4/20 上午 09:26:17(80890734) :  >> Server2Client_Set : <?xml version='1.0' encoding='big5'?><Result Code='0' ServerTime='2021/04/20 09:26:17'><Error Code='0' FBF='FBF' TP_Equity_Position_TIME='60' TSE_OPEN='Y' TAIEMG_OPEN='N' FUTURE_OPEN='Y' SESSION_OPEN='N' IApi='Y' eLogin_CID='Y' TP_ORDER_TIME = '300' MAX_ORDER_COUNT = '100' CONTI_ORDER_TIME = '60' DELAY_TIME = '500' DELAY_TIME1 = '1000' TP_ORDER_TIME_I = '300' MAX_ORDER_COUNT_I = '20' MSG_URL='http://e01api.fbs.com.tw/PortalTW/bulletin.htm' MSG_DELAY_TIME='10' MSG_HEIGHT='5000' MSG_WIDTH='8000' MSG_DATE='12/29/2014' TAIEMG_CACHE_HH='8' TAIEMG_CACHE_MM='35' TAIEMG_CACHE_DELAY_TIME='300'/></Result>
2021/4/20 上午 09:26:30(80903889) :  >> Server2Client_Set : <?xml version='1.0' encoding='big5'?><Result Code='0' ServerTime='2021/04/20 09:26:30'><Error Code='0' FBF='FBF' TP_Equity_Position_TIME='60' TSE_OPEN='Y' TAIEMG_OPEN='N' FUTURE_OPEN='Y' SESSION_OPEN='N' IApi='Y' eLogin_CID='Y' TP_ORDER_TIME = '300' MAX_ORDER_COUNT = '100' CONTI_ORDER_TIME = '60' DELAY_TIME = '500' DELAY_TIME1 = '1000' TP_ORDER_TIME_I = '300' MAX_ORDER_COUNT_I = '20' MSG_URL='http://e01api.fbs.com.tw/PortalTW/bulletin.htm' MSG_DELAY_TIME='10' MSG_HEIGHT='5000' MSG_WIDTH='8000' MSG_DATE='12/29/2014' TAIEMG_CACHE_HH='8' TAIEMG_CACHE_MM='35' TAIEMG_CACHE_DELAY_TIME='300'/></Result>
2021/4/20 上午 09:26:30(80903946) :  >> <?xml version='1.0' encoding='big5'?><Result Code='0' ServerTime='20210420-092630'>	
				<Data Code='0'>
					<Time>20210420-092630</Time>
				</Data>	
			</Result>
2021/4/20 上午 09:26:31(80904563) :  >> Server2Client_Set_F_ID : <?xml version='1.0' encoding='big5'?><Result Code='0' ServerTime='2021/04/20 09:26:30'><Error Code='0' FBF='FBF' TP_Equity_Position_TIME='60' TSE_OPEN='Y' TAIEMG_OPEN='N' FUTURE_OPEN='Y' SESSION_OPEN='N' IApi='Y' eLogin_CID='Y' TP_ORDER_TIME = '300' MAX_ORDER_COUNT = '100' CONTI_ORDER_TIME = '60' DELAY_TIME = '500' DELAY_TIME1 = '1000' TP_ORDER_TIME_I = '300' MAX_ORDER_COUNT_I = '20' MSG_URL='http://e01api.fbs.com.tw/PortalTW/bulletin.htm' MSG_DELAY_TIME='10' MSG_HEIGHT='5000' MSG_WIDTH='8000' MSG_DATE='12/29/2014' TAIEMG_CACHE_HH='8' TAIEMG_CACHE_MM='35' TAIEMG_CACHE_DELAY_TIME='300'/></Result>
2021/4/20 上午 09:26:31(80905086) :  >> [mem:] TP_Order_Time[300] Max_Order_Count[100] Conti_Order_Time[60] Delay_Time[500] Delay_Time1[1000] TP_EP_QUERY_TIME[20] TP_Order_Time_I[300] Max_Order_Count_I[20] Conti_Order_Time_I[60] Delay_Time_I[500] Delay_Time1_I[1000]
2021/4/20 上午 09:51:49(82423210) :  >> Server2Client_Set : <?xml version='1.0' encoding='big5'?><Result Code='0' ServerTime='2021/04/20 09:51:49'><Error Code='0' FBF='FBF' TP_Equity_Position_TIME='60' TSE_OPEN='Y' TAIEMG_OPEN='N' FUTURE_OPEN='Y' SESSION_OPEN='N' IApi='Y' eLogin_CID='Y' TP_ORDER_TIME = '300' MAX_ORDER_COUNT = '100' CONTI_ORDER_TIME = '60' DELAY_TIME = '500' DELAY_TIME1 = '1000' TP_ORDER_TIME_I = '300' MAX_ORDER_COUNT_I = '20' MSG_URL='http://e01api.fbs.com.tw/PortalTW/bulletin.htm' MSG_DELAY_TIME='10' MSG_HEIGHT='5000' MSG_WIDTH='8000' MSG_DATE='12/29/2014' TAIEMG_CACHE_HH='8' TAIEMG_CACHE_MM='35' TAIEMG_CACHE_DELAY_TIME='300'/></Result>
2021/4/20 上午 09:52:20(82453824) :  >> Server2Client_Set : <?xml version='1.0' encoding='big5'?><Result Code='0' ServerTime='2021/04/20 09:52:20'><Error Code='0' FBF='FBF' TP_Equity_Position_TIME='60' TSE_OPEN='Y' TAIEMG_OPEN='N' FUTURE_OPEN='Y' SESSION_OPEN='N' IApi='Y' eLogin_CID='Y' TP_ORDER_TIME = '300' MAX_ORDER_COUNT = '100' CONTI_ORDER_TIME = '60' DELAY_TIME = '500' DELAY_TIME1 = '1000' TP_ORDER_TIME_I = '300' MAX_ORDER_COUNT_I = '20' MSG_URL='http://e01api.fbs.com.tw/PortalTW/bulletin.htm' MSG_DELAY_TIME='10' MSG_HEIGHT='5000' MSG_WIDTH='8000' MSG_DATE='12/29/2014' TAIEMG_CACHE_HH='8' TAIEMG_CACHE_MM='35' TAIEMG_CACHE_DELAY_TIME='300'/></Result>
2021/4/20 上午 09:52:20(82453872) :  >> <?xml version='1.0' encoding='big5'?><Result Code='0' ServerTime='20210420-095220'>	
				<Data Code='0'>
					<Time>20210420-095220</Time>
				</Data>	
			</Result>
2021/4/20 上午 09:52:20(82453964) :  >> Server2Client_Set_F_ID : <?xml version='1.0' encoding='big5'?><Result Code='0' ServerTime='2021/04/20 09:52:20'><Error Code='0' FBF='FBF' TP_Equity_Position_TIME='60' TSE_OPEN='Y' TAIEMG_OPEN='N' FUTURE_OPEN='Y' SESSION_OPEN='N' IApi='Y' eLogin_CID='Y' TP_ORDER_TIME = '300' MAX_ORDER_COUNT = '100' CONTI_ORDER_TIME = '60' DELAY_TIME = '500' DELAY_TIME1 = '1000' TP_ORDER_TIME_I = '300' MAX_ORDER_COUNT_I = '20' MSG_URL='http://e01api.fbs.com.tw/PortalTW/bulletin.htm' MSG_DELAY_TIME='10' MSG_HEIGHT='5000' MSG_WIDTH='8000' MSG_DATE='12/29/2014' TAIEMG_CACHE_HH='8' TAIEMG_CACHE_MM='35' TAIEMG_CACHE_DELAY_TIME='300'/></Result>
2021/4/20 上午 09:52:20(82454241) :  >> [mem:] TP_Order_Time[300] Max_Order_Count[100] Conti_Order_Time[60] Delay_Time[500] Delay_Time1[1000] TP_EP_QUERY_TIME[20] TP_Order_Time_I[300] Max_Order_Count_I[20] Conti_Order_Time_I[60] Delay_Time_I[500] Delay_Time1_I[1000]
2021/4/20 上午 09:52:31(82465269) :  >> Server2Client_Set : <?xml version='1.0' encoding='big5'?><Result Code='0' ServerTime='2021/04/20 09:52:31'><Error Code='0' FBF='FBF' TP_Equity_Position_TIME='60' TSE_OPEN='Y' TAIEMG_OPEN='N' FUTURE_OPEN='Y' SESSION_OPEN='N' IApi='Y' eLogin_CID='Y' TP_ORDER_TIME = '300' MAX_ORDER_COUNT = '100' CONTI_ORDER_TIME = '60' DELAY_TIME = '500' DELAY_TIME1 = '1000' TP_ORDER_TIME_I = '300' MAX_ORDER_COUNT_I = '20' MSG_URL='http://e01api.fbs.com.tw/PortalTW/bulletin.htm' MSG_DELAY_TIME='10' MSG_HEIGHT='5000' MSG_WIDTH='8000' MSG_DATE='12/29/2014' TAIEMG_CACHE_HH='8' TAIEMG_CACHE_MM='35' TAIEMG_CACHE_DELAY_TIME='300'/></Result>
2021/4/20 上午 09:52:38(82471645) :  >> Server2Client_Set : <?xml version='1.0' encoding='big5'?><Result Code='0' ServerTime='2021/04/20 09:52:37'><Error Code='0' FBF='FBF' TP_Equity_Position_TIME='60' TSE_OPEN='Y' TAIEMG_OPEN='N' FUTURE_OPEN='Y' SESSION_OPEN='N' IApi='Y' eLogin_CID='Y' TP_ORDER_TIME = '300' MAX_ORDER_COUNT = '100' CONTI_ORDER_TIME = '60' DELAY_TIME = '500' DELAY_TIME1 = '1000' TP_ORDER_TIME_I = '300' MAX_ORDER_COUNT_I = '20' MSG_URL='http://e01api.fbs.com.tw/PortalTW/bulletin.htm' MSG_DELAY_TIME='10' MSG_HEIGHT='5000' MSG_WIDTH='8000' MSG_DATE='12/29/2014' TAIEMG_CACHE_HH='8' TAIEMG_CACHE_MM='35' TAIEMG_CACHE_DELAY_TIME='300'/></Result>
2021/4/20 上午 09:52:38(82471700) :  >> Server2Client_Set : <?xml version='1.0' encoding='big5'?><Result Code='0' ServerTime='2021/04/20 09:52:38'><Error Code='0' FBF='FBF' TP_Equity_Position_TIME='60' TSE_OPEN='Y' TAIEMG_OPEN='N' FUTURE_OPEN='Y' SESSION_OPEN='N' IApi='Y' eLogin_CID='Y' TP_ORDER_TIME = '300' MAX_ORDER_COUNT = '100' CONTI_ORDER_TIME = '60' DELAY_TIME = '500' DELAY_TIME1 = '1000' TP_ORDER_TIME_I = '300' MAX_ORDER_COUNT_I = '20' MSG_URL='http://e01api.fbs.com.tw/PortalTW/bulletin.htm' MSG_DELAY_TIME='10' MSG_HEIGHT='5000' MSG_WIDTH='8000' MSG_DATE='12/29/2014' TAIEMG_CACHE_HH='8' TAIEMG_CACHE_MM='35' TAIEMG_CACHE_DELAY_TIME='300'/></Result>
2021/4/20 上午 09:52:38(82471751) :  >> <?xml version='1.0' encoding='big5'?><Result Code='0' ServerTime='20210420-095238'>	
				<Data Code='0'>
					<Time>20210420-095238</Time>
				</Data>	
			</Result>
2021/4/20 上午 09:52:38(82471954) :  >> Server2Client_Set_F_ID : <?xml version='1.0' encoding='big5'?><Result Code='0' ServerTime='2021/04/20 09:52:38'><Error Code='0' FBF='FBF' TP_Equity_Position_TIME='60' TSE_OPEN='Y' TAIEMG_OPEN='N' FUTURE_OPEN='Y' SESSION_OPEN='N' IApi='Y' eLogin_CID='Y' TP_ORDER_TIME = '300' MAX_ORDER_COUNT = '100' CONTI_ORDER_TIME = '60' DELAY_TIME = '500' DELAY_TIME1 = '1000' TP_ORDER_TIME_I = '300' MAX_ORDER_COUNT_I = '20' MSG_URL='http://e01api.fbs.com.tw/PortalTW/bulletin.htm' MSG_DELAY_TIME='10' MSG_HEIGHT='5000' MSG_WIDTH='8000' MSG_DATE='12/29/2014' TAIEMG_CACHE_HH='8' TAIEMG_CACHE_MM='35' TAIEMG_CACHE_DELAY_TIME='300'/></Result>
2021/4/20 上午 09:52:38(82472112) :  >> [mem:] TP_Order_Time[300] Max_Order_Count[100] Conti_Order_Time[60] Delay_Time[500] Delay_Time1[1000] TP_EP_QUERY_TIME[20] TP_Order_Time_I[300] Max_Order_Count_I[20] Conti_Order_Time_I[60] Delay_Time_I[500] Delay_Time1_I[1000]
2021/4/20 上午 09:53:00(82493930) :  >> Server2Client_Set : <?xml version='1.0' encoding='big5'?><Result Code='0' ServerTime='2021/04/20 09:53:00'><Error Code='0' FBF='FBF' TP_Equity_Position_TIME='60' TSE_OPEN='Y' TAIEMG_OPEN='N' FUTURE_OPEN='Y' SESSION_OPEN='N' IApi='Y' eLogin_CID='Y' TP_ORDER_TIME = '300' MAX_ORDER_COUNT = '100' CONTI_ORDER_TIME = '60' DELAY_TIME = '500' DELAY_TIME1 = '1000' TP_ORDER_TIME_I = '300' MAX_ORDER_COUNT_I = '20' MSG_URL='http://e01api.fbs.com.tw/PortalTW/bulletin.htm' MSG_DELAY_TIME='10' MSG_HEIGHT='5000' MSG_WIDTH='8000' MSG_DATE='12/29/2014' TAIEMG_CACHE_HH='8' TAIEMG_CACHE_MM='35' TAIEMG_CACHE_DELAY_TIME='300'/></Result>
2021/4/20 上午 09:53:00(82493982) :  >> Server2Client_Set : <?xml version='1.0' encoding='big5'?><Result Code='0' ServerTime='2021/04/20 09:53:00'><Error Code='0' FBF='FBF' TP_Equity_Position_TIME='60' TSE_OPEN='Y' TAIEMG_OPEN='N' FUTURE_OPEN='Y' SESSION_OPEN='N' IApi='Y' eLogin_CID='Y' TP_ORDER_TIME = '300' MAX_ORDER_COUNT = '100' CONTI_ORDER_TIME = '60' DELAY_TIME = '500' DELAY_TIME1 = '1000' TP_ORDER_TIME_I = '300' MAX_ORDER_COUNT_I = '20' MSG_URL='http://e01api.fbs.com.tw/PortalTW/bulletin.htm' MSG_DELAY_TIME='10' MSG_HEIGHT='5000' MSG_WIDTH='8000' MSG_DATE='12/29/2014' TAIEMG_CACHE_HH='8' TAIEMG_CACHE_MM='35' TAIEMG_CACHE_DELAY_TIME='300'/></Result>
2021/4/20 上午 09:53:00(82494055) :  >> <?xml version='1.0' encoding='big5'?><Result Code='0' ServerTime='20210420-095300'>	
				<Data Code='0'>
					<Time>20210420-095300</Time>
				</Data>	
			</Result>
2021/4/20 上午 09:53:00(82494156) :  >> Server2Client_Set_F_ID : <?xml version='1.0' encoding='big5'?><Result Code='0' ServerTime='2021/04/20 09:53:00'><Error Code='0' FBF='FBF' TP_Equity_Position_TIME='60' TSE_OPEN='Y' TAIEMG_OPEN='N' FUTURE_OPEN='Y' SESSION_OPEN='N' IApi='Y' eLogin_CID='Y' TP_ORDER_TIME = '300' MAX_ORDER_COUNT = '100' CONTI_ORDER_TIME = '60' DELAY_TIME = '500' DELAY_TIME1 = '1000' TP_ORDER_TIME_I = '300' MAX_ORDER_COUNT_I = '20' MSG_URL='http://e01api.fbs.com.tw/PortalTW/bulletin.htm' MSG_DELAY_TIME='10' MSG_HEIGHT='5000' MSG_WIDTH='8000' MSG_DATE='12/29/2014' TAIEMG_CACHE_HH='8' TAIEMG_CACHE_MM='35' TAIEMG_CACHE_DELAY_TIME='300'/></Result>
2021/4/20 上午 09:53:00(82494326) :  >> [mem:] TP_Order_Time[300] Max_Order_Count[100] Conti_Order_Time[60] Delay_Time[500] Delay_Time1[1000] TP_EP_QUERY_TIME[20] TP_Order_Time_I[300] Max_Order_Count_I[20] Conti_Order_Time_I[60] Delay_Time_I[500] Delay_Time1_I[1000]
2021/4/20 上午 09:55:42(82655598) :  >> Server2Client_Set : <?xml version='1.0' encoding='big5'?><Result Code='0' ServerTime='2021/04/20 09:55:41'><Error Code='0' FBF='FBF' TP_Equity_Position_TIME='60' TSE_OPEN='Y' TAIEMG_OPEN='N' FUTURE_OPEN='Y' SESSION_OPEN='N' IApi='Y' eLogin_CID='Y' TP_ORDER_TIME = '300' MAX_ORDER_COUNT = '100' CONTI_ORDER_TIME = '60' DELAY_TIME = '500' DELAY_TIME1 = '1000' TP_ORDER_TIME_I = '300' MAX_ORDER_COUNT_I = '20' MSG_URL='http://e01api.fbs.com.tw/PortalTW/bulletin.htm' MSG_DELAY_TIME='10' MSG_HEIGHT='5000' MSG_WIDTH='8000' MSG_DATE='12/29/2014' TAIEMG_CACHE_HH='8' TAIEMG_CACHE_MM='35' TAIEMG_CACHE_DELAY_TIME='300'/></Result>
2021/4/20 上午 09:55:46(82660371) :  >> Server2Client_Set : <?xml version='1.0' encoding='big5'?><Result Code='0' ServerTime='2021/04/20 09:55:46'><Error Code='0' FBF='FBF' TP_Equity_Position_TIME='60' TSE_OPEN='Y' TAIEMG_OPEN='N' FUTURE_OPEN='Y' SESSION_OPEN='N' IApi='Y' eLogin_CID='Y' TP_ORDER_TIME = '300' MAX_ORDER_COUNT = '100' CONTI_ORDER_TIME = '60' DELAY_TIME = '500' DELAY_TIME1 = '1000' TP_ORDER_TIME_I = '300' MAX_ORDER_COUNT_I = '20' MSG_URL='http://e01api.fbs.com.tw/PortalTW/bulletin.htm' MSG_DELAY_TIME='10' MSG_HEIGHT='5000' MSG_WIDTH='8000' MSG_DATE='12/29/2014' TAIEMG_CACHE_HH='8' TAIEMG_CACHE_MM='35' TAIEMG_CACHE_DELAY_TIME='300'/></Result>
2021/4/20 上午 09:55:47(82660513) :  >> Server2Client_Set : <?xml version='1.0' encoding='big5'?><Result Code='0' ServerTime='2021/04/20 09:55:46'><Error Code='0' FBF='FBF' TP_Equity_Position_TIME='60' TSE_OPEN='Y' TAIEMG_OPEN='N' FUTURE_OPEN='Y' SESSION_OPEN='N' IApi='Y' eLogin_CID='Y' TP_ORDER_TIME = '300' MAX_ORDER_COUNT = '100' CONTI_ORDER_TIME = '60' DELAY_TIME = '500' DELAY_TIME1 = '1000' TP_ORDER_TIME_I = '300' MAX_ORDER_COUNT_I = '20' MSG_URL='http://e01api.fbs.com.tw/PortalTW/bulletin.htm' MSG_DELAY_TIME='10' MSG_HEIGHT='5000' MSG_WIDTH='8000' MSG_DATE='12/29/2014' TAIEMG_CACHE_HH='8' TAIEMG_CACHE_MM='35' TAIEMG_CACHE_DELAY_TIME='300'/></Result>
2021/4/20 上午 09:55:47(82660569) :  >> <?xml version='1.0' encoding='big5'?><Result Code='0' ServerTime='20210420-095546'>	
				<Data Code='0'>
					<Time>20210420-095546</Time>
				</Data>	
			</Result>
2021/4/20 上午 09:55:47(82660796) :  >> Server2Client_Set_F_ID : <?xml version='1.0' encoding='big5'?><Result Code='0' ServerTime='2021/04/20 09:55:47'><Error Code='0' FBF='FBF' TP_Equity_Position_TIME='60' TSE_OPEN='Y' TAIEMG_OPEN='N' FUTURE_OPEN='Y' SESSION_OPEN='N' IApi='Y' eLogin_CID='Y' TP_ORDER_TIME = '300' MAX_ORDER_COUNT = '100' CONTI_ORDER_TIME = '60' DELAY_TIME = '500' DELAY_TIME1 = '1000' TP_ORDER_TIME_I = '300' MAX_ORDER_COUNT_I = '20' MSG_URL='http://e01api.fbs.com.tw/PortalTW/bulletin.htm' MSG_DELAY_TIME='10' MSG_HEIGHT='5000' MSG_WIDTH='8000' MSG_DATE='12/29/2014' TAIEMG_CACHE_HH='8' TAIEMG_CACHE_MM='35' TAIEMG_CACHE_DELAY_TIME='300'/></Result>
2021/4/20 上午 09:55:47(82661098) :  >> [mem:] TP_Order_Time[300] Max_Order_Count[100] Conti_Order_Time[60] Delay_Time[500] Delay_Time1[1000] TP_EP_QUERY_TIME[20] TP_Order_Time_I[300] Max_Order_Count_I[20] Conti_Order_Time_I[60] Delay_Time_I[500] Delay_Time1_I[1000]
2021/4/20 上午 09:58:24(82817895) :  >> Server2Client_Set : <?xml version='1.0' encoding='big5'?><Result Code='0' ServerTime='2021/04/20 09:58:24'><Error Code='0' FBF='FBF' TP_Equity_Position_TIME='60' TSE_OPEN='Y' TAIEMG_OPEN='N' FUTURE_OPEN='Y' SESSION_OPEN='N' IApi='Y' eLogin_CID='Y' TP_ORDER_TIME = '300' MAX_ORDER_COUNT = '100' CONTI_ORDER_TIME = '60' DELAY_TIME = '500' DELAY_TIME1 = '1000' TP_ORDER_TIME_I = '300' MAX_ORDER_COUNT_I = '20' MSG_URL='http://e01api.fbs.com.tw/PortalTW/bulletin.htm' MSG_DELAY_TIME='10' MSG_HEIGHT='5000' MSG_WIDTH='8000' MSG_DATE='12/29/2014' TAIEMG_CACHE_HH='8' TAIEMG_CACHE_MM='35' TAIEMG_CACHE_DELAY_TIME='300'/></Result>
2021/4/20 上午 09:58:31(82825191) :  >> Server2Client_Set : <?xml version='1.0' encoding='big5'?><Result Code='0' ServerTime='2021/04/20 09:58:31'><Error Code='0' FBF='FBF' TP_Equity_Position_TIME='60' TSE_OPEN='Y' TAIEMG_OPEN='N' FUTURE_OPEN='Y' SESSION_OPEN='N' IApi='Y' eLogin_CID='Y' TP_ORDER_TIME = '300' MAX_ORDER_COUNT = '100' CONTI_ORDER_TIME = '60' DELAY_TIME = '500' DELAY_TIME1 = '1000' TP_ORDER_TIME_I = '300' MAX_ORDER_COUNT_I = '20' MSG_URL='http://e01api.fbs.com.tw/PortalTW/bulletin.htm' MSG_DELAY_TIME='10' MSG_HEIGHT='5000' MSG_WIDTH='8000' MSG_DATE='12/29/2014' TAIEMG_CACHE_HH='8' TAIEMG_CACHE_MM='35' TAIEMG_CACHE_DELAY_TIME='300'/></Result>
2021/4/20 上午 09:58:31(82825324) :  >> Server2Client_Set : <?xml version='1.0' encoding='big5'?><Result Code='0' ServerTime='2021/04/20 09:58:31'><Error Code='0' FBF='FBF' TP_Equity_Position_TIME='60' TSE_OPEN='Y' TAIEMG_OPEN='N' FUTURE_OPEN='Y' SESSION_OPEN='N' IApi='Y' eLogin_CID='Y' TP_ORDER_TIME = '300' MAX_ORDER_COUNT = '100' CONTI_ORDER_TIME = '60' DELAY_TIME = '500' DELAY_TIME1 = '1000' TP_ORDER_TIME_I = '300' MAX_ORDER_COUNT_I = '20' MSG_URL='http://e01api.fbs.com.tw/PortalTW/bulletin.htm' MSG_DELAY_TIME='10' MSG_HEIGHT='5000' MSG_WIDTH='8000' MSG_DATE='12/29/2014' TAIEMG_CACHE_HH='8' TAIEMG_CACHE_MM='35' TAIEMG_CACHE_DELAY_TIME='300'/></Result>
2021/4/20 上午 09:58:31(82825382) :  >> <?xml version='1.0' encoding='big5'?><Result Code='0' ServerTime='20210420-095831'>	
				<Data Code='0'>
					<Time>20210420-095831</Time>
				</Data>	
			</Result>
2021/4/20 上午 09:58:32(82825578) :  >> Server2Client_Set_F_ID : <?xml version='1.0' encoding='big5'?><Result Code='0' ServerTime='2021/04/20 09:58:31'><Error Code='0' FBF='FBF' TP_Equity_Position_TIME='60' TSE_OPEN='Y' TAIEMG_OPEN='N' FUTURE_OPEN='Y' SESSION_OPEN='N' IApi='Y' eLogin_CID='Y' TP_ORDER_TIME = '300' MAX_ORDER_COUNT = '100' CONTI_ORDER_TIME = '60' DELAY_TIME = '500' DELAY_TIME1 = '1000' TP_ORDER_TIME_I = '300' MAX_ORDER_COUNT_I = '20' MSG_URL='http://e01api.fbs.com.tw/PortalTW/bulletin.htm' MSG_DELAY_TIME='10' MSG_HEIGHT='5000' MSG_WIDTH='8000' MSG_DATE='12/29/2014' TAIEMG_CACHE_HH='8' TAIEMG_CACHE_MM='35' TAIEMG_CACHE_DELAY_TIME='300'/></Result>
2021/4/20 上午 09:58:32(82825773) :  >> [mem:] TP_Order_Time[300] Max_Order_Count[100] Conti_Order_Time[60] Delay_Time[500] Delay_Time1[1000] TP_EP_QUERY_TIME[20] TP_Order_Time_I[300] Max_Order_Count_I[20] Conti_Order_Time_I[60] Delay_Time_I[500] Delay_Time1_I[1000]
2021/4/20 上午 10:03:51(83144980) :  >> Server2Client_Set : <?xml version='1.0' encoding='big5'?><Result Code='0' ServerTime='2021/04/20 10:03:51'><Error Code='0' FBF='FBF' TP_Equity_Position_TIME='60' TSE_OPEN='Y' TAIEMG_OPEN='N' FUTURE_OPEN='Y' SESSION_OPEN='N' IApi='Y' eLogin_CID='Y' TP_ORDER_TIME = '300' MAX_ORDER_COUNT = '100' CONTI_ORDER_TIME = '60' DELAY_TIME = '500' DELAY_TIME1 = '1000' TP_ORDER_TIME_I = '300' MAX_ORDER_COUNT_I = '20' MSG_URL='http://e01api.fbs.com.tw/PortalTW/bulletin.htm' MSG_DELAY_TIME='10' MSG_HEIGHT='5000' MSG_WIDTH='8000' MSG_DATE='12/29/2014' TAIEMG_CACHE_HH='8' TAIEMG_CACHE_MM='35' TAIEMG_CACHE_DELAY_TIME='300'/></Result>
2021/4/20 上午 10:03:53(83147106) :  >> Server2Client_Set : <?xml version='1.0' encoding='big5'?><Result Code='0' ServerTime='2021/04/20 10:03:53'><Error Code='0' FBF='FBF' TP_Equity_Position_TIME='60' TSE_OPEN='Y' TAIEMG_OPEN='N' FUTURE_OPEN='Y' SESSION_OPEN='N' IApi='Y' eLogin_CID='Y' TP_ORDER_TIME = '300' MAX_ORDER_COUNT = '100' CONTI_ORDER_TIME = '60' DELAY_TIME = '500' DELAY_TIME1 = '1000' TP_ORDER_TIME_I = '300' MAX_ORDER_COUNT_I = '20' MSG_URL='http://e01api.fbs.com.tw/PortalTW/bulletin.htm' MSG_DELAY_TIME='10' MSG_HEIGHT='5000' MSG_WIDTH='8000' MSG_DATE='12/29/2014' TAIEMG_CACHE_HH='8' TAIEMG_CACHE_MM='35' TAIEMG_CACHE_DELAY_TIME='300'/></Result>
2021/4/20 上午 10:03:53(83147328) :  >> Server2Client_Set : <?xml version='1.0' encoding='big5'?><Result Code='0' ServerTime='2021/04/20 10:03:53'><Error Code='0' FBF='FBF' TP_Equity_Position_TIME='60' TSE_OPEN='Y' TAIEMG_OPEN='N' FUTURE_OPEN='Y' SESSION_OPEN='N' IApi='Y' eLogin_CID='Y' TP_ORDER_TIME = '300' MAX_ORDER_COUNT = '100' CONTI_ORDER_TIME = '60' DELAY_TIME = '500' DELAY_TIME1 = '1000' TP_ORDER_TIME_I = '300' MAX_ORDER_COUNT_I = '20' MSG_URL='http://e01api.fbs.com.tw/PortalTW/bulletin.htm' MSG_DELAY_TIME='10' MSG_HEIGHT='5000' MSG_WIDTH='8000' MSG_DATE='12/29/2014' TAIEMG_CACHE_HH='8' TAIEMG_CACHE_MM='35' TAIEMG_CACHE_DELAY_TIME='300'/></Result>
2021/4/20 上午 10:03:54(83147475) :  >> <?xml version='1.0' encoding='big5'?><Result Code='0' ServerTime='20210420-100353'>	
				<Data Code='0'>
					<Time>20210420-100353</Time>
				</Data>	
			</Result>
2021/4/20 上午 10:03:54(83147903) :  >> Server2Client_Set_F_ID : <?xml version='1.0' encoding='big5'?><Result Code='0' ServerTime='2021/04/20 10:03:54'><Error Code='0' FBF='FBF' TP_Equity_Position_TIME='60' TSE_OPEN='Y' TAIEMG_OPEN='N' FUTURE_OPEN='Y' SESSION_OPEN='N' IApi='Y' eLogin_CID='Y' TP_ORDER_TIME = '300' MAX_ORDER_COUNT = '100' CONTI_ORDER_TIME = '60' DELAY_TIME = '500' DELAY_TIME1 = '1000' TP_ORDER_TIME_I = '300' MAX_ORDER_COUNT_I = '20' MSG_URL='http://e01api.fbs.com.tw/PortalTW/bulletin.htm' MSG_DELAY_TIME='10' MSG_HEIGHT='5000' MSG_WIDTH='8000' MSG_DATE='12/29/2014' TAIEMG_CACHE_HH='8' TAIEMG_CACHE_MM='35' TAIEMG_CACHE_DELAY_TIME='300'/></Result>
2021/4/20 上午 10:03:54(83148196) :  >> [mem:] TP_Order_Time[300] Max_Order_Count[100] Conti_Order_Time[60] Delay_Time[500] Delay_Time1[1000] TP_EP_QUERY_TIME[20] TP_Order_Time_I[300] Max_Order_Count_I[20] Conti_Order_Time_I[60] Delay_Time_I[500] Delay_Time1_I[1000]
2021/4/20 上午 10:08:04(83398295) :  >> Server2Client_Set : <?xml version='1.0' encoding='big5'?><Result Code='0' ServerTime='2021/04/20 10:08:04'><Error Code='0' FBF='FBF' TP_Equity_Position_TIME='60' TSE_OPEN='Y' TAIEMG_OPEN='N' FUTURE_OPEN='Y' SESSION_OPEN='N' IApi='Y' eLogin_CID='Y' TP_ORDER_TIME = '300' MAX_ORDER_COUNT = '100' CONTI_ORDER_TIME = '60' DELAY_TIME = '500' DELAY_TIME1 = '1000' TP_ORDER_TIME_I = '300' MAX_ORDER_COUNT_I = '20' MSG_URL='http://e01api.fbs.com.tw/PortalTW/bulletin.htm' MSG_DELAY_TIME='10' MSG_HEIGHT='5000' MSG_WIDTH='8000' MSG_DATE='12/29/2014' TAIEMG_CACHE_HH='8' TAIEMG_CACHE_MM='35' TAIEMG_CACHE_DELAY_TIME='300'/></Result>
2021/4/20 上午 10:08:09(83403333) :  >> Server2Client_Set : <?xml version='1.0' encoding='big5'?><Result Code='0' ServerTime='2021/04/20 10:08:09'><Error Code='0' FBF='FBF' TP_Equity_Position_TIME='60' TSE_OPEN='Y' TAIEMG_OPEN='N' FUTURE_OPEN='Y' SESSION_OPEN='N' IApi='Y' eLogin_CID='Y' TP_ORDER_TIME = '300' MAX_ORDER_COUNT = '100' CONTI_ORDER_TIME = '60' DELAY_TIME = '500' DELAY_TIME1 = '1000' TP_ORDER_TIME_I = '300' MAX_ORDER_COUNT_I = '20' MSG_URL='http://e01api.fbs.com.tw/PortalTW/bulletin.htm' MSG_DELAY_TIME='10' MSG_HEIGHT='5000' MSG_WIDTH='8000' MSG_DATE='12/29/2014' TAIEMG_CACHE_HH='8' TAIEMG_CACHE_MM='35' TAIEMG_CACHE_DELAY_TIME='300'/></Result>
2021/4/20 上午 10:08:09(83403357) :  >> Server2Client_Set : <?xml version='1.0' encoding='big5'?><Result Code='0' ServerTime='2021/04/20 10:08:09'><Error Code='0' FBF='FBF' TP_Equity_Position_TIME='60' TSE_OPEN='Y' TAIEMG_OPEN='N' FUTURE_OPEN='Y' SESSION_OPEN='N' IApi='Y' eLogin_CID='Y' TP_ORDER_TIME = '300' MAX_ORDER_COUNT = '100' CONTI_ORDER_TIME = '60' DELAY_TIME = '500' DELAY_TIME1 = '1000' TP_ORDER_TIME_I = '300' MAX_ORDER_COUNT_I = '20' MSG_URL='http://e01api.fbs.com.tw/PortalTW/bulletin.htm' MSG_DELAY_TIME='10' MSG_HEIGHT='5000' MSG_WIDTH='8000' MSG_DATE='12/29/2014' TAIEMG_CACHE_HH='8' TAIEMG_CACHE_MM='35' TAIEMG_CACHE_DELAY_TIME='300'/></Result>
2021/4/20 上午 10:08:09(83403388) :  >> <?xml version='1.0' encoding='big5'?><Result Code='0' ServerTime='20210420-100809'>	
				<Data Code='0'>
					<Time>20210420-100809</Time>
				</Data>	
			</Result>
2021/4/20 上午 10:08:10(83403528) :  >> Server2Client_Set_F_ID : <?xml version='1.0' encoding='big5'?><Result Code='0' ServerTime='2021/04/20 10:08:09'><Error Code='0' FBF='FBF' TP_Equity_Position_TIME='60' TSE_OPEN='Y' TAIEMG_OPEN='N' FUTURE_OPEN='Y' SESSION_OPEN='N' IApi='Y' eLogin_CID='Y' TP_ORDER_TIME = '300' MAX_ORDER_COUNT = '100' CONTI_ORDER_TIME = '60' DELAY_TIME = '500' DELAY_TIME1 = '1000' TP_ORDER_TIME_I = '300' MAX_ORDER_COUNT_I = '20' MSG_URL='http://e01api.fbs.com.tw/PortalTW/bulletin.htm' MSG_DELAY_TIME='10' MSG_HEIGHT='5000' MSG_WIDTH='8000' MSG_DATE='12/29/2014' TAIEMG_CACHE_HH='8' TAIEMG_CACHE_MM='35' TAIEMG_CACHE_DELAY_TIME='300'/></Result>
2021/4/20 上午 10:08:10(83403817) :  >> [mem:] TP_Order_Time[300] Max_Order_Count[100] Conti_Order_Time[60] Delay_Time[500] Delay_Time1[1000] TP_EP_QUERY_TIME[20] TP_Order_Time_I[300] Max_Order_Count_I[20] Conti_Order_Time_I[60] Delay_Time_I[500] Delay_Time1_I[1000]
2021/4/20 下午 01:53:27(96921508) :  >> Server2Client_Set : <?xml version='1.0' encoding='big5'?><Result Code='0' ServerTime='2021/04/20 13:53:27'><Error Code='0' FBF='FBF' TP_Equity_Position_TIME='60' TSE_OPEN='Y' TAIEMG_OPEN='N' FUTURE_OPEN='Y' SESSION_OPEN='N' IApi='Y' eLogin_CID='Y' TP_ORDER_TIME = '300' MAX_ORDER_COUNT = '100' CONTI_ORDER_TIME = '60' DELAY_TIME = '500' DELAY_TIME1 = '1000' TP_ORDER_TIME_I = '300' MAX_ORDER_COUNT_I = '20' MSG_URL='http://e01api.fbs.com.tw/PortalTW/bulletin.htm' MSG_DELAY_TIME='10' MSG_HEIGHT='5000' MSG_WIDTH='8000' MSG_DATE='12/29/2014' TAIEMG_CACHE_HH='8' TAIEMG_CACHE_MM='35' TAIEMG_CACHE_DELAY_TIME='300'/></Result>
2021/4/20 下午 01:54:35(96989746) :  >> Server2Client_Set : <?xml version='1.0' encoding='big5'?><Result Code='0' ServerTime='2021/04/20 13:54:35'><Error Code='0' FBF='FBF' TP_Equity_Position_TIME='60' TSE_OPEN='Y' TAIEMG_OPEN='N' FUTURE_OPEN='Y' SESSION_OPEN='N' IApi='Y' eLogin_CID='Y' TP_ORDER_TIME = '300' MAX_ORDER_COUNT = '100' CONTI_ORDER_TIME = '60' DELAY_TIME = '500' DELAY_TIME1 = '1000' TP_ORDER_TIME_I = '300' MAX_ORDER_COUNT_I = '20' MSG_URL='http://e01api.fbs.com.tw/PortalTW/bulletin.htm' MSG_DELAY_TIME='10' MSG_HEIGHT='5000' MSG_WIDTH='8000' MSG_DATE='12/29/2014' TAIEMG_CACHE_HH='8' TAIEMG_CACHE_MM='35' TAIEMG_CACHE_DELAY_TIME='300'/></Result>
2021/4/20 下午 01:54:35(96989798) :  >> <?xml version='1.0' encoding='big5'?><Result Code='0' ServerTime='20210420-135435'>	
				<Data Code='0'>
					<Time>20210420-135435</Time>
				</Data>	
			</Result>
2021/4/20 下午 01:54:36(96990360) :  >> Server2Client_Set_F_ID : <?xml version='1.0' encoding='big5'?><Result Code='0' ServerTime='2021/04/20 13:54:36'><Error Code='0' FBF='FBF' TP_Equity_Position_TIME='60' TSE_OPEN='Y' TAIEMG_OPEN='N' FUTURE_OPEN='Y' SESSION_OPEN='N' IApi='Y' eLogin_CID='Y' TP_ORDER_TIME = '300' MAX_ORDER_COUNT = '100' CONTI_ORDER_TIME = '60' DELAY_TIME = '500' DELAY_TIME1 = '1000' TP_ORDER_TIME_I = '300' MAX_ORDER_COUNT_I = '20' MSG_URL='http://e01api.fbs.com.tw/PortalTW/bulletin.htm' MSG_DELAY_TIME='10' MSG_HEIGHT='5000' MSG_WIDTH='8000' MSG_DATE='12/29/2014' TAIEMG_CACHE_HH='8' TAIEMG_CACHE_MM='35' TAIEMG_CACHE_DELAY_TIME='300'/></Result>
2021/4/20 下午 01:54:48(97002258) :  >> [mem:] TP_Order_Time[300] Max_Order_Count[100] Conti_Order_Time[60] Delay_Time[500] Delay_Time1[1000] TP_EP_QUERY_TIME[20] TP_Order_Time_I[300] Max_Order_Count_I[20] Conti_Order_Time_I[60] Delay_Time_I[500] Delay_Time1_I[1000]
2021/4/20 下午 02:37:45(99579548) :  >> Server2Client_Set : <?xml version='1.0' encoding='big5'?><Result Code='0' ServerTime='2021/04/20 14:37:45'><Error Code='0' FBF='FBF' TP_Equity_Position_TIME='60' TSE_OPEN='Y' TAIEMG_OPEN='N' FUTURE_OPEN='Y' SESSION_OPEN='N' IApi='Y' eLogin_CID='Y' TP_ORDER_TIME = '300' MAX_ORDER_COUNT = '100' CONTI_ORDER_TIME = '60' DELAY_TIME = '500' DELAY_TIME1 = '1000' TP_ORDER_TIME_I = '300' MAX_ORDER_COUNT_I = '20' MSG_URL='http://e01api.fbs.com.tw/PortalTW/bulletin.htm' MSG_DELAY_TIME='10' MSG_HEIGHT='5000' MSG_WIDTH='8000' MSG_DATE='12/29/2014' TAIEMG_CACHE_HH='8' TAIEMG_CACHE_MM='35' TAIEMG_CACHE_DELAY_TIME='300'/></Result>
2021/4/20 下午 02:38:00(99593904) :  >> Server2Client_Set : <?xml version='1.0' encoding='big5'?><Result Code='0' ServerTime='2021/04/20 14:37:59'><Error Code='0' FBF='FBF' TP_Equity_Position_TIME='60' TSE_OPEN='Y' TAIEMG_OPEN='N' FUTURE_OPEN='Y' SESSION_OPEN='N' IApi='Y' eLogin_CID='Y' TP_ORDER_TIME = '300' MAX_ORDER_COUNT = '100' CONTI_ORDER_TIME = '60' DELAY_TIME = '500' DELAY_TIME1 = '1000' TP_ORDER_TIME_I = '300' MAX_ORDER_COUNT_I = '20' MSG_URL='http://e01api.fbs.com.tw/PortalTW/bulletin.htm' MSG_DELAY_TIME='10' MSG_HEIGHT='5000' MSG_WIDTH='8000' MSG_DATE='12/29/2014' TAIEMG_CACHE_HH='8' TAIEMG_CACHE_MM='35' TAIEMG_CACHE_DELAY_TIME='300'/></Result>
2021/4/20 下午 02:38:00(99593933) :  >> Server2Client_Set : <?xml version='1.0' encoding='big5'?><Result Code='0' ServerTime='2021/04/20 14:37:59'><Error Code='0' FBF='FBF' TP_Equity_Position_TIME='60' TSE_OPEN='Y' TAIEMG_OPEN='N' FUTURE_OPEN='Y' SESSION_OPEN='N' IApi='Y' eLogin_CID='Y' TP_ORDER_TIME = '300' MAX_ORDER_COUNT = '100' CONTI_ORDER_TIME = '60' DELAY_TIME = '500' DELAY_TIME1 = '1000' TP_ORDER_TIME_I = '300' MAX_ORDER_COUNT_I = '20' MSG_URL='http://e01api.fbs.com.tw/PortalTW/bulletin.htm' MSG_DELAY_TIME='10' MSG_HEIGHT='5000' MSG_WIDTH='8000' MSG_DATE='12/29/2014' TAIEMG_CACHE_HH='8' TAIEMG_CACHE_MM='35' TAIEMG_CACHE_DELAY_TIME='300'/></Result>
2021/4/20 下午 02:38:00(99594007) :  >> <?xml version='1.0' encoding='big5'?><Result Code='0' ServerTime='20210420-143759'>	
				<Data Code='0'>
					<Time>20210420-143759</Time>
				</Data>	
			</Result>
2021/4/20 下午 02:38:00(99594119) :  >> Server2Client_Set_F_ID : <?xml version='1.0' encoding='big5'?><Result Code='0' ServerTime='2021/04/20 14:38:00'><Error Code='0' FBF='FBF' TP_Equity_Position_TIME='60' TSE_OPEN='Y' TAIEMG_OPEN='N' FUTURE_OPEN='Y' SESSION_OPEN='N' IApi='Y' eLogin_CID='Y' TP_ORDER_TIME = '300' MAX_ORDER_COUNT = '100' CONTI_ORDER_TIME = '60' DELAY_TIME = '500' DELAY_TIME1 = '1000' TP_ORDER_TIME_I = '300' MAX_ORDER_COUNT_I = '20' MSG_URL='http://e01api.fbs.com.tw/PortalTW/bulletin.htm' MSG_DELAY_TIME='10' MSG_HEIGHT='5000' MSG_WIDTH='8000' MSG_DATE='12/29/2014' TAIEMG_CACHE_HH='8' TAIEMG_CACHE_MM='35' TAIEMG_CACHE_DELAY_TIME='300'/></Result>
2021/4/20 下午 02:38:00(99594227) :  >> [mem:] TP_Order_Time[300] Max_Order_Count[100] Conti_Order_Time[60] Delay_Time[500] Delay_Time1[1000] TP_EP_QUERY_TIME[20] TP_Order_Time_I[300] Max_Order_Count_I[20] Conti_Order_Time_I[60] Delay_Time_I[500] Delay_Time1_I[1000]
2021/4/20 下午 04:14:49(105403524) :  >> Server2Client_Set : <?xml version='1.0' encoding='big5'?><Result Code='0' ServerTime='2021/04/20 16:14:49'><Error Code='0' FBF='FBF' TP_Equity_Position_TIME='60' TSE_OPEN='Y' TAIEMG_OPEN='N' FUTURE_OPEN='Y' SESSION_OPEN='N' IApi='Y' eLogin_CID='Y' TP_ORDER_TIME = '300' MAX_ORDER_COUNT = '100' CONTI_ORDER_TIME = '60' DELAY_TIME = '500' DELAY_TIME1 = '1000' TP_ORDER_TIME_I = '300' MAX_ORDER_COUNT_I = '20' MSG_URL='http://e01api.fbs.com.tw/PortalTW/bulletin.htm' MSG_DELAY_TIME='10' MSG_HEIGHT='5000' MSG_WIDTH='8000' MSG_DATE='12/29/2014' TAIEMG_CACHE_HH='8' TAIEMG_CACHE_MM='35' TAIEMG_CACHE_DELAY_TIME='300'/></Result>
2021/4/20 下午 04:15:00(105414777) :  >> Server2Client_Set : <?xml version='1.0' encoding='big5'?><Result Code='0' ServerTime='2021/04/20 16:15:00'><Error Code='0' FBF='FBF' TP_Equity_Position_TIME='60' TSE_OPEN='Y' TAIEMG_OPEN='N' FUTURE_OPEN='Y' SESSION_OPEN='N' IApi='Y' eLogin_CID='Y' TP_ORDER_TIME = '300' MAX_ORDER_COUNT = '100' CONTI_ORDER_TIME = '60' DELAY_TIME = '500' DELAY_TIME1 = '1000' TP_ORDER_TIME_I = '300' MAX_ORDER_COUNT_I = '20' MSG_URL='http://e01api.fbs.com.tw/PortalTW/bulletin.htm' MSG_DELAY_TIME='10' MSG_HEIGHT='5000' MSG_WIDTH='8000' MSG_DATE='12/29/2014' TAIEMG_CACHE_HH='8' TAIEMG_CACHE_MM='35' TAIEMG_CACHE_DELAY_TIME='300'/></Result>
2021/4/20 下午 04:15:00(105414825) :  >> <?xml version='1.0' encoding='big5'?><Result Code='0' ServerTime='20210420-161500'>	
				<Data Code='0'>
					<Time>20210420-161500</Time>
				</Data>	
			</Result>
2021/4/20 下午 04:15:00(105414964) :  >> Server2Client_Set_F_ID : <?xml version='1.0' encoding='big5'?><Result Code='0' ServerTime='2021/04/20 16:15:00'><Error Code='0' FBF='FBF' TP_Equity_Position_TIME='60' TSE_OPEN='Y' TAIEMG_OPEN='N' FUTURE_OPEN='Y' SESSION_OPEN='N' IApi='Y' eLogin_CID='Y' TP_ORDER_TIME = '300' MAX_ORDER_COUNT = '100' CONTI_ORDER_TIME = '60' DELAY_TIME = '500' DELAY_TIME1 = '1000' TP_ORDER_TIME_I = '300' MAX_ORDER_COUNT_I = '20' MSG_URL='http://e01api.fbs.com.tw/PortalTW/bulletin.htm' MSG_DELAY_TIME='10' MSG_HEIGHT='5000' MSG_WIDTH='8000' MSG_DATE='12/29/2014' TAIEMG_CACHE_HH='8' TAIEMG_CACHE_MM='35' TAIEMG_CACHE_DELAY_TIME='300'/></Result>
2021/4/20 下午 04:15:01(105415254) :  >> [mem:] TP_Order_Time[300] Max_Order_Count[100] Conti_Order_Time[60] Delay_Time[500] Delay_Time1[1000] TP_EP_QUERY_TIME[20] TP_Order_Time_I[300] Max_Order_Count_I[20] Conti_Order_Time_I[60] Delay_Time_I[500] Delay_Time1_I[1000]
2021/4/20 下午 04:22:43(105877761) :  >> Server2Client_Set : <?xml version='1.0' encoding='big5'?><Result Code='0' ServerTime='2021/04/20 16:22:43'><Error Code='0' FBF='FBF' TP_Equity_Position_TIME='60' TSE_OPEN='Y' TAIEMG_OPEN='N' FUTURE_OPEN='Y' SESSION_OPEN='N' IApi='Y' eLogin_CID='Y' TP_ORDER_TIME = '300' MAX_ORDER_COUNT = '100' CONTI_ORDER_TIME = '60' DELAY_TIME = '500' DELAY_TIME1 = '1000' TP_ORDER_TIME_I = '300' MAX_ORDER_COUNT_I = '20' MSG_URL='http://e01api.fbs.com.tw/PortalTW/bulletin.htm' MSG_DELAY_TIME='10' MSG_HEIGHT='5000' MSG_WIDTH='8000' MSG_DATE='12/29/2014' TAIEMG_CACHE_HH='8' TAIEMG_CACHE_MM='35' TAIEMG_CACHE_DELAY_TIME='300'/></Result>
2021/4/20 下午 04:23:07(105901193) :  >> Server2Client_Set : <?xml version='1.0' encoding='big5'?><Result Code='0' ServerTime='2021/04/20 16:23:06'><Error Code='0' FBF='FBF' TP_Equity_Position_TIME='60' TSE_OPEN='Y' TAIEMG_OPEN='N' FUTURE_OPEN='Y' SESSION_OPEN='N' IApi='Y' eLogin_CID='Y' TP_ORDER_TIME = '300' MAX_ORDER_COUNT = '100' CONTI_ORDER_TIME = '60' DELAY_TIME = '500' DELAY_TIME1 = '1000' TP_ORDER_TIME_I = '300' MAX_ORDER_COUNT_I = '20' MSG_URL='http://e01api.fbs.com.tw/PortalTW/bulletin.htm' MSG_DELAY_TIME='10' MSG_HEIGHT='5000' MSG_WIDTH='8000' MSG_DATE='12/29/2014' TAIEMG_CACHE_HH='8' TAIEMG_CACHE_MM='35' TAIEMG_CACHE_DELAY_TIME='300'/></Result>
2021/4/20 下午 04:23:07(105901291) :  >> Server2Client_Set : <?xml version='1.0' encoding='big5'?><Result Code='0' ServerTime='2021/04/20 16:23:06'><Error Code='0' FBF='FBF' TP_Equity_Position_TIME='60' TSE_OPEN='Y' TAIEMG_OPEN='N' FUTURE_OPEN='Y' SESSION_OPEN='N' IApi='Y' eLogin_CID='Y' TP_ORDER_TIME = '300' MAX_ORDER_COUNT = '100' CONTI_ORDER_TIME = '60' DELAY_TIME = '500' DELAY_TIME1 = '1000' TP_ORDER_TIME_I = '300' MAX_ORDER_COUNT_I = '20' MSG_URL='http://e01api.fbs.com.tw/PortalTW/bulletin.htm' MSG_DELAY_TIME='10' MSG_HEIGHT='5000' MSG_WIDTH='8000' MSG_DATE='12/29/2014' TAIEMG_CACHE_HH='8' TAIEMG_CACHE_MM='35' TAIEMG_CACHE_DELAY_TIME='300'/></Result>
2021/4/20 下午 04:23:07(105901326) :  >> <?xml version='1.0' encoding='big5'?><Result Code='0' ServerTime='20210420-162307'>	
				<Data Code='0'>
					<Time>20210420-162307</Time>
				</Data>	
			</Result>
2021/4/20 下午 04:23:07(105901429) :  >> Server2Client_Set_F_ID : <?xml version='1.0' encoding='big5'?><Result Code='0' ServerTime='2021/04/20 16:23:07'><Error Code='0' FBF='FBF' TP_Equity_Position_TIME='60' TSE_OPEN='Y' TAIEMG_OPEN='N' FUTURE_OPEN='Y' SESSION_OPEN='N' IApi='Y' eLogin_CID='Y' TP_ORDER_TIME = '300' MAX_ORDER_COUNT = '100' CONTI_ORDER_TIME = '60' DELAY_TIME = '500' DELAY_TIME1 = '1000' TP_ORDER_TIME_I = '300' MAX_ORDER_COUNT_I = '20' MSG_URL='http://e01api.fbs.com.tw/PortalTW/bulletin.htm' MSG_DELAY_TIME='10' MSG_HEIGHT='5000' MSG_WIDTH='8000' MSG_DATE='12/29/2014' TAIEMG_CACHE_HH='8' TAIEMG_CACHE_MM='35' TAIEMG_CACHE_DELAY_TIME='300'/></Result>
2021/4/20 下午 04:23:07(105901926) :  >> [mem:] TP_Order_Time[300] Max_Order_Count[100] Conti_Order_Time[60] Delay_Time[500] Delay_Time1[1000] TP_EP_QUERY_TIME[20] TP_Order_Time_I[300] Max_Order_Count_I[20] Conti_Order_Time_I[60] Delay_Time_I[500] Delay_Time1_I[1000]
2021/4/20 下午 04:24:35(105989619) :  >> Server2Client_Set : <?xml version='1.0' encoding='big5'?><Result Code='0' ServerTime='2021/04/20 16:24:35'><Error Code='0' FBF='FBF' TP_Equity_Position_TIME='60' TSE_OPEN='Y' TAIEMG_OPEN='N' FUTURE_OPEN='Y' SESSION_OPEN='N' IApi='Y' eLogin_CID='Y' TP_ORDER_TIME = '300' MAX_ORDER_COUNT = '100' CONTI_ORDER_TIME = '60' DELAY_TIME = '500' DELAY_TIME1 = '1000' TP_ORDER_TIME_I = '300' MAX_ORDER_COUNT_I = '20' MSG_URL='http://e01api.fbs.com.tw/PortalTW/bulletin.htm' MSG_DELAY_TIME='10' MSG_HEIGHT='5000' MSG_WIDTH='8000' MSG_DATE='12/29/2014' TAIEMG_CACHE_HH='8' TAIEMG_CACHE_MM='35' TAIEMG_CACHE_DELAY_TIME='300'/></Result>
2021/4/20 下午 04:24:35(105989718) :  >> Server2Client_Set : <?xml version='1.0' encoding='big5'?><Result Code='0' ServerTime='2021/04/20 16:24:35'><Error Code='0' FBF='FBF' TP_Equity_Position_TIME='60' TSE_OPEN='Y' TAIEMG_OPEN='N' FUTURE_OPEN='Y' SESSION_OPEN='N' IApi='Y' eLogin_CID='Y' TP_ORDER_TIME = '300' MAX_ORDER_COUNT = '100' CONTI_ORDER_TIME = '60' DELAY_TIME = '500' DELAY_TIME1 = '1000' TP_ORDER_TIME_I = '300' MAX_ORDER_COUNT_I = '20' MSG_URL='http://e01api.fbs.com.tw/PortalTW/bulletin.htm' MSG_DELAY_TIME='10' MSG_HEIGHT='5000' MSG_WIDTH='8000' MSG_DATE='12/29/2014' TAIEMG_CACHE_HH='8' TAIEMG_CACHE_MM='35' TAIEMG_CACHE_DELAY_TIME='300'/></Result>
2021/4/20 下午 04:24:35(105989800) :  >> <?xml version='1.0' encoding='big5'?><Result Code='0' ServerTime='20210420-162435'>	
				<Data Code='0'>
					<Time>20210420-162435</Time>
				</Data>	
			</Result>
2021/4/20 下午 04:24:36(105990113) :  >> Server2Client_Set_F_ID : <?xml version='1.0' encoding='big5'?><Result Code='0' ServerTime='2021/04/20 16:24:35'><Error Code='0' FBF='FBF' TP_Equity_Position_TIME='60' TSE_OPEN='Y' TAIEMG_OPEN='N' FUTURE_OPEN='Y' SESSION_OPEN='N' IApi='Y' eLogin_CID='Y' TP_ORDER_TIME = '300' MAX_ORDER_COUNT = '100' CONTI_ORDER_TIME = '60' DELAY_TIME = '500' DELAY_TIME1 = '1000' TP_ORDER_TIME_I = '300' MAX_ORDER_COUNT_I = '20' MSG_URL='http://e01api.fbs.com.tw/PortalTW/bulletin.htm' MSG_DELAY_TIME='10' MSG_HEIGHT='5000' MSG_WIDTH='8000' MSG_DATE='12/29/2014' TAIEMG_CACHE_HH='8' TAIEMG_CACHE_MM='35' TAIEMG_CACHE_DELAY_TIME='300'/></Result>
2021/4/20 下午 04:24:37(105991643) :  >> [mem:] TP_Order_Time[300] Max_Order_Count[100] Conti_Order_Time[60] Delay_Time[500] Delay_Time1[1000] TP_EP_QUERY_TIME[20] TP_Order_Time_I[300] Max_Order_Count_I[20] Conti_Order_Time_I[60] Delay_Time_I[500] Delay_Time1_I[1000]
2021/4/20 下午 04:26:21(106095314) :  >> Server2Client_Set : <?xml version='1.0' encoding='big5'?><Result Code='0' ServerTime='2021/04/20 16:26:20'><Error Code='0' FBF='FBF' TP_Equity_Position_TIME='60' TSE_OPEN='Y' TAIEMG_OPEN='N' FUTURE_OPEN='Y' SESSION_OPEN='N' IApi='Y' eLogin_CID='Y' TP_ORDER_TIME = '300' MAX_ORDER_COUNT = '100' CONTI_ORDER_TIME = '60' DELAY_TIME = '500' DELAY_TIME1 = '1000' TP_ORDER_TIME_I = '300' MAX_ORDER_COUNT_I = '20' MSG_URL='http://e01api.fbs.com.tw/PortalTW/bulletin.htm' MSG_DELAY_TIME='10' MSG_HEIGHT='5000' MSG_WIDTH='8000' MSG_DATE='12/29/2014' TAIEMG_CACHE_HH='8' TAIEMG_CACHE_MM='35' TAIEMG_CACHE_DELAY_TIME='300'/></Result>
2021/4/20 下午 04:26:28(106103011) :  >> Server2Client_Set : <?xml version='1.0' encoding='big5'?><Result Code='0' ServerTime='2021/04/20 16:26:28'><Error Code='0' FBF='FBF' TP_Equity_Position_TIME='60' TSE_OPEN='Y' TAIEMG_OPEN='N' FUTURE_OPEN='Y' SESSION_OPEN='N' IApi='Y' eLogin_CID='Y' TP_ORDER_TIME = '300' MAX_ORDER_COUNT = '100' CONTI_ORDER_TIME = '60' DELAY_TIME = '500' DELAY_TIME1 = '1000' TP_ORDER_TIME_I = '300' MAX_ORDER_COUNT_I = '20' MSG_URL='http://e01api.fbs.com.tw/PortalTW/bulletin.htm' MSG_DELAY_TIME='10' MSG_HEIGHT='5000' MSG_WIDTH='8000' MSG_DATE='12/29/2014' TAIEMG_CACHE_HH='8' TAIEMG_CACHE_MM='35' TAIEMG_CACHE_DELAY_TIME='300'/></Result>
2021/4/20 下午 04:26:28(106103068) :  >> <?xml version='1.0' encoding='big5'?><Result Code='0' ServerTime='20210420-162628'>	
				<Data Code='0'>
					<Time>20210420-162628</Time>
				</Data>	
			</Result>
2021/4/20 下午 04:26:29(106103203) :  >> Server2Client_Set_F_ID : <?xml version='1.0' encoding='big5'?><Result Code='0' ServerTime='2021/04/20 16:26:28'><Error Code='0' FBF='FBF' TP_Equity_Position_TIME='60' TSE_OPEN='Y' TAIEMG_OPEN='N' FUTURE_OPEN='Y' SESSION_OPEN='N' IApi='Y' eLogin_CID='Y' TP_ORDER_TIME = '300' MAX_ORDER_COUNT = '100' CONTI_ORDER_TIME = '60' DELAY_TIME = '500' DELAY_TIME1 = '1000' TP_ORDER_TIME_I = '300' MAX_ORDER_COUNT_I = '20' MSG_URL='http://e01api.fbs.com.tw/PortalTW/bulletin.htm' MSG_DELAY_TIME='10' MSG_HEIGHT='5000' MSG_WIDTH='8000' MSG_DATE='12/29/2014' TAIEMG_CACHE_HH='8' TAIEMG_CACHE_MM='35' TAIEMG_CACHE_DELAY_TIME='300'/></Result>
2021/4/20 下午 04:26:29(106103523) :  >> [mem:] TP_Order_Time[300] Max_Order_Count[100] Conti_Order_Time[60] Delay_Time[500] Delay_Time1[1000] TP_EP_QUERY_TIME[20] TP_Order_Time_I[300] Max_Order_Count_I[20] Conti_Order_Time_I[60] Delay_Time_I[500] Delay_Time1_I[1000]
2021/4/20 下午 04:28:34(106228890) :  >> Server2Client_Set : <?xml version='1.0' encoding='big5'?><Result Code='0' ServerTime='2021/04/20 16:28:34'><Error Code='0' FBF='FBF' TP_Equity_Position_TIME='60' TSE_OPEN='Y' TAIEMG_OPEN='N' FUTURE_OPEN='Y' SESSION_OPEN='N' IApi='Y' eLogin_CID='Y' TP_ORDER_TIME = '300' MAX_ORDER_COUNT = '100' CONTI_ORDER_TIME = '60' DELAY_TIME = '500' DELAY_TIME1 = '1000' TP_ORDER_TIME_I = '300' MAX_ORDER_COUNT_I = '20' MSG_URL='http://e01api.fbs.com.tw/PortalTW/bulletin.htm' MSG_DELAY_TIME='10' MSG_HEIGHT='5000' MSG_WIDTH='8000' MSG_DATE='12/29/2014' TAIEMG_CACHE_HH='8' TAIEMG_CACHE_MM='35' TAIEMG_CACHE_DELAY_TIME='300'/></Result>
2021/4/20 下午 04:28:34(106229004) :  >> Server2Client_Set : <?xml version='1.0' encoding='big5'?><Result Code='0' ServerTime='2021/04/20 16:28:34'><Error Code='0' FBF='FBF' TP_Equity_Position_TIME='60' TSE_OPEN='Y' TAIEMG_OPEN='N' FUTURE_OPEN='Y' SESSION_OPEN='N' IApi='Y' eLogin_CID='Y' TP_ORDER_TIME = '300' MAX_ORDER_COUNT = '100' CONTI_ORDER_TIME = '60' DELAY_TIME = '500' DELAY_TIME1 = '1000' TP_ORDER_TIME_I = '300' MAX_ORDER_COUNT_I = '20' MSG_URL='http://e01api.fbs.com.tw/PortalTW/bulletin.htm' MSG_DELAY_TIME='10' MSG_HEIGHT='5000' MSG_WIDTH='8000' MSG_DATE='12/29/2014' TAIEMG_CACHE_HH='8' TAIEMG_CACHE_MM='35' TAIEMG_CACHE_DELAY_TIME='300'/></Result>
2021/4/20 下午 04:28:34(106229054) :  >> <?xml version='1.0' encoding='big5'?><Result Code='0' ServerTime='20210420-162834'>	
				<Data Code='0'>
					<Time>20210420-162834</Time>
				</Data>	
			</Result>
2021/4/20 下午 04:28:35(106229248) :  >> Server2Client_Set_F_ID : <?xml version='1.0' encoding='big5'?><Result Code='0' ServerTime='2021/04/20 16:28:34'><Error Code='0' FBF='FBF' TP_Equity_Position_TIME='60' TSE_OPEN='Y' TAIEMG_OPEN='N' FUTURE_OPEN='Y' SESSION_OPEN='N' IApi='Y' eLogin_CID='Y' TP_ORDER_TIME = '300' MAX_ORDER_COUNT = '100' CONTI_ORDER_TIME = '60' DELAY_TIME = '500' DELAY_TIME1 = '1000' TP_ORDER_TIME_I = '300' MAX_ORDER_COUNT_I = '20' MSG_URL='http://e01api.fbs.com.tw/PortalTW/bulletin.htm' MSG_DELAY_TIME='10' MSG_HEIGHT='5000' MSG_WIDTH='8000' MSG_DATE='12/29/2014' TAIEMG_CACHE_HH='8' TAIEMG_CACHE_MM='35' TAIEMG_CACHE_DELAY_TIME='300'/></Result>
2021/4/20 下午 04:28:52(106246907) :  >> [mem:] TP_Order_Time[300] Max_Order_Count[100] Conti_Order_Time[60] Delay_Time[500] Delay_Time1[1000] TP_EP_QUERY_TIME[20] TP_Order_Time_I[300] Max_Order_Count_I[20] Conti_Order_Time_I[60] Delay_Time_I[500] Delay_Time1_I[1000]
2021/4/20 下午 04:31:34(106409078) :  >> Server2Client_Set : <?xml version='1.0' encoding='big5'?><Result Code='0' ServerTime='2021/04/20 16:31:34'><Error Code='0' FBF='FBF' TP_Equity_Position_TIME='60' TSE_OPEN='Y' TAIEMG_OPEN='N' FUTURE_OPEN='Y' SESSION_OPEN='N' IApi='Y' eLogin_CID='Y' TP_ORDER_TIME = '300' MAX_ORDER_COUNT = '100' CONTI_ORDER_TIME = '60' DELAY_TIME = '500' DELAY_TIME1 = '1000' TP_ORDER_TIME_I = '300' MAX_ORDER_COUNT_I = '20' MSG_URL='http://e01api.fbs.com.tw/PortalTW/bulletin.htm' MSG_DELAY_TIME='10' MSG_HEIGHT='5000' MSG_WIDTH='8000' MSG_DATE='12/29/2014' TAIEMG_CACHE_HH='8' TAIEMG_CACHE_MM='35' TAIEMG_CACHE_DELAY_TIME='300'/></Result>
2021/4/20 下午 04:31:35(106409187) :  >> Server2Client_Set : <?xml version='1.0' encoding='big5'?><Result Code='0' ServerTime='2021/04/20 16:31:34'><Error Code='0' FBF='FBF' TP_Equity_Position_TIME='60' TSE_OPEN='Y' TAIEMG_OPEN='N' FUTURE_OPEN='Y' SESSION_OPEN='N' IApi='Y' eLogin_CID='Y' TP_ORDER_TIME = '300' MAX_ORDER_COUNT = '100' CONTI_ORDER_TIME = '60' DELAY_TIME = '500' DELAY_TIME1 = '1000' TP_ORDER_TIME_I = '300' MAX_ORDER_COUNT_I = '20' MSG_URL='http://e01api.fbs.com.tw/PortalTW/bulletin.htm' MSG_DELAY_TIME='10' MSG_HEIGHT='5000' MSG_WIDTH='8000' MSG_DATE='12/29/2014' TAIEMG_CACHE_HH='8' TAIEMG_CACHE_MM='35' TAIEMG_CACHE_DELAY_TIME='300'/></Result>
2021/4/20 下午 04:31:35(106409412) :  >> <?xml version='1.0' encoding='big5'?><Result Code='0' ServerTime='20210420-163134'>	
				<Data Code='0'>
					<Time>20210420-163134</Time>
				</Data>	
			</Result>
2021/4/20 下午 04:31:36(106410801) :  >> Server2Client_Set_F_ID : <?xml version='1.0' encoding='big5'?><Result Code='0' ServerTime='2021/04/20 16:31:36'><Error Code='0' FBF='FBF' TP_Equity_Position_TIME='60' TSE_OPEN='Y' TAIEMG_OPEN='N' FUTURE_OPEN='Y' SESSION_OPEN='N' IApi='Y' eLogin_CID='Y' TP_ORDER_TIME = '300' MAX_ORDER_COUNT = '100' CONTI_ORDER_TIME = '60' DELAY_TIME = '500' DELAY_TIME1 = '1000' TP_ORDER_TIME_I = '300' MAX_ORDER_COUNT_I = '20' MSG_URL='http://e01api.fbs.com.tw/PortalTW/bulletin.htm' MSG_DELAY_TIME='10' MSG_HEIGHT='5000' MSG_WIDTH='8000' MSG_DATE='12/29/2014' TAIEMG_CACHE_HH='8' TAIEMG_CACHE_MM='35' TAIEMG_CACHE_DELAY_TIME='300'/></Result>
2021/4/20 下午 04:31:37(106411900) :  >> [mem:] TP_Order_Time[300] Max_Order_Count[100] Conti_Order_Time[60] Delay_Time[500] Delay_Time1[1000] TP_EP_QUERY_TIME[20] TP_Order_Time_I[300] Max_Order_Count_I[20] Conti_Order_Time_I[60] Delay_Time_I[500] Delay_Time1_I[1000]
2021/4/20 下午 04:31:57(106431901) :  >> Server2Client_Set : <?xml version='1.0' encoding='big5'?><Result Code='0' ServerTime='2021/04/20 16:31:57'><Error Code='0' FBF='FBF' TP_Equity_Position_TIME='60' TSE_OPEN='Y' TAIEMG_OPEN='N' FUTURE_OPEN='Y' SESSION_OPEN='N' IApi='Y' eLogin_CID='Y' TP_ORDER_TIME = '300' MAX_ORDER_COUNT = '100' CONTI_ORDER_TIME = '60' DELAY_TIME = '500' DELAY_TIME1 = '1000' TP_ORDER_TIME_I = '300' MAX_ORDER_COUNT_I = '20' MSG_URL='http://e01api.fbs.com.tw/PortalTW/bulletin.htm' MSG_DELAY_TIME='10' MSG_HEIGHT='5000' MSG_WIDTH='8000' MSG_DATE='12/29/2014' TAIEMG_CACHE_HH='8' TAIEMG_CACHE_MM='35' TAIEMG_CACHE_DELAY_TIME='300'/></Result>
2021/4/20 下午 04:31:57(106432006) :  >> Server2Client_Set : <?xml version='1.0' encoding='big5'?><Result Code='0' ServerTime='2021/04/20 16:31:57'><Error Code='0' FBF='FBF' TP_Equity_Position_TIME='60' TSE_OPEN='Y' TAIEMG_OPEN='N' FUTURE_OPEN='Y' SESSION_OPEN='N' IApi='Y' eLogin_CID='Y' TP_ORDER_TIME = '300' MAX_ORDER_COUNT = '100' CONTI_ORDER_TIME = '60' DELAY_TIME = '500' DELAY_TIME1 = '1000' TP_ORDER_TIME_I = '300' MAX_ORDER_COUNT_I = '20' MSG_URL='http://e01api.fbs.com.tw/PortalTW/bulletin.htm' MSG_DELAY_TIME='10' MSG_HEIGHT='5000' MSG_WIDTH='8000' MSG_DATE='12/29/2014' TAIEMG_CACHE_HH='8' TAIEMG_CACHE_MM='35' TAIEMG_CACHE_DELAY_TIME='300'/></Result>
2021/4/20 下午 04:31:57(106432049) :  >> <?xml version='1.0' encoding='big5'?><Result Code='0' ServerTime='20210420-163157'>	
				<Data Code='0'>
					<Time>20210420-163157</Time>
				</Data>	
			</Result>
2021/4/20 下午 04:31:58(106432231) :  >> Server2Client_Set_F_ID : <?xml version='1.0' encoding='big5'?><Result Code='0' ServerTime='2021/04/20 16:31:57'><Error Code='0' FBF='FBF' TP_Equity_Position_TIME='60' TSE_OPEN='Y' TAIEMG_OPEN='N' FUTURE_OPEN='Y' SESSION_OPEN='N' IApi='Y' eLogin_CID='Y' TP_ORDER_TIME = '300' MAX_ORDER_COUNT = '100' CONTI_ORDER_TIME = '60' DELAY_TIME = '500' DELAY_TIME1 = '1000' TP_ORDER_TIME_I = '300' MAX_ORDER_COUNT_I = '20' MSG_URL='http://e01api.fbs.com.tw/PortalTW/bulletin.htm' MSG_DELAY_TIME='10' MSG_HEIGHT='5000' MSG_WIDTH='8000' MSG_DATE='12/29/2014' TAIEMG_CACHE_HH='8' TAIEMG_CACHE_MM='35' TAIEMG_CACHE_DELAY_TIME='300'/></Result>
2021/4/20 下午 04:31:58(106432670) :  >> [mem:] TP_Order_Time[300] Max_Order_Count[100] Conti_Order_Time[60] Delay_Time[500] Delay_Time1[1000] TP_EP_QUERY_TIME[20] TP_Order_Time_I[300] Max_Order_Count_I[20] Conti_Order_Time_I[60] Delay_Time_I[500] Delay_Time1_I[1000]
2021/4/20 下午 04:33:04(106498525) :  >> Server2Client_Set : <?xml version='1.0' encoding='big5'?><Result Code='0' ServerTime='2021/04/20 16:33:04'><Error Code='0' FBF='FBF' TP_Equity_Position_TIME='60' TSE_OPEN='Y' TAIEMG_OPEN='N' FUTURE_OPEN='Y' SESSION_OPEN='N' IApi='Y' eLogin_CID='Y' TP_ORDER_TIME = '300' MAX_ORDER_COUNT = '100' CONTI_ORDER_TIME = '60' DELAY_TIME = '500' DELAY_TIME1 = '1000' TP_ORDER_TIME_I = '300' MAX_ORDER_COUNT_I = '20' MSG_URL='http://e01api.fbs.com.tw/PortalTW/bulletin.htm' MSG_DELAY_TIME='10' MSG_HEIGHT='5000' MSG_WIDTH='8000' MSG_DATE='12/29/2014' TAIEMG_CACHE_HH='8' TAIEMG_CACHE_MM='35' TAIEMG_CACHE_DELAY_TIME='300'/></Result>
2021/4/20 下午 04:33:12(106506860) :  >> Server2Client_Set : <?xml version='1.0' encoding='big5'?><Result Code='0' ServerTime='2021/04/20 16:33:12'><Error Code='0' FBF='FBF' TP_Equity_Position_TIME='60' TSE_OPEN='Y' TAIEMG_OPEN='N' FUTURE_OPEN='Y' SESSION_OPEN='N' IApi='Y' eLogin_CID='Y' TP_ORDER_TIME = '300' MAX_ORDER_COUNT = '100' CONTI_ORDER_TIME = '60' DELAY_TIME = '500' DELAY_TIME1 = '1000' TP_ORDER_TIME_I = '300' MAX_ORDER_COUNT_I = '20' MSG_URL='http://e01api.fbs.com.tw/PortalTW/bulletin.htm' MSG_DELAY_TIME='10' MSG_HEIGHT='5000' MSG_WIDTH='8000' MSG_DATE='12/29/2014' TAIEMG_CACHE_HH='8' TAIEMG_CACHE_MM='35' TAIEMG_CACHE_DELAY_TIME='300'/></Result>
2021/4/20 下午 04:33:12(106506888) :  >> <?xml version='1.0' encoding='big5'?><Result Code='0' ServerTime='20210420-163312'>	
				<Data Code='0'>
					<Time>20210420-163312</Time>
				</Data>	
			</Result>
2021/4/20 下午 04:33:12(106507005) :  >> Server2Client_Set_F_ID : <?xml version='1.0' encoding='big5'?><Result Code='0' ServerTime='2021/04/20 16:33:12'><Error Code='0' FBF='FBF' TP_Equity_Position_TIME='60' TSE_OPEN='Y' TAIEMG_OPEN='N' FUTURE_OPEN='Y' SESSION_OPEN='N' IApi='Y' eLogin_CID='Y' TP_ORDER_TIME = '300' MAX_ORDER_COUNT = '100' CONTI_ORDER_TIME = '60' DELAY_TIME = '500' DELAY_TIME1 = '1000' TP_ORDER_TIME_I = '300' MAX_ORDER_COUNT_I = '20' MSG_URL='http://e01api.fbs.com.tw/PortalTW/bulletin.htm' MSG_DELAY_TIME='10' MSG_HEIGHT='5000' MSG_WIDTH='8000' MSG_DATE='12/29/2014' TAIEMG_CACHE_HH='8' TAIEMG_CACHE_MM='35' TAIEMG_CACHE_DELAY_TIME='300'/></Result>
2021/4/20 下午 04:33:13(106507233) :  >> [mem:] TP_Order_Time[300] Max_Order_Count[100] Conti_Order_Time[60] Delay_Time[500] Delay_Time1[1000] TP_EP_QUERY_TIME[20] TP_Order_Time_I[300] Max_Order_Count_I[20] Conti_Order_Time_I[60] Delay_Time_I[500] Delay_Time1_I[1000]
2021/4/20 下午 04:36:59(106733112) :  >> Server2Client_Set : <?xml version='1.0' encoding='big5'?><Result Code='0' ServerTime='2021/04/20 16:36:58'><Error Code='0' FBF='FBF' TP_Equity_Position_TIME='60' TSE_OPEN='Y' TAIEMG_OPEN='N' FUTURE_OPEN='Y' SESSION_OPEN='N' IApi='Y' eLogin_CID='Y' TP_ORDER_TIME = '300' MAX_ORDER_COUNT = '100' CONTI_ORDER_TIME = '60' DELAY_TIME = '500' DELAY_TIME1 = '1000' TP_ORDER_TIME_I = '300' MAX_ORDER_COUNT_I = '20' MSG_URL='http://e01api.fbs.com.tw/PortalTW/bulletin.htm' MSG_DELAY_TIME='10' MSG_HEIGHT='5000' MSG_WIDTH='8000' MSG_DATE='12/29/2014' TAIEMG_CACHE_HH='8' TAIEMG_CACHE_MM='35' TAIEMG_CACHE_DELAY_TIME='300'/></Result>
2021/4/20 下午 04:37:19(106753909) :  >> Server2Client_Set : <?xml version='1.0' encoding='big5'?><Result Code='0' ServerTime='2021/04/20 16:37:19'><Error Code='0' FBF='FBF' TP_Equity_Position_TIME='60' TSE_OPEN='Y' TAIEMG_OPEN='N' FUTURE_OPEN='Y' SESSION_OPEN='N' IApi='Y' eLogin_CID='Y' TP_ORDER_TIME = '300' MAX_ORDER_COUNT = '100' CONTI_ORDER_TIME = '60' DELAY_TIME = '500' DELAY_TIME1 = '1000' TP_ORDER_TIME_I = '300' MAX_ORDER_COUNT_I = '20' MSG_URL='http://e01api.fbs.com.tw/PortalTW/bulletin.htm' MSG_DELAY_TIME='10' MSG_HEIGHT='5000' MSG_WIDTH='8000' MSG_DATE='12/29/2014' TAIEMG_CACHE_HH='8' TAIEMG_CACHE_MM='35' TAIEMG_CACHE_DELAY_TIME='300'/></Result>
2021/4/20 下午 04:37:19(106753951) :  >> Server2Client_Set : <?xml version='1.0' encoding='big5'?><Result Code='0' ServerTime='2021/04/20 16:37:19'><Error Code='0' FBF='FBF' TP_Equity_Position_TIME='60' TSE_OPEN='Y' TAIEMG_OPEN='N' FUTURE_OPEN='Y' SESSION_OPEN='N' IApi='Y' eLogin_CID='Y' TP_ORDER_TIME = '300' MAX_ORDER_COUNT = '100' CONTI_ORDER_TIME = '60' DELAY_TIME = '500' DELAY_TIME1 = '1000' TP_ORDER_TIME_I = '300' MAX_ORDER_COUNT_I = '20' MSG_URL='http://e01api.fbs.com.tw/PortalTW/bulletin.htm' MSG_DELAY_TIME='10' MSG_HEIGHT='5000' MSG_WIDTH='8000' MSG_DATE='12/29/2014' TAIEMG_CACHE_HH='8' TAIEMG_CACHE_MM='35' TAIEMG_CACHE_DELAY_TIME='300'/></Result>
2021/4/20 下午 04:37:19(106754049) :  >> <?xml version='1.0' encoding='big5'?><Result Code='0' ServerTime='20210420-163719'>	
				<Data Code='0'>
					<Time>20210420-163719</Time>
				</Data>	
			</Result>
2021/4/20 下午 04:37:20(106754494) :  >> Server2Client_Set_F_ID : <?xml version='1.0' encoding='big5'?><Result Code='0' ServerTime='2021/04/20 16:37:20'><Error Code='0' FBF='FBF' TP_Equity_Position_TIME='60' TSE_OPEN='Y' TAIEMG_OPEN='N' FUTURE_OPEN='Y' SESSION_OPEN='N' IApi='Y' eLogin_CID='Y' TP_ORDER_TIME = '300' MAX_ORDER_COUNT = '100' CONTI_ORDER_TIME = '60' DELAY_TIME = '500' DELAY_TIME1 = '1000' TP_ORDER_TIME_I = '300' MAX_ORDER_COUNT_I = '20' MSG_URL='http://e01api.fbs.com.tw/PortalTW/bulletin.htm' MSG_DELAY_TIME='10' MSG_HEIGHT='5000' MSG_WIDTH='8000' MSG_DATE='12/29/2014' TAIEMG_CACHE_HH='8' TAIEMG_CACHE_MM='35' TAIEMG_CACHE_DELAY_TIME='300'/></Result>
2021/4/20 下午 04:37:22(106756278) :  >> [mem:] TP_Order_Time[300] Max_Order_Count[100] Conti_Order_Time[60] Delay_Time[500] Delay_Time1[1000] TP_EP_QUERY_TIME[20] TP_Order_Time_I[300] Max_Order_Count_I[20] Conti_Order_Time_I[60] Delay_Time_I[500] Delay_Time1_I[1000]
2021/4/20 下午 04:37:54(106788122) :  >> Server2Client_Set : <?xml version='1.0' encoding='big5'?><Result Code='0' ServerTime='2021/04/20 16:37:53'><Error Code='0' FBF='FBF' TP_Equity_Position_TIME='60' TSE_OPEN='Y' TAIEMG_OPEN='N' FUTURE_OPEN='Y' SESSION_OPEN='N' IApi='Y' eLogin_CID='Y' TP_ORDER_TIME = '300' MAX_ORDER_COUNT = '100' CONTI_ORDER_TIME = '60' DELAY_TIME = '500' DELAY_TIME1 = '1000' TP_ORDER_TIME_I = '300' MAX_ORDER_COUNT_I = '20' MSG_URL='http://e01api.fbs.com.tw/PortalTW/bulletin.htm' MSG_DELAY_TIME='10' MSG_HEIGHT='5000' MSG_WIDTH='8000' MSG_DATE='12/29/2014' TAIEMG_CACHE_HH='8' TAIEMG_CACHE_MM='35' TAIEMG_CACHE_DELAY_TIME='300'/></Result>
2021/4/20 下午 04:37:54(106788202) :  >> Server2Client_Set : <?xml version='1.0' encoding='big5'?><Result Code='0' ServerTime='2021/04/20 16:37:53'><Error Code='0' FBF='FBF' TP_Equity_Position_TIME='60' TSE_OPEN='Y' TAIEMG_OPEN='N' FUTURE_OPEN='Y' SESSION_OPEN='N' IApi='Y' eLogin_CID='Y' TP_ORDER_TIME = '300' MAX_ORDER_COUNT = '100' CONTI_ORDER_TIME = '60' DELAY_TIME = '500' DELAY_TIME1 = '1000' TP_ORDER_TIME_I = '300' MAX_ORDER_COUNT_I = '20' MSG_URL='http://e01api.fbs.com.tw/PortalTW/bulletin.htm' MSG_DELAY_TIME='10' MSG_HEIGHT='5000' MSG_WIDTH='8000' MSG_DATE='12/29/2014' TAIEMG_CACHE_HH='8' TAIEMG_CACHE_MM='35' TAIEMG_CACHE_DELAY_TIME='300'/></Result>
2021/4/20 下午 04:37:54(106788247) :  >> <?xml version='1.0' encoding='big5'?><Result Code='0' ServerTime='20210420-163753'>	
				<Data Code='0'>
					<Time>20210420-163753</Time>
				</Data>	
			</Result>
2021/4/20 下午 04:37:54(106788367) :  >> Server2Client_Set_F_ID : <?xml version='1.0' encoding='big5'?><Result Code='0' ServerTime='2021/04/20 16:37:53'><Error Code='0' FBF='FBF' TP_Equity_Position_TIME='60' TSE_OPEN='Y' TAIEMG_OPEN='N' FUTURE_OPEN='Y' SESSION_OPEN='N' IApi='Y' eLogin_CID='Y' TP_ORDER_TIME = '300' MAX_ORDER_COUNT = '100' CONTI_ORDER_TIME = '60' DELAY_TIME = '500' DELAY_TIME1 = '1000' TP_ORDER_TIME_I = '300' MAX_ORDER_COUNT_I = '20' MSG_URL='http://e01api.fbs.com.tw/PortalTW/bulletin.htm' MSG_DELAY_TIME='10' MSG_HEIGHT='5000' MSG_WIDTH='8000' MSG_DATE='12/29/2014' TAIEMG_CACHE_HH='8' TAIEMG_CACHE_MM='35' TAIEMG_CACHE_DELAY_TIME='300'/></Result>
2021/4/20 下午 04:37:54(106788633) :  >> [mem:] TP_Order_Time[300] Max_Order_Count[100] Conti_Order_Time[60] Delay_Time[500] Delay_Time1[1000] TP_EP_QUERY_TIME[20] TP_Order_Time_I[300] Max_Order_Count_I[20] Conti_Order_Time_I[60] Delay_Time_I[500] Delay_Time1_I[1000]
2021/4/20 下午 04:38:01(106795464) :  >> Server2Client_Set : <?xml version='1.0' encoding='big5'?><Result Code='0' ServerTime='2021/04/20 16:38:01'><Error Code='0' FBF='FBF' TP_Equity_Position_TIME='60' TSE_OPEN='Y' TAIEMG_OPEN='N' FUTURE_OPEN='Y' SESSION_OPEN='N' IApi='Y' eLogin_CID='Y' TP_ORDER_TIME = '300' MAX_ORDER_COUNT = '100' CONTI_ORDER_TIME = '60' DELAY_TIME = '500' DELAY_TIME1 = '1000' TP_ORDER_TIME_I = '300' MAX_ORDER_COUNT_I = '20' MSG_URL='http://e01api.fbs.com.tw/PortalTW/bulletin.htm' MSG_DELAY_TIME='10' MSG_HEIGHT='5000' MSG_WIDTH='8000' MSG_DATE='12/29/2014' TAIEMG_CACHE_HH='8' TAIEMG_CACHE_MM='35' TAIEMG_CACHE_DELAY_TIME='300'/></Result>
2021/4/20 下午 04:38:01(106795544) :  >> Server2Client_Set : <?xml version='1.0' encoding='big5'?><Result Code='0' ServerTime='2021/04/20 16:38:01'><Error Code='0' FBF='FBF' TP_Equity_Position_TIME='60' TSE_OPEN='Y' TAIEMG_OPEN='N' FUTURE_OPEN='Y' SESSION_OPEN='N' IApi='Y' eLogin_CID='Y' TP_ORDER_TIME = '300' MAX_ORDER_COUNT = '100' CONTI_ORDER_TIME = '60' DELAY_TIME = '500' DELAY_TIME1 = '1000' TP_ORDER_TIME_I = '300' MAX_ORDER_COUNT_I = '20' MSG_URL='http://e01api.fbs.com.tw/PortalTW/bulletin.htm' MSG_DELAY_TIME='10' MSG_HEIGHT='5000' MSG_WIDTH='8000' MSG_DATE='12/29/2014' TAIEMG_CACHE_HH='8' TAIEMG_CACHE_MM='35' TAIEMG_CACHE_DELAY_TIME='300'/></Result>
2021/4/20 下午 04:38:01(106795581) :  >> <?xml version='1.0' encoding='big5'?><Result Code='0' ServerTime='20210420-163801'>	
				<Data Code='0'>
					<Time>20210420-163801</Time>
				</Data>	
			</Result>
2021/4/20 下午 04:38:01(106795677) :  >> Server2Client_Set_F_ID : <?xml version='1.0' encoding='big5'?><Result Code='0' ServerTime='2021/04/20 16:38:01'><Error Code='0' FBF='FBF' TP_Equity_Position_TIME='60' TSE_OPEN='Y' TAIEMG_OPEN='N' FUTURE_OPEN='Y' SESSION_OPEN='N' IApi='Y' eLogin_CID='Y' TP_ORDER_TIME = '300' MAX_ORDER_COUNT = '100' CONTI_ORDER_TIME = '60' DELAY_TIME = '500' DELAY_TIME1 = '1000' TP_ORDER_TIME_I = '300' MAX_ORDER_COUNT_I = '20' MSG_URL='http://e01api.fbs.com.tw/PortalTW/bulletin.htm' MSG_DELAY_TIME='10' MSG_HEIGHT='5000' MSG_WIDTH='8000' MSG_DATE='12/29/2014' TAIEMG_CACHE_HH='8' TAIEMG_CACHE_MM='35' TAIEMG_CACHE_DELAY_TIME='300'/></Result>
2021/4/20 下午 04:38:01(106795910) :  >> [mem:] TP_Order_Time[300] Max_Order_Count[100] Conti_Order_Time[60] Delay_Time[500] Delay_Time1[1000] TP_EP_QUERY_TIME[20] TP_Order_Time_I[300] Max_Order_Count_I[20] Conti_Order_Time_I[60] Delay_Time_I[500] Delay_Time1_I[1000]
2021/4/20 下午 04:38:05(106799161) :  >> Server2Client_Set : <?xml version='1.0' encoding='big5'?><Result Code='0' ServerTime='2021/04/20 16:38:04'><Error Code='0' FBF='FBF' TP_Equity_Position_TIME='60' TSE_OPEN='Y' TAIEMG_OPEN='N' FUTURE_OPEN='Y' SESSION_OPEN='N' IApi='Y' eLogin_CID='Y' TP_ORDER_TIME = '300' MAX_ORDER_COUNT = '100' CONTI_ORDER_TIME = '60' DELAY_TIME = '500' DELAY_TIME1 = '1000' TP_ORDER_TIME_I = '300' MAX_ORDER_COUNT_I = '20' MSG_URL='http://e01api.fbs.com.tw/PortalTW/bulletin.htm' MSG_DELAY_TIME='10' MSG_HEIGHT='5000' MSG_WIDTH='8000' MSG_DATE='12/29/2014' TAIEMG_CACHE_HH='8' TAIEMG_CACHE_MM='35' TAIEMG_CACHE_DELAY_TIME='300'/></Result>
2021/4/20 下午 04:38:05(106799243) :  >> Server2Client_Set : <?xml version='1.0' encoding='big5'?><Result Code='0' ServerTime='2021/04/20 16:38:04'><Error Code='0' FBF='FBF' TP_Equity_Position_TIME='60' TSE_OPEN='Y' TAIEMG_OPEN='N' FUTURE_OPEN='Y' SESSION_OPEN='N' IApi='Y' eLogin_CID='Y' TP_ORDER_TIME = '300' MAX_ORDER_COUNT = '100' CONTI_ORDER_TIME = '60' DELAY_TIME = '500' DELAY_TIME1 = '1000' TP_ORDER_TIME_I = '300' MAX_ORDER_COUNT_I = '20' MSG_URL='http://e01api.fbs.com.tw/PortalTW/bulletin.htm' MSG_DELAY_TIME='10' MSG_HEIGHT='5000' MSG_WIDTH='8000' MSG_DATE='12/29/2014' TAIEMG_CACHE_HH='8' TAIEMG_CACHE_MM='35' TAIEMG_CACHE_DELAY_TIME='300'/></Result>
2021/4/20 下午 04:38:05(106799273) :  >> <?xml version='1.0' encoding='big5'?><Result Code='0' ServerTime='20210420-163804'>	
				<Data Code='0'>
					<Time>20210420-163804</Time>
				</Data>	
			</Result>
2021/4/20 下午 04:38:05(106799377) :  >> Server2Client_Set_F_ID : <?xml version='1.0' encoding='big5'?><Result Code='0' ServerTime='2021/04/20 16:38:05'><Error Code='0' FBF='FBF' TP_Equity_Position_TIME='60' TSE_OPEN='Y' TAIEMG_OPEN='N' FUTURE_OPEN='Y' SESSION_OPEN='N' IApi='Y' eLogin_CID='Y' TP_ORDER_TIME = '300' MAX_ORDER_COUNT = '100' CONTI_ORDER_TIME = '60' DELAY_TIME = '500' DELAY_TIME1 = '1000' TP_ORDER_TIME_I = '300' MAX_ORDER_COUNT_I = '20' MSG_URL='http://e01api.fbs.com.tw/PortalTW/bulletin.htm' MSG_DELAY_TIME='10' MSG_HEIGHT='5000' MSG_WIDTH='8000' MSG_DATE='12/29/2014' TAIEMG_CACHE_HH='8' TAIEMG_CACHE_MM='35' TAIEMG_CACHE_DELAY_TIME='300'/></Result>
2021/4/20 下午 04:38:05(106799595) :  >> [mem:] TP_Order_Time[300] Max_Order_Count[100] Conti_Order_Time[60] Delay_Time[500] Delay_Time1[1000] TP_EP_QUERY_TIME[20] TP_Order_Time_I[300] Max_Order_Count_I[20] Conti_Order_Time_I[60] Delay_Time_I[500] Delay_Time1_I[1000]
2021/4/20 下午 04:38:53(106847453) :  >> Server2Client_Set : <?xml version='1.0' encoding='big5'?><Result Code='0' ServerTime='2021/04/20 16:38:53'><Error Code='0' FBF='FBF' TP_Equity_Position_TIME='60' TSE_OPEN='Y' TAIEMG_OPEN='N' FUTURE_OPEN='Y' SESSION_OPEN='N' IApi='Y' eLogin_CID='Y' TP_ORDER_TIME = '300' MAX_ORDER_COUNT = '100' CONTI_ORDER_TIME = '60' DELAY_TIME = '500' DELAY_TIME1 = '1000' TP_ORDER_TIME_I = '300' MAX_ORDER_COUNT_I = '20' MSG_URL='http://e01api.fbs.com.tw/PortalTW/bulletin.htm' MSG_DELAY_TIME='10' MSG_HEIGHT='5000' MSG_WIDTH='8000' MSG_DATE='12/29/2014' TAIEMG_CACHE_HH='8' TAIEMG_CACHE_MM='35' TAIEMG_CACHE_DELAY_TIME='300'/></Result>
2021/4/20 下午 04:39:00(106854372) :  >> Server2Client_Set : <?xml version='1.0' encoding='big5'?><Result Code='0' ServerTime='2021/04/20 16:39:00'><Error Code='0' FBF='FBF' TP_Equity_Position_TIME='60' TSE_OPEN='Y' TAIEMG_OPEN='N' FUTURE_OPEN='Y' SESSION_OPEN='N' IApi='Y' eLogin_CID='Y' TP_ORDER_TIME = '300' MAX_ORDER_COUNT = '100' CONTI_ORDER_TIME = '60' DELAY_TIME = '500' DELAY_TIME1 = '1000' TP_ORDER_TIME_I = '300' MAX_ORDER_COUNT_I = '20' MSG_URL='http://e01api.fbs.com.tw/PortalTW/bulletin.htm' MSG_DELAY_TIME='10' MSG_HEIGHT='5000' MSG_WIDTH='8000' MSG_DATE='12/29/2014' TAIEMG_CACHE_HH='8' TAIEMG_CACHE_MM='35' TAIEMG_CACHE_DELAY_TIME='300'/></Result>
2021/4/20 下午 04:39:00(106854447) :  >> Server2Client_Set : <?xml version='1.0' encoding='big5'?><Result Code='0' ServerTime='2021/04/20 16:39:00'><Error Code='0' FBF='FBF' TP_Equity_Position_TIME='60' TSE_OPEN='Y' TAIEMG_OPEN='N' FUTURE_OPEN='Y' SESSION_OPEN='N' IApi='Y' eLogin_CID='Y' TP_ORDER_TIME = '300' MAX_ORDER_COUNT = '100' CONTI_ORDER_TIME = '60' DELAY_TIME = '500' DELAY_TIME1 = '1000' TP_ORDER_TIME_I = '300' MAX_ORDER_COUNT_I = '20' MSG_URL='http://e01api.fbs.com.tw/PortalTW/bulletin.htm' MSG_DELAY_TIME='10' MSG_HEIGHT='5000' MSG_WIDTH='8000' MSG_DATE='12/29/2014' TAIEMG_CACHE_HH='8' TAIEMG_CACHE_MM='35' TAIEMG_CACHE_DELAY_TIME='300'/></Result>
2021/4/20 下午 04:39:00(106854483) :  >> <?xml version='1.0' encoding='big5'?><Result Code='0' ServerTime='20210420-163900'>	
				<Data Code='0'>
					<Time>20210420-163900</Time>
				</Data>	
			</Result>
2021/4/20 下午 04:39:00(106854584) :  >> Server2Client_Set_F_ID : <?xml version='1.0' encoding='big5'?><Result Code='0' ServerTime='2021/04/20 16:39:00'><Error Code='0' FBF='FBF' TP_Equity_Position_TIME='60' TSE_OPEN='Y' TAIEMG_OPEN='N' FUTURE_OPEN='Y' SESSION_OPEN='N' IApi='Y' eLogin_CID='Y' TP_ORDER_TIME = '300' MAX_ORDER_COUNT = '100' CONTI_ORDER_TIME = '60' DELAY_TIME = '500' DELAY_TIME1 = '1000' TP_ORDER_TIME_I = '300' MAX_ORDER_COUNT_I = '20' MSG_URL='http://e01api.fbs.com.tw/PortalTW/bulletin.htm' MSG_DELAY_TIME='10' MSG_HEIGHT='5000' MSG_WIDTH='8000' MSG_DATE='12/29/2014' TAIEMG_CACHE_HH='8' TAIEMG_CACHE_MM='35' TAIEMG_CACHE_DELAY_TIME='300'/></Result>
2021/4/20 下午 04:39:00(106854815) :  >> [mem:] TP_Order_Time[300] Max_Order_Count[100] Conti_Order_Time[60] Delay_Time[500] Delay_Time1[1000] TP_EP_QUERY_TIME[20] TP_Order_Time_I[300] Max_Order_Count_I[20] Conti_Order_Time_I[60] Delay_Time_I[500] Delay_Time1_I[1000]
2021/4/20 下午 04:39:52(106907030) :  >> Server2Client_Set : <?xml version='1.0' encoding='big5'?><Result Code='0' ServerTime='2021/04/20 16:39:52'><Error Code='0' FBF='FBF' TP_Equity_Position_TIME='60' TSE_OPEN='Y' TAIEMG_OPEN='N' FUTURE_OPEN='Y' SESSION_OPEN='N' IApi='Y' eLogin_CID='Y' TP_ORDER_TIME = '300' MAX_ORDER_COUNT = '100' CONTI_ORDER_TIME = '60' DELAY_TIME = '500' DELAY_TIME1 = '1000' TP_ORDER_TIME_I = '300' MAX_ORDER_COUNT_I = '20' MSG_URL='http://e01api.fbs.com.tw/PortalTW/bulletin.htm' MSG_DELAY_TIME='10' MSG_HEIGHT='5000' MSG_WIDTH='8000' MSG_DATE='12/29/2014' TAIEMG_CACHE_HH='8' TAIEMG_CACHE_MM='35' TAIEMG_CACHE_DELAY_TIME='300'/></Result>
2021/4/20 下午 04:39:53(106907114) :  >> Server2Client_Set : <?xml version='1.0' encoding='big5'?><Result Code='0' ServerTime='2021/04/20 16:39:52'><Error Code='0' FBF='FBF' TP_Equity_Position_TIME='60' TSE_OPEN='Y' TAIEMG_OPEN='N' FUTURE_OPEN='Y' SESSION_OPEN='N' IApi='Y' eLogin_CID='Y' TP_ORDER_TIME = '300' MAX_ORDER_COUNT = '100' CONTI_ORDER_TIME = '60' DELAY_TIME = '500' DELAY_TIME1 = '1000' TP_ORDER_TIME_I = '300' MAX_ORDER_COUNT_I = '20' MSG_URL='http://e01api.fbs.com.tw/PortalTW/bulletin.htm' MSG_DELAY_TIME='10' MSG_HEIGHT='5000' MSG_WIDTH='8000' MSG_DATE='12/29/2014' TAIEMG_CACHE_HH='8' TAIEMG_CACHE_MM='35' TAIEMG_CACHE_DELAY_TIME='300'/></Result>
2021/4/20 下午 04:39:53(106907152) :  >> <?xml version='1.0' encoding='big5'?><Result Code='0' ServerTime='20210420-163952'>	
				<Data Code='0'>
					<Time>20210420-163952</Time>
				</Data>	
			</Result>
2021/4/20 下午 04:39:53(106907307) :  >> Server2Client_Set_F_ID : <?xml version='1.0' encoding='big5'?><Result Code='0' ServerTime='2021/04/20 16:39:52'><Error Code='0' FBF='FBF' TP_Equity_Position_TIME='60' TSE_OPEN='Y' TAIEMG_OPEN='N' FUTURE_OPEN='Y' SESSION_OPEN='N' IApi='Y' eLogin_CID='Y' TP_ORDER_TIME = '300' MAX_ORDER_COUNT = '100' CONTI_ORDER_TIME = '60' DELAY_TIME = '500' DELAY_TIME1 = '1000' TP_ORDER_TIME_I = '300' MAX_ORDER_COUNT_I = '20' MSG_URL='http://e01api.fbs.com.tw/PortalTW/bulletin.htm' MSG_DELAY_TIME='10' MSG_HEIGHT='5000' MSG_WIDTH='8000' MSG_DATE='12/29/2014' TAIEMG_CACHE_HH='8' TAIEMG_CACHE_MM='35' TAIEMG_CACHE_DELAY_TIME='300'/></Result>
2021/4/20 下午 04:39:53(106907542) :  >> [mem:] TP_Order_Time[300] Max_Order_Count[100] Conti_Order_Time[60] Delay_Time[500] Delay_Time1[1000] TP_EP_QUERY_TIME[20] TP_Order_Time_I[300] Max_Order_Count_I[20] Conti_Order_Time_I[60] Delay_Time_I[500] Delay_Time1_I[1000]
2021/4/20 下午 04:39:54(106908662) :  >> Server2Client_Set : <?xml version='1.0' encoding='big5'?><Result Code='0' ServerTime='2021/04/20 16:39:54'><Error Code='0' FBF='FBF' TP_Equity_Position_TIME='60' TSE_OPEN='Y' TAIEMG_OPEN='N' FUTURE_OPEN='Y' SESSION_OPEN='N' IApi='Y' eLogin_CID='Y' TP_ORDER_TIME = '300' MAX_ORDER_COUNT = '100' CONTI_ORDER_TIME = '60' DELAY_TIME = '500' DELAY_TIME1 = '1000' TP_ORDER_TIME_I = '300' MAX_ORDER_COUNT_I = '20' MSG_URL='http://e01api.fbs.com.tw/PortalTW/bulletin.htm' MSG_DELAY_TIME='10' MSG_HEIGHT='5000' MSG_WIDTH='8000' MSG_DATE='12/29/2014' TAIEMG_CACHE_HH='8' TAIEMG_CACHE_MM='35' TAIEMG_CACHE_DELAY_TIME='300'/></Result>
2021/4/20 下午 04:39:54(106908742) :  >> Server2Client_Set : <?xml version='1.0' encoding='big5'?><Result Code='0' ServerTime='2021/04/20 16:39:54'><Error Code='0' FBF='FBF' TP_Equity_Position_TIME='60' TSE_OPEN='Y' TAIEMG_OPEN='N' FUTURE_OPEN='Y' SESSION_OPEN='N' IApi='Y' eLogin_CID='Y' TP_ORDER_TIME = '300' MAX_ORDER_COUNT = '100' CONTI_ORDER_TIME = '60' DELAY_TIME = '500' DELAY_TIME1 = '1000' TP_ORDER_TIME_I = '300' MAX_ORDER_COUNT_I = '20' MSG_URL='http://e01api.fbs.com.tw/PortalTW/bulletin.htm' MSG_DELAY_TIME='10' MSG_HEIGHT='5000' MSG_WIDTH='8000' MSG_DATE='12/29/2014' TAIEMG_CACHE_HH='8' TAIEMG_CACHE_MM='35' TAIEMG_CACHE_DELAY_TIME='300'/></Result>
2021/4/20 下午 04:39:54(106908772) :  >> <?xml version='1.0' encoding='big5'?><Result Code='0' ServerTime='20210420-163954'>	
				<Data Code='0'>
					<Time>20210420-163954</Time>
				</Data>	
			</Result>
2021/4/20 下午 04:39:54(106908920) :  >> Server2Client_Set_F_ID : <?xml version='1.0' encoding='big5'?><Result Code='0' ServerTime='2021/04/20 16:39:54'><Error Code='0' FBF='FBF' TP_Equity_Position_TIME='60' TSE_OPEN='Y' TAIEMG_OPEN='N' FUTURE_OPEN='Y' SESSION_OPEN='N' IApi='Y' eLogin_CID='Y' TP_ORDER_TIME = '300' MAX_ORDER_COUNT = '100' CONTI_ORDER_TIME = '60' DELAY_TIME = '500' DELAY_TIME1 = '1000' TP_ORDER_TIME_I = '300' MAX_ORDER_COUNT_I = '20' MSG_URL='http://e01api.fbs.com.tw/PortalTW/bulletin.htm' MSG_DELAY_TIME='10' MSG_HEIGHT='5000' MSG_WIDTH='8000' MSG_DATE='12/29/2014' TAIEMG_CACHE_HH='8' TAIEMG_CACHE_MM='35' TAIEMG_CACHE_DELAY_TIME='300'/></Result>
2021/4/20 下午 04:39:55(106909122) :  >> [mem:] TP_Order_Time[300] Max_Order_Count[100] Conti_Order_Time[60] Delay_Time[500] Delay_Time1[1000] TP_EP_QUERY_TIME[20] TP_Order_Time_I[300] Max_Order_Count_I[20] Conti_Order_Time_I[60] Delay_Time_I[500] Delay_Time1_I[1000]
2021/4/20 下午 04:41:49(107023890) :  >> Server2Client_Set : <?xml version='1.0' encoding='big5'?><Result Code='0' ServerTime='2021/04/20 16:41:49'><Error Code='0' FBF='FBF' TP_Equity_Position_TIME='60' TSE_OPEN='Y' TAIEMG_OPEN='N' FUTURE_OPEN='Y' SESSION_OPEN='N' IApi='Y' eLogin_CID='Y' TP_ORDER_TIME = '300' MAX_ORDER_COUNT = '100' CONTI_ORDER_TIME = '60' DELAY_TIME = '500' DELAY_TIME1 = '1000' TP_ORDER_TIME_I = '300' MAX_ORDER_COUNT_I = '20' MSG_URL='http://e01api.fbs.com.tw/PortalTW/bulletin.htm' MSG_DELAY_TIME='10' MSG_HEIGHT='5000' MSG_WIDTH='8000' MSG_DATE='12/29/2014' TAIEMG_CACHE_HH='8' TAIEMG_CACHE_MM='35' TAIEMG_CACHE_DELAY_TIME='300'/></Result>
2021/4/20 下午 04:41:49(107023974) :  >> Server2Client_Set : <?xml version='1.0' encoding='big5'?><Result Code='0' ServerTime='2021/04/20 16:41:49'><Error Code='0' FBF='FBF' TP_Equity_Position_TIME='60' TSE_OPEN='Y' TAIEMG_OPEN='N' FUTURE_OPEN='Y' SESSION_OPEN='N' IApi='Y' eLogin_CID='Y' TP_ORDER_TIME = '300' MAX_ORDER_COUNT = '100' CONTI_ORDER_TIME = '60' DELAY_TIME = '500' DELAY_TIME1 = '1000' TP_ORDER_TIME_I = '300' MAX_ORDER_COUNT_I = '20' MSG_URL='http://e01api.fbs.com.tw/PortalTW/bulletin.htm' MSG_DELAY_TIME='10' MSG_HEIGHT='5000' MSG_WIDTH='8000' MSG_DATE='12/29/2014' TAIEMG_CACHE_HH='8' TAIEMG_CACHE_MM='35' TAIEMG_CACHE_DELAY_TIME='300'/></Result>
2021/4/20 下午 04:41:49(107024010) :  >> <?xml version='1.0' encoding='big5'?><Result Code='0' ServerTime='20210420-164149'>	
				<Data Code='0'>
					<Time>20210420-164149</Time>
				</Data>	
			</Result>
2021/4/20 下午 04:41:50(107024115) :  >> Server2Client_Set_F_ID : <?xml version='1.0' encoding='big5'?><Result Code='0' ServerTime='2021/04/20 16:41:49'><Error Code='0' FBF='FBF' TP_Equity_Position_TIME='60' TSE_OPEN='Y' TAIEMG_OPEN='N' FUTURE_OPEN='Y' SESSION_OPEN='N' IApi='Y' eLogin_CID='Y' TP_ORDER_TIME = '300' MAX_ORDER_COUNT = '100' CONTI_ORDER_TIME = '60' DELAY_TIME = '500' DELAY_TIME1 = '1000' TP_ORDER_TIME_I = '300' MAX_ORDER_COUNT_I = '20' MSG_URL='http://e01api.fbs.com.tw/PortalTW/bulletin.htm' MSG_DELAY_TIME='10' MSG_HEIGHT='5000' MSG_WIDTH='8000' MSG_DATE='12/29/2014' TAIEMG_CACHE_HH='8' TAIEMG_CACHE_MM='35' TAIEMG_CACHE_DELAY_TIME='300'/></Result>
2021/4/20 下午 04:41:50(107024404) :  >> [mem:] TP_Order_Time[300] Max_Order_Count[100] Conti_Order_Time[60] Delay_Time[500] Delay_Time1[1000] TP_EP_QUERY_TIME[20] TP_Order_Time_I[300] Max_Order_Count_I[20] Conti_Order_Time_I[60] Delay_Time_I[500] Delay_Time1_I[1000]
2021/4/20 下午 04:41:54(107028368) :  >> Server2Client_Set : <?xml version='1.0' encoding='big5'?><Result Code='0' ServerTime='2021/04/20 16:41:53'><Error Code='0' FBF='FBF' TP_Equity_Position_TIME='60' TSE_OPEN='Y' TAIEMG_OPEN='N' FUTURE_OPEN='Y' SESSION_OPEN='N' IApi='Y' eLogin_CID='Y' TP_ORDER_TIME = '300' MAX_ORDER_COUNT = '100' CONTI_ORDER_TIME = '60' DELAY_TIME = '500' DELAY_TIME1 = '1000' TP_ORDER_TIME_I = '300' MAX_ORDER_COUNT_I = '20' MSG_URL='http://e01api.fbs.com.tw/PortalTW/bulletin.htm' MSG_DELAY_TIME='10' MSG_HEIGHT='5000' MSG_WIDTH='8000' MSG_DATE='12/29/2014' TAIEMG_CACHE_HH='8' TAIEMG_CACHE_MM='35' TAIEMG_CACHE_DELAY_TIME='300'/></Result>
2021/4/20 下午 04:41:54(107028453) :  >> Server2Client_Set : <?xml version='1.0' encoding='big5'?><Result Code='0' ServerTime='2021/04/20 16:41:54'><Error Code='0' FBF='FBF' TP_Equity_Position_TIME='60' TSE_OPEN='Y' TAIEMG_OPEN='N' FUTURE_OPEN='Y' SESSION_OPEN='N' IApi='Y' eLogin_CID='Y' TP_ORDER_TIME = '300' MAX_ORDER_COUNT = '100' CONTI_ORDER_TIME = '60' DELAY_TIME = '500' DELAY_TIME1 = '1000' TP_ORDER_TIME_I = '300' MAX_ORDER_COUNT_I = '20' MSG_URL='http://e01api.fbs.com.tw/PortalTW/bulletin.htm' MSG_DELAY_TIME='10' MSG_HEIGHT='5000' MSG_WIDTH='8000' MSG_DATE='12/29/2014' TAIEMG_CACHE_HH='8' TAIEMG_CACHE_MM='35' TAIEMG_CACHE_DELAY_TIME='300'/></Result>
2021/4/20 下午 04:41:54(107028496) :  >> <?xml version='1.0' encoding='big5'?><Result Code='0' ServerTime='20210420-164154'>	
				<Data Code='0'>
					<Time>20210420-164154</Time>
				</Data>	
			</Result>
2021/4/20 下午 04:41:54(107028593) :  >> Server2Client_Set_F_ID : <?xml version='1.0' encoding='big5'?><Result Code='0' ServerTime='2021/04/20 16:41:54'><Error Code='0' FBF='FBF' TP_Equity_Position_TIME='60' TSE_OPEN='Y' TAIEMG_OPEN='N' FUTURE_OPEN='Y' SESSION_OPEN='N' IApi='Y' eLogin_CID='Y' TP_ORDER_TIME = '300' MAX_ORDER_COUNT = '100' CONTI_ORDER_TIME = '60' DELAY_TIME = '500' DELAY_TIME1 = '1000' TP_ORDER_TIME_I = '300' MAX_ORDER_COUNT_I = '20' MSG_URL='http://e01api.fbs.com.tw/PortalTW/bulletin.htm' MSG_DELAY_TIME='10' MSG_HEIGHT='5000' MSG_WIDTH='8000' MSG_DATE='12/29/2014' TAIEMG_CACHE_HH='8' TAIEMG_CACHE_MM='35' TAIEMG_CACHE_DELAY_TIME='300'/></Result>
2021/4/20 下午 04:41:54(107028808) :  >> [mem:] TP_Order_Time[300] Max_Order_Count[100] Conti_Order_Time[60] Delay_Time[500] Delay_Time1[1000] TP_EP_QUERY_TIME[20] TP_Order_Time_I[300] Max_Order_Count_I[20] Conti_Order_Time_I[60] Delay_Time_I[500] Delay_Time1_I[1000]
2021/4/20 下午 04:41:57(107031557) :  >> Server2Client_Set : <?xml version='1.0' encoding='big5'?><Result Code='0' ServerTime='2021/04/20 16:41:57'><Error Code='0' FBF='FBF' TP_Equity_Position_TIME='60' TSE_OPEN='Y' TAIEMG_OPEN='N' FUTURE_OPEN='Y' SESSION_OPEN='N' IApi='Y' eLogin_CID='Y' TP_ORDER_TIME = '300' MAX_ORDER_COUNT = '100' CONTI_ORDER_TIME = '60' DELAY_TIME = '500' DELAY_TIME1 = '1000' TP_ORDER_TIME_I = '300' MAX_ORDER_COUNT_I = '20' MSG_URL='http://e01api.fbs.com.tw/PortalTW/bulletin.htm' MSG_DELAY_TIME='10' MSG_HEIGHT='5000' MSG_WIDTH='8000' MSG_DATE='12/29/2014' TAIEMG_CACHE_HH='8' TAIEMG_CACHE_MM='35' TAIEMG_CACHE_DELAY_TIME='300'/></Result>
2021/4/20 下午 04:41:57(107031637) :  >> Server2Client_Set : <?xml version='1.0' encoding='big5'?><Result Code='0' ServerTime='2021/04/20 16:41:57'><Error Code='0' FBF='FBF' TP_Equity_Position_TIME='60' TSE_OPEN='Y' TAIEMG_OPEN='N' FUTURE_OPEN='Y' SESSION_OPEN='N' IApi='Y' eLogin_CID='Y' TP_ORDER_TIME = '300' MAX_ORDER_COUNT = '100' CONTI_ORDER_TIME = '60' DELAY_TIME = '500' DELAY_TIME1 = '1000' TP_ORDER_TIME_I = '300' MAX_ORDER_COUNT_I = '20' MSG_URL='http://e01api.fbs.com.tw/PortalTW/bulletin.htm' MSG_DELAY_TIME='10' MSG_HEIGHT='5000' MSG_WIDTH='8000' MSG_DATE='12/29/2014' TAIEMG_CACHE_HH='8' TAIEMG_CACHE_MM='35' TAIEMG_CACHE_DELAY_TIME='300'/></Result>
2021/4/20 下午 04:41:57(107031670) :  >> <?xml version='1.0' encoding='big5'?><Result Code='0' ServerTime='20210420-164157'>	
				<Data Code='0'>
					<Time>20210420-164157</Time>
				</Data>	
			</Result>
2021/4/20 下午 04:41:57(107031834) :  >> Server2Client_Set_F_ID : <?xml version='1.0' encoding='big5'?><Result Code='0' ServerTime='2021/04/20 16:41:57'><Error Code='0' FBF='FBF' TP_Equity_Position_TIME='60' TSE_OPEN='Y' TAIEMG_OPEN='N' FUTURE_OPEN='Y' SESSION_OPEN='N' IApi='Y' eLogin_CID='Y' TP_ORDER_TIME = '300' MAX_ORDER_COUNT = '100' CONTI_ORDER_TIME = '60' DELAY_TIME = '500' DELAY_TIME1 = '1000' TP_ORDER_TIME_I = '300' MAX_ORDER_COUNT_I = '20' MSG_URL='http://e01api.fbs.com.tw/PortalTW/bulletin.htm' MSG_DELAY_TIME='10' MSG_HEIGHT='5000' MSG_WIDTH='8000' MSG_DATE='12/29/2014' TAIEMG_CACHE_HH='8' TAIEMG_CACHE_MM='35' TAIEMG_CACHE_DELAY_TIME='300'/></Result>
2021/4/20 下午 04:41:58(107032107) :  >> [mem:] TP_Order_Time[300] Max_Order_Count[100] Conti_Order_Time[60] Delay_Time[500] Delay_Time1[1000] TP_EP_QUERY_TIME[20] TP_Order_Time_I[300] Max_Order_Count_I[20] Conti_Order_Time_I[60] Delay_Time_I[500] Delay_Time1_I[1000]
2021/4/20 下午 04:43:23(107117508) :  >> Server2Client_Set : <?xml version='1.0' encoding='big5'?><Result Code='0' ServerTime='2021/04/20 16:43:23'><Error Code='0' FBF='FBF' TP_Equity_Position_TIME='60' TSE_OPEN='Y' TAIEMG_OPEN='N' FUTURE_OPEN='Y' SESSION_OPEN='N' IApi='Y' eLogin_CID='Y' TP_ORDER_TIME = '300' MAX_ORDER_COUNT = '100' CONTI_ORDER_TIME = '60' DELAY_TIME = '500' DELAY_TIME1 = '1000' TP_ORDER_TIME_I = '300' MAX_ORDER_COUNT_I = '20' MSG_URL='http://e01api.fbs.com.tw/PortalTW/bulletin.htm' MSG_DELAY_TIME='10' MSG_HEIGHT='5000' MSG_WIDTH='8000' MSG_DATE='12/29/2014' TAIEMG_CACHE_HH='8' TAIEMG_CACHE_MM='35' TAIEMG_CACHE_DELAY_TIME='300'/></Result>
2021/4/20 下午 04:43:31(107125129) :  >> Server2Client_Set : <?xml version='1.0' encoding='big5'?><Result Code='0' ServerTime='2021/04/20 16:43:30'><Error Code='0' FBF='FBF' TP_Equity_Position_TIME='60' TSE_OPEN='Y' TAIEMG_OPEN='N' FUTURE_OPEN='Y' SESSION_OPEN='N' IApi='Y' eLogin_CID='Y' TP_ORDER_TIME = '300' MAX_ORDER_COUNT = '100' CONTI_ORDER_TIME = '60' DELAY_TIME = '500' DELAY_TIME1 = '1000' TP_ORDER_TIME_I = '300' MAX_ORDER_COUNT_I = '20' MSG_URL='http://e01api.fbs.com.tw/PortalTW/bulletin.htm' MSG_DELAY_TIME='10' MSG_HEIGHT='5000' MSG_WIDTH='8000' MSG_DATE='12/29/2014' TAIEMG_CACHE_HH='8' TAIEMG_CACHE_MM='35' TAIEMG_CACHE_DELAY_TIME='300'/></Result>
2021/4/20 下午 04:43:31(107125169) :  >> Server2Client_Set : <?xml version='1.0' encoding='big5'?><Result Code='0' ServerTime='2021/04/20 16:43:30'><Error Code='0' FBF='FBF' TP_Equity_Position_TIME='60' TSE_OPEN='Y' TAIEMG_OPEN='N' FUTURE_OPEN='Y' SESSION_OPEN='N' IApi='Y' eLogin_CID='Y' TP_ORDER_TIME = '300' MAX_ORDER_COUNT = '100' CONTI_ORDER_TIME = '60' DELAY_TIME = '500' DELAY_TIME1 = '1000' TP_ORDER_TIME_I = '300' MAX_ORDER_COUNT_I = '20' MSG_URL='http://e01api.fbs.com.tw/PortalTW/bulletin.htm' MSG_DELAY_TIME='10' MSG_HEIGHT='5000' MSG_WIDTH='8000' MSG_DATE='12/29/2014' TAIEMG_CACHE_HH='8' TAIEMG_CACHE_MM='35' TAIEMG_CACHE_DELAY_TIME='300'/></Result>
2021/4/20 下午 04:43:31(107125191) :  >> <?xml version='1.0' encoding='big5'?><Result Code='0' ServerTime='20210420-164330'>	
				<Data Code='0'>
					<Time>20210420-164330</Time>
				</Data>	
			</Result>
2021/4/20 下午 04:43:31(107125348) :  >> Server2Client_Set_F_ID : <?xml version='1.0' encoding='big5'?><Result Code='0' ServerTime='2021/04/20 16:43:30'><Error Code='0' FBF='FBF' TP_Equity_Position_TIME='60' TSE_OPEN='Y' TAIEMG_OPEN='N' FUTURE_OPEN='Y' SESSION_OPEN='N' IApi='Y' eLogin_CID='Y' TP_ORDER_TIME = '300' MAX_ORDER_COUNT = '100' CONTI_ORDER_TIME = '60' DELAY_TIME = '500' DELAY_TIME1 = '1000' TP_ORDER_TIME_I = '300' MAX_ORDER_COUNT_I = '20' MSG_URL='http://e01api.fbs.com.tw/PortalTW/bulletin.htm' MSG_DELAY_TIME='10' MSG_HEIGHT='5000' MSG_WIDTH='8000' MSG_DATE='12/29/2014' TAIEMG_CACHE_HH='8' TAIEMG_CACHE_MM='35' TAIEMG_CACHE_DELAY_TIME='300'/></Result>
2021/4/20 下午 04:43:32(107126329) :  >> [mem:] TP_Order_Time[300] Max_Order_Count[100] Conti_Order_Time[60] Delay_Time[500] Delay_Time1[1000] TP_EP_QUERY_TIME[20] TP_Order_Time_I[300] Max_Order_Count_I[20] Conti_Order_Time_I[60] Delay_Time_I[500] Delay_Time1_I[1000]
2021/4/20 下午 04:43:35(107129674) :  >> Server2Client_Set : <?xml version='1.0' encoding='big5'?><Result Code='0' ServerTime='2021/04/20 16:43:35'><Error Code='0' FBF='FBF' TP_Equity_Position_TIME='60' TSE_OPEN='Y' TAIEMG_OPEN='N' FUTURE_OPEN='Y' SESSION_OPEN='N' IApi='Y' eLogin_CID='Y' TP_ORDER_TIME = '300' MAX_ORDER_COUNT = '100' CONTI_ORDER_TIME = '60' DELAY_TIME = '500' DELAY_TIME1 = '1000' TP_ORDER_TIME_I = '300' MAX_ORDER_COUNT_I = '20' MSG_URL='http://e01api.fbs.com.tw/PortalTW/bulletin.htm' MSG_DELAY_TIME='10' MSG_HEIGHT='5000' MSG_WIDTH='8000' MSG_DATE='12/29/2014' TAIEMG_CACHE_HH='8' TAIEMG_CACHE_MM='35' TAIEMG_CACHE_DELAY_TIME='300'/></Result>
2021/4/20 下午 04:43:40(107134523) :  >> Server2Client_Set : <?xml version='1.0' encoding='big5'?><Result Code='0' ServerTime='2021/04/20 16:43:40'><Error Code='0' FBF='FBF' TP_Equity_Position_TIME='60' TSE_OPEN='Y' TAIEMG_OPEN='N' FUTURE_OPEN='Y' SESSION_OPEN='N' IApi='Y' eLogin_CID='Y' TP_ORDER_TIME = '300' MAX_ORDER_COUNT = '100' CONTI_ORDER_TIME = '60' DELAY_TIME = '500' DELAY_TIME1 = '1000' TP_ORDER_TIME_I = '300' MAX_ORDER_COUNT_I = '20' MSG_URL='http://e01api.fbs.com.tw/PortalTW/bulletin.htm' MSG_DELAY_TIME='10' MSG_HEIGHT='5000' MSG_WIDTH='8000' MSG_DATE='12/29/2014' TAIEMG_CACHE_HH='8' TAIEMG_CACHE_MM='35' TAIEMG_CACHE_DELAY_TIME='300'/></Result>
2021/4/20 下午 04:44:53(107207523) :  >> Server2Client_Set : <?xml version='1.0' encoding='big5'?><Result Code='0' ServerTime='2021/04/20 16:44:53'><Error Code='0' FBF='FBF' TP_Equity_Position_TIME='60' TSE_OPEN='Y' TAIEMG_OPEN='N' FUTURE_OPEN='Y' SESSION_OPEN='N' IApi='Y' eLogin_CID='Y' TP_ORDER_TIME = '300' MAX_ORDER_COUNT = '100' CONTI_ORDER_TIME = '60' DELAY_TIME = '500' DELAY_TIME1 = '1000' TP_ORDER_TIME_I = '300' MAX_ORDER_COUNT_I = '20' MSG_URL='http://e01api.fbs.com.tw/PortalTW/bulletin.htm' MSG_DELAY_TIME='10' MSG_HEIGHT='5000' MSG_WIDTH='8000' MSG_DATE='12/29/2014' TAIEMG_CACHE_HH='8' TAIEMG_CACHE_MM='35' TAIEMG_CACHE_DELAY_TIME='300'/></Result>
2021/4/20 下午 04:46:10(107284538) :  >> Server2Client_Set : <?xml version='1.0' encoding='big5'?><Result Code='0' ServerTime='2021/04/20 16:46:10'><Error Code='0' FBF='FBF' TP_Equity_Position_TIME='60' TSE_OPEN='Y' TAIEMG_OPEN='N' FUTURE_OPEN='Y' SESSION_OPEN='N' IApi='Y' eLogin_CID='Y' TP_ORDER_TIME = '300' MAX_ORDER_COUNT = '100' CONTI_ORDER_TIME = '60' DELAY_TIME = '500' DELAY_TIME1 = '1000' TP_ORDER_TIME_I = '300' MAX_ORDER_COUNT_I = '20' MSG_URL='http://e01api.fbs.com.tw/PortalTW/bulletin.htm' MSG_DELAY_TIME='10' MSG_HEIGHT='5000' MSG_WIDTH='8000' MSG_DATE='12/29/2014' TAIEMG_CACHE_HH='8' TAIEMG_CACHE_MM='35' TAIEMG_CACHE_DELAY_TIME='300'/></Result>
2021/4/20 下午 04:46:14(107288916) :  >> Server2Client_Set : <?xml version='1.0' encoding='big5'?><Result Code='0' ServerTime='2021/04/20 16:46:14'><Error Code='0' FBF='FBF' TP_Equity_Position_TIME='60' TSE_OPEN='Y' TAIEMG_OPEN='N' FUTURE_OPEN='Y' SESSION_OPEN='N' IApi='Y' eLogin_CID='Y' TP_ORDER_TIME = '300' MAX_ORDER_COUNT = '100' CONTI_ORDER_TIME = '60' DELAY_TIME = '500' DELAY_TIME1 = '1000' TP_ORDER_TIME_I = '300' MAX_ORDER_COUNT_I = '20' MSG_URL='http://e01api.fbs.com.tw/PortalTW/bulletin.htm' MSG_DELAY_TIME='10' MSG_HEIGHT='5000' MSG_WIDTH='8000' MSG_DATE='12/29/2014' TAIEMG_CACHE_HH='8' TAIEMG_CACHE_MM='35' TAIEMG_CACHE_DELAY_TIME='300'/></Result>
2021/4/20 下午 04:46:14(107288954) :  >> Server2Client_Set : <?xml version='1.0' encoding='big5'?><Result Code='0' ServerTime='2021/04/20 16:46:14'><Error Code='0' FBF='FBF' TP_Equity_Position_TIME='60' TSE_OPEN='Y' TAIEMG_OPEN='N' FUTURE_OPEN='Y' SESSION_OPEN='N' IApi='Y' eLogin_CID='Y' TP_ORDER_TIME = '300' MAX_ORDER_COUNT = '100' CONTI_ORDER_TIME = '60' DELAY_TIME = '500' DELAY_TIME1 = '1000' TP_ORDER_TIME_I = '300' MAX_ORDER_COUNT_I = '20' MSG_URL='http://e01api.fbs.com.tw/PortalTW/bulletin.htm' MSG_DELAY_TIME='10' MSG_HEIGHT='5000' MSG_WIDTH='8000' MSG_DATE='12/29/2014' TAIEMG_CACHE_HH='8' TAIEMG_CACHE_MM='35' TAIEMG_CACHE_DELAY_TIME='300'/></Result>
2021/4/20 下午 04:46:14(107288975) :  >> <?xml version='1.0' encoding='big5'?><Result Code='0' ServerTime='20210420-164614'>	
				<Data Code='0'>
					<Time>20210420-164614</Time>
				</Data>	
			</Result>
2021/4/20 下午 04:46:15(107289146) :  >> Server2Client_Set_F_ID : <?xml version='1.0' encoding='big5'?><Result Code='0' ServerTime='2021/04/20 16:46:14'><Error Code='0' FBF='FBF' TP_Equity_Position_TIME='60' TSE_OPEN='Y' TAIEMG_OPEN='N' FUTURE_OPEN='Y' SESSION_OPEN='N' IApi='Y' eLogin_CID='Y' TP_ORDER_TIME = '300' MAX_ORDER_COUNT = '100' CONTI_ORDER_TIME = '60' DELAY_TIME = '500' DELAY_TIME1 = '1000' TP_ORDER_TIME_I = '300' MAX_ORDER_COUNT_I = '20' MSG_URL='http://e01api.fbs.com.tw/PortalTW/bulletin.htm' MSG_DELAY_TIME='10' MSG_HEIGHT='5000' MSG_WIDTH='8000' MSG_DATE='12/29/2014' TAIEMG_CACHE_HH='8' TAIEMG_CACHE_MM='35' TAIEMG_CACHE_DELAY_TIME='300'/></Result>
2021/4/20 下午 04:46:15(107289388) :  >> [mem:] TP_Order_Time[300] Max_Order_Count[100] Conti_Order_Time[60] Delay_Time[500] Delay_Time1[1000] TP_EP_QUERY_TIME[20] TP_Order_Time_I[300] Max_Order_Count_I[20] Conti_Order_Time_I[60] Delay_Time_I[500] Delay_Time1_I[1000]
2021/4/20 下午 04:47:03(107337178) :  >> Server2Client_Set : <?xml version='1.0' encoding='big5'?><Result Code='0' ServerTime='2021/04/20 16:47:02'><Error Code='0' FBF='FBF' TP_Equity_Position_TIME='60' TSE_OPEN='Y' TAIEMG_OPEN='N' FUTURE_OPEN='Y' SESSION_OPEN='N' IApi='Y' eLogin_CID='Y' TP_ORDER_TIME = '300' MAX_ORDER_COUNT = '100' CONTI_ORDER_TIME = '60' DELAY_TIME = '500' DELAY_TIME1 = '1000' TP_ORDER_TIME_I = '300' MAX_ORDER_COUNT_I = '20' MSG_URL='http://e01api.fbs.com.tw/PortalTW/bulletin.htm' MSG_DELAY_TIME='10' MSG_HEIGHT='5000' MSG_WIDTH='8000' MSG_DATE='12/29/2014' TAIEMG_CACHE_HH='8' TAIEMG_CACHE_MM='35' TAIEMG_CACHE_DELAY_TIME='300'/></Result>
2021/4/20 下午 04:47:12(107346403) :  >> Server2Client_Set : <?xml version='1.0' encoding='big5'?><Result Code='0' ServerTime='2021/04/20 16:47:12'><Error Code='0' FBF='FBF' TP_Equity_Position_TIME='60' TSE_OPEN='Y' TAIEMG_OPEN='N' FUTURE_OPEN='Y' SESSION_OPEN='N' IApi='Y' eLogin_CID='Y' TP_ORDER_TIME = '300' MAX_ORDER_COUNT = '100' CONTI_ORDER_TIME = '60' DELAY_TIME = '500' DELAY_TIME1 = '1000' TP_ORDER_TIME_I = '300' MAX_ORDER_COUNT_I = '20' MSG_URL='http://e01api.fbs.com.tw/PortalTW/bulletin.htm' MSG_DELAY_TIME='10' MSG_HEIGHT='5000' MSG_WIDTH='8000' MSG_DATE='12/29/2014' TAIEMG_CACHE_HH='8' TAIEMG_CACHE_MM='35' TAIEMG_CACHE_DELAY_TIME='300'/></Result>
2021/4/20 下午 04:47:12(107346435) :  >> Server2Client_Set : <?xml version='1.0' encoding='big5'?><Result Code='0' ServerTime='2021/04/20 16:47:12'><Error Code='0' FBF='FBF' TP_Equity_Position_TIME='60' TSE_OPEN='Y' TAIEMG_OPEN='N' FUTURE_OPEN='Y' SESSION_OPEN='N' IApi='Y' eLogin_CID='Y' TP_ORDER_TIME = '300' MAX_ORDER_COUNT = '100' CONTI_ORDER_TIME = '60' DELAY_TIME = '500' DELAY_TIME1 = '1000' TP_ORDER_TIME_I = '300' MAX_ORDER_COUNT_I = '20' MSG_URL='http://e01api.fbs.com.tw/PortalTW/bulletin.htm' MSG_DELAY_TIME='10' MSG_HEIGHT='5000' MSG_WIDTH='8000' MSG_DATE='12/29/2014' TAIEMG_CACHE_HH='8' TAIEMG_CACHE_MM='35' TAIEMG_CACHE_DELAY_TIME='300'/></Result>
2021/4/20 下午 04:47:12(107346455) :  >> <?xml version='1.0' encoding='big5'?><Result Code='0' ServerTime='20210420-164712'>	
				<Data Code='0'>
					<Time>20210420-164712</Time>
				</Data>	
			</Result>
2021/4/20 下午 04:47:12(107346574) :  >> Server2Client_Set_F_ID : <?xml version='1.0' encoding='big5'?><Result Code='0' ServerTime='2021/04/20 16:47:12'><Error Code='0' FBF='FBF' TP_Equity_Position_TIME='60' TSE_OPEN='Y' TAIEMG_OPEN='N' FUTURE_OPEN='Y' SESSION_OPEN='N' IApi='Y' eLogin_CID='Y' TP_ORDER_TIME = '300' MAX_ORDER_COUNT = '100' CONTI_ORDER_TIME = '60' DELAY_TIME = '500' DELAY_TIME1 = '1000' TP_ORDER_TIME_I = '300' MAX_ORDER_COUNT_I = '20' MSG_URL='http://e01api.fbs.com.tw/PortalTW/bulletin.htm' MSG_DELAY_TIME='10' MSG_HEIGHT='5000' MSG_WIDTH='8000' MSG_DATE='12/29/2014' TAIEMG_CACHE_HH='8' TAIEMG_CACHE_MM='35' TAIEMG_CACHE_DELAY_TIME='300'/></Result>
2021/4/20 下午 04:47:12(107346800) :  >> [mem:] TP_Order_Time[300] Max_Order_Count[100] Conti_Order_Time[60] Delay_Time[500] Delay_Time1[1000] TP_EP_QUERY_TIME[20] TP_Order_Time_I[300] Max_Order_Count_I[20] Conti_Order_Time_I[60] Delay_Time_I[500] Delay_Time1_I[1000]
2021/4/20 下午 05:00:34(108148797) :  >> Server2Client_Set : <?xml version='1.0' encoding='big5'?><Result Code='0' ServerTime='2021/04/20 17:00:34'><Error Code='0' FBF='FBF' TP_Equity_Position_TIME='60' TSE_OPEN='Y' TAIEMG_OPEN='N' FUTURE_OPEN='Y' SESSION_OPEN='N' IApi='Y' eLogin_CID='Y' TP_ORDER_TIME = '300' MAX_ORDER_COUNT = '100' CONTI_ORDER_TIME = '60' DELAY_TIME = '500' DELAY_TIME1 = '1000' TP_ORDER_TIME_I = '300' MAX_ORDER_COUNT_I = '20' MSG_URL='http://e01api.fbs.com.tw/PortalTW/bulletin.htm' MSG_DELAY_TIME='10' MSG_HEIGHT='5000' MSG_WIDTH='8000' MSG_DATE='12/29/2014' TAIEMG_CACHE_HH='8' TAIEMG_CACHE_MM='35' TAIEMG_CACHE_DELAY_TIME='300'/></Result>
2021/4/20 下午 05:00:57(108172092) :  >> Server2Client_Set : <?xml version='1.0' encoding='big5'?><Result Code='0' ServerTime='2021/04/20 17:00:57'><Error Code='0' FBF='FBF' TP_Equity_Position_TIME='60' TSE_OPEN='Y' TAIEMG_OPEN='N' FUTURE_OPEN='Y' SESSION_OPEN='N' IApi='Y' eLogin_CID='Y' TP_ORDER_TIME = '300' MAX_ORDER_COUNT = '100' CONTI_ORDER_TIME = '60' DELAY_TIME = '500' DELAY_TIME1 = '1000' TP_ORDER_TIME_I = '300' MAX_ORDER_COUNT_I = '20' MSG_URL='http://e01api.fbs.com.tw/PortalTW/bulletin.htm' MSG_DELAY_TIME='10' MSG_HEIGHT='5000' MSG_WIDTH='8000' MSG_DATE='12/29/2014' TAIEMG_CACHE_HH='8' TAIEMG_CACHE_MM='35' TAIEMG_CACHE_DELAY_TIME='300'/></Result>
2021/4/20 下午 05:00:57(108172128) :  >> Server2Client_Set : <?xml version='1.0' encoding='big5'?><Result Code='0' ServerTime='2021/04/20 17:00:57'><Error Code='0' FBF='FBF' TP_Equity_Position_TIME='60' TSE_OPEN='Y' TAIEMG_OPEN='N' FUTURE_OPEN='Y' SESSION_OPEN='N' IApi='Y' eLogin_CID='Y' TP_ORDER_TIME = '300' MAX_ORDER_COUNT = '100' CONTI_ORDER_TIME = '60' DELAY_TIME = '500' DELAY_TIME1 = '1000' TP_ORDER_TIME_I = '300' MAX_ORDER_COUNT_I = '20' MSG_URL='http://e01api.fbs.com.tw/PortalTW/bulletin.htm' MSG_DELAY_TIME='10' MSG_HEIGHT='5000' MSG_WIDTH='8000' MSG_DATE='12/29/2014' TAIEMG_CACHE_HH='8' TAIEMG_CACHE_MM='35' TAIEMG_CACHE_DELAY_TIME='300'/></Result>
2021/4/20 下午 05:00:57(108172152) :  >> <?xml version='1.0' encoding='big5'?><Result Code='0' ServerTime='20210420-170057'>	
				<Data Code='0'>
					<Time>20210420-170057</Time>
				</Data>	
			</Result>
2021/4/20 下午 05:00:57(108172300) :  >> Server2Client_Set_F_ID : <?xml version='1.0' encoding='big5'?><Result Code='0' ServerTime='2021/04/20 17:00:57'><Error Code='0' FBF='FBF' TP_Equity_Position_TIME='60' TSE_OPEN='Y' TAIEMG_OPEN='N' FUTURE_OPEN='Y' SESSION_OPEN='N' IApi='Y' eLogin_CID='Y' TP_ORDER_TIME = '300' MAX_ORDER_COUNT = '100' CONTI_ORDER_TIME = '60' DELAY_TIME = '500' DELAY_TIME1 = '1000' TP_ORDER_TIME_I = '300' MAX_ORDER_COUNT_I = '20' MSG_URL='http://e01api.fbs.com.tw/PortalTW/bulletin.htm' MSG_DELAY_TIME='10' MSG_HEIGHT='5000' MSG_WIDTH='8000' MSG_DATE='12/29/2014' TAIEMG_CACHE_HH='8' TAIEMG_CACHE_MM='35' TAIEMG_CACHE_DELAY_TIME='300'/></Result>
2021/4/20 下午 05:00:58(108172555) :  >> [mem:] TP_Order_Time[300] Max_Order_Count[100] Conti_Order_Time[60] Delay_Time[500] Delay_Time1[1000] TP_EP_QUERY_TIME[20] TP_Order_Time_I[300] Max_Order_Count_I[20] Conti_Order_Time_I[60] Delay_Time_I[500] Delay_Time1_I[1000]
2021/4/20 下午 05:01:10(108184509) :  >> Server2Client_Set : <?xml version='1.0' encoding='big5'?><Result Code='0' ServerTime='2021/04/20 17:01:10'><Error Code='0' FBF='FBF' TP_Equity_Position_TIME='60' TSE_OPEN='Y' TAIEMG_OPEN='N' FUTURE_OPEN='Y' SESSION_OPEN='N' IApi='Y' eLogin_CID='Y' TP_ORDER_TIME = '300' MAX_ORDER_COUNT = '100' CONTI_ORDER_TIME = '60' DELAY_TIME = '500' DELAY_TIME1 = '1000' TP_ORDER_TIME_I = '300' MAX_ORDER_COUNT_I = '20' MSG_URL='http://e01api.fbs.com.tw/PortalTW/bulletin.htm' MSG_DELAY_TIME='10' MSG_HEIGHT='5000' MSG_WIDTH='8000' MSG_DATE='12/29/2014' TAIEMG_CACHE_HH='8' TAIEMG_CACHE_MM='35' TAIEMG_CACHE_DELAY_TIME='300'/></Result>
2021/4/20 下午 05:01:10(108184548) :  >> Server2Client_Set : <?xml version='1.0' encoding='big5'?><Result Code='0' ServerTime='2021/04/20 17:01:10'><Error Code='0' FBF='FBF' TP_Equity_Position_TIME='60' TSE_OPEN='Y' TAIEMG_OPEN='N' FUTURE_OPEN='Y' SESSION_OPEN='N' IApi='Y' eLogin_CID='Y' TP_ORDER_TIME = '300' MAX_ORDER_COUNT = '100' CONTI_ORDER_TIME = '60' DELAY_TIME = '500' DELAY_TIME1 = '1000' TP_ORDER_TIME_I = '300' MAX_ORDER_COUNT_I = '20' MSG_URL='http://e01api.fbs.com.tw/PortalTW/bulletin.htm' MSG_DELAY_TIME='10' MSG_HEIGHT='5000' MSG_WIDTH='8000' MSG_DATE='12/29/2014' TAIEMG_CACHE_HH='8' TAIEMG_CACHE_MM='35' TAIEMG_CACHE_DELAY_TIME='300'/></Result>
2021/4/20 下午 05:01:10(108184571) :  >> <?xml version='1.0' encoding='big5'?><Result Code='0' ServerTime='20210420-170110'>	
				<Data Code='0'>
					<Time>20210420-170110</Time>
				</Data>	
			</Result>
2021/4/20 下午 05:01:10(108184709) :  >> Server2Client_Set_F_ID : <?xml version='1.0' encoding='big5'?><Result Code='0' ServerTime='2021/04/20 17:01:10'><Error Code='0' FBF='FBF' TP_Equity_Position_TIME='60' TSE_OPEN='Y' TAIEMG_OPEN='N' FUTURE_OPEN='Y' SESSION_OPEN='N' IApi='Y' eLogin_CID='Y' TP_ORDER_TIME = '300' MAX_ORDER_COUNT = '100' CONTI_ORDER_TIME = '60' DELAY_TIME = '500' DELAY_TIME1 = '1000' TP_ORDER_TIME_I = '300' MAX_ORDER_COUNT_I = '20' MSG_URL='http://e01api.fbs.com.tw/PortalTW/bulletin.htm' MSG_DELAY_TIME='10' MSG_HEIGHT='5000' MSG_WIDTH='8000' MSG_DATE='12/29/2014' TAIEMG_CACHE_HH='8' TAIEMG_CACHE_MM='35' TAIEMG_CACHE_DELAY_TIME='300'/></Result>
2021/4/20 下午 05:01:10(108185051) :  >> [mem:] TP_Order_Time[300] Max_Order_Count[100] Conti_Order_Time[60] Delay_Time[500] Delay_Time1[1000] TP_EP_QUERY_TIME[20] TP_Order_Time_I[300] Max_Order_Count_I[20] Conti_Order_Time_I[60] Delay_Time_I[500] Delay_Time1_I[1000]
2021/4/20 下午 06:21:20(112995024) :  >> Server2Client_Set : <?xml version='1.0' encoding='big5'?><Result Code='0' ServerTime='2021/04/20 18:21:20'><Error Code='0' FBF='FBF' TP_Equity_Position_TIME='60' TSE_OPEN='Y' TAIEMG_OPEN='N' FUTURE_OPEN='Y' SESSION_OPEN='N' IApi='Y' eLogin_CID='Y' TP_ORDER_TIME = '300' MAX_ORDER_COUNT = '100' CONTI_ORDER_TIME = '60' DELAY_TIME = '500' DELAY_TIME1 = '1000' TP_ORDER_TIME_I = '300' MAX_ORDER_COUNT_I = '20' MSG_URL='http://e01api.fbs.com.tw/PortalTW/bulletin.htm' MSG_DELAY_TIME='10' MSG_HEIGHT='5000' MSG_WIDTH='8000' MSG_DATE='12/29/2014' TAIEMG_CACHE_HH='8' TAIEMG_CACHE_MM='35' TAIEMG_CACHE_DELAY_TIME='300'/></Result>
