2021/4/19 上午 11:45:57(2867945) :  >> Server2Client_Set : <?xml version='1.0' encoding='big5'?><Result Code='0' ServerTime='2021/04/19 11:45:56'><Error Code='0' FBF='FBF' TP_Equity_Position_TIME='60' TSE_OPEN='Y' TAIEMG_OPEN='N' FUTURE_OPEN='Y' SESSION_OPEN='N' IApi='Y' eLogin_CID='Y' TP_ORDER_TIME = '300' MAX_ORDER_COUNT = '100' CONTI_ORDER_TIME = '60' DELAY_TIME = '500' DELAY_TIME1 = '1000' TP_ORDER_TIME_I = '300' MAX_ORDER_COUNT_I = '20' MSG_URL='http://e01api.fbs.com.tw/PortalTW/bulletin.htm' MSG_DELAY_TIME='10' MSG_HEIGHT='5000' MSG_WIDTH='8000' MSG_DATE='12/29/2014' TAIEMG_CACHE_HH='8' TAIEMG_CACHE_MM='35' TAIEMG_CACHE_DELAY_TIME='300'/></Result>
2021/4/19 上午 11:46:07(2878170) :  >> Server2Client_Set : <?xml version='1.0' encoding='big5'?><Result Code='0' ServerTime='2021/04/19 11:46:07'><Error Code='0' FBF='FBF' TP_Equity_Position_TIME='60' TSE_OPEN='Y' TAIEMG_OPEN='N' FUTURE_OPEN='Y' SESSION_OPEN='N' IApi='Y' eLogin_CID='Y' TP_ORDER_TIME = '300' MAX_ORDER_COUNT = '100' CONTI_ORDER_TIME = '60' DELAY_TIME = '500' DELAY_TIME1 = '1000' TP_ORDER_TIME_I = '300' MAX_ORDER_COUNT_I = '20' MSG_URL='http://e01api.fbs.com.tw/PortalTW/bulletin.htm' MSG_DELAY_TIME='10' MSG_HEIGHT='5000' MSG_WIDTH='8000' MSG_DATE='12/29/2014' TAIEMG_CACHE_HH='8' TAIEMG_CACHE_MM='35' TAIEMG_CACHE_DELAY_TIME='300'/></Result>
2021/4/19 上午 11:46:07(2878209) :  >> <?xml version='1.0' encoding='big5'?><Result Code='0' ServerTime='20210419-114607'>	
				<Data Code='0'>
					<Time>20210419-114607</Time>
				</Data>	
			</Result>
2021/4/19 上午 11:46:07(2878360) :  >> Server2Client_Set_F_ID : <?xml version='1.0' encoding='big5'?><Result Code='0' ServerTime='2021/04/19 11:46:07'><Error Code='0' FBF='FBF' TP_Equity_Position_TIME='60' TSE_OPEN='Y' TAIEMG_OPEN='N' FUTURE_OPEN='Y' SESSION_OPEN='N' IApi='Y' eLogin_CID='Y' TP_ORDER_TIME = '300' MAX_ORDER_COUNT = '100' CONTI_ORDER_TIME = '60' DELAY_TIME = '500' DELAY_TIME1 = '1000' TP_ORDER_TIME_I = '300' MAX_ORDER_COUNT_I = '20' MSG_URL='http://e01api.fbs.com.tw/PortalTW/bulletin.htm' MSG_DELAY_TIME='10' MSG_HEIGHT='5000' MSG_WIDTH='8000' MSG_DATE='12/29/2014' TAIEMG_CACHE_HH='8' TAIEMG_CACHE_MM='35' TAIEMG_CACHE_DELAY_TIME='300'/></Result>
2021/4/19 上午 11:46:07(2878645) :  >> [mem:] TP_Order_Time[300] Max_Order_Count[100] Conti_Order_Time[60] Delay_Time[500] Delay_Time1[1000] TP_EP_QUERY_TIME[20] TP_Order_Time_I[300] Max_Order_Count_I[20] Conti_Order_Time_I[60] Delay_Time_I[500] Delay_Time1_I[1000]
2021/4/19 上午 11:52:33(3263880) :  >> Server2Client_Set : <?xml version='1.0' encoding='big5'?><Result Code='0' ServerTime='2021/04/19 11:52:33'><Error Code='0' FBF='FBF' TP_Equity_Position_TIME='60' TSE_OPEN='Y' TAIEMG_OPEN='N' FUTURE_OPEN='Y' SESSION_OPEN='N' IApi='Y' eLogin_CID='Y' TP_ORDER_TIME = '300' MAX_ORDER_COUNT = '100' CONTI_ORDER_TIME = '60' DELAY_TIME = '500' DELAY_TIME1 = '1000' TP_ORDER_TIME_I = '300' MAX_ORDER_COUNT_I = '20' MSG_URL='http://e01api.fbs.com.tw/PortalTW/bulletin.htm' MSG_DELAY_TIME='10' MSG_HEIGHT='5000' MSG_WIDTH='8000' MSG_DATE='12/29/2014' TAIEMG_CACHE_HH='8' TAIEMG_CACHE_MM='35' TAIEMG_CACHE_DELAY_TIME='300'/></Result>
2021/4/19 上午 11:52:50(3280845) :  >> Server2Client_Set : <?xml version='1.0' encoding='big5'?><Result Code='0' ServerTime='2021/04/19 11:52:49'><Error Code='0' FBF='FBF' TP_Equity_Position_TIME='60' TSE_OPEN='Y' TAIEMG_OPEN='N' FUTURE_OPEN='Y' SESSION_OPEN='N' IApi='Y' eLogin_CID='Y' TP_ORDER_TIME = '300' MAX_ORDER_COUNT = '100' CONTI_ORDER_TIME = '60' DELAY_TIME = '500' DELAY_TIME1 = '1000' TP_ORDER_TIME_I = '300' MAX_ORDER_COUNT_I = '20' MSG_URL='http://e01api.fbs.com.tw/PortalTW/bulletin.htm' MSG_DELAY_TIME='10' MSG_HEIGHT='5000' MSG_WIDTH='8000' MSG_DATE='12/29/2014' TAIEMG_CACHE_HH='8' TAIEMG_CACHE_MM='35' TAIEMG_CACHE_DELAY_TIME='300'/></Result>
2021/4/19 上午 11:52:50(3280913) :  >> <?xml version='1.0' encoding='big5'?><Result Code='0' ServerTime='20210419-115250'>	
				<Data Code='0'>
					<Time>20210419-115250</Time>
				</Data>	
			</Result>
2021/4/19 上午 11:52:50(3281106) :  >> Server2Client_Set_F_ID : <?xml version='1.0' encoding='big5'?><Result Code='0' ServerTime='2021/04/19 11:52:50'><Error Code='0' FBF='FBF' TP_Equity_Position_TIME='60' TSE_OPEN='Y' TAIEMG_OPEN='N' FUTURE_OPEN='Y' SESSION_OPEN='N' IApi='Y' eLogin_CID='Y' TP_ORDER_TIME = '300' MAX_ORDER_COUNT = '100' CONTI_ORDER_TIME = '60' DELAY_TIME = '500' DELAY_TIME1 = '1000' TP_ORDER_TIME_I = '300' MAX_ORDER_COUNT_I = '20' MSG_URL='http://e01api.fbs.com.tw/PortalTW/bulletin.htm' MSG_DELAY_TIME='10' MSG_HEIGHT='5000' MSG_WIDTH='8000' MSG_DATE='12/29/2014' TAIEMG_CACHE_HH='8' TAIEMG_CACHE_MM='35' TAIEMG_CACHE_DELAY_TIME='300'/></Result>
2021/4/19 上午 11:52:51(3282170) :  >> [mem:] TP_Order_Time[300] Max_Order_Count[100] Conti_Order_Time[60] Delay_Time[500] Delay_Time1[1000] TP_EP_QUERY_TIME[20] TP_Order_Time_I[300] Max_Order_Count_I[20] Conti_Order_Time_I[60] Delay_Time_I[500] Delay_Time1_I[1000]
2021/4/19 上午 11:53:51(3341686) :  >> Server2Client_Set : <?xml version='1.0' encoding='big5'?><Result Code='0' ServerTime='2021/04/19 11:53:50'><Error Code='0' FBF='FBF' TP_Equity_Position_TIME='60' TSE_OPEN='Y' TAIEMG_OPEN='N' FUTURE_OPEN='Y' SESSION_OPEN='N' IApi='Y' eLogin_CID='Y' TP_ORDER_TIME = '300' MAX_ORDER_COUNT = '100' CONTI_ORDER_TIME = '60' DELAY_TIME = '500' DELAY_TIME1 = '1000' TP_ORDER_TIME_I = '300' MAX_ORDER_COUNT_I = '20' MSG_URL='http://e01api.fbs.com.tw/PortalTW/bulletin.htm' MSG_DELAY_TIME='10' MSG_HEIGHT='5000' MSG_WIDTH='8000' MSG_DATE='12/29/2014' TAIEMG_CACHE_HH='8' TAIEMG_CACHE_MM='35' TAIEMG_CACHE_DELAY_TIME='300'/></Result>
2021/4/19 上午 11:54:20(3371148) :  >> Server2Client_Set : <?xml version='1.0' encoding='big5'?><Result Code='0' ServerTime='2021/04/19 11:54:20'><Error Code='0' FBF='FBF' TP_Equity_Position_TIME='60' TSE_OPEN='Y' TAIEMG_OPEN='N' FUTURE_OPEN='Y' SESSION_OPEN='N' IApi='Y' eLogin_CID='Y' TP_ORDER_TIME = '300' MAX_ORDER_COUNT = '100' CONTI_ORDER_TIME = '60' DELAY_TIME = '500' DELAY_TIME1 = '1000' TP_ORDER_TIME_I = '300' MAX_ORDER_COUNT_I = '20' MSG_URL='http://e01api.fbs.com.tw/PortalTW/bulletin.htm' MSG_DELAY_TIME='10' MSG_HEIGHT='5000' MSG_WIDTH='8000' MSG_DATE='12/29/2014' TAIEMG_CACHE_HH='8' TAIEMG_CACHE_MM='35' TAIEMG_CACHE_DELAY_TIME='300'/></Result>
2021/4/19 上午 11:54:20(3371200) :  >> <?xml version='1.0' encoding='big5'?><Result Code='0' ServerTime='20210419-115420'>	
				<Data Code='0'>
					<Time>20210419-115420</Time>
				</Data>	
			</Result>
2021/4/19 上午 11:54:20(3371304) :  >> Server2Client_Set_F_ID : <?xml version='1.0' encoding='big5'?><Result Code='0' ServerTime='2021/04/19 11:54:20'><Error Code='0' FBF='FBF' TP_Equity_Position_TIME='60' TSE_OPEN='Y' TAIEMG_OPEN='N' FUTURE_OPEN='Y' SESSION_OPEN='N' IApi='Y' eLogin_CID='Y' TP_ORDER_TIME = '300' MAX_ORDER_COUNT = '100' CONTI_ORDER_TIME = '60' DELAY_TIME = '500' DELAY_TIME1 = '1000' TP_ORDER_TIME_I = '300' MAX_ORDER_COUNT_I = '20' MSG_URL='http://e01api.fbs.com.tw/PortalTW/bulletin.htm' MSG_DELAY_TIME='10' MSG_HEIGHT='5000' MSG_WIDTH='8000' MSG_DATE='12/29/2014' TAIEMG_CACHE_HH='8' TAIEMG_CACHE_MM='35' TAIEMG_CACHE_DELAY_TIME='300'/></Result>
2021/4/19 上午 11:54:20(3371625) :  >> [mem:] TP_Order_Time[300] Max_Order_Count[100] Conti_Order_Time[60] Delay_Time[500] Delay_Time1[1000] TP_EP_QUERY_TIME[20] TP_Order_Time_I[300] Max_Order_Count_I[20] Conti_Order_Time_I[60] Delay_Time_I[500] Delay_Time1_I[1000]
2021/4/19 下午 01:13:19(8112922) :  >> Server2Client_Set : <?xml version='1.0' encoding='big5'?><Result Code='0' ServerTime='2021/04/19 13:13:21'><Error Code='0' FBF='FBF' TP_Equity_Position_TIME='60' TSE_OPEN='Y' TAIEMG_OPEN='N' FUTURE_OPEN='Y' SESSION_OPEN='N' IApi='Y' eLogin_CID='Y' TP_ORDER_TIME = '300' MAX_ORDER_COUNT = '100' CONTI_ORDER_TIME = '60' DELAY_TIME = '500' DELAY_TIME1 = '1000' TP_ORDER_TIME_I = '300' MAX_ORDER_COUNT_I = '20' MSG_URL='http://e01api.fbs.com.tw/PortalTW/bulletin.htm' MSG_DELAY_TIME='10' MSG_HEIGHT='5000' MSG_WIDTH='8000' MSG_DATE='12/29/2014' TAIEMG_CACHE_HH='8' TAIEMG_CACHE_MM='35' TAIEMG_CACHE_DELAY_TIME='300'/></Result>
2021/4/19 下午 01:13:19(8112997) :  >> <?xml version='1.0' encoding='big5'?><Result Code='0' ServerTime='20210419-131321'>	
				<Data Code='0'>
					<Time>20210419-131321</Time>
				</Data>	
			</Result>
2021/4/19 下午 01:13:19(8113078) :  >> Server2Client_Set_F_ID : <?xml version='1.0' encoding='big5'?><Result Code='0' ServerTime='2021/04/19 13:13:22'><Error Code='0' FBF='FBF' TP_Equity_Position_TIME='60' TSE_OPEN='Y' TAIEMG_OPEN='N' FUTURE_OPEN='Y' SESSION_OPEN='N' IApi='Y' eLogin_CID='Y' TP_ORDER_TIME = '300' MAX_ORDER_COUNT = '100' CONTI_ORDER_TIME = '60' DELAY_TIME = '500' DELAY_TIME1 = '1000' TP_ORDER_TIME_I = '300' MAX_ORDER_COUNT_I = '20' MSG_URL='http://e01api.fbs.com.tw/PortalTW/bulletin.htm' MSG_DELAY_TIME='10' MSG_HEIGHT='5000' MSG_WIDTH='8000' MSG_DATE='12/29/2014' TAIEMG_CACHE_HH='8' TAIEMG_CACHE_MM='35' TAIEMG_CACHE_DELAY_TIME='300'/></Result>
2021/4/19 下午 01:13:20(8114057) :  >> [mem:] TP_Order_Time[300] Max_Order_Count[100] Conti_Order_Time[60] Delay_Time[500] Delay_Time1[1000] TP_EP_QUERY_TIME[20] TP_Order_Time_I[300] Max_Order_Count_I[20] Conti_Order_Time_I[60] Delay_Time_I[500] Delay_Time1_I[1000]
2021/4/19 下午 02:23:12(12303180) :  >> Server2Client_Set : <?xml version='1.0' encoding='big5'?><Result Code='0' ServerTime='2021/04/19 14:23:11'><Error Code='0' FBF='FBF' TP_Equity_Position_TIME='60' TSE_OPEN='Y' TAIEMG_OPEN='N' FUTURE_OPEN='Y' SESSION_OPEN='N' IApi='Y' eLogin_CID='Y' TP_ORDER_TIME = '300' MAX_ORDER_COUNT = '100' CONTI_ORDER_TIME = '60' DELAY_TIME = '500' DELAY_TIME1 = '1000' TP_ORDER_TIME_I = '300' MAX_ORDER_COUNT_I = '20' MSG_URL='http://e01api.fbs.com.tw/PortalTW/bulletin.htm' MSG_DELAY_TIME='10' MSG_HEIGHT='5000' MSG_WIDTH='8000' MSG_DATE='12/29/2014' TAIEMG_CACHE_HH='8' TAIEMG_CACHE_MM='35' TAIEMG_CACHE_DELAY_TIME='300'/></Result>
2021/4/19 下午 02:23:12(12303248) :  >> <?xml version='1.0' encoding='big5'?><Result Code='0' ServerTime='20210419-142311'>	
				<Data Code='0'>
					<Time>20210419-142311</Time>
				</Data>	
			</Result>
2021/4/19 下午 02:23:29(12320072) :  >> Server2Client_Set : <?xml version='1.0' encoding='big5'?><Result Code='0' ServerTime='2021/04/19 14:23:28'><Error Code='0' FBF='FBF' TP_Equity_Position_TIME='60' TSE_OPEN='Y' TAIEMG_OPEN='N' FUTURE_OPEN='Y' SESSION_OPEN='N' IApi='Y' eLogin_CID='Y' TP_ORDER_TIME = '300' MAX_ORDER_COUNT = '100' CONTI_ORDER_TIME = '60' DELAY_TIME = '500' DELAY_TIME1 = '1000' TP_ORDER_TIME_I = '300' MAX_ORDER_COUNT_I = '20' MSG_URL='http://e01api.fbs.com.tw/PortalTW/bulletin.htm' MSG_DELAY_TIME='10' MSG_HEIGHT='5000' MSG_WIDTH='8000' MSG_DATE='12/29/2014' TAIEMG_CACHE_HH='8' TAIEMG_CACHE_MM='35' TAIEMG_CACHE_DELAY_TIME='300'/></Result>
2021/4/19 下午 02:23:29(12320120) :  >> <?xml version='1.0' encoding='big5'?><Result Code='0' ServerTime='20210419-142328'>	
				<Data Code='0'>
					<Time>20210419-142328</Time>
				</Data>	
			</Result>
2021/4/19 下午 02:23:29(12320205) :  >> Server2Client_Set_F_ID : <?xml version='1.0' encoding='big5'?><Result Code='0' ServerTime='2021/04/19 14:23:28'><Error Code='0' FBF='FBF' TP_Equity_Position_TIME='60' TSE_OPEN='Y' TAIEMG_OPEN='N' FUTURE_OPEN='Y' SESSION_OPEN='N' IApi='Y' eLogin_CID='Y' TP_ORDER_TIME = '300' MAX_ORDER_COUNT = '100' CONTI_ORDER_TIME = '60' DELAY_TIME = '500' DELAY_TIME1 = '1000' TP_ORDER_TIME_I = '300' MAX_ORDER_COUNT_I = '20' MSG_URL='http://e01api.fbs.com.tw/PortalTW/bulletin.htm' MSG_DELAY_TIME='10' MSG_HEIGHT='5000' MSG_WIDTH='8000' MSG_DATE='12/29/2014' TAIEMG_CACHE_HH='8' TAIEMG_CACHE_MM='35' TAIEMG_CACHE_DELAY_TIME='300'/></Result>
2021/4/19 下午 02:23:29(12320393) :  >> [mem:] TP_Order_Time[300] Max_Order_Count[100] Conti_Order_Time[60] Delay_Time[500] Delay_Time1[1000] TP_EP_QUERY_TIME[20] TP_Order_Time_I[300] Max_Order_Count_I[20] Conti_Order_Time_I[60] Delay_Time_I[500] Delay_Time1_I[1000]
2021/4/19 下午 02:23:43(12334095) :  >> Server2Client_Set : <?xml version='1.0' encoding='big5'?><Result Code='0' ServerTime='2021/04/19 14:23:42'><Error Code='0' FBF='FBF' TP_Equity_Position_TIME='60' TSE_OPEN='Y' TAIEMG_OPEN='N' FUTURE_OPEN='Y' SESSION_OPEN='N' IApi='Y' eLogin_CID='Y' TP_ORDER_TIME = '300' MAX_ORDER_COUNT = '100' CONTI_ORDER_TIME = '60' DELAY_TIME = '500' DELAY_TIME1 = '1000' TP_ORDER_TIME_I = '300' MAX_ORDER_COUNT_I = '20' MSG_URL='http://e01api.fbs.com.tw/PortalTW/bulletin.htm' MSG_DELAY_TIME='10' MSG_HEIGHT='5000' MSG_WIDTH='8000' MSG_DATE='12/29/2014' TAIEMG_CACHE_HH='8' TAIEMG_CACHE_MM='35' TAIEMG_CACHE_DELAY_TIME='300'/></Result>
2021/4/19 下午 02:23:43(12334134) :  >> <?xml version='1.0' encoding='big5'?><Result Code='0' ServerTime='20210419-142342'>	
				<Data Code='0'>
					<Time>20210419-142342</Time>
				</Data>	
			</Result>
2021/4/19 下午 02:23:43(12334444) :  >> Server2Client_Set : <?xml version='1.0' encoding='big5'?><Result Code='0' ServerTime='2021/04/19 14:23:43'><Error Code='0' FBF='FBF' TP_Equity_Position_TIME='60' TSE_OPEN='Y' TAIEMG_OPEN='N' FUTURE_OPEN='Y' SESSION_OPEN='N' IApi='Y' eLogin_CID='Y' TP_ORDER_TIME = '300' MAX_ORDER_COUNT = '100' CONTI_ORDER_TIME = '60' DELAY_TIME = '500' DELAY_TIME1 = '1000' TP_ORDER_TIME_I = '300' MAX_ORDER_COUNT_I = '20' MSG_URL='http://e01api.fbs.com.tw/PortalTW/bulletin.htm' MSG_DELAY_TIME='10' MSG_HEIGHT='5000' MSG_WIDTH='8000' MSG_DATE='12/29/2014' TAIEMG_CACHE_HH='8' TAIEMG_CACHE_MM='35' TAIEMG_CACHE_DELAY_TIME='300'/></Result>
2021/4/19 下午 02:23:43(12334477) :  >> <?xml version='1.0' encoding='big5'?><Result Code='0' ServerTime='20210419-142343'>	
				<Data Code='0'>
					<Time>20210419-142343</Time>
				</Data>	
			</Result>
2021/4/19 下午 05:47:31(24563015) :  >> Server2Client_Set : <?xml version='1.0' encoding='big5'?><Result Code='0' ServerTime='2021/04/19 17:47:31'><Error Code='0' FBF='FBF' TP_Equity_Position_TIME='60' TSE_OPEN='Y' TAIEMG_OPEN='N' FUTURE_OPEN='Y' SESSION_OPEN='N' IApi='Y' eLogin_CID='Y' TP_ORDER_TIME = '300' MAX_ORDER_COUNT = '100' CONTI_ORDER_TIME = '60' DELAY_TIME = '500' DELAY_TIME1 = '1000' TP_ORDER_TIME_I = '300' MAX_ORDER_COUNT_I = '20' MSG_URL='http://e01api.fbs.com.tw/PortalTW/bulletin.htm' MSG_DELAY_TIME='10' MSG_HEIGHT='5000' MSG_WIDTH='8000' MSG_DATE='12/29/2014' TAIEMG_CACHE_HH='8' TAIEMG_CACHE_MM='35' TAIEMG_CACHE_DELAY_TIME='300'/></Result>
2021/4/19 下午 05:47:41(24573271) :  >> Server2Client_Set : <?xml version='1.0' encoding='big5'?><Result Code='0' ServerTime='2021/04/19 17:47:41'><Error Code='0' FBF='FBF' TP_Equity_Position_TIME='60' TSE_OPEN='Y' TAIEMG_OPEN='N' FUTURE_OPEN='Y' SESSION_OPEN='N' IApi='Y' eLogin_CID='Y' TP_ORDER_TIME = '300' MAX_ORDER_COUNT = '100' CONTI_ORDER_TIME = '60' DELAY_TIME = '500' DELAY_TIME1 = '1000' TP_ORDER_TIME_I = '300' MAX_ORDER_COUNT_I = '20' MSG_URL='http://e01api.fbs.com.tw/PortalTW/bulletin.htm' MSG_DELAY_TIME='10' MSG_HEIGHT='5000' MSG_WIDTH='8000' MSG_DATE='12/29/2014' TAIEMG_CACHE_HH='8' TAIEMG_CACHE_MM='35' TAIEMG_CACHE_DELAY_TIME='300'/></Result>
2021/4/19 下午 05:47:41(24573350) :  >> Server2Client_Set : <?xml version='1.0' encoding='big5'?><Result Code='0' ServerTime='2021/04/19 17:47:41'><Error Code='0' FBF='FBF' TP_Equity_Position_TIME='60' TSE_OPEN='Y' TAIEMG_OPEN='N' FUTURE_OPEN='Y' SESSION_OPEN='N' IApi='Y' eLogin_CID='Y' TP_ORDER_TIME = '300' MAX_ORDER_COUNT = '100' CONTI_ORDER_TIME = '60' DELAY_TIME = '500' DELAY_TIME1 = '1000' TP_ORDER_TIME_I = '300' MAX_ORDER_COUNT_I = '20' MSG_URL='http://e01api.fbs.com.tw/PortalTW/bulletin.htm' MSG_DELAY_TIME='10' MSG_HEIGHT='5000' MSG_WIDTH='8000' MSG_DATE='12/29/2014' TAIEMG_CACHE_HH='8' TAIEMG_CACHE_MM='35' TAIEMG_CACHE_DELAY_TIME='300'/></Result>
2021/4/19 下午 05:47:41(24573445) :  >> <?xml version='1.0' encoding='big5'?><Result Code='0' ServerTime='20210419-174741'>	
				<Data Code='0'>
					<Time>20210419-174741</Time>
				</Data>	
			</Result>
2021/4/19 下午 05:47:42(24573801) :  >> Server2Client_Set_F_ID : <?xml version='1.0' encoding='big5'?><Result Code='0' ServerTime='2021/04/19 17:47:41'><Error Code='0' FBF='FBF' TP_Equity_Position_TIME='60' TSE_OPEN='Y' TAIEMG_OPEN='N' FUTURE_OPEN='Y' SESSION_OPEN='N' IApi='Y' eLogin_CID='Y' TP_ORDER_TIME = '300' MAX_ORDER_COUNT = '100' CONTI_ORDER_TIME = '60' DELAY_TIME = '500' DELAY_TIME1 = '1000' TP_ORDER_TIME_I = '300' MAX_ORDER_COUNT_I = '20' MSG_URL='http://e01api.fbs.com.tw/PortalTW/bulletin.htm' MSG_DELAY_TIME='10' MSG_HEIGHT='5000' MSG_WIDTH='8000' MSG_DATE='12/29/2014' TAIEMG_CACHE_HH='8' TAIEMG_CACHE_MM='35' TAIEMG_CACHE_DELAY_TIME='300'/></Result>
2021/4/19 下午 05:47:42(24573960) :  >> [mem:] TP_Order_Time[300] Max_Order_Count[100] Conti_Order_Time[60] Delay_Time[500] Delay_Time1[1000] TP_EP_QUERY_TIME[20] TP_Order_Time_I[300] Max_Order_Count_I[20] Conti_Order_Time_I[60] Delay_Time_I[500] Delay_Time1_I[1000]
