2022/1/25 ¤U¤È 03:37:06(112054500) : <?xml version='1.0' encoding='big5'?><Result Code='0' ServerTime='99999999-999999'><Error Code='-100000' Msg='¤¸¥ó¿ù»~ToGetProduct -- Automation ¿ù»~
§@·~¨t²ÎµLªk°õ¦æ %1¡C '/></Result>
2022/1/25 ¤U¤È 03:37:07(112055155) : <!DOCTYPE html>
<html>
    <head>
        <title>?¾ä??°è?æºã€?/title>
        <meta name="viewport" content="width=device-width" />
        <style>
         body {font-family:"Verdana";font-weight:normal;font-size: .7em;color:black;} 
         p {font-family:"Verdana";font-weight:normal;color:black;margin-top: -5px}
         b {font-family:"Verdana";font-weight:bold;color:black;margin-top: -5px}
         H1 { font-family:"Verdana";font-weight:normal;font-size:18pt;color:red }
         H2 { font-family:"Verdana";font-weight:normal;font-size:14pt;color:maroon }
         pre {font-family:"Consolas","Lucida Console",Monospace;font-size:11pt;margin:0;padding:0.5em;line-height:14pt}
         .marker {font-weight: bold; color: black;text-decoration: none;}
         .version {color: gray;}
         .error {margin-bottom: 10px;}
         .expandable { text-decoration:underline; font-weight:bold; color:navy; cursor:hand; }
         @media screen and (max-width: 639px) {
          pre { width: 440px; overflow: auto; white-space: pre-wrap; word-wrap: break-word; }
         }
         @media screen and (max-width: 479px) {
          pre { width: 280px; }
         }
        </style>
    </head>

    <body bgcolor="white">

            <span><H1>'/' ?‰ç”¨ç¨‹å?ä¸­ç™¼?Ÿä¼º?å™¨?¯èª¤??hr width=100% size=1 color=silver></H1>

            <h2> <i>?¾ä??°è?æºã€?/i> </h2></span>

            <font face="Arial, Helvetica, Geneva, SunSans-Regular, sans-serif ">

            <b> ?è¿°: </b>HTTP 404. ?¨è?å°‹æ‰¾?„è?æº?(?–å…¶?¸ä??§ç??¶ä¸­ä¹‹ä?) ?¯èƒ½å·²ç?ç§»é™¤?å?ç¨±å·²ç¶“è??´æ??¯æš«?‚ç„¡æ³•ä½¿?¨ã€‚è?æª¢é–±ä¸‹å? URLï¼Œä¸¦ä¸”ç¢ºå®šå??„æ‹¼å¯«ç„¡èª¤ã€?
            <br><br>

            <b> è¦æ???URL: </b>/SessionWeb/LoginSession.aspx<br><br>

    </body>
</html>

2022/1/25 ¤U¤È 03:37:27(112074859) : <?xml version='1.0' encoding='big5'?><Result Code='0' ServerTime='99999999-999999'><Error Code='-100000' Msg='¤¸¥ó¿ù»~ToGetProduct -- Automation ¿ù»~
§@·~¨t²ÎµLªk°õ¦æ %1¡C '/></Result>
2022/1/25 ¤U¤È 03:37:27(112075173) : <!DOCTYPE html>
<html>
    <head>
        <title>?¾ä??°è?æºã€?/title>
        <meta name="viewport" content="width=device-width" />
        <style>
         body {font-family:"Verdana";font-weight:normal;font-size: .7em;color:black;} 
         p {font-family:"Verdana";font-weight:normal;color:black;margin-top: -5px}
         b {font-family:"Verdana";font-weight:bold;color:black;margin-top: -5px}
         H1 { font-family:"Verdana";font-weight:normal;font-size:18pt;color:red }
         H2 { font-family:"Verdana";font-weight:normal;font-size:14pt;color:maroon }
         pre {font-family:"Consolas","Lucida Console",Monospace;font-size:11pt;margin:0;padding:0.5em;line-height:14pt}
         .marker {font-weight: bold; color: black;text-decoration: none;}
         .version {color: gray;}
         .error {margin-bottom: 10px;}
         .expandable { text-decoration:underline; font-weight:bold; color:navy; cursor:hand; }
         @media screen and (max-width: 639px) {
          pre { width: 440px; overflow: auto; white-space: pre-wrap; word-wrap: break-word; }
         }
         @media screen and (max-width: 479px) {
          pre { width: 280px; }
         }
        </style>
    </head>

    <body bgcolor="white">

            <span><H1>'/' ?‰ç”¨ç¨‹å?ä¸­ç™¼?Ÿä¼º?å™¨?¯èª¤??hr width=100% size=1 color=silver></H1>

            <h2> <i>?¾ä??°è?æºã€?/i> </h2></span>

            <font face="Arial, Helvetica, Geneva, SunSans-Regular, sans-serif ">

            <b> ?è¿°: </b>HTTP 404. ?¨è?å°‹æ‰¾?„è?æº?(?–å…¶?¸ä??§ç??¶ä¸­ä¹‹ä?) ?¯èƒ½å·²ç?ç§»é™¤?å?ç¨±å·²ç¶“è??´æ??¯æš«?‚ç„¡æ³•ä½¿?¨ã€‚è?æª¢é–±ä¸‹å? URLï¼Œä¸¦ä¸”ç¢ºå®šå??„æ‹¼å¯«ç„¡èª¤ã€?
            <br><br>

            <b> è¦æ???URL: </b>/SessionWeb/LoginSession.aspx<br><br>

    </body>
</html>

2022/1/25 ¤U¤È 03:38:27(112135609) : <?xml version='1.0' encoding='big5'?><Result Code='0' ServerTime='99999999-999999'><Error Code='-100000' Msg='¤¸¥ó¿ù»~ToGetProduct -- Automation ¿ù»~
§@·~¨t²ÎµLªk°õ¦æ %1¡C '/></Result>
2022/1/25 ¤U¤È 03:38:28(112135826) : <!DOCTYPE html>
<html>
    <head>
        <title>?¾ä??°è?æºã€?/title>
        <meta name="viewport" content="width=device-width" />
        <style>
         body {font-family:"Verdana";font-weight:normal;font-size: .7em;color:black;} 
         p {font-family:"Verdana";font-weight:normal;color:black;margin-top: -5px}
         b {font-family:"Verdana";font-weight:bold;color:black;margin-top: -5px}
         H1 { font-family:"Verdana";font-weight:normal;font-size:18pt;color:red }
         H2 { font-family:"Verdana";font-weight:normal;font-size:14pt;color:maroon }
         pre {font-family:"Consolas","Lucida Console",Monospace;font-size:11pt;margin:0;padding:0.5em;line-height:14pt}
         .marker {font-weight: bold; color: black;text-decoration: none;}
         .version {color: gray;}
         .error {margin-bottom: 10px;}
         .expandable { text-decoration:underline; font-weight:bold; color:navy; cursor:hand; }
         @media screen and (max-width: 639px) {
          pre { width: 440px; overflow: auto; white-space: pre-wrap; word-wrap: break-word; }
         }
         @media screen and (max-width: 479px) {
          pre { width: 280px; }
         }
        </style>
    </head>

    <body bgcolor="white">

            <span><H1>'/' ?‰ç”¨ç¨‹å?ä¸­ç™¼?Ÿä¼º?å™¨?¯èª¤??hr width=100% size=1 color=silver></H1>

            <h2> <i>?¾ä??°è?æºã€?/i> </h2></span>

            <font face="Arial, Helvetica, Geneva, SunSans-Regular, sans-serif ">

            <b> ?è¿°: </b>HTTP 404. ?¨è?å°‹æ‰¾?„è?æº?(?–å…¶?¸ä??§ç??¶ä¸­ä¹‹ä?) ?¯èƒ½å·²ç?ç§»é™¤?å?ç¨±å·²ç¶“è??´æ??¯æš«?‚ç„¡æ³•ä½¿?¨ã€‚è?æª¢é–±ä¸‹å? URLï¼Œä¸¦ä¸”ç¢ºå®šå??„æ‹¼å¯«ç„¡èª¤ã€?
            <br><br>

            <b> è¦æ???URL: </b>/SessionWeb/LoginSession.aspx<br><br>

    </body>
</html>

2022/1/25 ¤U¤È 03:38:48(112156125) : <?xml version='1.0' encoding='big5'?><Result Code='0' ServerTime='99999999-999999'><Error Code='-100000' Msg='¤¸¥ó¿ù»~ToGetProduct -- Automation ¿ù»~
§@·~¨t²ÎµLªk°õ¦æ %1¡C '/></Result>
2022/1/25 ¤U¤È 03:38:48(112156335) : <!DOCTYPE html>
<html>
    <head>
        <title>?¾ä??°è?æºã€?/title>
        <meta name="viewport" content="width=device-width" />
        <style>
         body {font-family:"Verdana";font-weight:normal;font-size: .7em;color:black;} 
         p {font-family:"Verdana";font-weight:normal;color:black;margin-top: -5px}
         b {font-family:"Verdana";font-weight:bold;color:black;margin-top: -5px}
         H1 { font-family:"Verdana";font-weight:normal;font-size:18pt;color:red }
         H2 { font-family:"Verdana";font-weight:normal;font-size:14pt;color:maroon }
         pre {font-family:"Consolas","Lucida Console",Monospace;font-size:11pt;margin:0;padding:0.5em;line-height:14pt}
         .marker {font-weight: bold; color: black;text-decoration: none;}
         .version {color: gray;}
         .error {margin-bottom: 10px;}
         .expandable { text-decoration:underline; font-weight:bold; color:navy; cursor:hand; }
         @media screen and (max-width: 639px) {
          pre { width: 440px; overflow: auto; white-space: pre-wrap; word-wrap: break-word; }
         }
         @media screen and (max-width: 479px) {
          pre { width: 280px; }
         }
        </style>
    </head>

    <body bgcolor="white">

            <span><H1>'/' ?‰ç”¨ç¨‹å?ä¸­ç™¼?Ÿä¼º?å™¨?¯èª¤??hr width=100% size=1 color=silver></H1>

            <h2> <i>?¾ä??°è?æºã€?/i> </h2></span>

            <font face="Arial, Helvetica, Geneva, SunSans-Regular, sans-serif ">

            <b> ?è¿°: </b>HTTP 404. ?¨è?å°‹æ‰¾?„è?æº?(?–å…¶?¸ä??§ç??¶ä¸­ä¹‹ä?) ?¯èƒ½å·²ç?ç§»é™¤?å?ç¨±å·²ç¶“è??´æ??¯æš«?‚ç„¡æ³•ä½¿?¨ã€‚è?æª¢é–±ä¸‹å? URLï¼Œä¸¦ä¸”ç¢ºå®šå??„æ‹¼å¯«ç„¡èª¤ã€?
            <br><br>

            <b> è¦æ???URL: </b>/SessionWeb/LoginSession.aspx<br><br>

    </body>
</html>

2022/1/25 ¤U¤È 03:38:48(112156625) : <?xml version='1.0' encoding='big5'?><Result Code='0' ServerTime='99999999-999999'><Error Code='-100000' Msg='¤¸¥ó¿ù»~ToGetProduct -- Automation ¿ù»~
§@·~¨t²ÎµLªk°õ¦æ %1¡C '/></Result>
2022/1/25 ¤U¤È 03:38:49(112156824) : <!DOCTYPE html>
<html>
    <head>
        <title>?¾ä??°è?æºã€?/title>
        <meta name="viewport" content="width=device-width" />
        <style>
         body {font-family:"Verdana";font-weight:normal;font-size: .7em;color:black;} 
         p {font-family:"Verdana";font-weight:normal;color:black;margin-top: -5px}
         b {font-family:"Verdana";font-weight:bold;color:black;margin-top: -5px}
         H1 { font-family:"Verdana";font-weight:normal;font-size:18pt;color:red }
         H2 { font-family:"Verdana";font-weight:normal;font-size:14pt;color:maroon }
         pre {font-family:"Consolas","Lucida Console",Monospace;font-size:11pt;margin:0;padding:0.5em;line-height:14pt}
         .marker {font-weight: bold; color: black;text-decoration: none;}
         .version {color: gray;}
         .error {margin-bottom: 10px;}
         .expandable { text-decoration:underline; font-weight:bold; color:navy; cursor:hand; }
         @media screen and (max-width: 639px) {
          pre { width: 440px; overflow: auto; white-space: pre-wrap; word-wrap: break-word; }
         }
         @media screen and (max-width: 479px) {
          pre { width: 280px; }
         }
        </style>
    </head>

    <body bgcolor="white">

            <span><H1>'/' ?‰ç”¨ç¨‹å?ä¸­ç™¼?Ÿä¼º?å™¨?¯èª¤??hr width=100% size=1 color=silver></H1>

            <h2> <i>?¾ä??°è?æºã€?/i> </h2></span>

            <font face="Arial, Helvetica, Geneva, SunSans-Regular, sans-serif ">

            <b> ?è¿°: </b>HTTP 404. ?¨è?å°‹æ‰¾?„è?æº?(?–å…¶?¸ä??§ç??¶ä¸­ä¹‹ä?) ?¯èƒ½å·²ç?ç§»é™¤?å?ç¨±å·²ç¶“è??´æ??¯æš«?‚ç„¡æ³•ä½¿?¨ã€‚è?æª¢é–±ä¸‹å? URLï¼Œä¸¦ä¸”ç¢ºå®šå??„æ‹¼å¯«ç„¡èª¤ã€?
            <br><br>

            <b> è¦æ???URL: </b>/SessionWeb/LoginSession.aspx<br><br>

    </body>
</html>

2022/1/25 ¤U¤È 03:39:15(112182703) : <?xml version='1.0' encoding='big5'?><Result Code='0' ServerTime='99999999-999999'><Error Code='-100000' Msg='¤¸¥ó¿ù»~ToGetProduct -- Automation ¿ù»~
§@·~¨t²ÎµLªk°õ¦æ %1¡C '/></Result>
2022/1/25 ¤U¤È 03:39:15(112182931) : <!DOCTYPE html>
<html>
    <head>
        <title>?¾ä??°è?æºã€?/title>
        <meta name="viewport" content="width=device-width" />
        <style>
         body {font-family:"Verdana";font-weight:normal;font-size: .7em;color:black;} 
         p {font-family:"Verdana";font-weight:normal;color:black;margin-top: -5px}
         b {font-family:"Verdana";font-weight:bold;color:black;margin-top: -5px}
         H1 { font-family:"Verdana";font-weight:normal;font-size:18pt;color:red }
         H2 { font-family:"Verdana";font-weight:normal;font-size:14pt;color:maroon }
         pre {font-family:"Consolas","Lucida Console",Monospace;font-size:11pt;margin:0;padding:0.5em;line-height:14pt}
         .marker {font-weight: bold; color: black;text-decoration: none;}
         .version {color: gray;}
         .error {margin-bottom: 10px;}
         .expandable { text-decoration:underline; font-weight:bold; color:navy; cursor:hand; }
         @media screen and (max-width: 639px) {
          pre { width: 440px; overflow: auto; white-space: pre-wrap; word-wrap: break-word; }
         }
         @media screen and (max-width: 479px) {
          pre { width: 280px; }
         }
        </style>
    </head>

    <body bgcolor="white">

            <span><H1>'/' ?‰ç”¨ç¨‹å?ä¸­ç™¼?Ÿä¼º?å™¨?¯èª¤??hr width=100% size=1 color=silver></H1>

            <h2> <i>?¾ä??°è?æºã€?/i> </h2></span>

            <font face="Arial, Helvetica, Geneva, SunSans-Regular, sans-serif ">

            <b> ?è¿°: </b>HTTP 404. ?¨è?å°‹æ‰¾?„è?æº?(?–å…¶?¸ä??§ç??¶ä¸­ä¹‹ä?) ?¯èƒ½å·²ç?ç§»é™¤?å?ç¨±å·²ç¶“è??´æ??¯æš«?‚ç„¡æ³•ä½¿?¨ã€‚è?æª¢é–±ä¸‹å? URLï¼Œä¸¦ä¸”ç¢ºå®šå??„æ‹¼å¯«ç„¡èª¤ã€?
            <br><br>

            <b> è¦æ???URL: </b>/SessionWeb/LoginSession.aspx<br><br>

    </body>
</html>

2022/1/25 ¤U¤È 03:39:15(112183250) : <?xml version='1.0' encoding='big5'?><Result Code='0' ServerTime='99999999-999999'><Error Code='-100000' Msg='¤¸¥ó¿ù»~ToGetProduct -- Automation ¿ù»~
§@·~¨t²ÎµLªk°õ¦æ %1¡C '/></Result>
2022/1/25 ¤U¤È 03:39:15(112183502) : <!DOCTYPE html>
<html>
    <head>
        <title>?¾ä??°è?æºã€?/title>
        <meta name="viewport" content="width=device-width" />
        <style>
         body {font-family:"Verdana";font-weight:normal;font-size: .7em;color:black;} 
         p {font-family:"Verdana";font-weight:normal;color:black;margin-top: -5px}
         b {font-family:"Verdana";font-weight:bold;color:black;margin-top: -5px}
         H1 { font-family:"Verdana";font-weight:normal;font-size:18pt;color:red }
         H2 { font-family:"Verdana";font-weight:normal;font-size:14pt;color:maroon }
         pre {font-family:"Consolas","Lucida Console",Monospace;font-size:11pt;margin:0;padding:0.5em;line-height:14pt}
         .marker {font-weight: bold; color: black;text-decoration: none;}
         .version {color: gray;}
         .error {margin-bottom: 10px;}
         .expandable { text-decoration:underline; font-weight:bold; color:navy; cursor:hand; }
         @media screen and (max-width: 639px) {
          pre { width: 440px; overflow: auto; white-space: pre-wrap; word-wrap: break-word; }
         }
         @media screen and (max-width: 479px) {
          pre { width: 280px; }
         }
        </style>
    </head>

    <body bgcolor="white">

            <span><H1>'/' ?‰ç”¨ç¨‹å?ä¸­ç™¼?Ÿä¼º?å™¨?¯èª¤??hr width=100% size=1 color=silver></H1>

            <h2> <i>?¾ä??°è?æºã€?/i> </h2></span>

            <font face="Arial, Helvetica, Geneva, SunSans-Regular, sans-serif ">

            <b> ?è¿°: </b>HTTP 404. ?¨è?å°‹æ‰¾?„è?æº?(?–å…¶?¸ä??§ç??¶ä¸­ä¹‹ä?) ?¯èƒ½å·²ç?ç§»é™¤?å?ç¨±å·²ç¶“è??´æ??¯æš«?‚ç„¡æ³•ä½¿?¨ã€‚è?æª¢é–±ä¸‹å? URLï¼Œä¸¦ä¸”ç¢ºå®šå??„æ‹¼å¯«ç„¡èª¤ã€?
            <br><br>

            <b> è¦æ???URL: </b>/SessionWeb/LoginSession.aspx<br><br>

    </body>
</html>

2022/1/25 ¤U¤È 03:39:16(112183796) : <?xml version='1.0' encoding='big5'?><Result Code='0' ServerTime='99999999-999999'><Error Code='-100000' Msg='¤¸¥ó¿ù»~ToGetProduct -- Automation ¿ù»~
§@·~¨t²ÎµLªk°õ¦æ %1¡C '/></Result>
2022/1/25 ¤U¤È 03:39:16(112184033) : <!DOCTYPE html>
<html>
    <head>
        <title>?¾ä??°è?æºã€?/title>
        <meta name="viewport" content="width=device-width" />
        <style>
         body {font-family:"Verdana";font-weight:normal;font-size: .7em;color:black;} 
         p {font-family:"Verdana";font-weight:normal;color:black;margin-top: -5px}
         b {font-family:"Verdana";font-weight:bold;color:black;margin-top: -5px}
         H1 { font-family:"Verdana";font-weight:normal;font-size:18pt;color:red }
         H2 { font-family:"Verdana";font-weight:normal;font-size:14pt;color:maroon }
         pre {font-family:"Consolas","Lucida Console",Monospace;font-size:11pt;margin:0;padding:0.5em;line-height:14pt}
         .marker {font-weight: bold; color: black;text-decoration: none;}
         .version {color: gray;}
         .error {margin-bottom: 10px;}
         .expandable { text-decoration:underline; font-weight:bold; color:navy; cursor:hand; }
         @media screen and (max-width: 639px) {
          pre { width: 440px; overflow: auto; white-space: pre-wrap; word-wrap: break-word; }
         }
         @media screen and (max-width: 479px) {
          pre { width: 280px; }
         }
        </style>
    </head>

    <body bgcolor="white">

            <span><H1>'/' ?‰ç”¨ç¨‹å?ä¸­ç™¼?Ÿä¼º?å™¨?¯èª¤??hr width=100% size=1 color=silver></H1>

            <h2> <i>?¾ä??°è?æºã€?/i> </h2></span>

            <font face="Arial, Helvetica, Geneva, SunSans-Regular, sans-serif ">

            <b> ?è¿°: </b>HTTP 404. ?¨è?å°‹æ‰¾?„è?æº?(?–å…¶?¸ä??§ç??¶ä¸­ä¹‹ä?) ?¯èƒ½å·²ç?ç§»é™¤?å?ç¨±å·²ç¶“è??´æ??¯æš«?‚ç„¡æ³•ä½¿?¨ã€‚è?æª¢é–±ä¸‹å? URLï¼Œä¸¦ä¸”ç¢ºå®šå??„æ‹¼å¯«ç„¡èª¤ã€?
            <br><br>

            <b> è¦æ???URL: </b>/SessionWeb/LoginSession.aspx<br><br>

    </body>
</html>

2022/1/25 ¤U¤È 03:51:33(112920687) : <?xml version='1.0' encoding='big5'?><Result Code='0' ServerTime='99999999-999999'><Error Code='-100000' Msg='¤¸¥ó¿ù»~ToGetProduct -- Automation ¿ù»~
§@·~¨t²ÎµLªk°õ¦æ %1¡C '/></Result>
2022/1/25 ¤U¤È 03:51:34(112922177) : <!DOCTYPE html>
<html>
    <head>
        <title>?¾ä??°è?æºã€?/title>
        <meta name="viewport" content="width=device-width" />
        <style>
         body {font-family:"Verdana";font-weight:normal;font-size: .7em;color:black;} 
         p {font-family:"Verdana";font-weight:normal;color:black;margin-top: -5px}
         b {font-family:"Verdana";font-weight:bold;color:black;margin-top: -5px}
         H1 { font-family:"Verdana";font-weight:normal;font-size:18pt;color:red }
         H2 { font-family:"Verdana";font-weight:normal;font-size:14pt;color:maroon }
         pre {font-family:"Consolas","Lucida Console",Monospace;font-size:11pt;margin:0;padding:0.5em;line-height:14pt}
         .marker {font-weight: bold; color: black;text-decoration: none;}
         .version {color: gray;}
         .error {margin-bottom: 10px;}
         .expandable { text-decoration:underline; font-weight:bold; color:navy; cursor:hand; }
         @media screen and (max-width: 639px) {
          pre { width: 440px; overflow: auto; white-space: pre-wrap; word-wrap: break-word; }
         }
         @media screen and (max-width: 479px) {
          pre { width: 280px; }
         }
        </style>
    </head>

    <body bgcolor="white">

            <span><H1>'/' ?‰ç”¨ç¨‹å?ä¸­ç™¼?Ÿä¼º?å™¨?¯èª¤??hr width=100% size=1 color=silver></H1>

            <h2> <i>?¾ä??°è?æºã€?/i> </h2></span>

            <font face="Arial, Helvetica, Geneva, SunSans-Regular, sans-serif ">

            <b> ?è¿°: </b>HTTP 404. ?¨è?å°‹æ‰¾?„è?æº?(?–å…¶?¸ä??§ç??¶ä¸­ä¹‹ä?) ?¯èƒ½å·²ç?ç§»é™¤?å?ç¨±å·²ç¶“è??´æ??¯æš«?‚ç„¡æ³•ä½¿?¨ã€‚è?æª¢é–±ä¸‹å? URLï¼Œä¸¦ä¸”ç¢ºå®šå??„æ‹¼å¯«ç„¡èª¤ã€?
            <br><br>

            <b> è¦æ???URL: </b>/SessionWeb/LoginSession.aspx<br><br>

    </body>
</html>

2022/1/25 ¤U¤È 03:51:34(112922531) : <?xml version='1.0' encoding='big5'?><Result Code='0' ServerTime='99999999-999999'><Error Code='-100000' Msg='¤¸¥ó¿ù»~ToGetProduct -- Automation ¿ù»~
§@·~¨t²ÎµLªk°õ¦æ %1¡C '/></Result>
2022/1/25 ¤U¤È 03:51:35(112922750) : <!DOCTYPE html>
<html>
    <head>
        <title>?¾ä??°è?æºã€?/title>
        <meta name="viewport" content="width=device-width" />
        <style>
         body {font-family:"Verdana";font-weight:normal;font-size: .7em;color:black;} 
         p {font-family:"Verdana";font-weight:normal;color:black;margin-top: -5px}
         b {font-family:"Verdana";font-weight:bold;color:black;margin-top: -5px}
         H1 { font-family:"Verdana";font-weight:normal;font-size:18pt;color:red }
         H2 { font-family:"Verdana";font-weight:normal;font-size:14pt;color:maroon }
         pre {font-family:"Consolas","Lucida Console",Monospace;font-size:11pt;margin:0;padding:0.5em;line-height:14pt}
         .marker {font-weight: bold; color: black;text-decoration: none;}
         .version {color: gray;}
         .error {margin-bottom: 10px;}
         .expandable { text-decoration:underline; font-weight:bold; color:navy; cursor:hand; }
         @media screen and (max-width: 639px) {
          pre { width: 440px; overflow: auto; white-space: pre-wrap; word-wrap: break-word; }
         }
         @media screen and (max-width: 479px) {
          pre { width: 280px; }
         }
        </style>
    </head>

    <body bgcolor="white">

            <span><H1>'/' ?‰ç”¨ç¨‹å?ä¸­ç™¼?Ÿä¼º?å™¨?¯èª¤??hr width=100% size=1 color=silver></H1>

            <h2> <i>?¾ä??°è?æºã€?/i> </h2></span>

            <font face="Arial, Helvetica, Geneva, SunSans-Regular, sans-serif ">

            <b> ?è¿°: </b>HTTP 404. ?¨è?å°‹æ‰¾?„è?æº?(?–å…¶?¸ä??§ç??¶ä¸­ä¹‹ä?) ?¯èƒ½å·²ç?ç§»é™¤?å?ç¨±å·²ç¶“è??´æ??¯æš«?‚ç„¡æ³•ä½¿?¨ã€‚è?æª¢é–±ä¸‹å? URLï¼Œä¸¦ä¸”ç¢ºå®šå??„æ‹¼å¯«ç„¡èª¤ã€?
            <br><br>

            <b> è¦æ???URL: </b>/SessionWeb/LoginSession.aspx<br><br>

    </body>
</html>

2022/1/25 ¤U¤È 03:51:35(112922984) : <?xml version='1.0' encoding='big5'?><Result Code='0' ServerTime='99999999-999999'><Error Code='-100000' Msg='¤¸¥ó¿ù»~ToGetProduct -- Automation ¿ù»~
§@·~¨t²ÎµLªk°õ¦æ %1¡C '/></Result>
2022/1/25 ¤U¤È 03:51:35(112923186) : <!DOCTYPE html>
<html>
    <head>
        <title>?¾ä??°è?æºã€?/title>
        <meta name="viewport" content="width=device-width" />
        <style>
         body {font-family:"Verdana";font-weight:normal;font-size: .7em;color:black;} 
         p {font-family:"Verdana";font-weight:normal;color:black;margin-top: -5px}
         b {font-family:"Verdana";font-weight:bold;color:black;margin-top: -5px}
         H1 { font-family:"Verdana";font-weight:normal;font-size:18pt;color:red }
         H2 { font-family:"Verdana";font-weight:normal;font-size:14pt;color:maroon }
         pre {font-family:"Consolas","Lucida Console",Monospace;font-size:11pt;margin:0;padding:0.5em;line-height:14pt}
         .marker {font-weight: bold; color: black;text-decoration: none;}
         .version {color: gray;}
         .error {margin-bottom: 10px;}
         .expandable { text-decoration:underline; font-weight:bold; color:navy; cursor:hand; }
         @media screen and (max-width: 639px) {
          pre { width: 440px; overflow: auto; white-space: pre-wrap; word-wrap: break-word; }
         }
         @media screen and (max-width: 479px) {
          pre { width: 280px; }
         }
        </style>
    </head>

    <body bgcolor="white">

            <span><H1>'/' ?‰ç”¨ç¨‹å?ä¸­ç™¼?Ÿä¼º?å™¨?¯èª¤??hr width=100% size=1 color=silver></H1>

            <h2> <i>?¾ä??°è?æºã€?/i> </h2></span>

            <font face="Arial, Helvetica, Geneva, SunSans-Regular, sans-serif ">

            <b> ?è¿°: </b>HTTP 404. ?¨è?å°‹æ‰¾?„è?æº?(?–å…¶?¸ä??§ç??¶ä¸­ä¹‹ä?) ?¯èƒ½å·²ç?ç§»é™¤?å?ç¨±å·²ç¶“è??´æ??¯æš«?‚ç„¡æ³•ä½¿?¨ã€‚è?æª¢é–±ä¸‹å? URLï¼Œä¸¦ä¸”ç¢ºå®šå??„æ‹¼å¯«ç„¡èª¤ã€?
            <br><br>

            <b> è¦æ???URL: </b>/SessionWeb/LoginSession.aspx<br><br>

    </body>
</html>

2022/1/25 ¤U¤È 03:52:17(112965031) : <?xml version='1.0' encoding='big5'?><Result Code='0' ServerTime='99999999-999999'><Error Code='-100000' Msg='¤¸¥ó¿ù»~ToGetProduct -- Automation ¿ù»~
§@·~¨t²ÎµLªk°õ¦æ %1¡C '/></Result>
2022/1/25 ¤U¤È 03:52:17(112965252) : <!DOCTYPE html>
<html>
    <head>
        <title>?¾ä??°è?æºã€?/title>
        <meta name="viewport" content="width=device-width" />
        <style>
         body {font-family:"Verdana";font-weight:normal;font-size: .7em;color:black;} 
         p {font-family:"Verdana";font-weight:normal;color:black;margin-top: -5px}
         b {font-family:"Verdana";font-weight:bold;color:black;margin-top: -5px}
         H1 { font-family:"Verdana";font-weight:normal;font-size:18pt;color:red }
         H2 { font-family:"Verdana";font-weight:normal;font-size:14pt;color:maroon }
         pre {font-family:"Consolas","Lucida Console",Monospace;font-size:11pt;margin:0;padding:0.5em;line-height:14pt}
         .marker {font-weight: bold; color: black;text-decoration: none;}
         .version {color: gray;}
         .error {margin-bottom: 10px;}
         .expandable { text-decoration:underline; font-weight:bold; color:navy; cursor:hand; }
         @media screen and (max-width: 639px) {
          pre { width: 440px; overflow: auto; white-space: pre-wrap; word-wrap: break-word; }
         }
         @media screen and (max-width: 479px) {
          pre { width: 280px; }
         }
        </style>
    </head>

    <body bgcolor="white">

            <span><H1>'/' ?‰ç”¨ç¨‹å?ä¸­ç™¼?Ÿä¼º?å™¨?¯èª¤??hr width=100% size=1 color=silver></H1>

            <h2> <i>?¾ä??°è?æºã€?/i> </h2></span>

            <font face="Arial, Helvetica, Geneva, SunSans-Regular, sans-serif ">

            <b> ?è¿°: </b>HTTP 404. ?¨è?å°‹æ‰¾?„è?æº?(?–å…¶?¸ä??§ç??¶ä¸­ä¹‹ä?) ?¯èƒ½å·²ç?ç§»é™¤?å?ç¨±å·²ç¶“è??´æ??¯æš«?‚ç„¡æ³•ä½¿?¨ã€‚è?æª¢é–±ä¸‹å? URLï¼Œä¸¦ä¸”ç¢ºå®šå??„æ‹¼å¯«ç„¡èª¤ã€?
            <br><br>

            <b> è¦æ???URL: </b>/SessionWeb/LoginSession.aspx<br><br>

    </body>
</html>

2022/1/25 ¤U¤È 03:52:17(112965546) : <?xml version='1.0' encoding='big5'?><Result Code='0' ServerTime='99999999-999999'><Error Code='-100000' Msg='¤¸¥ó¿ù»~ToGetProduct -- Automation ¿ù»~
§@·~¨t²ÎµLªk°õ¦æ %1¡C '/></Result>
2022/1/25 ¤U¤È 03:52:18(112965765) : <!DOCTYPE html>
<html>
    <head>
        <title>?¾ä??°è?æºã€?/title>
        <meta name="viewport" content="width=device-width" />
        <style>
         body {font-family:"Verdana";font-weight:normal;font-size: .7em;color:black;} 
         p {font-family:"Verdana";font-weight:normal;color:black;margin-top: -5px}
         b {font-family:"Verdana";font-weight:bold;color:black;margin-top: -5px}
         H1 { font-family:"Verdana";font-weight:normal;font-size:18pt;color:red }
         H2 { font-family:"Verdana";font-weight:normal;font-size:14pt;color:maroon }
         pre {font-family:"Consolas","Lucida Console",Monospace;font-size:11pt;margin:0;padding:0.5em;line-height:14pt}
         .marker {font-weight: bold; color: black;text-decoration: none;}
         .version {color: gray;}
         .error {margin-bottom: 10px;}
         .expandable { text-decoration:underline; font-weight:bold; color:navy; cursor:hand; }
         @media screen and (max-width: 639px) {
          pre { width: 440px; overflow: auto; white-space: pre-wrap; word-wrap: break-word; }
         }
         @media screen and (max-width: 479px) {
          pre { width: 280px; }
         }
        </style>
    </head>

    <body bgcolor="white">

            <span><H1>'/' ?‰ç”¨ç¨‹å?ä¸­ç™¼?Ÿä¼º?å™¨?¯èª¤??hr width=100% size=1 color=silver></H1>

            <h2> <i>?¾ä??°è?æºã€?/i> </h2></span>

            <font face="Arial, Helvetica, Geneva, SunSans-Regular, sans-serif ">

            <b> ?è¿°: </b>HTTP 404. ?¨è?å°‹æ‰¾?„è?æº?(?–å…¶?¸ä??§ç??¶ä¸­ä¹‹ä?) ?¯èƒ½å·²ç?ç§»é™¤?å?ç¨±å·²ç¶“è??´æ??¯æš«?‚ç„¡æ³•ä½¿?¨ã€‚è?æª¢é–±ä¸‹å? URLï¼Œä¸¦ä¸”ç¢ºå®šå??„æ‹¼å¯«ç„¡èª¤ã€?
            <br><br>

            <b> è¦æ???URL: </b>/SessionWeb/LoginSession.aspx<br><br>

    </body>
</html>

2022/1/25 ¤U¤È 03:52:18(112966046) : <?xml version='1.0' encoding='big5'?><Result Code='0' ServerTime='99999999-999999'><Error Code='-100000' Msg='¤¸¥ó¿ù»~ToGetProduct -- Automation ¿ù»~
§@·~¨t²ÎµLªk°õ¦æ %1¡C '/></Result>
2022/1/25 ¤U¤È 03:52:18(112966287) : <!DOCTYPE html>
<html>
    <head>
        <title>?¾ä??°è?æºã€?/title>
        <meta name="viewport" content="width=device-width" />
        <style>
         body {font-family:"Verdana";font-weight:normal;font-size: .7em;color:black;} 
         p {font-family:"Verdana";font-weight:normal;color:black;margin-top: -5px}
         b {font-family:"Verdana";font-weight:bold;color:black;margin-top: -5px}
         H1 { font-family:"Verdana";font-weight:normal;font-size:18pt;color:red }
         H2 { font-family:"Verdana";font-weight:normal;font-size:14pt;color:maroon }
         pre {font-family:"Consolas","Lucida Console",Monospace;font-size:11pt;margin:0;padding:0.5em;line-height:14pt}
         .marker {font-weight: bold; color: black;text-decoration: none;}
         .version {color: gray;}
         .error {margin-bottom: 10px;}
         .expandable { text-decoration:underline; font-weight:bold; color:navy; cursor:hand; }
         @media screen and (max-width: 639px) {
          pre { width: 440px; overflow: auto; white-space: pre-wrap; word-wrap: break-word; }
         }
         @media screen and (max-width: 479px) {
          pre { width: 280px; }
         }
        </style>
    </head>

    <body bgcolor="white">

            <span><H1>'/' ?‰ç”¨ç¨‹å?ä¸­ç™¼?Ÿä¼º?å™¨?¯èª¤??hr width=100% size=1 color=silver></H1>

            <h2> <i>?¾ä??°è?æºã€?/i> </h2></span>

            <font face="Arial, Helvetica, Geneva, SunSans-Regular, sans-serif ">

            <b> ?è¿°: </b>HTTP 404. ?¨è?å°‹æ‰¾?„è?æº?(?–å…¶?¸ä??§ç??¶ä¸­ä¹‹ä?) ?¯èƒ½å·²ç?ç§»é™¤?å?ç¨±å·²ç¶“è??´æ??¯æš«?‚ç„¡æ³•ä½¿?¨ã€‚è?æª¢é–±ä¸‹å? URLï¼Œä¸¦ä¸”ç¢ºå®šå??„æ‹¼å¯«ç„¡èª¤ã€?
            <br><br>

            <b> è¦æ???URL: </b>/SessionWeb/LoginSession.aspx<br><br>

    </body>
</html>

2022/1/25 ¤U¤È 03:52:35(112982781) : <?xml version='1.0' encoding='big5'?><Result Code='0' ServerTime='99999999-999999'><Error Code='-100000' Msg='¤¸¥ó¿ù»~ToGetProduct -- Automation ¿ù»~
§@·~¨t²ÎµLªk°õ¦æ %1¡C '/></Result>
2022/1/25 ¤U¤È 03:52:35(112983015) : <!DOCTYPE html>
<html>
    <head>
        <title>?¾ä??°è?æºã€?/title>
        <meta name="viewport" content="width=device-width" />
        <style>
         body {font-family:"Verdana";font-weight:normal;font-size: .7em;color:black;} 
         p {font-family:"Verdana";font-weight:normal;color:black;margin-top: -5px}
         b {font-family:"Verdana";font-weight:bold;color:black;margin-top: -5px}
         H1 { font-family:"Verdana";font-weight:normal;font-size:18pt;color:red }
         H2 { font-family:"Verdana";font-weight:normal;font-size:14pt;color:maroon }
         pre {font-family:"Consolas","Lucida Console",Monospace;font-size:11pt;margin:0;padding:0.5em;line-height:14pt}
         .marker {font-weight: bold; color: black;text-decoration: none;}
         .version {color: gray;}
         .error {margin-bottom: 10px;}
         .expandable { text-decoration:underline; font-weight:bold; color:navy; cursor:hand; }
         @media screen and (max-width: 639px) {
          pre { width: 440px; overflow: auto; white-space: pre-wrap; word-wrap: break-word; }
         }
         @media screen and (max-width: 479px) {
          pre { width: 280px; }
         }
        </style>
    </head>

    <body bgcolor="white">

            <span><H1>'/' ?‰ç”¨ç¨‹å?ä¸­ç™¼?Ÿä¼º?å™¨?¯èª¤??hr width=100% size=1 color=silver></H1>

            <h2> <i>?¾ä??°è?æºã€?/i> </h2></span>

            <font face="Arial, Helvetica, Geneva, SunSans-Regular, sans-serif ">

            <b> ?è¿°: </b>HTTP 404. ?¨è?å°‹æ‰¾?„è?æº?(?–å…¶?¸ä??§ç??¶ä¸­ä¹‹ä?) ?¯èƒ½å·²ç?ç§»é™¤?å?ç¨±å·²ç¶“è??´æ??¯æš«?‚ç„¡æ³•ä½¿?¨ã€‚è?æª¢é–±ä¸‹å? URLï¼Œä¸¦ä¸”ç¢ºå®šå??„æ‹¼å¯«ç„¡èª¤ã€?
            <br><br>

            <b> è¦æ???URL: </b>/SessionWeb/LoginSession.aspx<br><br>

    </body>
</html>

2022/1/25 ¤U¤È 03:52:35(112983250) : <?xml version='1.0' encoding='big5'?><Result Code='0' ServerTime='99999999-999999'><Error Code='-100000' Msg='¤¸¥ó¿ù»~ToGetProduct -- Automation ¿ù»~
§@·~¨t²ÎµLªk°õ¦æ %1¡C '/></Result>
2022/1/25 ¤U¤È 03:52:35(112983479) : <!DOCTYPE html>
<html>
    <head>
        <title>?¾ä??°è?æºã€?/title>
        <meta name="viewport" content="width=device-width" />
        <style>
         body {font-family:"Verdana";font-weight:normal;font-size: .7em;color:black;} 
         p {font-family:"Verdana";font-weight:normal;color:black;margin-top: -5px}
         b {font-family:"Verdana";font-weight:bold;color:black;margin-top: -5px}
         H1 { font-family:"Verdana";font-weight:normal;font-size:18pt;color:red }
         H2 { font-family:"Verdana";font-weight:normal;font-size:14pt;color:maroon }
         pre {font-family:"Consolas","Lucida Console",Monospace;font-size:11pt;margin:0;padding:0.5em;line-height:14pt}
         .marker {font-weight: bold; color: black;text-decoration: none;}
         .version {color: gray;}
         .error {margin-bottom: 10px;}
         .expandable { text-decoration:underline; font-weight:bold; color:navy; cursor:hand; }
         @media screen and (max-width: 639px) {
          pre { width: 440px; overflow: auto; white-space: pre-wrap; word-wrap: break-word; }
         }
         @media screen and (max-width: 479px) {
          pre { width: 280px; }
         }
        </style>
    </head>

    <body bgcolor="white">

            <span><H1>'/' ?‰ç”¨ç¨‹å?ä¸­ç™¼?Ÿä¼º?å™¨?¯èª¤??hr width=100% size=1 color=silver></H1>

            <h2> <i>?¾ä??°è?æºã€?/i> </h2></span>

            <font face="Arial, Helvetica, Geneva, SunSans-Regular, sans-serif ">

            <b> ?è¿°: </b>HTTP 404. ?¨è?å°‹æ‰¾?„è?æº?(?–å…¶?¸ä??§ç??¶ä¸­ä¹‹ä?) ?¯èƒ½å·²ç?ç§»é™¤?å?ç¨±å·²ç¶“è??´æ??¯æš«?‚ç„¡æ³•ä½¿?¨ã€‚è?æª¢é–±ä¸‹å? URLï¼Œä¸¦ä¸”ç¢ºå®šå??„æ‹¼å¯«ç„¡èª¤ã€?
            <br><br>

            <b> è¦æ???URL: </b>/SessionWeb/LoginSession.aspx<br><br>

    </body>
</html>

2022/1/25 ¤U¤È 03:52:36(112983718) : <?xml version='1.0' encoding='big5'?><Result Code='0' ServerTime='99999999-999999'><Error Code='-100000' Msg='¤¸¥ó¿ù»~ToGetProduct -- Automation ¿ù»~
§@·~¨t²ÎµLªk°õ¦æ %1¡C '/></Result>
2022/1/25 ¤U¤È 03:52:36(112983927) : <!DOCTYPE html>
<html>
    <head>
        <title>?¾ä??°è?æºã€?/title>
        <meta name="viewport" content="width=device-width" />
        <style>
         body {font-family:"Verdana";font-weight:normal;font-size: .7em;color:black;} 
         p {font-family:"Verdana";font-weight:normal;color:black;margin-top: -5px}
         b {font-family:"Verdana";font-weight:bold;color:black;margin-top: -5px}
         H1 { font-family:"Verdana";font-weight:normal;font-size:18pt;color:red }
         H2 { font-family:"Verdana";font-weight:normal;font-size:14pt;color:maroon }
         pre {font-family:"Consolas","Lucida Console",Monospace;font-size:11pt;margin:0;padding:0.5em;line-height:14pt}
         .marker {font-weight: bold; color: black;text-decoration: none;}
         .version {color: gray;}
         .error {margin-bottom: 10px;}
         .expandable { text-decoration:underline; font-weight:bold; color:navy; cursor:hand; }
         @media screen and (max-width: 639px) {
          pre { width: 440px; overflow: auto; white-space: pre-wrap; word-wrap: break-word; }
         }
         @media screen and (max-width: 479px) {
          pre { width: 280px; }
         }
        </style>
    </head>

    <body bgcolor="white">

            <span><H1>'/' ?‰ç”¨ç¨‹å?ä¸­ç™¼?Ÿä¼º?å™¨?¯èª¤??hr width=100% size=1 color=silver></H1>

            <h2> <i>?¾ä??°è?æºã€?/i> </h2></span>

            <font face="Arial, Helvetica, Geneva, SunSans-Regular, sans-serif ">

            <b> ?è¿°: </b>HTTP 404. ?¨è?å°‹æ‰¾?„è?æº?(?–å…¶?¸ä??§ç??¶ä¸­ä¹‹ä?) ?¯èƒ½å·²ç?ç§»é™¤?å?ç¨±å·²ç¶“è??´æ??¯æš«?‚ç„¡æ³•ä½¿?¨ã€‚è?æª¢é–±ä¸‹å? URLï¼Œä¸¦ä¸”ç¢ºå®šå??„æ‹¼å¯«ç„¡èª¤ã€?
            <br><br>

            <b> è¦æ???URL: </b>/SessionWeb/LoginSession.aspx<br><br>

    </body>
</html>

2022/1/25 ¤U¤È 03:53:05(113012906) : <?xml version='1.0' encoding='big5'?><Result Code='0' ServerTime='99999999-999999'><Error Code='-100000' Msg='¤¸¥ó¿ù»~ToGetProduct -- Automation ¿ù»~
§@·~¨t²ÎµLªk°õ¦æ %1¡C '/></Result>
2022/1/25 ¤U¤È 03:53:05(113013169) : <!DOCTYPE html>
<html>
    <head>
        <title>?¾ä??°è?æºã€?/title>
        <meta name="viewport" content="width=device-width" />
        <style>
         body {font-family:"Verdana";font-weight:normal;font-size: .7em;color:black;} 
         p {font-family:"Verdana";font-weight:normal;color:black;margin-top: -5px}
         b {font-family:"Verdana";font-weight:bold;color:black;margin-top: -5px}
         H1 { font-family:"Verdana";font-weight:normal;font-size:18pt;color:red }
         H2 { font-family:"Verdana";font-weight:normal;font-size:14pt;color:maroon }
         pre {font-family:"Consolas","Lucida Console",Monospace;font-size:11pt;margin:0;padding:0.5em;line-height:14pt}
         .marker {font-weight: bold; color: black;text-decoration: none;}
         .version {color: gray;}
         .error {margin-bottom: 10px;}
         .expandable { text-decoration:underline; font-weight:bold; color:navy; cursor:hand; }
         @media screen and (max-width: 639px) {
          pre { width: 440px; overflow: auto; white-space: pre-wrap; word-wrap: break-word; }
         }
         @media screen and (max-width: 479px) {
          pre { width: 280px; }
         }
        </style>
    </head>

    <body bgcolor="white">

            <span><H1>'/' ?‰ç”¨ç¨‹å?ä¸­ç™¼?Ÿä¼º?å™¨?¯èª¤??hr width=100% size=1 color=silver></H1>

            <h2> <i>?¾ä??°è?æºã€?/i> </h2></span>

            <font face="Arial, Helvetica, Geneva, SunSans-Regular, sans-serif ">

            <b> ?è¿°: </b>HTTP 404. ?¨è?å°‹æ‰¾?„è?æº?(?–å…¶?¸ä??§ç??¶ä¸­ä¹‹ä?) ?¯èƒ½å·²ç?ç§»é™¤?å?ç¨±å·²ç¶“è??´æ??¯æš«?‚ç„¡æ³•ä½¿?¨ã€‚è?æª¢é–±ä¸‹å? URLï¼Œä¸¦ä¸”ç¢ºå®šå??„æ‹¼å¯«ç„¡èª¤ã€?
            <br><br>

            <b> è¦æ???URL: </b>/SessionWeb/LoginSession.aspx<br><br>

    </body>
</html>

2022/1/25 ¤U¤È 03:53:05(113013437) : <?xml version='1.0' encoding='big5'?><Result Code='0' ServerTime='99999999-999999'><Error Code='-100000' Msg='¤¸¥ó¿ù»~ToGetProduct -- Automation ¿ù»~
§@·~¨t²ÎµLªk°õ¦æ %1¡C '/></Result>
2022/1/25 ¤U¤È 03:53:06(113013693) : <!DOCTYPE html>
<html>
    <head>
        <title>?¾ä??°è?æºã€?/title>
        <meta name="viewport" content="width=device-width" />
        <style>
         body {font-family:"Verdana";font-weight:normal;font-size: .7em;color:black;} 
         p {font-family:"Verdana";font-weight:normal;color:black;margin-top: -5px}
         b {font-family:"Verdana";font-weight:bold;color:black;margin-top: -5px}
         H1 { font-family:"Verdana";font-weight:normal;font-size:18pt;color:red }
         H2 { font-family:"Verdana";font-weight:normal;font-size:14pt;color:maroon }
         pre {font-family:"Consolas","Lucida Console",Monospace;font-size:11pt;margin:0;padding:0.5em;line-height:14pt}
         .marker {font-weight: bold; color: black;text-decoration: none;}
         .version {color: gray;}
         .error {margin-bottom: 10px;}
         .expandable { text-decoration:underline; font-weight:bold; color:navy; cursor:hand; }
         @media screen and (max-width: 639px) {
          pre { width: 440px; overflow: auto; white-space: pre-wrap; word-wrap: break-word; }
         }
         @media screen and (max-width: 479px) {
          pre { width: 280px; }
         }
        </style>
    </head>

    <body bgcolor="white">

            <span><H1>'/' ?‰ç”¨ç¨‹å?ä¸­ç™¼?Ÿä¼º?å™¨?¯èª¤??hr width=100% size=1 color=silver></H1>

            <h2> <i>?¾ä??°è?æºã€?/i> </h2></span>

            <font face="Arial, Helvetica, Geneva, SunSans-Regular, sans-serif ">

            <b> ?è¿°: </b>HTTP 404. ?¨è?å°‹æ‰¾?„è?æº?(?–å…¶?¸ä??§ç??¶ä¸­ä¹‹ä?) ?¯èƒ½å·²ç?ç§»é™¤?å?ç¨±å·²ç¶“è??´æ??¯æš«?‚ç„¡æ³•ä½¿?¨ã€‚è?æª¢é–±ä¸‹å? URLï¼Œä¸¦ä¸”ç¢ºå®šå??„æ‹¼å¯«ç„¡èª¤ã€?
            <br><br>

            <b> è¦æ???URL: </b>/SessionWeb/LoginSession.aspx<br><br>

    </body>
</html>

2022/1/25 ¤U¤È 03:53:06(113013953) : <?xml version='1.0' encoding='big5'?><Result Code='0' ServerTime='99999999-999999'><Error Code='-100000' Msg='¤¸¥ó¿ù»~ToGetProduct -- Automation ¿ù»~
§@·~¨t²ÎµLªk°õ¦æ %1¡C '/></Result>
2022/1/25 ¤U¤È 03:53:06(113014222) : <!DOCTYPE html>
<html>
    <head>
        <title>?¾ä??°è?æºã€?/title>
        <meta name="viewport" content="width=device-width" />
        <style>
         body {font-family:"Verdana";font-weight:normal;font-size: .7em;color:black;} 
         p {font-family:"Verdana";font-weight:normal;color:black;margin-top: -5px}
         b {font-family:"Verdana";font-weight:bold;color:black;margin-top: -5px}
         H1 { font-family:"Verdana";font-weight:normal;font-size:18pt;color:red }
         H2 { font-family:"Verdana";font-weight:normal;font-size:14pt;color:maroon }
         pre {font-family:"Consolas","Lucida Console",Monospace;font-size:11pt;margin:0;padding:0.5em;line-height:14pt}
         .marker {font-weight: bold; color: black;text-decoration: none;}
         .version {color: gray;}
         .error {margin-bottom: 10px;}
         .expandable { text-decoration:underline; font-weight:bold; color:navy; cursor:hand; }
         @media screen and (max-width: 639px) {
          pre { width: 440px; overflow: auto; white-space: pre-wrap; word-wrap: break-word; }
         }
         @media screen and (max-width: 479px) {
          pre { width: 280px; }
         }
        </style>
    </head>

    <body bgcolor="white">

            <span><H1>'/' ?‰ç”¨ç¨‹å?ä¸­ç™¼?Ÿä¼º?å™¨?¯èª¤??hr width=100% size=1 color=silver></H1>

            <h2> <i>?¾ä??°è?æºã€?/i> </h2></span>

            <font face="Arial, Helvetica, Geneva, SunSans-Regular, sans-serif ">

            <b> ?è¿°: </b>HTTP 404. ?¨è?å°‹æ‰¾?„è?æº?(?–å…¶?¸ä??§ç??¶ä¸­ä¹‹ä?) ?¯èƒ½å·²ç?ç§»é™¤?å?ç¨±å·²ç¶“è??´æ??¯æš«?‚ç„¡æ³•ä½¿?¨ã€‚è?æª¢é–±ä¸‹å? URLï¼Œä¸¦ä¸”ç¢ºå®šå??„æ‹¼å¯«ç„¡èª¤ã€?
            <br><br>

            <b> è¦æ???URL: </b>/SessionWeb/LoginSession.aspx<br><br>

    </body>
</html>

2022/1/25 ¤U¤È 03:53:06(113014484) : <?xml version='1.0' encoding='big5'?><Result Code='0' ServerTime='99999999-999999'><Error Code='-100000' Msg='¤¸¥ó¿ù»~ToGetProduct -- Automation ¿ù»~
§@·~¨t²ÎµLªk°õ¦æ %1¡C '/></Result>
2022/1/25 ¤U¤È 03:53:07(113014726) : <!DOCTYPE html>
<html>
    <head>
        <title>?¾ä??°è?æºã€?/title>
        <meta name="viewport" content="width=device-width" />
        <style>
         body {font-family:"Verdana";font-weight:normal;font-size: .7em;color:black;} 
         p {font-family:"Verdana";font-weight:normal;color:black;margin-top: -5px}
         b {font-family:"Verdana";font-weight:bold;color:black;margin-top: -5px}
         H1 { font-family:"Verdana";font-weight:normal;font-size:18pt;color:red }
         H2 { font-family:"Verdana";font-weight:normal;font-size:14pt;color:maroon }
         pre {font-family:"Consolas","Lucida Console",Monospace;font-size:11pt;margin:0;padding:0.5em;line-height:14pt}
         .marker {font-weight: bold; color: black;text-decoration: none;}
         .version {color: gray;}
         .error {margin-bottom: 10px;}
         .expandable { text-decoration:underline; font-weight:bold; color:navy; cursor:hand; }
         @media screen and (max-width: 639px) {
          pre { width: 440px; overflow: auto; white-space: pre-wrap; word-wrap: break-word; }
         }
         @media screen and (max-width: 479px) {
          pre { width: 280px; }
         }
        </style>
    </head>

    <body bgcolor="white">

            <span><H1>'/' ?‰ç”¨ç¨‹å?ä¸­ç™¼?Ÿä¼º?å™¨?¯èª¤??hr width=100% size=1 color=silver></H1>

            <h2> <i>?¾ä??°è?æºã€?/i> </h2></span>

            <font face="Arial, Helvetica, Geneva, SunSans-Regular, sans-serif ">

            <b> ?è¿°: </b>HTTP 404. ?¨è?å°‹æ‰¾?„è?æº?(?–å…¶?¸ä??§ç??¶ä¸­ä¹‹ä?) ?¯èƒ½å·²ç?ç§»é™¤?å?ç¨±å·²ç¶“è??´æ??¯æš«?‚ç„¡æ³•ä½¿?¨ã€‚è?æª¢é–±ä¸‹å? URLï¼Œä¸¦ä¸”ç¢ºå®šå??„æ‹¼å¯«ç„¡èª¤ã€?
            <br><br>

            <b> è¦æ???URL: </b>/SessionWeb/LoginSession.aspx<br><br>

    </body>
</html>

