2021/4/20 ¤U¤È 05:51:08(111182484) : <?xml version='1.0' encoding='big5'?><Result Code='0' ServerTime='99999999-999999'><Error Code='-100000' Msg='¤¸¥ó¿ù»~ToGetProduct -- Automation ¿ù»~
§@·~¨t²ÎµLªk°õ¦æ %1¡C '/></Result>
2021/4/20 ¤U¤È 05:51:20(111195040) : <?xml version='1.0' encoding='big5'?><Result Code='0' ServerTime='99999999-999999'><Error Code='-100000' Msg='¤¸¥ó¿ù»~Get_Http_Server2Client_Set -- '/></Result>
2021/4/20 ¤U¤È 05:55:00(111415031) : <?xml version='1.0' encoding='big5'?><Result Code='0' ServerTime='99999999-999999'><Error Code='-100000' Msg='¤¸¥ó¿ù»~ToGetProduct -- Automation ¿ù»~
§@·~¨t²ÎµLªk°õ¦æ %1¡C '/></Result>
2021/4/20 ¤U¤È 05:55:01(111415476) : <?xml version='1.0' encoding='big5'?><Result Code='0' ServerTime='99999999-999999'><Error Code='-100000' Msg='¤¸¥ó¿ù»~Get_Http_Server2Client_Set -- '/></Result>
2021/4/20 ¤U¤È 05:55:01(111415743) : <?xml version='1.0' encoding='big5'?><Result Code='0' ServerTime='99999999-999999'><Error Code='-100000' Msg='¤¸¥ó¿ù»~Get_Http_Server2Client_Set -- '/></Result>
2021/4/20 ¤U¤È 05:55:01(111415797) : <?xml version='1.0' encoding='big5'?><Result Code='0' ServerTime='99999999-999999'><Error Code='-100000' Msg='¤¸¥ó¿ù»~Get_Http_ServerTime -- '/></Result>
2021/4/20 ¤U¤È 05:55:01(111415906) : <?xml version='1.0' encoding='big5'?><Result Code='0' ServerTime='99999999-999999'><Error Code='-100000' Msg='¤¸¥ó¿ù»~eLogin -- '/></Result>
2021/4/20 ¤U¤È 05:55:31(111445828) : <?xml version='1.0' encoding='big5'?><Result Code='0' ServerTime='99999999-999999'><Error Code='-100000' Msg='¤¸¥ó¿ù»~ToGetProduct -- Automation ¿ù»~
§@·~¨t²ÎµLªk°õ¦æ %1¡C '/></Result>
2021/4/20 ¤U¤È 05:55:32(111446743) : <?xml version='1.0' encoding='big5'?><Result Code='0' ServerTime='99999999-999999'><Error Code='-100000' Msg='¤¸¥ó¿ù»~Get_Http_Server2Client_Set -- '/></Result>
2021/4/20 ¤U¤È 05:55:32(111447092) : <?xml version='1.0' encoding='big5'?><Result Code='0' ServerTime='99999999-999999'><Error Code='-100000' Msg='¤¸¥ó¿ù»~Get_Http_Server2Client_Set -- '/></Result>
2021/4/20 ¤U¤È 05:55:33(111447342) : <?xml version='1.0' encoding='big5'?><Result Code='0' ServerTime='99999999-999999'><Error Code='-100000' Msg='¤¸¥ó¿ù»~Get_Http_ServerTime -- '/></Result>
2021/4/20 ¤U¤È 05:55:45(111459527) : <?xml version='1.0' encoding='big5'?><Result Code='0' ServerTime='99999999-999999'><Error Code='-100000' Msg='¤¸¥ó¿ù»~eLogin -- '/></Result>
2021/4/20 ¤U¤È 05:56:10(111484578) : <?xml version='1.0' encoding='big5'?><Result Code='0' ServerTime='99999999-999999'><Error Code='-100000' Msg='¤¸¥ó¿ù»~ToGetProduct -- Automation ¿ù»~
§@·~¨t²ÎµLªk°õ¦æ %1¡C '/></Result>
2021/4/20 ¤U¤È 05:56:10(111484717) : <?xml version='1.0' encoding='big5'?><Result Code='0' ServerTime='99999999-999999'><Error Code='-100000' Msg='¤¸¥ó¿ù»~Get_Http_Server2Client_Set -- '/></Result>
2021/4/20 ¤U¤È 05:56:10(111484796) : <?xml version='1.0' encoding='big5'?><Result Code='0' ServerTime='99999999-999999'><Error Code='-100000' Msg='¤¸¥ó¿ù»~Get_Http_Server2Client_Set -- '/></Result>
2021/4/20 ¤U¤È 05:56:10(111484837) : <?xml version='1.0' encoding='big5'?><Result Code='0' ServerTime='99999999-999999'><Error Code='-100000' Msg='¤¸¥ó¿ù»~Get_Http_ServerTime -- '/></Result>
2021/4/20 ¤U¤È 05:56:10(111484886) : <?xml version='1.0' encoding='big5'?><Result Code='0' ServerTime='99999999-999999'><Error Code='-100000' Msg='¤¸¥ó¿ù»~eLogin -- '/></Result>
2021/4/20 ¤U¤È 05:56:13(111488125) : <?xml version='1.0' encoding='big5'?><Result Code='0' ServerTime='99999999-999999'><Error Code='-100000' Msg='¤¸¥ó¿ù»~ToGetProduct -- Automation ¿ù»~
§@·~¨t²ÎµLªk°õ¦æ %1¡C '/></Result>
2021/4/20 ¤U¤È 05:56:13(111488242) : <?xml version='1.0' encoding='big5'?><Result Code='0' ServerTime='99999999-999999'><Error Code='-100000' Msg='¤¸¥ó¿ù»~Get_Http_Server2Client_Set -- '/></Result>
2021/4/20 ¤U¤È 05:56:13(111488312) : <?xml version='1.0' encoding='big5'?><Result Code='0' ServerTime='99999999-999999'><Error Code='-100000' Msg='¤¸¥ó¿ù»~Get_Http_Server2Client_Set -- '/></Result>
2021/4/20 ¤U¤È 05:56:14(111488352) : <?xml version='1.0' encoding='big5'?><Result Code='0' ServerTime='99999999-999999'><Error Code='-100000' Msg='¤¸¥ó¿ù»~Get_Http_ServerTime -- '/></Result>
2021/4/20 ¤U¤È 05:56:14(111488405) : <?xml version='1.0' encoding='big5'?><Result Code='0' ServerTime='99999999-999999'><Error Code='-100000' Msg='¤¸¥ó¿ù»~eLogin -- '/></Result>
2021/4/20 ¤U¤È 06:10:04(112318343) : <?xml version='1.0' encoding='big5'?><Result Code='0' ServerTime='99999999-999999'><Error Code='-100000' Msg='¤¸¥ó¿ù»~ToGetProduct -- Automation ¿ù»~
§@·~¨t²ÎµLªk°õ¦æ %1¡C '/></Result>
2021/4/20 ¤U¤È 06:10:04(112318749) : <!DOCTYPE html>
<html>
    <head>
        <title>?¾ä??°è?æºã€?/title>
        <meta name="viewport" content="width=device-width" />
        <style>
         body {font-family:"Verdana";font-weight:normal;font-size: .7em;color:black;} 
         p {font-family:"Verdana";font-weight:normal;color:black;margin-top: -5px}
         b {font-family:"Verdana";font-weight:bold;color:black;margin-top: -5px}
         H1 { font-family:"Verdana";font-weight:normal;font-size:18pt;color:red }
         H2 { font-family:"Verdana";font-weight:normal;font-size:14pt;color:maroon }
         pre {font-family:"Consolas","Lucida Console",Monospace;font-size:11pt;margin:0;padding:0.5em;line-height:14pt}
         .marker {font-weight: bold; color: black;text-decoration: none;}
         .version {color: gray;}
         .error {margin-bottom: 10px;}
         .expandable { text-decoration:underline; font-weight:bold; color:navy; cursor:hand; }
         @media screen and (max-width: 639px) {
          pre { width: 440px; overflow: auto; white-space: pre-wrap; word-wrap: break-word; }
         }
         @media screen and (max-width: 479px) {
          pre { width: 280px; }
         }
        </style>
    </head>

    <body bgcolor="white">

            <span><H1>'/' ?‰ç”¨ç¨‹å?ä¸­ç™¼?Ÿä¼º?å™¨?¯èª¤??hr width=100% size=1 color=silver></H1>

            <h2> <i>?¾ä??°è?æºã€?/i> </h2></span>

            <font face="Arial, Helvetica, Geneva, SunSans-Regular, sans-serif ">

            <b> ?è¿°: </b>HTTP 404. ?¨è?å°‹æ‰¾?„è?æº?(?–å…¶?¸ä??§ç??¶ä¸­ä¹‹ä?) ?¯èƒ½å·²ç?ç§»é™¤?å?ç¨±å·²ç¶“è??´æ??¯æš«?‚ç„¡æ³•ä½¿?¨ã€‚è?æª¢é–±ä¸‹å? URLï¼Œä¸¦ä¸”ç¢ºå®šå??„æ‹¼å¯«ç„¡èª¤ã€?
            <br><br>

            <b> è¦æ???URL: </b>/SessionWeb/LoginSession.aspx<br><br>

    </body>
</html>

2021/4/20 ¤U¤È 06:10:37(112352312) : <?xml version='1.0' encoding='big5'?><Result Code='0' ServerTime='99999999-999999'><Error Code='-100000' Msg='¤¸¥ó¿ù»~ToGetProduct -- Automation ¿ù»~
§@·~¨t²ÎµLªk°õ¦æ %1¡C '/></Result>
2021/4/20 ¤U¤È 06:10:38(112352739) : <!DOCTYPE html>
<html>
    <head>
        <title>?¾ä??°è?æºã€?/title>
        <meta name="viewport" content="width=device-width" />
        <style>
         body {font-family:"Verdana";font-weight:normal;font-size: .7em;color:black;} 
         p {font-family:"Verdana";font-weight:normal;color:black;margin-top: -5px}
         b {font-family:"Verdana";font-weight:bold;color:black;margin-top: -5px}
         H1 { font-family:"Verdana";font-weight:normal;font-size:18pt;color:red }
         H2 { font-family:"Verdana";font-weight:normal;font-size:14pt;color:maroon }
         pre {font-family:"Consolas","Lucida Console",Monospace;font-size:11pt;margin:0;padding:0.5em;line-height:14pt}
         .marker {font-weight: bold; color: black;text-decoration: none;}
         .version {color: gray;}
         .error {margin-bottom: 10px;}
         .expandable { text-decoration:underline; font-weight:bold; color:navy; cursor:hand; }
         @media screen and (max-width: 639px) {
          pre { width: 440px; overflow: auto; white-space: pre-wrap; word-wrap: break-word; }
         }
         @media screen and (max-width: 479px) {
          pre { width: 280px; }
         }
        </style>
    </head>

    <body bgcolor="white">

            <span><H1>'/' ?‰ç”¨ç¨‹å?ä¸­ç™¼?Ÿä¼º?å™¨?¯èª¤??hr width=100% size=1 color=silver></H1>

            <h2> <i>?¾ä??°è?æºã€?/i> </h2></span>

            <font face="Arial, Helvetica, Geneva, SunSans-Regular, sans-serif ">

            <b> ?è¿°: </b>HTTP 404. ?¨è?å°‹æ‰¾?„è?æº?(?–å…¶?¸ä??§ç??¶ä¸­ä¹‹ä?) ?¯èƒ½å·²ç?ç§»é™¤?å?ç¨±å·²ç¶“è??´æ??¯æš«?‚ç„¡æ³•ä½¿?¨ã€‚è?æª¢é–±ä¸‹å? URLï¼Œä¸¦ä¸”ç¢ºå®šå??„æ‹¼å¯«ç„¡èª¤ã€?
            <br><br>

            <b> è¦æ???URL: </b>/SessionWeb/LoginSession.aspx<br><br>

    </body>
</html>

2021/4/20 ¤U¤È 06:11:03(112378093) : <?xml version='1.0' encoding='big5'?><Result Code='0' ServerTime='99999999-999999'><Error Code='-100000' Msg='¤¸¥ó¿ù»~ToGetProduct -- Automation ¿ù»~
§@·~¨t²ÎµLªk°õ¦æ %1¡C '/></Result>
2021/4/20 ¤U¤È 06:11:04(112378592) : <!DOCTYPE html>
<html>
    <head>
        <title>?¾ä??°è?æºã€?/title>
        <meta name="viewport" content="width=device-width" />
        <style>
         body {font-family:"Verdana";font-weight:normal;font-size: .7em;color:black;} 
         p {font-family:"Verdana";font-weight:normal;color:black;margin-top: -5px}
         b {font-family:"Verdana";font-weight:bold;color:black;margin-top: -5px}
         H1 { font-family:"Verdana";font-weight:normal;font-size:18pt;color:red }
         H2 { font-family:"Verdana";font-weight:normal;font-size:14pt;color:maroon }
         pre {font-family:"Consolas","Lucida Console",Monospace;font-size:11pt;margin:0;padding:0.5em;line-height:14pt}
         .marker {font-weight: bold; color: black;text-decoration: none;}
         .version {color: gray;}
         .error {margin-bottom: 10px;}
         .expandable { text-decoration:underline; font-weight:bold; color:navy; cursor:hand; }
         @media screen and (max-width: 639px) {
          pre { width: 440px; overflow: auto; white-space: pre-wrap; word-wrap: break-word; }
         }
         @media screen and (max-width: 479px) {
          pre { width: 280px; }
         }
        </style>
    </head>

    <body bgcolor="white">

            <span><H1>'/' ?‰ç”¨ç¨‹å?ä¸­ç™¼?Ÿä¼º?å™¨?¯èª¤??hr width=100% size=1 color=silver></H1>

            <h2> <i>?¾ä??°è?æºã€?/i> </h2></span>

            <font face="Arial, Helvetica, Geneva, SunSans-Regular, sans-serif ">

            <b> ?è¿°: </b>HTTP 404. ?¨è?å°‹æ‰¾?„è?æº?(?–å…¶?¸ä??§ç??¶ä¸­ä¹‹ä?) ?¯èƒ½å·²ç?ç§»é™¤?å?ç¨±å·²ç¶“è??´æ??¯æš«?‚ç„¡æ³•ä½¿?¨ã€‚è?æª¢é–±ä¸‹å? URLï¼Œä¸¦ä¸”ç¢ºå®šå??„æ‹¼å¯«ç„¡èª¤ã€?
            <br><br>

            <b> è¦æ???URL: </b>/SessionWeb/LoginSession.aspx<br><br>

    </body>
</html>

2021/4/20 ¤U¤È 06:11:56(112431265) : <?xml version='1.0' encoding='big5'?><Result Code='0' ServerTime='99999999-999999'><Error Code='-100000' Msg='¤¸¥ó¿ù»~ToGetProduct -- Automation ¿ù»~
§@·~¨t²ÎµLªk°õ¦æ %1¡C '/></Result>
2021/4/20 ¤U¤È 06:11:57(112431750) : <!DOCTYPE html>
<html>
    <head>
        <title>?¾ä??°è?æºã€?/title>
        <meta name="viewport" content="width=device-width" />
        <style>
         body {font-family:"Verdana";font-weight:normal;font-size: .7em;color:black;} 
         p {font-family:"Verdana";font-weight:normal;color:black;margin-top: -5px}
         b {font-family:"Verdana";font-weight:bold;color:black;margin-top: -5px}
         H1 { font-family:"Verdana";font-weight:normal;font-size:18pt;color:red }
         H2 { font-family:"Verdana";font-weight:normal;font-size:14pt;color:maroon }
         pre {font-family:"Consolas","Lucida Console",Monospace;font-size:11pt;margin:0;padding:0.5em;line-height:14pt}
         .marker {font-weight: bold; color: black;text-decoration: none;}
         .version {color: gray;}
         .error {margin-bottom: 10px;}
         .expandable { text-decoration:underline; font-weight:bold; color:navy; cursor:hand; }
         @media screen and (max-width: 639px) {
          pre { width: 440px; overflow: auto; white-space: pre-wrap; word-wrap: break-word; }
         }
         @media screen and (max-width: 479px) {
          pre { width: 280px; }
         }
        </style>
    </head>

    <body bgcolor="white">

            <span><H1>'/' ?‰ç”¨ç¨‹å?ä¸­ç™¼?Ÿä¼º?å™¨?¯èª¤??hr width=100% size=1 color=silver></H1>

            <h2> <i>?¾ä??°è?æºã€?/i> </h2></span>

            <font face="Arial, Helvetica, Geneva, SunSans-Regular, sans-serif ">

            <b> ?è¿°: </b>HTTP 404. ?¨è?å°‹æ‰¾?„è?æº?(?–å…¶?¸ä??§ç??¶ä¸­ä¹‹ä?) ?¯èƒ½å·²ç?ç§»é™¤?å?ç¨±å·²ç¶“è??´æ??¯æš«?‚ç„¡æ³•ä½¿?¨ã€‚è?æª¢é–±ä¸‹å? URLï¼Œä¸¦ä¸”ç¢ºå®šå??„æ‹¼å¯«ç„¡èª¤ã€?
            <br><br>

            <b> è¦æ???URL: </b>/SessionWeb/LoginSession.aspx<br><br>

    </body>
</html>

2021/4/20 ¤U¤È 06:12:03(112437968) : <?xml version='1.0' encoding='big5'?><Result Code='0' ServerTime='99999999-999999'><Error Code='-100000' Msg='¤¸¥ó¿ù»~ToGetProduct -- Automation ¿ù»~
§@·~¨t²ÎµLªk°õ¦æ %1¡C '/></Result>
2021/4/20 ¤U¤È 06:12:04(112438471) : <!DOCTYPE html>
<html>
    <head>
        <title>?¾ä??°è?æºã€?/title>
        <meta name="viewport" content="width=device-width" />
        <style>
         body {font-family:"Verdana";font-weight:normal;font-size: .7em;color:black;} 
         p {font-family:"Verdana";font-weight:normal;color:black;margin-top: -5px}
         b {font-family:"Verdana";font-weight:bold;color:black;margin-top: -5px}
         H1 { font-family:"Verdana";font-weight:normal;font-size:18pt;color:red }
         H2 { font-family:"Verdana";font-weight:normal;font-size:14pt;color:maroon }
         pre {font-family:"Consolas","Lucida Console",Monospace;font-size:11pt;margin:0;padding:0.5em;line-height:14pt}
         .marker {font-weight: bold; color: black;text-decoration: none;}
         .version {color: gray;}
         .error {margin-bottom: 10px;}
         .expandable { text-decoration:underline; font-weight:bold; color:navy; cursor:hand; }
         @media screen and (max-width: 639px) {
          pre { width: 440px; overflow: auto; white-space: pre-wrap; word-wrap: break-word; }
         }
         @media screen and (max-width: 479px) {
          pre { width: 280px; }
         }
        </style>
    </head>

    <body bgcolor="white">

            <span><H1>'/' ?‰ç”¨ç¨‹å?ä¸­ç™¼?Ÿä¼º?å™¨?¯èª¤??hr width=100% size=1 color=silver></H1>

            <h2> <i>?¾ä??°è?æºã€?/i> </h2></span>

            <font face="Arial, Helvetica, Geneva, SunSans-Regular, sans-serif ">

            <b> ?è¿°: </b>HTTP 404. ?¨è?å°‹æ‰¾?„è?æº?(?–å…¶?¸ä??§ç??¶ä¸­ä¹‹ä?) ?¯èƒ½å·²ç?ç§»é™¤?å?ç¨±å·²ç¶“è??´æ??¯æš«?‚ç„¡æ³•ä½¿?¨ã€‚è?æª¢é–±ä¸‹å? URLï¼Œä¸¦ä¸”ç¢ºå®šå??„æ‹¼å¯«ç„¡èª¤ã€?
            <br><br>

            <b> è¦æ???URL: </b>/SessionWeb/LoginSession.aspx<br><br>

    </body>
</html>

2021/4/20 ¤U¤È 06:12:45(112479765) : <?xml version='1.0' encoding='big5'?><Result Code='0' ServerTime='99999999-999999'><Error Code='-100000' Msg='¤¸¥ó¿ù»~ToGetProduct -- Automation ¿ù»~
§@·~¨t²ÎµLªk°õ¦æ %1¡C '/></Result>
2021/4/20 ¤U¤È 06:12:45(112480233) : <!DOCTYPE html>
<html>
    <head>
        <title>?¾ä??°è?æºã€?/title>
        <meta name="viewport" content="width=device-width" />
        <style>
         body {font-family:"Verdana";font-weight:normal;font-size: .7em;color:black;} 
         p {font-family:"Verdana";font-weight:normal;color:black;margin-top: -5px}
         b {font-family:"Verdana";font-weight:bold;color:black;margin-top: -5px}
         H1 { font-family:"Verdana";font-weight:normal;font-size:18pt;color:red }
         H2 { font-family:"Verdana";font-weight:normal;font-size:14pt;color:maroon }
         pre {font-family:"Consolas","Lucida Console",Monospace;font-size:11pt;margin:0;padding:0.5em;line-height:14pt}
         .marker {font-weight: bold; color: black;text-decoration: none;}
         .version {color: gray;}
         .error {margin-bottom: 10px;}
         .expandable { text-decoration:underline; font-weight:bold; color:navy; cursor:hand; }
         @media screen and (max-width: 639px) {
          pre { width: 440px; overflow: auto; white-space: pre-wrap; word-wrap: break-word; }
         }
         @media screen and (max-width: 479px) {
          pre { width: 280px; }
         }
        </style>
    </head>

    <body bgcolor="white">

            <span><H1>'/' ?‰ç”¨ç¨‹å?ä¸­ç™¼?Ÿä¼º?å™¨?¯èª¤??hr width=100% size=1 color=silver></H1>

            <h2> <i>?¾ä??°è?æºã€?/i> </h2></span>

            <font face="Arial, Helvetica, Geneva, SunSans-Regular, sans-serif ">

            <b> ?è¿°: </b>HTTP 404. ?¨è?å°‹æ‰¾?„è?æº?(?–å…¶?¸ä??§ç??¶ä¸­ä¹‹ä?) ?¯èƒ½å·²ç?ç§»é™¤?å?ç¨±å·²ç¶“è??´æ??¯æš«?‚ç„¡æ³•ä½¿?¨ã€‚è?æª¢é–±ä¸‹å? URLï¼Œä¸¦ä¸”ç¢ºå®šå??„æ‹¼å¯«ç„¡èª¤ã€?
            <br><br>

            <b> è¦æ???URL: </b>/SessionWeb/LoginSession.aspx<br><br>

    </body>
</html>

2021/4/20 ¤U¤È 06:15:07(112622171) : <?xml version='1.0' encoding='big5'?><Result Code='0' ServerTime='99999999-999999'><Error Code='-100000' Msg='¤¸¥ó¿ù»~ToGetProduct -- Automation ¿ù»~
§@·~¨t²ÎµLªk°õ¦æ %1¡C '/></Result>
2021/4/20 ¤U¤È 06:15:08(112622824) : <!DOCTYPE html>
<html>
    <head>
        <title>?¾ä??°è?æºã€?/title>
        <meta name="viewport" content="width=device-width" />
        <style>
         body {font-family:"Verdana";font-weight:normal;font-size: .7em;color:black;} 
         p {font-family:"Verdana";font-weight:normal;color:black;margin-top: -5px}
         b {font-family:"Verdana";font-weight:bold;color:black;margin-top: -5px}
         H1 { font-family:"Verdana";font-weight:normal;font-size:18pt;color:red }
         H2 { font-family:"Verdana";font-weight:normal;font-size:14pt;color:maroon }
         pre {font-family:"Consolas","Lucida Console",Monospace;font-size:11pt;margin:0;padding:0.5em;line-height:14pt}
         .marker {font-weight: bold; color: black;text-decoration: none;}
         .version {color: gray;}
         .error {margin-bottom: 10px;}
         .expandable { text-decoration:underline; font-weight:bold; color:navy; cursor:hand; }
         @media screen and (max-width: 639px) {
          pre { width: 440px; overflow: auto; white-space: pre-wrap; word-wrap: break-word; }
         }
         @media screen and (max-width: 479px) {
          pre { width: 280px; }
         }
        </style>
    </head>

    <body bgcolor="white">

            <span><H1>'/' ?‰ç”¨ç¨‹å?ä¸­ç™¼?Ÿä¼º?å™¨?¯èª¤??hr width=100% size=1 color=silver></H1>

            <h2> <i>?¾ä??°è?æºã€?/i> </h2></span>

            <font face="Arial, Helvetica, Geneva, SunSans-Regular, sans-serif ">

            <b> ?è¿°: </b>HTTP 404. ?¨è?å°‹æ‰¾?„è?æº?(?–å…¶?¸ä??§ç??¶ä¸­ä¹‹ä?) ?¯èƒ½å·²ç?ç§»é™¤?å?ç¨±å·²ç¶“è??´æ??¯æš«?‚ç„¡æ³•ä½¿?¨ã€‚è?æª¢é–±ä¸‹å? URLï¼Œä¸¦ä¸”ç¢ºå®šå??„æ‹¼å¯«ç„¡èª¤ã€?
            <br><br>

            <b> è¦æ???URL: </b>/SessionWeb/LoginSession.aspx<br><br>

    </body>
</html>

2021/4/20 ¤U¤È 06:15:50(112664515) : <?xml version='1.0' encoding='big5'?><Result Code='0' ServerTime='99999999-999999'><Error Code='-100000' Msg='¤¸¥ó¿ù»~ToGetProduct -- Automation ¿ù»~
§@·~¨t²ÎµLªk°õ¦æ %1¡C '/></Result>
2021/4/20 ¤U¤È 06:15:50(112665197) : <!DOCTYPE html>
<html>
    <head>
        <title>?¾ä??°è?æºã€?/title>
        <meta name="viewport" content="width=device-width" />
        <style>
         body {font-family:"Verdana";font-weight:normal;font-size: .7em;color:black;} 
         p {font-family:"Verdana";font-weight:normal;color:black;margin-top: -5px}
         b {font-family:"Verdana";font-weight:bold;color:black;margin-top: -5px}
         H1 { font-family:"Verdana";font-weight:normal;font-size:18pt;color:red }
         H2 { font-family:"Verdana";font-weight:normal;font-size:14pt;color:maroon }
         pre {font-family:"Consolas","Lucida Console",Monospace;font-size:11pt;margin:0;padding:0.5em;line-height:14pt}
         .marker {font-weight: bold; color: black;text-decoration: none;}
         .version {color: gray;}
         .error {margin-bottom: 10px;}
         .expandable { text-decoration:underline; font-weight:bold; color:navy; cursor:hand; }
         @media screen and (max-width: 639px) {
          pre { width: 440px; overflow: auto; white-space: pre-wrap; word-wrap: break-word; }
         }
         @media screen and (max-width: 479px) {
          pre { width: 280px; }
         }
        </style>
    </head>

    <body bgcolor="white">

            <span><H1>'/' ?‰ç”¨ç¨‹å?ä¸­ç™¼?Ÿä¼º?å™¨?¯èª¤??hr width=100% size=1 color=silver></H1>

            <h2> <i>?¾ä??°è?æºã€?/i> </h2></span>

            <font face="Arial, Helvetica, Geneva, SunSans-Regular, sans-serif ">

            <b> ?è¿°: </b>HTTP 404. ?¨è?å°‹æ‰¾?„è?æº?(?–å…¶?¸ä??§ç??¶ä¸­ä¹‹ä?) ?¯èƒ½å·²ç?ç§»é™¤?å?ç¨±å·²ç¶“è??´æ??¯æš«?‚ç„¡æ³•ä½¿?¨ã€‚è?æª¢é–±ä¸‹å? URLï¼Œä¸¦ä¸”ç¢ºå®šå??„æ‹¼å¯«ç„¡èª¤ã€?
            <br><br>

            <b> è¦æ???URL: </b>/SessionWeb/LoginSession.aspx<br><br>

    </body>
</html>

2021/4/20 ¤U¤È 06:15:57(112672296) : <?xml version='1.0' encoding='big5'?><Result Code='0' ServerTime='99999999-999999'><Error Code='-100000' Msg='¤¸¥ó¿ù»~ToGetProduct -- Automation ¿ù»~
§@·~¨t²ÎµLªk°õ¦æ %1¡C '/></Result>
2021/4/20 ¤U¤È 06:15:58(112672875) : <!DOCTYPE html>
<html>
    <head>
        <title>?¾ä??°è?æºã€?/title>
        <meta name="viewport" content="width=device-width" />
        <style>
         body {font-family:"Verdana";font-weight:normal;font-size: .7em;color:black;} 
         p {font-family:"Verdana";font-weight:normal;color:black;margin-top: -5px}
         b {font-family:"Verdana";font-weight:bold;color:black;margin-top: -5px}
         H1 { font-family:"Verdana";font-weight:normal;font-size:18pt;color:red }
         H2 { font-family:"Verdana";font-weight:normal;font-size:14pt;color:maroon }
         pre {font-family:"Consolas","Lucida Console",Monospace;font-size:11pt;margin:0;padding:0.5em;line-height:14pt}
         .marker {font-weight: bold; color: black;text-decoration: none;}
         .version {color: gray;}
         .error {margin-bottom: 10px;}
         .expandable { text-decoration:underline; font-weight:bold; color:navy; cursor:hand; }
         @media screen and (max-width: 639px) {
          pre { width: 440px; overflow: auto; white-space: pre-wrap; word-wrap: break-word; }
         }
         @media screen and (max-width: 479px) {
          pre { width: 280px; }
         }
        </style>
    </head>

    <body bgcolor="white">

            <span><H1>'/' ?‰ç”¨ç¨‹å?ä¸­ç™¼?Ÿä¼º?å™¨?¯èª¤??hr width=100% size=1 color=silver></H1>

            <h2> <i>?¾ä??°è?æºã€?/i> </h2></span>

            <font face="Arial, Helvetica, Geneva, SunSans-Regular, sans-serif ">

            <b> ?è¿°: </b>HTTP 404. ?¨è?å°‹æ‰¾?„è?æº?(?–å…¶?¸ä??§ç??¶ä¸­ä¹‹ä?) ?¯èƒ½å·²ç?ç§»é™¤?å?ç¨±å·²ç¶“è??´æ??¯æš«?‚ç„¡æ³•ä½¿?¨ã€‚è?æª¢é–±ä¸‹å? URLï¼Œä¸¦ä¸”ç¢ºå®šå??„æ‹¼å¯«ç„¡èª¤ã€?
            <br><br>

            <b> è¦æ???URL: </b>/SessionWeb/LoginSession.aspx<br><br>

    </body>
</html>

2021/4/20 ¤U¤È 06:19:52(112906390) : <?xml version='1.0' encoding='big5'?><Result Code='0' ServerTime='99999999-999999'><Error Code='-100000' Msg='¤¸¥ó¿ù»~ToGetProduct -- Automation ¿ù»~
§@·~¨t²ÎµLªk°õ¦æ %1¡C '/></Result>
2021/4/20 ¤U¤È 06:19:52(112907181) : <!DOCTYPE html>
<html>
    <head>
        <title>?¾ä??°è?æºã€?/title>
        <meta name="viewport" content="width=device-width" />
        <style>
         body {font-family:"Verdana";font-weight:normal;font-size: .7em;color:black;} 
         p {font-family:"Verdana";font-weight:normal;color:black;margin-top: -5px}
         b {font-family:"Verdana";font-weight:bold;color:black;margin-top: -5px}
         H1 { font-family:"Verdana";font-weight:normal;font-size:18pt;color:red }
         H2 { font-family:"Verdana";font-weight:normal;font-size:14pt;color:maroon }
         pre {font-family:"Consolas","Lucida Console",Monospace;font-size:11pt;margin:0;padding:0.5em;line-height:14pt}
         .marker {font-weight: bold; color: black;text-decoration: none;}
         .version {color: gray;}
         .error {margin-bottom: 10px;}
         .expandable { text-decoration:underline; font-weight:bold; color:navy; cursor:hand; }
         @media screen and (max-width: 639px) {
          pre { width: 440px; overflow: auto; white-space: pre-wrap; word-wrap: break-word; }
         }
         @media screen and (max-width: 479px) {
          pre { width: 280px; }
         }
        </style>
    </head>

    <body bgcolor="white">

            <span><H1>'/' ?‰ç”¨ç¨‹å?ä¸­ç™¼?Ÿä¼º?å™¨?¯èª¤??hr width=100% size=1 color=silver></H1>

            <h2> <i>?¾ä??°è?æºã€?/i> </h2></span>

            <font face="Arial, Helvetica, Geneva, SunSans-Regular, sans-serif ">

            <b> ?è¿°: </b>HTTP 404. ?¨è?å°‹æ‰¾?„è?æº?(?–å…¶?¸ä??§ç??¶ä¸­ä¹‹ä?) ?¯èƒ½å·²ç?ç§»é™¤?å?ç¨±å·²ç¶“è??´æ??¯æš«?‚ç„¡æ³•ä½¿?¨ã€‚è?æª¢é–±ä¸‹å? URLï¼Œä¸¦ä¸”ç¢ºå®šå??„æ‹¼å¯«ç„¡èª¤ã€?
            <br><br>

            <b> è¦æ???URL: </b>/SessionWeb/LoginSession.aspx<br><br>

    </body>
</html>

2021/4/20 ¤U¤È 06:20:33(112947656) : <?xml version='1.0' encoding='big5'?><Result Code='0' ServerTime='99999999-999999'><Error Code='-100000' Msg='¤¸¥ó¿ù»~ToGetProduct -- Automation ¿ù»~
§@·~¨t²ÎµLªk°õ¦æ %1¡C '/></Result>
2021/4/20 ¤U¤È 06:20:34(112948373) : <!DOCTYPE html>
<html>
    <head>
        <title>?¾ä??°è?æºã€?/title>
        <meta name="viewport" content="width=device-width" />
        <style>
         body {font-family:"Verdana";font-weight:normal;font-size: .7em;color:black;} 
         p {font-family:"Verdana";font-weight:normal;color:black;margin-top: -5px}
         b {font-family:"Verdana";font-weight:bold;color:black;margin-top: -5px}
         H1 { font-family:"Verdana";font-weight:normal;font-size:18pt;color:red }
         H2 { font-family:"Verdana";font-weight:normal;font-size:14pt;color:maroon }
         pre {font-family:"Consolas","Lucida Console",Monospace;font-size:11pt;margin:0;padding:0.5em;line-height:14pt}
         .marker {font-weight: bold; color: black;text-decoration: none;}
         .version {color: gray;}
         .error {margin-bottom: 10px;}
         .expandable { text-decoration:underline; font-weight:bold; color:navy; cursor:hand; }
         @media screen and (max-width: 639px) {
          pre { width: 440px; overflow: auto; white-space: pre-wrap; word-wrap: break-word; }
         }
         @media screen and (max-width: 479px) {
          pre { width: 280px; }
         }
        </style>
    </head>

    <body bgcolor="white">

            <span><H1>'/' ?‰ç”¨ç¨‹å?ä¸­ç™¼?Ÿä¼º?å™¨?¯èª¤??hr width=100% size=1 color=silver></H1>

            <h2> <i>?¾ä??°è?æºã€?/i> </h2></span>

            <font face="Arial, Helvetica, Geneva, SunSans-Regular, sans-serif ">

            <b> ?è¿°: </b>HTTP 404. ?¨è?å°‹æ‰¾?„è?æº?(?–å…¶?¸ä??§ç??¶ä¸­ä¹‹ä?) ?¯èƒ½å·²ç?ç§»é™¤?å?ç¨±å·²ç¶“è??´æ??¯æš«?‚ç„¡æ³•ä½¿?¨ã€‚è?æª¢é–±ä¸‹å? URLï¼Œä¸¦ä¸”ç¢ºå®šå??„æ‹¼å¯«ç„¡èª¤ã€?
            <br><br>

            <b> è¦æ???URL: </b>/SessionWeb/LoginSession.aspx<br><br>

    </body>
</html>

2021/4/20 ¤U¤È 06:21:32(113006390) : <?xml version='1.0' encoding='big5'?><Result Code='0' ServerTime='99999999-999999'><Error Code='-100000' Msg='¤¸¥ó¿ù»~ToGetProduct -- Automation ¿ù»~
§@·~¨t²ÎµLªk°õ¦æ %1¡C '/></Result>
2021/4/20 ¤U¤È 06:21:32(113006834) : <!DOCTYPE html>
<html>
    <head>
        <title>?¾ä??°è?æºã€?/title>
        <meta name="viewport" content="width=device-width" />
        <style>
         body {font-family:"Verdana";font-weight:normal;font-size: .7em;color:black;} 
         p {font-family:"Verdana";font-weight:normal;color:black;margin-top: -5px}
         b {font-family:"Verdana";font-weight:bold;color:black;margin-top: -5px}
         H1 { font-family:"Verdana";font-weight:normal;font-size:18pt;color:red }
         H2 { font-family:"Verdana";font-weight:normal;font-size:14pt;color:maroon }
         pre {font-family:"Consolas","Lucida Console",Monospace;font-size:11pt;margin:0;padding:0.5em;line-height:14pt}
         .marker {font-weight: bold; color: black;text-decoration: none;}
         .version {color: gray;}
         .error {margin-bottom: 10px;}
         .expandable { text-decoration:underline; font-weight:bold; color:navy; cursor:hand; }
         @media screen and (max-width: 639px) {
          pre { width: 440px; overflow: auto; white-space: pre-wrap; word-wrap: break-word; }
         }
         @media screen and (max-width: 479px) {
          pre { width: 280px; }
         }
        </style>
    </head>

    <body bgcolor="white">

            <span><H1>'/' ?‰ç”¨ç¨‹å?ä¸­ç™¼?Ÿä¼º?å™¨?¯èª¤??hr width=100% size=1 color=silver></H1>

            <h2> <i>?¾ä??°è?æºã€?/i> </h2></span>

            <font face="Arial, Helvetica, Geneva, SunSans-Regular, sans-serif ">

            <b> ?è¿°: </b>HTTP 404. ?¨è?å°‹æ‰¾?„è?æº?(?–å…¶?¸ä??§ç??¶ä¸­ä¹‹ä?) ?¯èƒ½å·²ç?ç§»é™¤?å?ç¨±å·²ç¶“è??´æ??¯æš«?‚ç„¡æ³•ä½¿?¨ã€‚è?æª¢é–±ä¸‹å? URLï¼Œä¸¦ä¸”ç¢ºå®šå??„æ‹¼å¯«ç„¡èª¤ã€?
            <br><br>

            <b> è¦æ???URL: </b>/SessionWeb/LoginSession.aspx<br><br>

    </body>
</html>

2021/4/20 ¤U¤È 06:23:07(113105750) : <?xml version='1.0' encoding='big5'?><Result Code='0' ServerTime='99999999-999999'><Error Code='-100000' Msg='¤¸¥ó¿ù»~ToGetProduct -- Automation ¿ù»~
§@·~¨t²ÎµLªk°õ¦æ %1¡C '/></Result>
2021/4/20 ¤U¤È 06:23:08(113106209) : <!DOCTYPE html>
<html>
    <head>
        <title>?¾ä??°è?æºã€?/title>
        <meta name="viewport" content="width=device-width" />
        <style>
         body {font-family:"Verdana";font-weight:normal;font-size: .7em;color:black;} 
         p {font-family:"Verdana";font-weight:normal;color:black;margin-top: -5px}
         b {font-family:"Verdana";font-weight:bold;color:black;margin-top: -5px}
         H1 { font-family:"Verdana";font-weight:normal;font-size:18pt;color:red }
         H2 { font-family:"Verdana";font-weight:normal;font-size:14pt;color:maroon }
         pre {font-family:"Consolas","Lucida Console",Monospace;font-size:11pt;margin:0;padding:0.5em;line-height:14pt}
         .marker {font-weight: bold; color: black;text-decoration: none;}
         .version {color: gray;}
         .error {margin-bottom: 10px;}
         .expandable { text-decoration:underline; font-weight:bold; color:navy; cursor:hand; }
         @media screen and (max-width: 639px) {
          pre { width: 440px; overflow: auto; white-space: pre-wrap; word-wrap: break-word; }
         }
         @media screen and (max-width: 479px) {
          pre { width: 280px; }
         }
        </style>
    </head>

    <body bgcolor="white">

            <span><H1>'/' ?‰ç”¨ç¨‹å?ä¸­ç™¼?Ÿä¼º?å™¨?¯èª¤??hr width=100% size=1 color=silver></H1>

            <h2> <i>?¾ä??°è?æºã€?/i> </h2></span>

            <font face="Arial, Helvetica, Geneva, SunSans-Regular, sans-serif ">

            <b> ?è¿°: </b>HTTP 404. ?¨è?å°‹æ‰¾?„è?æº?(?–å…¶?¸ä??§ç??¶ä¸­ä¹‹ä?) ?¯èƒ½å·²ç?ç§»é™¤?å?ç¨±å·²ç¶“è??´æ??¯æš«?‚ç„¡æ³•ä½¿?¨ã€‚è?æª¢é–±ä¸‹å? URLï¼Œä¸¦ä¸”ç¢ºå®šå??„æ‹¼å¯«ç„¡èª¤ã€?
            <br><br>

            <b> è¦æ???URL: </b>/SessionWeb/LoginSession.aspx<br><br>

    </body>
</html>

2021/4/20 ¤U¤È 06:24:07(113164609) : <?xml version='1.0' encoding='big5'?><Result Code='0' ServerTime='99999999-999999'><Error Code='-100000' Msg='¤¸¥ó¿ù»~ToGetProduct -- Automation ¿ù»~
§@·~¨t²ÎµLªk°õ¦æ %1¡C '/></Result>
2021/4/20 ¤U¤È 06:24:07(113165063) : <!DOCTYPE html>
<html>
    <head>
        <title>?¾ä??°è?æºã€?/title>
        <meta name="viewport" content="width=device-width" />
        <style>
         body {font-family:"Verdana";font-weight:normal;font-size: .7em;color:black;} 
         p {font-family:"Verdana";font-weight:normal;color:black;margin-top: -5px}
         b {font-family:"Verdana";font-weight:bold;color:black;margin-top: -5px}
         H1 { font-family:"Verdana";font-weight:normal;font-size:18pt;color:red }
         H2 { font-family:"Verdana";font-weight:normal;font-size:14pt;color:maroon }
         pre {font-family:"Consolas","Lucida Console",Monospace;font-size:11pt;margin:0;padding:0.5em;line-height:14pt}
         .marker {font-weight: bold; color: black;text-decoration: none;}
         .version {color: gray;}
         .error {margin-bottom: 10px;}
         .expandable { text-decoration:underline; font-weight:bold; color:navy; cursor:hand; }
         @media screen and (max-width: 639px) {
          pre { width: 440px; overflow: auto; white-space: pre-wrap; word-wrap: break-word; }
         }
         @media screen and (max-width: 479px) {
          pre { width: 280px; }
         }
        </style>
    </head>

    <body bgcolor="white">

            <span><H1>'/' ?‰ç”¨ç¨‹å?ä¸­ç™¼?Ÿä¼º?å™¨?¯èª¤??hr width=100% size=1 color=silver></H1>

            <h2> <i>?¾ä??°è?æºã€?/i> </h2></span>

            <font face="Arial, Helvetica, Geneva, SunSans-Regular, sans-serif ">

            <b> ?è¿°: </b>HTTP 404. ?¨è?å°‹æ‰¾?„è?æº?(?–å…¶?¸ä??§ç??¶ä¸­ä¹‹ä?) ?¯èƒ½å·²ç?ç§»é™¤?å?ç¨±å·²ç¶“è??´æ??¯æš«?‚ç„¡æ³•ä½¿?¨ã€‚è?æª¢é–±ä¸‹å? URLï¼Œä¸¦ä¸”ç¢ºå®šå??„æ‹¼å¯«ç„¡èª¤ã€?
            <br><br>

            <b> è¦æ???URL: </b>/SessionWeb/LoginSession.aspx<br><br>

    </body>
</html>

2021/4/20 ¤U¤È 06:24:11(113168281) : <?xml version='1.0' encoding='big5'?><Result Code='0' ServerTime='99999999-999999'><Error Code='-100000' Msg='¤¸¥ó¿ù»~ToGetProduct -- Automation ¿ù»~
§@·~¨t²ÎµLªk°õ¦æ %1¡C '/></Result>
2021/4/20 ¤U¤È 06:24:12(113169759) : <!DOCTYPE html>
<html>
    <head>
        <title>?¾ä??°è?æºã€?/title>
        <meta name="viewport" content="width=device-width" />
        <style>
         body {font-family:"Verdana";font-weight:normal;font-size: .7em;color:black;} 
         p {font-family:"Verdana";font-weight:normal;color:black;margin-top: -5px}
         b {font-family:"Verdana";font-weight:bold;color:black;margin-top: -5px}
         H1 { font-family:"Verdana";font-weight:normal;font-size:18pt;color:red }
         H2 { font-family:"Verdana";font-weight:normal;font-size:14pt;color:maroon }
         pre {font-family:"Consolas","Lucida Console",Monospace;font-size:11pt;margin:0;padding:0.5em;line-height:14pt}
         .marker {font-weight: bold; color: black;text-decoration: none;}
         .version {color: gray;}
         .error {margin-bottom: 10px;}
         .expandable { text-decoration:underline; font-weight:bold; color:navy; cursor:hand; }
         @media screen and (max-width: 639px) {
          pre { width: 440px; overflow: auto; white-space: pre-wrap; word-wrap: break-word; }
         }
         @media screen and (max-width: 479px) {
          pre { width: 280px; }
         }
        </style>
    </head>

    <body bgcolor="white">

            <span><H1>'/' ?‰ç”¨ç¨‹å?ä¸­ç™¼?Ÿä¼º?å™¨?¯èª¤??hr width=100% size=1 color=silver></H1>

            <h2> <i>?¾ä??°è?æºã€?/i> </h2></span>

            <font face="Arial, Helvetica, Geneva, SunSans-Regular, sans-serif ">

            <b> ?è¿°: </b>HTTP 404. ?¨è?å°‹æ‰¾?„è?æº?(?–å…¶?¸ä??§ç??¶ä¸­ä¹‹ä?) ?¯èƒ½å·²ç?ç§»é™¤?å?ç¨±å·²ç¶“è??´æ??¯æš«?‚ç„¡æ³•ä½¿?¨ã€‚è?æª¢é–±ä¸‹å? URLï¼Œä¸¦ä¸”ç¢ºå®šå??„æ‹¼å¯«ç„¡èª¤ã€?
            <br><br>

            <b> è¦æ???URL: </b>/SessionWeb/LoginSession.aspx<br><br>

    </body>
</html>

2021/4/20 ¤U¤È 06:24:15(113172578) : <?xml version='1.0' encoding='big5'?><Result Code='0' ServerTime='99999999-999999'><Error Code='-100000' Msg='¤¸¥ó¿ù»~ToGetProduct -- Automation ¿ù»~
§@·~¨t²ÎµLªk°õ¦æ %1¡C '/></Result>
2021/4/20 ¤U¤È 06:24:16(113173243) : <!DOCTYPE html>
<html>
    <head>
        <title>?¾ä??°è?æºã€?/title>
        <meta name="viewport" content="width=device-width" />
        <style>
         body {font-family:"Verdana";font-weight:normal;font-size: .7em;color:black;} 
         p {font-family:"Verdana";font-weight:normal;color:black;margin-top: -5px}
         b {font-family:"Verdana";font-weight:bold;color:black;margin-top: -5px}
         H1 { font-family:"Verdana";font-weight:normal;font-size:18pt;color:red }
         H2 { font-family:"Verdana";font-weight:normal;font-size:14pt;color:maroon }
         pre {font-family:"Consolas","Lucida Console",Monospace;font-size:11pt;margin:0;padding:0.5em;line-height:14pt}
         .marker {font-weight: bold; color: black;text-decoration: none;}
         .version {color: gray;}
         .error {margin-bottom: 10px;}
         .expandable { text-decoration:underline; font-weight:bold; color:navy; cursor:hand; }
         @media screen and (max-width: 639px) {
          pre { width: 440px; overflow: auto; white-space: pre-wrap; word-wrap: break-word; }
         }
         @media screen and (max-width: 479px) {
          pre { width: 280px; }
         }
        </style>
    </head>

    <body bgcolor="white">

            <span><H1>'/' ?‰ç”¨ç¨‹å?ä¸­ç™¼?Ÿä¼º?å™¨?¯èª¤??hr width=100% size=1 color=silver></H1>

            <h2> <i>?¾ä??°è?æºã€?/i> </h2></span>

            <font face="Arial, Helvetica, Geneva, SunSans-Regular, sans-serif ">

            <b> ?è¿°: </b>HTTP 404. ?¨è?å°‹æ‰¾?„è?æº?(?–å…¶?¸ä??§ç??¶ä¸­ä¹‹ä?) ?¯èƒ½å·²ç?ç§»é™¤?å?ç¨±å·²ç¶“è??´æ??¯æš«?‚ç„¡æ³•ä½¿?¨ã€‚è?æª¢é–±ä¸‹å? URLï¼Œä¸¦ä¸”ç¢ºå®šå??„æ‹¼å¯«ç„¡èª¤ã€?
            <br><br>

            <b> è¦æ???URL: </b>/SessionWeb/LoginSession.aspx<br><br>

    </body>
</html>

2021/4/20 ¤U¤È 06:24:40(113196390) : <?xml version='1.0' encoding='big5'?><Result Code='0' ServerTime='99999999-999999'><Error Code='-100000' Msg='¤¸¥ó¿ù»~ToGetProduct -- Automation ¿ù»~
§@·~¨t²ÎµLªk°õ¦æ %1¡C '/></Result>
2021/4/20 ¤U¤È 06:24:41(113196832) : <!DOCTYPE html>
<html>
    <head>
        <title>?¾ä??°è?æºã€?/title>
        <meta name="viewport" content="width=device-width" />
        <style>
         body {font-family:"Verdana";font-weight:normal;font-size: .7em;color:black;} 
         p {font-family:"Verdana";font-weight:normal;color:black;margin-top: -5px}
         b {font-family:"Verdana";font-weight:bold;color:black;margin-top: -5px}
         H1 { font-family:"Verdana";font-weight:normal;font-size:18pt;color:red }
         H2 { font-family:"Verdana";font-weight:normal;font-size:14pt;color:maroon }
         pre {font-family:"Consolas","Lucida Console",Monospace;font-size:11pt;margin:0;padding:0.5em;line-height:14pt}
         .marker {font-weight: bold; color: black;text-decoration: none;}
         .version {color: gray;}
         .error {margin-bottom: 10px;}
         .expandable { text-decoration:underline; font-weight:bold; color:navy; cursor:hand; }
         @media screen and (max-width: 639px) {
          pre { width: 440px; overflow: auto; white-space: pre-wrap; word-wrap: break-word; }
         }
         @media screen and (max-width: 479px) {
          pre { width: 280px; }
         }
        </style>
    </head>

    <body bgcolor="white">

            <span><H1>'/' ?‰ç”¨ç¨‹å?ä¸­ç™¼?Ÿä¼º?å™¨?¯èª¤??hr width=100% size=1 color=silver></H1>

            <h2> <i>?¾ä??°è?æºã€?/i> </h2></span>

            <font face="Arial, Helvetica, Geneva, SunSans-Regular, sans-serif ">

            <b> ?è¿°: </b>HTTP 404. ?¨è?å°‹æ‰¾?„è?æº?(?–å…¶?¸ä??§ç??¶ä¸­ä¹‹ä?) ?¯èƒ½å·²ç?ç§»é™¤?å?ç¨±å·²ç¶“è??´æ??¯æš«?‚ç„¡æ³•ä½¿?¨ã€‚è?æª¢é–±ä¸‹å? URLï¼Œä¸¦ä¸”ç¢ºå®šå??„æ‹¼å¯«ç„¡èª¤ã€?
            <br><br>

            <b> è¦æ???URL: </b>/SessionWeb/LoginSession.aspx<br><br>

    </body>
</html>

2021/4/20 ¤U¤È 06:24:51(113208781) : <?xml version='1.0' encoding='big5'?><Result Code='0' ServerTime='99999999-999999'><Error Code='-100000' Msg='¤¸¥ó¿ù»~ToGetProduct -- Automation ¿ù»~
§@·~¨t²ÎµLªk°õ¦æ %1¡C '/></Result>
2021/4/20 ¤U¤È 06:24:52(113209237) : <!DOCTYPE html>
<html>
    <head>
        <title>?¾ä??°è?æºã€?/title>
        <meta name="viewport" content="width=device-width" />
        <style>
         body {font-family:"Verdana";font-weight:normal;font-size: .7em;color:black;} 
         p {font-family:"Verdana";font-weight:normal;color:black;margin-top: -5px}
         b {font-family:"Verdana";font-weight:bold;color:black;margin-top: -5px}
         H1 { font-family:"Verdana";font-weight:normal;font-size:18pt;color:red }
         H2 { font-family:"Verdana";font-weight:normal;font-size:14pt;color:maroon }
         pre {font-family:"Consolas","Lucida Console",Monospace;font-size:11pt;margin:0;padding:0.5em;line-height:14pt}
         .marker {font-weight: bold; color: black;text-decoration: none;}
         .version {color: gray;}
         .error {margin-bottom: 10px;}
         .expandable { text-decoration:underline; font-weight:bold; color:navy; cursor:hand; }
         @media screen and (max-width: 639px) {
          pre { width: 440px; overflow: auto; white-space: pre-wrap; word-wrap: break-word; }
         }
         @media screen and (max-width: 479px) {
          pre { width: 280px; }
         }
        </style>
    </head>

    <body bgcolor="white">

            <span><H1>'/' ?‰ç”¨ç¨‹å?ä¸­ç™¼?Ÿä¼º?å™¨?¯èª¤??hr width=100% size=1 color=silver></H1>

            <h2> <i>?¾ä??°è?æºã€?/i> </h2></span>

            <font face="Arial, Helvetica, Geneva, SunSans-Regular, sans-serif ">

            <b> ?è¿°: </b>HTTP 404. ?¨è?å°‹æ‰¾?„è?æº?(?–å…¶?¸ä??§ç??¶ä¸­ä¹‹ä?) ?¯èƒ½å·²ç?ç§»é™¤?å?ç¨±å·²ç¶“è??´æ??¯æš«?‚ç„¡æ³•ä½¿?¨ã€‚è?æª¢é–±ä¸‹å? URLï¼Œä¸¦ä¸”ç¢ºå®šå??„æ‹¼å¯«ç„¡èª¤ã€?
            <br><br>

            <b> è¦æ???URL: </b>/SessionWeb/LoginSession.aspx<br><br>

    </body>
</html>

2021/4/20 ¤U¤È 06:25:27(113243906) : <?xml version='1.0' encoding='big5'?><Result Code='0' ServerTime='99999999-999999'><Error Code='-100000' Msg='¤¸¥ó¿ù»~ToGetProduct -- Automation ¿ù»~
§@·~¨t²ÎµLªk°õ¦æ %1¡C '/></Result>
2021/4/20 ¤U¤È 06:25:28(113244366) : <!DOCTYPE html>
<html>
    <head>
        <title>?¾ä??°è?æºã€?/title>
        <meta name="viewport" content="width=device-width" />
        <style>
         body {font-family:"Verdana";font-weight:normal;font-size: .7em;color:black;} 
         p {font-family:"Verdana";font-weight:normal;color:black;margin-top: -5px}
         b {font-family:"Verdana";font-weight:bold;color:black;margin-top: -5px}
         H1 { font-family:"Verdana";font-weight:normal;font-size:18pt;color:red }
         H2 { font-family:"Verdana";font-weight:normal;font-size:14pt;color:maroon }
         pre {font-family:"Consolas","Lucida Console",Monospace;font-size:11pt;margin:0;padding:0.5em;line-height:14pt}
         .marker {font-weight: bold; color: black;text-decoration: none;}
         .version {color: gray;}
         .error {margin-bottom: 10px;}
         .expandable { text-decoration:underline; font-weight:bold; color:navy; cursor:hand; }
         @media screen and (max-width: 639px) {
          pre { width: 440px; overflow: auto; white-space: pre-wrap; word-wrap: break-word; }
         }
         @media screen and (max-width: 479px) {
          pre { width: 280px; }
         }
        </style>
    </head>

    <body bgcolor="white">

            <span><H1>'/' ?‰ç”¨ç¨‹å?ä¸­ç™¼?Ÿä¼º?å™¨?¯èª¤??hr width=100% size=1 color=silver></H1>

            <h2> <i>?¾ä??°è?æºã€?/i> </h2></span>

            <font face="Arial, Helvetica, Geneva, SunSans-Regular, sans-serif ">

            <b> ?è¿°: </b>HTTP 404. ?¨è?å°‹æ‰¾?„è?æº?(?–å…¶?¸ä??§ç??¶ä¸­ä¹‹ä?) ?¯èƒ½å·²ç?ç§»é™¤?å?ç¨±å·²ç¶“è??´æ??¯æš«?‚ç„¡æ³•ä½¿?¨ã€‚è?æª¢é–±ä¸‹å? URLï¼Œä¸¦ä¸”ç¢ºå®šå??„æ‹¼å¯«ç„¡èª¤ã€?
            <br><br>

            <b> è¦æ???URL: </b>/SessionWeb/LoginSession.aspx<br><br>

    </body>
</html>

2021/4/20 ¤U¤È 06:25:38(113252718) : <?xml version='1.0' encoding='big5'?><Result Code='0' ServerTime='99999999-999999'><Error Code='-100000' Msg='¤¸¥ó¿ù»~ToGetProduct -- Automation ¿ù»~
§@·~¨t²ÎµLªk°õ¦æ %1¡C '/></Result>
2021/4/20 ¤U¤È 06:25:38(113253368) : <!DOCTYPE html>
<html>
    <head>
        <title>?¾ä??°è?æºã€?/title>
        <meta name="viewport" content="width=device-width" />
        <style>
         body {font-family:"Verdana";font-weight:normal;font-size: .7em;color:black;} 
         p {font-family:"Verdana";font-weight:normal;color:black;margin-top: -5px}
         b {font-family:"Verdana";font-weight:bold;color:black;margin-top: -5px}
         H1 { font-family:"Verdana";font-weight:normal;font-size:18pt;color:red }
         H2 { font-family:"Verdana";font-weight:normal;font-size:14pt;color:maroon }
         pre {font-family:"Consolas","Lucida Console",Monospace;font-size:11pt;margin:0;padding:0.5em;line-height:14pt}
         .marker {font-weight: bold; color: black;text-decoration: none;}
         .version {color: gray;}
         .error {margin-bottom: 10px;}
         .expandable { text-decoration:underline; font-weight:bold; color:navy; cursor:hand; }
         @media screen and (max-width: 639px) {
          pre { width: 440px; overflow: auto; white-space: pre-wrap; word-wrap: break-word; }
         }
         @media screen and (max-width: 479px) {
          pre { width: 280px; }
         }
        </style>
    </head>

    <body bgcolor="white">

            <span><H1>'/' ?‰ç”¨ç¨‹å?ä¸­ç™¼?Ÿä¼º?å™¨?¯èª¤??hr width=100% size=1 color=silver></H1>

            <h2> <i>?¾ä??°è?æºã€?/i> </h2></span>

            <font face="Arial, Helvetica, Geneva, SunSans-Regular, sans-serif ">

            <b> ?è¿°: </b>HTTP 404. ?¨è?å°‹æ‰¾?„è?æº?(?–å…¶?¸ä??§ç??¶ä¸­ä¹‹ä?) ?¯èƒ½å·²ç?ç§»é™¤?å?ç¨±å·²ç¶“è??´æ??¯æš«?‚ç„¡æ³•ä½¿?¨ã€‚è?æª¢é–±ä¸‹å? URLï¼Œä¸¦ä¸”ç¢ºå®šå??„æ‹¼å¯«ç„¡èª¤ã€?
            <br><br>

            <b> è¦æ???URL: </b>/SessionWeb/LoginSession.aspx<br><br>

    </body>
</html>

2021/4/20 ¤U¤È 06:26:26(113303171) : <?xml version='1.0' encoding='big5'?><Result Code='0' ServerTime='99999999-999999'><Error Code='-100000' Msg='¤¸¥ó¿ù»~ToGetProduct -- Automation ¿ù»~
§@·~¨t²ÎµLªk°õ¦æ %1¡C '/></Result>
2021/4/20 ¤U¤È 06:26:27(113303633) : <!DOCTYPE html>
<html>
    <head>
        <title>?¾ä??°è?æºã€?/title>
        <meta name="viewport" content="width=device-width" />
        <style>
         body {font-family:"Verdana";font-weight:normal;font-size: .7em;color:black;} 
         p {font-family:"Verdana";font-weight:normal;color:black;margin-top: -5px}
         b {font-family:"Verdana";font-weight:bold;color:black;margin-top: -5px}
         H1 { font-family:"Verdana";font-weight:normal;font-size:18pt;color:red }
         H2 { font-family:"Verdana";font-weight:normal;font-size:14pt;color:maroon }
         pre {font-family:"Consolas","Lucida Console",Monospace;font-size:11pt;margin:0;padding:0.5em;line-height:14pt}
         .marker {font-weight: bold; color: black;text-decoration: none;}
         .version {color: gray;}
         .error {margin-bottom: 10px;}
         .expandable { text-decoration:underline; font-weight:bold; color:navy; cursor:hand; }
         @media screen and (max-width: 639px) {
          pre { width: 440px; overflow: auto; white-space: pre-wrap; word-wrap: break-word; }
         }
         @media screen and (max-width: 479px) {
          pre { width: 280px; }
         }
        </style>
    </head>

    <body bgcolor="white">

            <span><H1>'/' ?‰ç”¨ç¨‹å?ä¸­ç™¼?Ÿä¼º?å™¨?¯èª¤??hr width=100% size=1 color=silver></H1>

            <h2> <i>?¾ä??°è?æºã€?/i> </h2></span>

            <font face="Arial, Helvetica, Geneva, SunSans-Regular, sans-serif ">

            <b> ?è¿°: </b>HTTP 404. ?¨è?å°‹æ‰¾?„è?æº?(?–å…¶?¸ä??§ç??¶ä¸­ä¹‹ä?) ?¯èƒ½å·²ç?ç§»é™¤?å?ç¨±å·²ç¶“è??´æ??¯æš«?‚ç„¡æ³•ä½¿?¨ã€‚è?æª¢é–±ä¸‹å? URLï¼Œä¸¦ä¸”ç¢ºå®šå??„æ‹¼å¯«ç„¡èª¤ã€?
            <br><br>

            <b> è¦æ???URL: </b>/SessionWeb/LoginSession.aspx<br><br>

    </body>
</html>

2021/4/20 ¤U¤È 06:27:53(113390468) : <?xml version='1.0' encoding='big5'?><Result Code='0' ServerTime='99999999-999999'><Error Code='-100000' Msg='¤¸¥ó¿ù»~ToGetProduct -- Automation ¿ù»~
§@·~¨t²ÎµLªk°õ¦æ %1¡C '/></Result>
2021/4/20 ¤U¤È 06:27:54(113390952) : <!DOCTYPE html>
<html>
    <head>
        <title>?¾ä??°è?æºã€?/title>
        <meta name="viewport" content="width=device-width" />
        <style>
         body {font-family:"Verdana";font-weight:normal;font-size: .7em;color:black;} 
         p {font-family:"Verdana";font-weight:normal;color:black;margin-top: -5px}
         b {font-family:"Verdana";font-weight:bold;color:black;margin-top: -5px}
         H1 { font-family:"Verdana";font-weight:normal;font-size:18pt;color:red }
         H2 { font-family:"Verdana";font-weight:normal;font-size:14pt;color:maroon }
         pre {font-family:"Consolas","Lucida Console",Monospace;font-size:11pt;margin:0;padding:0.5em;line-height:14pt}
         .marker {font-weight: bold; color: black;text-decoration: none;}
         .version {color: gray;}
         .error {margin-bottom: 10px;}
         .expandable { text-decoration:underline; font-weight:bold; color:navy; cursor:hand; }
         @media screen and (max-width: 639px) {
          pre { width: 440px; overflow: auto; white-space: pre-wrap; word-wrap: break-word; }
         }
         @media screen and (max-width: 479px) {
          pre { width: 280px; }
         }
        </style>
    </head>

    <body bgcolor="white">

            <span><H1>'/' ?‰ç”¨ç¨‹å?ä¸­ç™¼?Ÿä¼º?å™¨?¯èª¤??hr width=100% size=1 color=silver></H1>

            <h2> <i>?¾ä??°è?æºã€?/i> </h2></span>

            <font face="Arial, Helvetica, Geneva, SunSans-Regular, sans-serif ">

            <b> ?è¿°: </b>HTTP 404. ?¨è?å°‹æ‰¾?„è?æº?(?–å…¶?¸ä??§ç??¶ä¸­ä¹‹ä?) ?¯èƒ½å·²ç?ç§»é™¤?å?ç¨±å·²ç¶“è??´æ??¯æš«?‚ç„¡æ³•ä½¿?¨ã€‚è?æª¢é–±ä¸‹å? URLï¼Œä¸¦ä¸”ç¢ºå®šå??„æ‹¼å¯«ç„¡èª¤ã€?
            <br><br>

            <b> è¦æ???URL: </b>/SessionWeb/LoginSession.aspx<br><br>

    </body>
</html>

2021/4/20 ¤U¤È 06:47:52(114586468) : <?xml version='1.0' encoding='big5'?><Result Code='0' ServerTime='99999999-999999'><Error Code='-100000' Msg='¤¸¥ó¿ù»~ToGetProduct -- Automation ¿ù»~
§@·~¨t²ÎµLªk°õ¦æ %1¡C '/></Result>
2021/4/20 ¤U¤È 06:47:52(114587047) : <!DOCTYPE html>
<html>
    <head>
        <title>?¾ä??°è?æºã€?/title>
        <meta name="viewport" content="width=device-width" />
        <style>
         body {font-family:"Verdana";font-weight:normal;font-size: .7em;color:black;} 
         p {font-family:"Verdana";font-weight:normal;color:black;margin-top: -5px}
         b {font-family:"Verdana";font-weight:bold;color:black;margin-top: -5px}
         H1 { font-family:"Verdana";font-weight:normal;font-size:18pt;color:red }
         H2 { font-family:"Verdana";font-weight:normal;font-size:14pt;color:maroon }
         pre {font-family:"Consolas","Lucida Console",Monospace;font-size:11pt;margin:0;padding:0.5em;line-height:14pt}
         .marker {font-weight: bold; color: black;text-decoration: none;}
         .version {color: gray;}
         .error {margin-bottom: 10px;}
         .expandable { text-decoration:underline; font-weight:bold; color:navy; cursor:hand; }
         @media screen and (max-width: 639px) {
          pre { width: 440px; overflow: auto; white-space: pre-wrap; word-wrap: break-word; }
         }
         @media screen and (max-width: 479px) {
          pre { width: 280px; }
         }
        </style>
    </head>

    <body bgcolor="white">

            <span><H1>'/' ?‰ç”¨ç¨‹å?ä¸­ç™¼?Ÿä¼º?å™¨?¯èª¤??hr width=100% size=1 color=silver></H1>

            <h2> <i>?¾ä??°è?æºã€?/i> </h2></span>

            <font face="Arial, Helvetica, Geneva, SunSans-Regular, sans-serif ">

            <b> ?è¿°: </b>HTTP 404. ?¨è?å°‹æ‰¾?„è?æº?(?–å…¶?¸ä??§ç??¶ä¸­ä¹‹ä?) ?¯èƒ½å·²ç?ç§»é™¤?å?ç¨±å·²ç¶“è??´æ??¯æš«?‚ç„¡æ³•ä½¿?¨ã€‚è?æª¢é–±ä¸‹å? URLï¼Œä¸¦ä¸”ç¢ºå®šå??„æ‹¼å¯«ç„¡èª¤ã€?
            <br><br>

            <b> è¦æ???URL: </b>/SessionWeb/LoginSession.aspx<br><br>

    </body>
</html>

2021/4/20 ¤U¤È 06:56:49(115123562) : <?xml version='1.0' encoding='big5'?><Result Code='0' ServerTime='99999999-999999'><Error Code='-100000' Msg='¤¸¥ó¿ù»~ToGetProduct -- Automation ¿ù»~
§@·~¨t²ÎµLªk°õ¦æ %1¡C '/></Result>
2021/4/20 ¤U¤È 06:56:49(115124294) : <!DOCTYPE html>
<html>
    <head>
        <title>?¾ä??°è?æºã€?/title>
        <meta name="viewport" content="width=device-width" />
        <style>
         body {font-family:"Verdana";font-weight:normal;font-size: .7em;color:black;} 
         p {font-family:"Verdana";font-weight:normal;color:black;margin-top: -5px}
         b {font-family:"Verdana";font-weight:bold;color:black;margin-top: -5px}
         H1 { font-family:"Verdana";font-weight:normal;font-size:18pt;color:red }
         H2 { font-family:"Verdana";font-weight:normal;font-size:14pt;color:maroon }
         pre {font-family:"Consolas","Lucida Console",Monospace;font-size:11pt;margin:0;padding:0.5em;line-height:14pt}
         .marker {font-weight: bold; color: black;text-decoration: none;}
         .version {color: gray;}
         .error {margin-bottom: 10px;}
         .expandable { text-decoration:underline; font-weight:bold; color:navy; cursor:hand; }
         @media screen and (max-width: 639px) {
          pre { width: 440px; overflow: auto; white-space: pre-wrap; word-wrap: break-word; }
         }
         @media screen and (max-width: 479px) {
          pre { width: 280px; }
         }
        </style>
    </head>

    <body bgcolor="white">

            <span><H1>'/' ?‰ç”¨ç¨‹å?ä¸­ç™¼?Ÿä¼º?å™¨?¯èª¤??hr width=100% size=1 color=silver></H1>

            <h2> <i>?¾ä??°è?æºã€?/i> </h2></span>

            <font face="Arial, Helvetica, Geneva, SunSans-Regular, sans-serif ">

            <b> ?è¿°: </b>HTTP 404. ?¨è?å°‹æ‰¾?„è?æº?(?–å…¶?¸ä??§ç??¶ä¸­ä¹‹ä?) ?¯èƒ½å·²ç?ç§»é™¤?å?ç¨±å·²ç¶“è??´æ??¯æš«?‚ç„¡æ³•ä½¿?¨ã€‚è?æª¢é–±ä¸‹å? URLï¼Œä¸¦ä¸”ç¢ºå®šå??„æ‹¼å¯«ç„¡èª¤ã€?
            <br><br>

            <b> è¦æ???URL: </b>/SessionWeb/LoginSession.aspx<br><br>

    </body>
</html>

2021/4/20 ¤U¤È 06:57:01(115135859) : <?xml version='1.0' encoding='big5'?><Result Code='0' ServerTime='99999999-999999'><Error Code='-100000' Msg='¤¸¥ó¿ù»~ToGetProduct -- Automation ¿ù»~
§@·~¨t²ÎµLªk°õ¦æ %1¡C '/></Result>
2021/4/20 ¤U¤È 06:57:02(115136652) : <!DOCTYPE html>
<html>
    <head>
        <title>?¾ä??°è?æºã€?/title>
        <meta name="viewport" content="width=device-width" />
        <style>
         body {font-family:"Verdana";font-weight:normal;font-size: .7em;color:black;} 
         p {font-family:"Verdana";font-weight:normal;color:black;margin-top: -5px}
         b {font-family:"Verdana";font-weight:bold;color:black;margin-top: -5px}
         H1 { font-family:"Verdana";font-weight:normal;font-size:18pt;color:red }
         H2 { font-family:"Verdana";font-weight:normal;font-size:14pt;color:maroon }
         pre {font-family:"Consolas","Lucida Console",Monospace;font-size:11pt;margin:0;padding:0.5em;line-height:14pt}
         .marker {font-weight: bold; color: black;text-decoration: none;}
         .version {color: gray;}
         .error {margin-bottom: 10px;}
         .expandable { text-decoration:underline; font-weight:bold; color:navy; cursor:hand; }
         @media screen and (max-width: 639px) {
          pre { width: 440px; overflow: auto; white-space: pre-wrap; word-wrap: break-word; }
         }
         @media screen and (max-width: 479px) {
          pre { width: 280px; }
         }
        </style>
    </head>

    <body bgcolor="white">

            <span><H1>'/' ?‰ç”¨ç¨‹å?ä¸­ç™¼?Ÿä¼º?å™¨?¯èª¤??hr width=100% size=1 color=silver></H1>

            <h2> <i>?¾ä??°è?æºã€?/i> </h2></span>

            <font face="Arial, Helvetica, Geneva, SunSans-Regular, sans-serif ">

            <b> ?è¿°: </b>HTTP 404. ?¨è?å°‹æ‰¾?„è?æº?(?–å…¶?¸ä??§ç??¶ä¸­ä¹‹ä?) ?¯èƒ½å·²ç?ç§»é™¤?å?ç¨±å·²ç¶“è??´æ??¯æš«?‚ç„¡æ³•ä½¿?¨ã€‚è?æª¢é–±ä¸‹å? URLï¼Œä¸¦ä¸”ç¢ºå®šå??„æ‹¼å¯«ç„¡èª¤ã€?
            <br><br>

            <b> è¦æ???URL: </b>/SessionWeb/LoginSession.aspx<br><br>

    </body>
</html>

2021/4/20 ¤U¤È 06:57:20(115154890) : <?xml version='1.0' encoding='big5'?><Result Code='0' ServerTime='99999999-999999'><Error Code='-100000' Msg='¤¸¥ó¿ù»~ToGetProduct -- Automation ¿ù»~
§@·~¨t²ÎµLªk°õ¦æ %1¡C '/></Result>
2021/4/20 ¤U¤È 06:57:21(115155455) : <!DOCTYPE html>
<html>
    <head>
        <title>?¾ä??°è?æºã€?/title>
        <meta name="viewport" content="width=device-width" />
        <style>
         body {font-family:"Verdana";font-weight:normal;font-size: .7em;color:black;} 
         p {font-family:"Verdana";font-weight:normal;color:black;margin-top: -5px}
         b {font-family:"Verdana";font-weight:bold;color:black;margin-top: -5px}
         H1 { font-family:"Verdana";font-weight:normal;font-size:18pt;color:red }
         H2 { font-family:"Verdana";font-weight:normal;font-size:14pt;color:maroon }
         pre {font-family:"Consolas","Lucida Console",Monospace;font-size:11pt;margin:0;padding:0.5em;line-height:14pt}
         .marker {font-weight: bold; color: black;text-decoration: none;}
         .version {color: gray;}
         .error {margin-bottom: 10px;}
         .expandable { text-decoration:underline; font-weight:bold; color:navy; cursor:hand; }
         @media screen and (max-width: 639px) {
          pre { width: 440px; overflow: auto; white-space: pre-wrap; word-wrap: break-word; }
         }
         @media screen and (max-width: 479px) {
          pre { width: 280px; }
         }
        </style>
    </head>

    <body bgcolor="white">

            <span><H1>'/' ?‰ç”¨ç¨‹å?ä¸­ç™¼?Ÿä¼º?å™¨?¯èª¤??hr width=100% size=1 color=silver></H1>

            <h2> <i>?¾ä??°è?æºã€?/i> </h2></span>

            <font face="Arial, Helvetica, Geneva, SunSans-Regular, sans-serif ">

            <b> ?è¿°: </b>HTTP 404. ?¨è?å°‹æ‰¾?„è?æº?(?–å…¶?¸ä??§ç??¶ä¸­ä¹‹ä?) ?¯èƒ½å·²ç?ç§»é™¤?å?ç¨±å·²ç¶“è??´æ??¯æš«?‚ç„¡æ³•ä½¿?¨ã€‚è?æª¢é–±ä¸‹å? URLï¼Œä¸¦ä¸”ç¢ºå®šå??„æ‹¼å¯«ç„¡èª¤ã€?
            <br><br>

            <b> è¦æ???URL: </b>/SessionWeb/LoginSession.aspx<br><br>

    </body>
</html>

2021/4/20 ¤U¤È 07:04:03(115557453) : <?xml version='1.0' encoding='big5'?><Result Code='0' ServerTime='99999999-999999'><Error Code='-100000' Msg='¤¸¥ó¿ù»~ToGetProduct -- Automation ¿ù»~
§@·~¨t²ÎµLªk°õ¦æ %1¡C '/></Result>
2021/4/20 ¤U¤È 07:05:10(115625250) : <?xml version='1.0' encoding='big5'?><Result Code='0' ServerTime='99999999-999999'><Error Code='-100000' Msg='¤¸¥ó¿ù»~ToGetProduct -- Automation ¿ù»~
§@·~¨t²ÎµLªk°õ¦æ %1¡C '/></Result>
2021/4/20 ¤U¤È 07:05:21(115636296) : <?xml version='1.0' encoding='big5'?><Result Code='0' ServerTime='99999999-999999'><Error Code='-100000' Msg='¤¸¥ó¿ù»~ToGetProduct -- Automation ¿ù»~
§@·~¨t²ÎµLªk°õ¦æ %1¡C '/></Result>
2021/4/20 ¤U¤È 07:07:06(115740765) : <?xml version='1.0' encoding='big5'?><Result Code='0' ServerTime='99999999-999999'><Error Code='-100000' Msg='¤¸¥ó¿ù»~ToGetProduct -- Automation ¿ù»~
§@·~¨t²ÎµLªk°õ¦æ %1¡C '/></Result>
2021/4/20 ¤U¤È 07:07:06(115741213) : <!DOCTYPE html>
<html>
    <head>
        <title>?¾ä??°è?æºã€?/title>
        <meta name="viewport" content="width=device-width" />
        <style>
         body {font-family:"Verdana";font-weight:normal;font-size: .7em;color:black;} 
         p {font-family:"Verdana";font-weight:normal;color:black;margin-top: -5px}
         b {font-family:"Verdana";font-weight:bold;color:black;margin-top: -5px}
         H1 { font-family:"Verdana";font-weight:normal;font-size:18pt;color:red }
         H2 { font-family:"Verdana";font-weight:normal;font-size:14pt;color:maroon }
         pre {font-family:"Consolas","Lucida Console",Monospace;font-size:11pt;margin:0;padding:0.5em;line-height:14pt}
         .marker {font-weight: bold; color: black;text-decoration: none;}
         .version {color: gray;}
         .error {margin-bottom: 10px;}
         .expandable { text-decoration:underline; font-weight:bold; color:navy; cursor:hand; }
         @media screen and (max-width: 639px) {
          pre { width: 440px; overflow: auto; white-space: pre-wrap; word-wrap: break-word; }
         }
         @media screen and (max-width: 479px) {
          pre { width: 280px; }
         }
        </style>
    </head>

    <body bgcolor="white">

            <span><H1>'/' ?‰ç”¨ç¨‹å?ä¸­ç™¼?Ÿä¼º?å™¨?¯èª¤??hr width=100% size=1 color=silver></H1>

            <h2> <i>?¾ä??°è?æºã€?/i> </h2></span>

            <font face="Arial, Helvetica, Geneva, SunSans-Regular, sans-serif ">

            <b> ?è¿°: </b>HTTP 404. ?¨è?å°‹æ‰¾?„è?æº?(?–å…¶?¸ä??§ç??¶ä¸­ä¹‹ä?) ?¯èƒ½å·²ç?ç§»é™¤?å?ç¨±å·²ç¶“è??´æ??¯æš«?‚ç„¡æ³•ä½¿?¨ã€‚è?æª¢é–±ä¸‹å? URLï¼Œä¸¦ä¸”ç¢ºå®šå??„æ‹¼å¯«ç„¡èª¤ã€?
            <br><br>

            <b> è¦æ???URL: </b>/SessionWeb/LoginSession.aspx<br><br>

    </body>
</html>

2021/4/20 ¤U¤È 07:07:40(115774484) : <?xml version='1.0' encoding='big5'?><Result Code='0' ServerTime='99999999-999999'><Error Code='-100000' Msg='¤¸¥ó¿ù»~ToGetProduct -- Automation ¿ù»~
§@·~¨t²ÎµLªk°õ¦æ %1¡C '/></Result>
2021/4/20 ¤U¤È 07:07:40(115774927) : <!DOCTYPE html>
<html>
    <head>
        <title>?¾ä??°è?æºã€?/title>
        <meta name="viewport" content="width=device-width" />
        <style>
         body {font-family:"Verdana";font-weight:normal;font-size: .7em;color:black;} 
         p {font-family:"Verdana";font-weight:normal;color:black;margin-top: -5px}
         b {font-family:"Verdana";font-weight:bold;color:black;margin-top: -5px}
         H1 { font-family:"Verdana";font-weight:normal;font-size:18pt;color:red }
         H2 { font-family:"Verdana";font-weight:normal;font-size:14pt;color:maroon }
         pre {font-family:"Consolas","Lucida Console",Monospace;font-size:11pt;margin:0;padding:0.5em;line-height:14pt}
         .marker {font-weight: bold; color: black;text-decoration: none;}
         .version {color: gray;}
         .error {margin-bottom: 10px;}
         .expandable { text-decoration:underline; font-weight:bold; color:navy; cursor:hand; }
         @media screen and (max-width: 639px) {
          pre { width: 440px; overflow: auto; white-space: pre-wrap; word-wrap: break-word; }
         }
         @media screen and (max-width: 479px) {
          pre { width: 280px; }
         }
        </style>
    </head>

    <body bgcolor="white">

            <span><H1>'/' ?‰ç”¨ç¨‹å?ä¸­ç™¼?Ÿä¼º?å™¨?¯èª¤??hr width=100% size=1 color=silver></H1>

            <h2> <i>?¾ä??°è?æºã€?/i> </h2></span>

            <font face="Arial, Helvetica, Geneva, SunSans-Regular, sans-serif ">

            <b> ?è¿°: </b>HTTP 404. ?¨è?å°‹æ‰¾?„è?æº?(?–å…¶?¸ä??§ç??¶ä¸­ä¹‹ä?) ?¯èƒ½å·²ç?ç§»é™¤?å?ç¨±å·²ç¶“è??´æ??¯æš«?‚ç„¡æ³•ä½¿?¨ã€‚è?æª¢é–±ä¸‹å? URLï¼Œä¸¦ä¸”ç¢ºå®šå??„æ‹¼å¯«ç„¡èª¤ã€?
            <br><br>

            <b> è¦æ???URL: </b>/SessionWeb/LoginSession.aspx<br><br>

    </body>
</html>

2021/4/20 ¤U¤È 07:07:59(115793968) : <?xml version='1.0' encoding='big5'?><Result Code='0' ServerTime='99999999-999999'><Error Code='-100000' Msg='¤¸¥ó¿ù»~ToGetProduct -- Automation ¿ù»~
§@·~¨t²ÎµLªk°õ¦æ %1¡C '/></Result>
2021/4/20 ¤U¤È 07:08:00(115794584) : <!DOCTYPE html>
<html>
    <head>
        <title>?¾ä??°è?æºã€?/title>
        <meta name="viewport" content="width=device-width" />
        <style>
         body {font-family:"Verdana";font-weight:normal;font-size: .7em;color:black;} 
         p {font-family:"Verdana";font-weight:normal;color:black;margin-top: -5px}
         b {font-family:"Verdana";font-weight:bold;color:black;margin-top: -5px}
         H1 { font-family:"Verdana";font-weight:normal;font-size:18pt;color:red }
         H2 { font-family:"Verdana";font-weight:normal;font-size:14pt;color:maroon }
         pre {font-family:"Consolas","Lucida Console",Monospace;font-size:11pt;margin:0;padding:0.5em;line-height:14pt}
         .marker {font-weight: bold; color: black;text-decoration: none;}
         .version {color: gray;}
         .error {margin-bottom: 10px;}
         .expandable { text-decoration:underline; font-weight:bold; color:navy; cursor:hand; }
         @media screen and (max-width: 639px) {
          pre { width: 440px; overflow: auto; white-space: pre-wrap; word-wrap: break-word; }
         }
         @media screen and (max-width: 479px) {
          pre { width: 280px; }
         }
        </style>
    </head>

    <body bgcolor="white">

            <span><H1>'/' ?‰ç”¨ç¨‹å?ä¸­ç™¼?Ÿä¼º?å™¨?¯èª¤??hr width=100% size=1 color=silver></H1>

            <h2> <i>?¾ä??°è?æºã€?/i> </h2></span>

            <font face="Arial, Helvetica, Geneva, SunSans-Regular, sans-serif ">

            <b> ?è¿°: </b>HTTP 404. ?¨è?å°‹æ‰¾?„è?æº?(?–å…¶?¸ä??§ç??¶ä¸­ä¹‹ä?) ?¯èƒ½å·²ç?ç§»é™¤?å?ç¨±å·²ç¶“è??´æ??¯æš«?‚ç„¡æ³•ä½¿?¨ã€‚è?æª¢é–±ä¸‹å? URLï¼Œä¸¦ä¸”ç¢ºå®šå??„æ‹¼å¯«ç„¡èª¤ã€?
            <br><br>

            <b> è¦æ???URL: </b>/SessionWeb/LoginSession.aspx<br><br>

    </body>
</html>

2021/4/20 ¤U¤È 07:08:05(115799718) : <?xml version='1.0' encoding='big5'?><Result Code='0' ServerTime='99999999-999999'><Error Code='-100000' Msg='¤¸¥ó¿ù»~ToGetProduct -- Automation ¿ù»~
§@·~¨t²ÎµLªk°õ¦æ %1¡C '/></Result>
2021/4/20 ¤U¤È 07:08:05(115800229) : <!DOCTYPE html>
<html>
    <head>
        <title>?¾ä??°è?æºã€?/title>
        <meta name="viewport" content="width=device-width" />
        <style>
         body {font-family:"Verdana";font-weight:normal;font-size: .7em;color:black;} 
         p {font-family:"Verdana";font-weight:normal;color:black;margin-top: -5px}
         b {font-family:"Verdana";font-weight:bold;color:black;margin-top: -5px}
         H1 { font-family:"Verdana";font-weight:normal;font-size:18pt;color:red }
         H2 { font-family:"Verdana";font-weight:normal;font-size:14pt;color:maroon }
         pre {font-family:"Consolas","Lucida Console",Monospace;font-size:11pt;margin:0;padding:0.5em;line-height:14pt}
         .marker {font-weight: bold; color: black;text-decoration: none;}
         .version {color: gray;}
         .error {margin-bottom: 10px;}
         .expandable { text-decoration:underline; font-weight:bold; color:navy; cursor:hand; }
         @media screen and (max-width: 639px) {
          pre { width: 440px; overflow: auto; white-space: pre-wrap; word-wrap: break-word; }
         }
         @media screen and (max-width: 479px) {
          pre { width: 280px; }
         }
        </style>
    </head>

    <body bgcolor="white">

            <span><H1>'/' ?‰ç”¨ç¨‹å?ä¸­ç™¼?Ÿä¼º?å™¨?¯èª¤??hr width=100% size=1 color=silver></H1>

            <h2> <i>?¾ä??°è?æºã€?/i> </h2></span>

            <font face="Arial, Helvetica, Geneva, SunSans-Regular, sans-serif ">

            <b> ?è¿°: </b>HTTP 404. ?¨è?å°‹æ‰¾?„è?æº?(?–å…¶?¸ä??§ç??¶ä¸­ä¹‹ä?) ?¯èƒ½å·²ç?ç§»é™¤?å?ç¨±å·²ç¶“è??´æ??¯æš«?‚ç„¡æ³•ä½¿?¨ã€‚è?æª¢é–±ä¸‹å? URLï¼Œä¸¦ä¸”ç¢ºå®šå??„æ‹¼å¯«ç„¡èª¤ã€?
            <br><br>

            <b> è¦æ???URL: </b>/SessionWeb/LoginSession.aspx<br><br>

    </body>
</html>

2021/4/20 ¤U¤È 07:08:14(115808562) : <?xml version='1.0' encoding='big5'?><Result Code='0' ServerTime='99999999-999999'><Error Code='-100000' Msg='¤¸¥ó¿ù»~ToGetProduct -- Automation ¿ù»~
§@·~¨t²ÎµLªk°õ¦æ %1¡C '/></Result>
2021/4/20 ¤U¤È 07:08:14(115809016) : <!DOCTYPE html>
<html>
    <head>
        <title>?¾ä??°è?æºã€?/title>
        <meta name="viewport" content="width=device-width" />
        <style>
         body {font-family:"Verdana";font-weight:normal;font-size: .7em;color:black;} 
         p {font-family:"Verdana";font-weight:normal;color:black;margin-top: -5px}
         b {font-family:"Verdana";font-weight:bold;color:black;margin-top: -5px}
         H1 { font-family:"Verdana";font-weight:normal;font-size:18pt;color:red }
         H2 { font-family:"Verdana";font-weight:normal;font-size:14pt;color:maroon }
         pre {font-family:"Consolas","Lucida Console",Monospace;font-size:11pt;margin:0;padding:0.5em;line-height:14pt}
         .marker {font-weight: bold; color: black;text-decoration: none;}
         .version {color: gray;}
         .error {margin-bottom: 10px;}
         .expandable { text-decoration:underline; font-weight:bold; color:navy; cursor:hand; }
         @media screen and (max-width: 639px) {
          pre { width: 440px; overflow: auto; white-space: pre-wrap; word-wrap: break-word; }
         }
         @media screen and (max-width: 479px) {
          pre { width: 280px; }
         }
        </style>
    </head>

    <body bgcolor="white">

            <span><H1>'/' ?‰ç”¨ç¨‹å?ä¸­ç™¼?Ÿä¼º?å™¨?¯èª¤??hr width=100% size=1 color=silver></H1>

            <h2> <i>?¾ä??°è?æºã€?/i> </h2></span>

            <font face="Arial, Helvetica, Geneva, SunSans-Regular, sans-serif ">

            <b> ?è¿°: </b>HTTP 404. ?¨è?å°‹æ‰¾?„è?æº?(?–å…¶?¸ä??§ç??¶ä¸­ä¹‹ä?) ?¯èƒ½å·²ç?ç§»é™¤?å?ç¨±å·²ç¶“è??´æ??¯æš«?‚ç„¡æ³•ä½¿?¨ã€‚è?æª¢é–±ä¸‹å? URLï¼Œä¸¦ä¸”ç¢ºå®šå??„æ‹¼å¯«ç„¡èª¤ã€?
            <br><br>

            <b> è¦æ???URL: </b>/SessionWeb/LoginSession.aspx<br><br>

    </body>
</html>

2021/4/20 ¤U¤È 07:08:22(115817296) : <?xml version='1.0' encoding='big5'?><Result Code='0' ServerTime='99999999-999999'><Error Code='-100000' Msg='¤¸¥ó¿ù»~ToGetProduct -- Automation ¿ù»~
§@·~¨t²ÎµLªk°õ¦æ %1¡C '/></Result>
2021/4/20 ¤U¤È 07:08:23(115817755) : <!DOCTYPE html>
<html>
    <head>
        <title>?¾ä??°è?æºã€?/title>
        <meta name="viewport" content="width=device-width" />
        <style>
         body {font-family:"Verdana";font-weight:normal;font-size: .7em;color:black;} 
         p {font-family:"Verdana";font-weight:normal;color:black;margin-top: -5px}
         b {font-family:"Verdana";font-weight:bold;color:black;margin-top: -5px}
         H1 { font-family:"Verdana";font-weight:normal;font-size:18pt;color:red }
         H2 { font-family:"Verdana";font-weight:normal;font-size:14pt;color:maroon }
         pre {font-family:"Consolas","Lucida Console",Monospace;font-size:11pt;margin:0;padding:0.5em;line-height:14pt}
         .marker {font-weight: bold; color: black;text-decoration: none;}
         .version {color: gray;}
         .error {margin-bottom: 10px;}
         .expandable { text-decoration:underline; font-weight:bold; color:navy; cursor:hand; }
         @media screen and (max-width: 639px) {
          pre { width: 440px; overflow: auto; white-space: pre-wrap; word-wrap: break-word; }
         }
         @media screen and (max-width: 479px) {
          pre { width: 280px; }
         }
        </style>
    </head>

    <body bgcolor="white">

            <span><H1>'/' ?‰ç”¨ç¨‹å?ä¸­ç™¼?Ÿä¼º?å™¨?¯èª¤??hr width=100% size=1 color=silver></H1>

            <h2> <i>?¾ä??°è?æºã€?/i> </h2></span>

            <font face="Arial, Helvetica, Geneva, SunSans-Regular, sans-serif ">

            <b> ?è¿°: </b>HTTP 404. ?¨è?å°‹æ‰¾?„è?æº?(?–å…¶?¸ä??§ç??¶ä¸­ä¹‹ä?) ?¯èƒ½å·²ç?ç§»é™¤?å?ç¨±å·²ç¶“è??´æ??¯æš«?‚ç„¡æ³•ä½¿?¨ã€‚è?æª¢é–±ä¸‹å? URLï¼Œä¸¦ä¸”ç¢ºå®šå??„æ‹¼å¯«ç„¡èª¤ã€?
            <br><br>

            <b> è¦æ???URL: </b>/SessionWeb/LoginSession.aspx<br><br>

    </body>
</html>

2021/4/20 ¤U¤È 07:08:30(115824890) : <?xml version='1.0' encoding='big5'?><Result Code='0' ServerTime='99999999-999999'><Error Code='-100000' Msg='¤¸¥ó¿ù»~ToGetProduct -- Automation ¿ù»~
§@·~¨t²ÎµLªk°õ¦æ %1¡C '/></Result>
2021/4/20 ¤U¤È 07:08:31(115825682) : <!DOCTYPE html>
<html>
    <head>
        <title>?¾ä??°è?æºã€?/title>
        <meta name="viewport" content="width=device-width" />
        <style>
         body {font-family:"Verdana";font-weight:normal;font-size: .7em;color:black;} 
         p {font-family:"Verdana";font-weight:normal;color:black;margin-top: -5px}
         b {font-family:"Verdana";font-weight:bold;color:black;margin-top: -5px}
         H1 { font-family:"Verdana";font-weight:normal;font-size:18pt;color:red }
         H2 { font-family:"Verdana";font-weight:normal;font-size:14pt;color:maroon }
         pre {font-family:"Consolas","Lucida Console",Monospace;font-size:11pt;margin:0;padding:0.5em;line-height:14pt}
         .marker {font-weight: bold; color: black;text-decoration: none;}
         .version {color: gray;}
         .error {margin-bottom: 10px;}
         .expandable { text-decoration:underline; font-weight:bold; color:navy; cursor:hand; }
         @media screen and (max-width: 639px) {
          pre { width: 440px; overflow: auto; white-space: pre-wrap; word-wrap: break-word; }
         }
         @media screen and (max-width: 479px) {
          pre { width: 280px; }
         }
        </style>
    </head>

    <body bgcolor="white">

            <span><H1>'/' ?‰ç”¨ç¨‹å?ä¸­ç™¼?Ÿä¼º?å™¨?¯èª¤??hr width=100% size=1 color=silver></H1>

            <h2> <i>?¾ä??°è?æºã€?/i> </h2></span>

            <font face="Arial, Helvetica, Geneva, SunSans-Regular, sans-serif ">

            <b> ?è¿°: </b>HTTP 404. ?¨è?å°‹æ‰¾?„è?æº?(?–å…¶?¸ä??§ç??¶ä¸­ä¹‹ä?) ?¯èƒ½å·²ç?ç§»é™¤?å?ç¨±å·²ç¶“è??´æ??¯æš«?‚ç„¡æ³•ä½¿?¨ã€‚è?æª¢é–±ä¸‹å? URLï¼Œä¸¦ä¸”ç¢ºå®šå??„æ‹¼å¯«ç„¡èª¤ã€?
            <br><br>

            <b> è¦æ???URL: </b>/SessionWeb/LoginSession.aspx<br><br>

    </body>
</html>

2021/4/20 ¤U¤È 07:08:46(115840875) : <?xml version='1.0' encoding='big5'?><Result Code='0' ServerTime='99999999-999999'><Error Code='-100000' Msg='¤¸¥ó¿ù»~ToGetProduct -- Automation ¿ù»~
§@·~¨t²ÎµLªk°õ¦æ %1¡C '/></Result>
2021/4/20 ¤U¤È 07:08:47(115841515) : <!DOCTYPE html>
<html>
    <head>
        <title>?¾ä??°è?æºã€?/title>
        <meta name="viewport" content="width=device-width" />
        <style>
         body {font-family:"Verdana";font-weight:normal;font-size: .7em;color:black;} 
         p {font-family:"Verdana";font-weight:normal;color:black;margin-top: -5px}
         b {font-family:"Verdana";font-weight:bold;color:black;margin-top: -5px}
         H1 { font-family:"Verdana";font-weight:normal;font-size:18pt;color:red }
         H2 { font-family:"Verdana";font-weight:normal;font-size:14pt;color:maroon }
         pre {font-family:"Consolas","Lucida Console",Monospace;font-size:11pt;margin:0;padding:0.5em;line-height:14pt}
         .marker {font-weight: bold; color: black;text-decoration: none;}
         .version {color: gray;}
         .error {margin-bottom: 10px;}
         .expandable { text-decoration:underline; font-weight:bold; color:navy; cursor:hand; }
         @media screen and (max-width: 639px) {
          pre { width: 440px; overflow: auto; white-space: pre-wrap; word-wrap: break-word; }
         }
         @media screen and (max-width: 479px) {
          pre { width: 280px; }
         }
        </style>
    </head>

    <body bgcolor="white">

            <span><H1>'/' ?‰ç”¨ç¨‹å?ä¸­ç™¼?Ÿä¼º?å™¨?¯èª¤??hr width=100% size=1 color=silver></H1>

            <h2> <i>?¾ä??°è?æºã€?/i> </h2></span>

            <font face="Arial, Helvetica, Geneva, SunSans-Regular, sans-serif ">

            <b> ?è¿°: </b>HTTP 404. ?¨è?å°‹æ‰¾?„è?æº?(?–å…¶?¸ä??§ç??¶ä¸­ä¹‹ä?) ?¯èƒ½å·²ç?ç§»é™¤?å?ç¨±å·²ç¶“è??´æ??¯æš«?‚ç„¡æ³•ä½¿?¨ã€‚è?æª¢é–±ä¸‹å? URLï¼Œä¸¦ä¸”ç¢ºå®šå??„æ‹¼å¯«ç„¡èª¤ã€?
            <br><br>

            <b> è¦æ???URL: </b>/SessionWeb/LoginSession.aspx<br><br>

    </body>
</html>

2021/4/20 ¤U¤È 07:08:55(115850140) : <?xml version='1.0' encoding='big5'?><Result Code='0' ServerTime='99999999-999999'><Error Code='-100000' Msg='¤¸¥ó¿ù»~ToGetProduct -- Automation ¿ù»~
§@·~¨t²ÎµLªk°õ¦æ %1¡C '/></Result>
2021/4/20 ¤U¤È 07:08:56(115850773) : <!DOCTYPE html>
<html>
    <head>
        <title>?¾ä??°è?æºã€?/title>
        <meta name="viewport" content="width=device-width" />
        <style>
         body {font-family:"Verdana";font-weight:normal;font-size: .7em;color:black;} 
         p {font-family:"Verdana";font-weight:normal;color:black;margin-top: -5px}
         b {font-family:"Verdana";font-weight:bold;color:black;margin-top: -5px}
         H1 { font-family:"Verdana";font-weight:normal;font-size:18pt;color:red }
         H2 { font-family:"Verdana";font-weight:normal;font-size:14pt;color:maroon }
         pre {font-family:"Consolas","Lucida Console",Monospace;font-size:11pt;margin:0;padding:0.5em;line-height:14pt}
         .marker {font-weight: bold; color: black;text-decoration: none;}
         .version {color: gray;}
         .error {margin-bottom: 10px;}
         .expandable { text-decoration:underline; font-weight:bold; color:navy; cursor:hand; }
         @media screen and (max-width: 639px) {
          pre { width: 440px; overflow: auto; white-space: pre-wrap; word-wrap: break-word; }
         }
         @media screen and (max-width: 479px) {
          pre { width: 280px; }
         }
        </style>
    </head>

    <body bgcolor="white">

            <span><H1>'/' ?‰ç”¨ç¨‹å?ä¸­ç™¼?Ÿä¼º?å™¨?¯èª¤??hr width=100% size=1 color=silver></H1>

            <h2> <i>?¾ä??°è?æºã€?/i> </h2></span>

            <font face="Arial, Helvetica, Geneva, SunSans-Regular, sans-serif ">

            <b> ?è¿°: </b>HTTP 404. ?¨è?å°‹æ‰¾?„è?æº?(?–å…¶?¸ä??§ç??¶ä¸­ä¹‹ä?) ?¯èƒ½å·²ç?ç§»é™¤?å?ç¨±å·²ç¶“è??´æ??¯æš«?‚ç„¡æ³•ä½¿?¨ã€‚è?æª¢é–±ä¸‹å? URLï¼Œä¸¦ä¸”ç¢ºå®šå??„æ‹¼å¯«ç„¡èª¤ã€?
            <br><br>

            <b> è¦æ???URL: </b>/SessionWeb/LoginSession.aspx<br><br>

    </body>
</html>

2021/4/20 ¤U¤È 07:09:09(115863781) : <?xml version='1.0' encoding='big5'?><Result Code='0' ServerTime='99999999-999999'><Error Code='-100000' Msg='¤¸¥ó¿ù»~ToGetProduct -- Automation ¿ù»~
§@·~¨t²ÎµLªk°õ¦æ %1¡C '/></Result>
2021/4/20 ¤U¤È 07:09:10(115864616) : <!DOCTYPE html>
<html>
    <head>
        <title>?¾ä??°è?æºã€?/title>
        <meta name="viewport" content="width=device-width" />
        <style>
         body {font-family:"Verdana";font-weight:normal;font-size: .7em;color:black;} 
         p {font-family:"Verdana";font-weight:normal;color:black;margin-top: -5px}
         b {font-family:"Verdana";font-weight:bold;color:black;margin-top: -5px}
         H1 { font-family:"Verdana";font-weight:normal;font-size:18pt;color:red }
         H2 { font-family:"Verdana";font-weight:normal;font-size:14pt;color:maroon }
         pre {font-family:"Consolas","Lucida Console",Monospace;font-size:11pt;margin:0;padding:0.5em;line-height:14pt}
         .marker {font-weight: bold; color: black;text-decoration: none;}
         .version {color: gray;}
         .error {margin-bottom: 10px;}
         .expandable { text-decoration:underline; font-weight:bold; color:navy; cursor:hand; }
         @media screen and (max-width: 639px) {
          pre { width: 440px; overflow: auto; white-space: pre-wrap; word-wrap: break-word; }
         }
         @media screen and (max-width: 479px) {
          pre { width: 280px; }
         }
        </style>
    </head>

    <body bgcolor="white">

            <span><H1>'/' ?‰ç”¨ç¨‹å?ä¸­ç™¼?Ÿä¼º?å™¨?¯èª¤??hr width=100% size=1 color=silver></H1>

            <h2> <i>?¾ä??°è?æºã€?/i> </h2></span>

            <font face="Arial, Helvetica, Geneva, SunSans-Regular, sans-serif ">

            <b> ?è¿°: </b>HTTP 404. ?¨è?å°‹æ‰¾?„è?æº?(?–å…¶?¸ä??§ç??¶ä¸­ä¹‹ä?) ?¯èƒ½å·²ç?ç§»é™¤?å?ç¨±å·²ç¶“è??´æ??¯æš«?‚ç„¡æ³•ä½¿?¨ã€‚è?æª¢é–±ä¸‹å? URLï¼Œä¸¦ä¸”ç¢ºå®šå??„æ‹¼å¯«ç„¡èª¤ã€?
            <br><br>

            <b> è¦æ???URL: </b>/SessionWeb/LoginSession.aspx<br><br>

    </body>
</html>

2021/4/20 ¤U¤È 07:10:39(115954343) : <?xml version='1.0' encoding='big5'?><Result Code='0' ServerTime='99999999-999999'><Error Code='-100000' Msg='¤¸¥ó¿ù»~ToGetProduct -- Automation ¿ù»~
§@·~¨t²ÎµLªk°õ¦æ %1¡C '/></Result>
2021/4/20 ¤U¤È 07:10:40(115955079) : <!DOCTYPE html>
<html>
    <head>
        <title>?¾ä??°è?æºã€?/title>
        <meta name="viewport" content="width=device-width" />
        <style>
         body {font-family:"Verdana";font-weight:normal;font-size: .7em;color:black;} 
         p {font-family:"Verdana";font-weight:normal;color:black;margin-top: -5px}
         b {font-family:"Verdana";font-weight:bold;color:black;margin-top: -5px}
         H1 { font-family:"Verdana";font-weight:normal;font-size:18pt;color:red }
         H2 { font-family:"Verdana";font-weight:normal;font-size:14pt;color:maroon }
         pre {font-family:"Consolas","Lucida Console",Monospace;font-size:11pt;margin:0;padding:0.5em;line-height:14pt}
         .marker {font-weight: bold; color: black;text-decoration: none;}
         .version {color: gray;}
         .error {margin-bottom: 10px;}
         .expandable { text-decoration:underline; font-weight:bold; color:navy; cursor:hand; }
         @media screen and (max-width: 639px) {
          pre { width: 440px; overflow: auto; white-space: pre-wrap; word-wrap: break-word; }
         }
         @media screen and (max-width: 479px) {
          pre { width: 280px; }
         }
        </style>
    </head>

    <body bgcolor="white">

            <span><H1>'/' ?‰ç”¨ç¨‹å?ä¸­ç™¼?Ÿä¼º?å™¨?¯èª¤??hr width=100% size=1 color=silver></H1>

            <h2> <i>?¾ä??°è?æºã€?/i> </h2></span>

            <font face="Arial, Helvetica, Geneva, SunSans-Regular, sans-serif ">

            <b> ?è¿°: </b>HTTP 404. ?¨è?å°‹æ‰¾?„è?æº?(?–å…¶?¸ä??§ç??¶ä¸­ä¹‹ä?) ?¯èƒ½å·²ç?ç§»é™¤?å?ç¨±å·²ç¶“è??´æ??¯æš«?‚ç„¡æ³•ä½¿?¨ã€‚è?æª¢é–±ä¸‹å? URLï¼Œä¸¦ä¸”ç¢ºå®šå??„æ‹¼å¯«ç„¡èª¤ã€?
            <br><br>

            <b> è¦æ???URL: </b>/SessionWeb/LoginSession.aspx<br><br>

    </body>
</html>

2021/4/20 ¤U¤È 07:10:51(115965453) : <?xml version='1.0' encoding='big5'?><Result Code='0' ServerTime='99999999-999999'><Error Code='-100000' Msg='¤¸¥ó¿ù»~ToGetProduct -- Automation ¿ù»~
§@·~¨t²ÎµLªk°õ¦æ %1¡C '/></Result>
2021/4/20 ¤U¤È 07:10:51(115965894) : <!DOCTYPE html>
<html>
    <head>
        <title>?¾ä??°è?æºã€?/title>
        <meta name="viewport" content="width=device-width" />
        <style>
         body {font-family:"Verdana";font-weight:normal;font-size: .7em;color:black;} 
         p {font-family:"Verdana";font-weight:normal;color:black;margin-top: -5px}
         b {font-family:"Verdana";font-weight:bold;color:black;margin-top: -5px}
         H1 { font-family:"Verdana";font-weight:normal;font-size:18pt;color:red }
         H2 { font-family:"Verdana";font-weight:normal;font-size:14pt;color:maroon }
         pre {font-family:"Consolas","Lucida Console",Monospace;font-size:11pt;margin:0;padding:0.5em;line-height:14pt}
         .marker {font-weight: bold; color: black;text-decoration: none;}
         .version {color: gray;}
         .error {margin-bottom: 10px;}
         .expandable { text-decoration:underline; font-weight:bold; color:navy; cursor:hand; }
         @media screen and (max-width: 639px) {
          pre { width: 440px; overflow: auto; white-space: pre-wrap; word-wrap: break-word; }
         }
         @media screen and (max-width: 479px) {
          pre { width: 280px; }
         }
        </style>
    </head>

    <body bgcolor="white">

            <span><H1>'/' ?‰ç”¨ç¨‹å?ä¸­ç™¼?Ÿä¼º?å™¨?¯èª¤??hr width=100% size=1 color=silver></H1>

            <h2> <i>?¾ä??°è?æºã€?/i> </h2></span>

            <font face="Arial, Helvetica, Geneva, SunSans-Regular, sans-serif ">

            <b> ?è¿°: </b>HTTP 404. ?¨è?å°‹æ‰¾?„è?æº?(?–å…¶?¸ä??§ç??¶ä¸­ä¹‹ä?) ?¯èƒ½å·²ç?ç§»é™¤?å?ç¨±å·²ç¶“è??´æ??¯æš«?‚ç„¡æ³•ä½¿?¨ã€‚è?æª¢é–±ä¸‹å? URLï¼Œä¸¦ä¸”ç¢ºå®šå??„æ‹¼å¯«ç„¡èª¤ã€?
            <br><br>

            <b> è¦æ???URL: </b>/SessionWeb/LoginSession.aspx<br><br>

    </body>
</html>

2021/4/20 ¤U¤È 07:11:22(115996625) : <?xml version='1.0' encoding='big5'?><Result Code='0' ServerTime='99999999-999999'><Error Code='-100000' Msg='¤¸¥ó¿ù»~ToGetProduct -- Automation ¿ù»~
§@·~¨t²ÎµLªk°õ¦æ %1¡C '/></Result>
2021/4/20 ¤U¤È 07:11:22(115997050) : <!DOCTYPE html>
<html>
    <head>
        <title>?¾ä??°è?æºã€?/title>
        <meta name="viewport" content="width=device-width" />
        <style>
         body {font-family:"Verdana";font-weight:normal;font-size: .7em;color:black;} 
         p {font-family:"Verdana";font-weight:normal;color:black;margin-top: -5px}
         b {font-family:"Verdana";font-weight:bold;color:black;margin-top: -5px}
         H1 { font-family:"Verdana";font-weight:normal;font-size:18pt;color:red }
         H2 { font-family:"Verdana";font-weight:normal;font-size:14pt;color:maroon }
         pre {font-family:"Consolas","Lucida Console",Monospace;font-size:11pt;margin:0;padding:0.5em;line-height:14pt}
         .marker {font-weight: bold; color: black;text-decoration: none;}
         .version {color: gray;}
         .error {margin-bottom: 10px;}
         .expandable { text-decoration:underline; font-weight:bold; color:navy; cursor:hand; }
         @media screen and (max-width: 639px) {
          pre { width: 440px; overflow: auto; white-space: pre-wrap; word-wrap: break-word; }
         }
         @media screen and (max-width: 479px) {
          pre { width: 280px; }
         }
        </style>
    </head>

    <body bgcolor="white">

            <span><H1>'/' ?‰ç”¨ç¨‹å?ä¸­ç™¼?Ÿä¼º?å™¨?¯èª¤??hr width=100% size=1 color=silver></H1>

            <h2> <i>?¾ä??°è?æºã€?/i> </h2></span>

            <font face="Arial, Helvetica, Geneva, SunSans-Regular, sans-serif ">

            <b> ?è¿°: </b>HTTP 404. ?¨è?å°‹æ‰¾?„è?æº?(?–å…¶?¸ä??§ç??¶ä¸­ä¹‹ä?) ?¯èƒ½å·²ç?ç§»é™¤?å?ç¨±å·²ç¶“è??´æ??¯æš«?‚ç„¡æ³•ä½¿?¨ã€‚è?æª¢é–±ä¸‹å? URLï¼Œä¸¦ä¸”ç¢ºå®šå??„æ‹¼å¯«ç„¡èª¤ã€?
            <br><br>

            <b> è¦æ???URL: </b>/SessionWeb/LoginSession.aspx<br><br>

    </body>
</html>

2021/4/20 ¤U¤È 07:11:46(116020500) : <?xml version='1.0' encoding='big5'?><Result Code='0' ServerTime='99999999-999999'><Error Code='-100000' Msg='¤¸¥ó¿ù»~ToGetProduct -- Automation ¿ù»~
§@·~¨t²ÎµLªk°õ¦æ %1¡C '/></Result>
2021/4/20 ¤U¤È 07:11:46(116021033) : <!DOCTYPE html>
<html>
    <head>
        <title>?¾ä??°è?æºã€?/title>
        <meta name="viewport" content="width=device-width" />
        <style>
         body {font-family:"Verdana";font-weight:normal;font-size: .7em;color:black;} 
         p {font-family:"Verdana";font-weight:normal;color:black;margin-top: -5px}
         b {font-family:"Verdana";font-weight:bold;color:black;margin-top: -5px}
         H1 { font-family:"Verdana";font-weight:normal;font-size:18pt;color:red }
         H2 { font-family:"Verdana";font-weight:normal;font-size:14pt;color:maroon }
         pre {font-family:"Consolas","Lucida Console",Monospace;font-size:11pt;margin:0;padding:0.5em;line-height:14pt}
         .marker {font-weight: bold; color: black;text-decoration: none;}
         .version {color: gray;}
         .error {margin-bottom: 10px;}
         .expandable { text-decoration:underline; font-weight:bold; color:navy; cursor:hand; }
         @media screen and (max-width: 639px) {
          pre { width: 440px; overflow: auto; white-space: pre-wrap; word-wrap: break-word; }
         }
         @media screen and (max-width: 479px) {
          pre { width: 280px; }
         }
        </style>
    </head>

    <body bgcolor="white">

            <span><H1>'/' ?‰ç”¨ç¨‹å?ä¸­ç™¼?Ÿä¼º?å™¨?¯èª¤??hr width=100% size=1 color=silver></H1>

            <h2> <i>?¾ä??°è?æºã€?/i> </h2></span>

            <font face="Arial, Helvetica, Geneva, SunSans-Regular, sans-serif ">

            <b> ?è¿°: </b>HTTP 404. ?¨è?å°‹æ‰¾?„è?æº?(?–å…¶?¸ä??§ç??¶ä¸­ä¹‹ä?) ?¯èƒ½å·²ç?ç§»é™¤?å?ç¨±å·²ç¶“è??´æ??¯æš«?‚ç„¡æ³•ä½¿?¨ã€‚è?æª¢é–±ä¸‹å? URLï¼Œä¸¦ä¸”ç¢ºå®šå??„æ‹¼å¯«ç„¡èª¤ã€?
            <br><br>

            <b> è¦æ???URL: </b>/SessionWeb/LoginSession.aspx<br><br>

    </body>
</html>

2021/4/20 ¤U¤È 07:16:27(116301531) : <?xml version='1.0' encoding='big5'?><Result Code='0' ServerTime='99999999-999999'><Error Code='-100000' Msg='¤¸¥ó¿ù»~ToGetProduct -- Automation ¿ù»~
§@·~¨t²ÎµLªk°õ¦æ %1¡C '/></Result>
2021/4/20 ¤U¤È 07:16:28(116302751) : <!DOCTYPE html>
<html>
    <head>
        <title>?¾ä??°è?æºã€?/title>
        <meta name="viewport" content="width=device-width" />
        <style>
         body {font-family:"Verdana";font-weight:normal;font-size: .7em;color:black;} 
         p {font-family:"Verdana";font-weight:normal;color:black;margin-top: -5px}
         b {font-family:"Verdana";font-weight:bold;color:black;margin-top: -5px}
         H1 { font-family:"Verdana";font-weight:normal;font-size:18pt;color:red }
         H2 { font-family:"Verdana";font-weight:normal;font-size:14pt;color:maroon }
         pre {font-family:"Consolas","Lucida Console",Monospace;font-size:11pt;margin:0;padding:0.5em;line-height:14pt}
         .marker {font-weight: bold; color: black;text-decoration: none;}
         .version {color: gray;}
         .error {margin-bottom: 10px;}
         .expandable { text-decoration:underline; font-weight:bold; color:navy; cursor:hand; }
         @media screen and (max-width: 639px) {
          pre { width: 440px; overflow: auto; white-space: pre-wrap; word-wrap: break-word; }
         }
         @media screen and (max-width: 479px) {
          pre { width: 280px; }
         }
        </style>
    </head>

    <body bgcolor="white">

            <span><H1>'/' ?‰ç”¨ç¨‹å?ä¸­ç™¼?Ÿä¼º?å™¨?¯èª¤??hr width=100% size=1 color=silver></H1>

            <h2> <i>?¾ä??°è?æºã€?/i> </h2></span>

            <font face="Arial, Helvetica, Geneva, SunSans-Regular, sans-serif ">

            <b> ?è¿°: </b>HTTP 404. ?¨è?å°‹æ‰¾?„è?æº?(?–å…¶?¸ä??§ç??¶ä¸­ä¹‹ä?) ?¯èƒ½å·²ç?ç§»é™¤?å?ç¨±å·²ç¶“è??´æ??¯æš«?‚ç„¡æ³•ä½¿?¨ã€‚è?æª¢é–±ä¸‹å? URLï¼Œä¸¦ä¸”ç¢ºå®šå??„æ‹¼å¯«ç„¡èª¤ã€?
            <br><br>

            <b> è¦æ???URL: </b>/SessionWeb/LoginSession.aspx<br><br>

    </body>
</html>

2021/4/20 ¤U¤È 07:18:32(116426843) : <?xml version='1.0' encoding='big5'?><Result Code='0' ServerTime='99999999-999999'><Error Code='-100000' Msg='¤¸¥ó¿ù»~ToGetProduct -- Automation ¿ù»~
§@·~¨t²ÎµLªk°õ¦æ %1¡C '/></Result>
2021/4/20 ¤U¤È 07:18:32(116427284) : <!DOCTYPE html>
<html>
    <head>
        <title>?¾ä??°è?æºã€?/title>
        <meta name="viewport" content="width=device-width" />
        <style>
         body {font-family:"Verdana";font-weight:normal;font-size: .7em;color:black;} 
         p {font-family:"Verdana";font-weight:normal;color:black;margin-top: -5px}
         b {font-family:"Verdana";font-weight:bold;color:black;margin-top: -5px}
         H1 { font-family:"Verdana";font-weight:normal;font-size:18pt;color:red }
         H2 { font-family:"Verdana";font-weight:normal;font-size:14pt;color:maroon }
         pre {font-family:"Consolas","Lucida Console",Monospace;font-size:11pt;margin:0;padding:0.5em;line-height:14pt}
         .marker {font-weight: bold; color: black;text-decoration: none;}
         .version {color: gray;}
         .error {margin-bottom: 10px;}
         .expandable { text-decoration:underline; font-weight:bold; color:navy; cursor:hand; }
         @media screen and (max-width: 639px) {
          pre { width: 440px; overflow: auto; white-space: pre-wrap; word-wrap: break-word; }
         }
         @media screen and (max-width: 479px) {
          pre { width: 280px; }
         }
        </style>
    </head>

    <body bgcolor="white">

            <span><H1>'/' ?‰ç”¨ç¨‹å?ä¸­ç™¼?Ÿä¼º?å™¨?¯èª¤??hr width=100% size=1 color=silver></H1>

            <h2> <i>?¾ä??°è?æºã€?/i> </h2></span>

            <font face="Arial, Helvetica, Geneva, SunSans-Regular, sans-serif ">

            <b> ?è¿°: </b>HTTP 404. ?¨è?å°‹æ‰¾?„è?æº?(?–å…¶?¸ä??§ç??¶ä¸­ä¹‹ä?) ?¯èƒ½å·²ç?ç§»é™¤?å?ç¨±å·²ç¶“è??´æ??¯æš«?‚ç„¡æ³•ä½¿?¨ã€‚è?æª¢é–±ä¸‹å? URLï¼Œä¸¦ä¸”ç¢ºå®šå??„æ‹¼å¯«ç„¡èª¤ã€?
            <br><br>

            <b> è¦æ???URL: </b>/SessionWeb/LoginSession.aspx<br><br>

    </body>
</html>

2021/4/20 ¤U¤È 07:18:44(116439031) : <?xml version='1.0' encoding='big5'?><Result Code='0' ServerTime='99999999-999999'><Error Code='-100000' Msg='¤¸¥ó¿ù»~ToGetProduct -- Automation ¿ù»~
§@·~¨t²ÎµLªk°õ¦æ %1¡C '/></Result>
2021/4/20 ¤U¤È 07:18:45(116439505) : <!DOCTYPE html>
<html>
    <head>
        <title>?¾ä??°è?æºã€?/title>
        <meta name="viewport" content="width=device-width" />
        <style>
         body {font-family:"Verdana";font-weight:normal;font-size: .7em;color:black;} 
         p {font-family:"Verdana";font-weight:normal;color:black;margin-top: -5px}
         b {font-family:"Verdana";font-weight:bold;color:black;margin-top: -5px}
         H1 { font-family:"Verdana";font-weight:normal;font-size:18pt;color:red }
         H2 { font-family:"Verdana";font-weight:normal;font-size:14pt;color:maroon }
         pre {font-family:"Consolas","Lucida Console",Monospace;font-size:11pt;margin:0;padding:0.5em;line-height:14pt}
         .marker {font-weight: bold; color: black;text-decoration: none;}
         .version {color: gray;}
         .error {margin-bottom: 10px;}
         .expandable { text-decoration:underline; font-weight:bold; color:navy; cursor:hand; }
         @media screen and (max-width: 639px) {
          pre { width: 440px; overflow: auto; white-space: pre-wrap; word-wrap: break-word; }
         }
         @media screen and (max-width: 479px) {
          pre { width: 280px; }
         }
        </style>
    </head>

    <body bgcolor="white">

            <span><H1>'/' ?‰ç”¨ç¨‹å?ä¸­ç™¼?Ÿä¼º?å™¨?¯èª¤??hr width=100% size=1 color=silver></H1>

            <h2> <i>?¾ä??°è?æºã€?/i> </h2></span>

            <font face="Arial, Helvetica, Geneva, SunSans-Regular, sans-serif ">

            <b> ?è¿°: </b>HTTP 404. ?¨è?å°‹æ‰¾?„è?æº?(?–å…¶?¸ä??§ç??¶ä¸­ä¹‹ä?) ?¯èƒ½å·²ç?ç§»é™¤?å?ç¨±å·²ç¶“è??´æ??¯æš«?‚ç„¡æ³•ä½¿?¨ã€‚è?æª¢é–±ä¸‹å? URLï¼Œä¸¦ä¸”ç¢ºå®šå??„æ‹¼å¯«ç„¡èª¤ã€?
            <br><br>

            <b> è¦æ???URL: </b>/SessionWeb/LoginSession.aspx<br><br>

    </body>
</html>

2021/4/20 ¤U¤È 07:18:54(116448796) : <?xml version='1.0' encoding='big5'?><Result Code='0' ServerTime='99999999-999999'><Error Code='-100000' Msg='¤¸¥ó¿ù»~ToGetProduct -- Automation ¿ù»~
§@·~¨t²ÎµLªk°õ¦æ %1¡C '/></Result>
2021/4/20 ¤U¤È 07:18:54(116449250) : <!DOCTYPE html>
<html>
    <head>
        <title>?¾ä??°è?æºã€?/title>
        <meta name="viewport" content="width=device-width" />
        <style>
         body {font-family:"Verdana";font-weight:normal;font-size: .7em;color:black;} 
         p {font-family:"Verdana";font-weight:normal;color:black;margin-top: -5px}
         b {font-family:"Verdana";font-weight:bold;color:black;margin-top: -5px}
         H1 { font-family:"Verdana";font-weight:normal;font-size:18pt;color:red }
         H2 { font-family:"Verdana";font-weight:normal;font-size:14pt;color:maroon }
         pre {font-family:"Consolas","Lucida Console",Monospace;font-size:11pt;margin:0;padding:0.5em;line-height:14pt}
         .marker {font-weight: bold; color: black;text-decoration: none;}
         .version {color: gray;}
         .error {margin-bottom: 10px;}
         .expandable { text-decoration:underline; font-weight:bold; color:navy; cursor:hand; }
         @media screen and (max-width: 639px) {
          pre { width: 440px; overflow: auto; white-space: pre-wrap; word-wrap: break-word; }
         }
         @media screen and (max-width: 479px) {
          pre { width: 280px; }
         }
        </style>
    </head>

    <body bgcolor="white">

            <span><H1>'/' ?‰ç”¨ç¨‹å?ä¸­ç™¼?Ÿä¼º?å™¨?¯èª¤??hr width=100% size=1 color=silver></H1>

            <h2> <i>?¾ä??°è?æºã€?/i> </h2></span>

            <font face="Arial, Helvetica, Geneva, SunSans-Regular, sans-serif ">

            <b> ?è¿°: </b>HTTP 404. ?¨è?å°‹æ‰¾?„è?æº?(?–å…¶?¸ä??§ç??¶ä¸­ä¹‹ä?) ?¯èƒ½å·²ç?ç§»é™¤?å?ç¨±å·²ç¶“è??´æ??¯æš«?‚ç„¡æ³•ä½¿?¨ã€‚è?æª¢é–±ä¸‹å? URLï¼Œä¸¦ä¸”ç¢ºå®šå??„æ‹¼å¯«ç„¡èª¤ã€?
            <br><br>

            <b> è¦æ???URL: </b>/SessionWeb/LoginSession.aspx<br><br>

    </body>
</html>

