2022/1/26 ¤W¤È 09:08:07(175116875) : <?xml version='1.0' encoding='big5'?><Result Code='0' ServerTime='99999999-999999'><Error Code='-100000' Msg='¤¸¥ó¿ù»~ToGetProduct -- Automation ¿ù»~
§@·~¨t²ÎµLªk°õ¦æ %1¡C '/></Result>
2022/1/26 ¤W¤È 09:08:08(175117803) : <!DOCTYPE html>
<html>
    <head>
        <title>?¾ä??°è?æºã€?/title>
        <meta name="viewport" content="width=device-width" />
        <style>
         body {font-family:"Verdana";font-weight:normal;font-size: .7em;color:black;} 
         p {font-family:"Verdana";font-weight:normal;color:black;margin-top: -5px}
         b {font-family:"Verdana";font-weight:bold;color:black;margin-top: -5px}
         H1 { font-family:"Verdana";font-weight:normal;font-size:18pt;color:red }
         H2 { font-family:"Verdana";font-weight:normal;font-size:14pt;color:maroon }
         pre {font-family:"Consolas","Lucida Console",Monospace;font-size:11pt;margin:0;padding:0.5em;line-height:14pt}
         .marker {font-weight: bold; color: black;text-decoration: none;}
         .version {color: gray;}
         .error {margin-bottom: 10px;}
         .expandable { text-decoration:underline; font-weight:bold; color:navy; cursor:hand; }
         @media screen and (max-width: 639px) {
          pre { width: 440px; overflow: auto; white-space: pre-wrap; word-wrap: break-word; }
         }
         @media screen and (max-width: 479px) {
          pre { width: 280px; }
         }
        </style>
    </head>

    <body bgcolor="white">

            <span><H1>'/' ?‰ç”¨ç¨‹å?ä¸­ç™¼?Ÿä¼º?å™¨?¯èª¤??hr width=100% size=1 color=silver></H1>

            <h2> <i>?¾ä??°è?æºã€?/i> </h2></span>

            <font face="Arial, Helvetica, Geneva, SunSans-Regular, sans-serif ">

            <b> ?è¿°: </b>HTTP 404. ?¨è?å°‹æ‰¾?„è?æº?(?–å…¶?¸ä??§ç??¶ä¸­ä¹‹ä?) ?¯èƒ½å·²ç?ç§»é™¤?å?ç¨±å·²ç¶“è??´æ??¯æš«?‚ç„¡æ³•ä½¿?¨ã€‚è?æª¢é–±ä¸‹å? URLï¼Œä¸¦ä¸”ç¢ºå®šå??„æ‹¼å¯«ç„¡èª¤ã€?
            <br><br>

            <b> è¦æ???URL: </b>/SessionWeb/LoginSession.aspx<br><br>

    </body>
</html>

2022/1/26 ¤W¤È 09:08:08(175118140) : <?xml version='1.0' encoding='big5'?><Result Code='0' ServerTime='99999999-999999'><Error Code='-100000' Msg='¤¸¥ó¿ù»~ToGetProduct -- Automation ¿ù»~
§@·~¨t²ÎµLªk°õ¦æ %1¡C '/></Result>
2022/1/26 ¤W¤È 09:08:08(175118424) : <!DOCTYPE html>
<html>
    <head>
        <title>?¾ä??°è?æºã€?/title>
        <meta name="viewport" content="width=device-width" />
        <style>
         body {font-family:"Verdana";font-weight:normal;font-size: .7em;color:black;} 
         p {font-family:"Verdana";font-weight:normal;color:black;margin-top: -5px}
         b {font-family:"Verdana";font-weight:bold;color:black;margin-top: -5px}
         H1 { font-family:"Verdana";font-weight:normal;font-size:18pt;color:red }
         H2 { font-family:"Verdana";font-weight:normal;font-size:14pt;color:maroon }
         pre {font-family:"Consolas","Lucida Console",Monospace;font-size:11pt;margin:0;padding:0.5em;line-height:14pt}
         .marker {font-weight: bold; color: black;text-decoration: none;}
         .version {color: gray;}
         .error {margin-bottom: 10px;}
         .expandable { text-decoration:underline; font-weight:bold; color:navy; cursor:hand; }
         @media screen and (max-width: 639px) {
          pre { width: 440px; overflow: auto; white-space: pre-wrap; word-wrap: break-word; }
         }
         @media screen and (max-width: 479px) {
          pre { width: 280px; }
         }
        </style>
    </head>

    <body bgcolor="white">

            <span><H1>'/' ?‰ç”¨ç¨‹å?ä¸­ç™¼?Ÿä¼º?å™¨?¯èª¤??hr width=100% size=1 color=silver></H1>

            <h2> <i>?¾ä??°è?æºã€?/i> </h2></span>

            <font face="Arial, Helvetica, Geneva, SunSans-Regular, sans-serif ">

            <b> ?è¿°: </b>HTTP 404. ?¨è?å°‹æ‰¾?„è?æº?(?–å…¶?¸ä??§ç??¶ä¸­ä¹‹ä?) ?¯èƒ½å·²ç?ç§»é™¤?å?ç¨±å·²ç¶“è??´æ??¯æš«?‚ç„¡æ³•ä½¿?¨ã€‚è?æª¢é–±ä¸‹å? URLï¼Œä¸¦ä¸”ç¢ºå®šå??„æ‹¼å¯«ç„¡èª¤ã€?
            <br><br>

            <b> è¦æ???URL: </b>/SessionWeb/LoginSession.aspx<br><br>

    </body>
</html>

2022/1/26 ¤W¤È 09:08:09(175118750) : <?xml version='1.0' encoding='big5'?><Result Code='0' ServerTime='99999999-999999'><Error Code='-100000' Msg='¤¸¥ó¿ù»~ToGetProduct -- Automation ¿ù»~
§@·~¨t²ÎµLªk°õ¦æ %1¡C '/></Result>
2022/1/26 ¤W¤È 09:08:09(175118957) : <!DOCTYPE html>
<html>
    <head>
        <title>?¾ä??°è?æºã€?/title>
        <meta name="viewport" content="width=device-width" />
        <style>
         body {font-family:"Verdana";font-weight:normal;font-size: .7em;color:black;} 
         p {font-family:"Verdana";font-weight:normal;color:black;margin-top: -5px}
         b {font-family:"Verdana";font-weight:bold;color:black;margin-top: -5px}
         H1 { font-family:"Verdana";font-weight:normal;font-size:18pt;color:red }
         H2 { font-family:"Verdana";font-weight:normal;font-size:14pt;color:maroon }
         pre {font-family:"Consolas","Lucida Console",Monospace;font-size:11pt;margin:0;padding:0.5em;line-height:14pt}
         .marker {font-weight: bold; color: black;text-decoration: none;}
         .version {color: gray;}
         .error {margin-bottom: 10px;}
         .expandable { text-decoration:underline; font-weight:bold; color:navy; cursor:hand; }
         @media screen and (max-width: 639px) {
          pre { width: 440px; overflow: auto; white-space: pre-wrap; word-wrap: break-word; }
         }
         @media screen and (max-width: 479px) {
          pre { width: 280px; }
         }
        </style>
    </head>

    <body bgcolor="white">

            <span><H1>'/' ?‰ç”¨ç¨‹å?ä¸­ç™¼?Ÿä¼º?å™¨?¯èª¤??hr width=100% size=1 color=silver></H1>

            <h2> <i>?¾ä??°è?æºã€?/i> </h2></span>

            <font face="Arial, Helvetica, Geneva, SunSans-Regular, sans-serif ">

            <b> ?è¿°: </b>HTTP 404. ?¨è?å°‹æ‰¾?„è?æº?(?–å…¶?¸ä??§ç??¶ä¸­ä¹‹ä?) ?¯èƒ½å·²ç?ç§»é™¤?å?ç¨±å·²ç¶“è??´æ??¯æš«?‚ç„¡æ³•ä½¿?¨ã€‚è?æª¢é–±ä¸‹å? URLï¼Œä¸¦ä¸”ç¢ºå®šå??„æ‹¼å¯«ç„¡èª¤ã€?
            <br><br>

            <b> è¦æ???URL: </b>/SessionWeb/LoginSession.aspx<br><br>

    </body>
</html>

2022/1/26 ¤W¤È 09:08:09(175119312) : <?xml version='1.0' encoding='big5'?><Result Code='0' ServerTime='99999999-999999'><Error Code='-100000' Msg='¤¸¥ó¿ù»~ToGetProduct -- Automation ¿ù»~
§@·~¨t²ÎµLªk°õ¦æ %1¡C '/></Result>
2022/1/26 ¤W¤È 09:08:09(175119582) : <!DOCTYPE html>
<html>
    <head>
        <title>?¾ä??°è?æºã€?/title>
        <meta name="viewport" content="width=device-width" />
        <style>
         body {font-family:"Verdana";font-weight:normal;font-size: .7em;color:black;} 
         p {font-family:"Verdana";font-weight:normal;color:black;margin-top: -5px}
         b {font-family:"Verdana";font-weight:bold;color:black;margin-top: -5px}
         H1 { font-family:"Verdana";font-weight:normal;font-size:18pt;color:red }
         H2 { font-family:"Verdana";font-weight:normal;font-size:14pt;color:maroon }
         pre {font-family:"Consolas","Lucida Console",Monospace;font-size:11pt;margin:0;padding:0.5em;line-height:14pt}
         .marker {font-weight: bold; color: black;text-decoration: none;}
         .version {color: gray;}
         .error {margin-bottom: 10px;}
         .expandable { text-decoration:underline; font-weight:bold; color:navy; cursor:hand; }
         @media screen and (max-width: 639px) {
          pre { width: 440px; overflow: auto; white-space: pre-wrap; word-wrap: break-word; }
         }
         @media screen and (max-width: 479px) {
          pre { width: 280px; }
         }
        </style>
    </head>

    <body bgcolor="white">

            <span><H1>'/' ?‰ç”¨ç¨‹å?ä¸­ç™¼?Ÿä¼º?å™¨?¯èª¤??hr width=100% size=1 color=silver></H1>

            <h2> <i>?¾ä??°è?æºã€?/i> </h2></span>

            <font face="Arial, Helvetica, Geneva, SunSans-Regular, sans-serif ">

            <b> ?è¿°: </b>HTTP 404. ?¨è?å°‹æ‰¾?„è?æº?(?–å…¶?¸ä??§ç??¶ä¸­ä¹‹ä?) ?¯èƒ½å·²ç?ç§»é™¤?å?ç¨±å·²ç¶“è??´æ??¯æš«?‚ç„¡æ³•ä½¿?¨ã€‚è?æª¢é–±ä¸‹å? URLï¼Œä¸¦ä¸”ç¢ºå®šå??„æ‹¼å¯«ç„¡èª¤ã€?
            <br><br>

            <b> è¦æ???URL: </b>/SessionWeb/LoginSession.aspx<br><br>

    </body>
</html>

2022/1/26 ¤W¤È 09:09:36(175206203) : <?xml version='1.0' encoding='big5'?><Result Code='0' ServerTime='99999999-999999'><Error Code='-100000' Msg='¤¸¥ó¿ù»~ToGetProduct -- Automation ¿ù»~
§@·~¨t²ÎµLªk°õ¦æ %1¡C '/></Result>
2022/1/26 ¤W¤È 09:09:36(175206428) : <!DOCTYPE html>
<html>
    <head>
        <title>?¾ä??°è?æºã€?/title>
        <meta name="viewport" content="width=device-width" />
        <style>
         body {font-family:"Verdana";font-weight:normal;font-size: .7em;color:black;} 
         p {font-family:"Verdana";font-weight:normal;color:black;margin-top: -5px}
         b {font-family:"Verdana";font-weight:bold;color:black;margin-top: -5px}
         H1 { font-family:"Verdana";font-weight:normal;font-size:18pt;color:red }
         H2 { font-family:"Verdana";font-weight:normal;font-size:14pt;color:maroon }
         pre {font-family:"Consolas","Lucida Console",Monospace;font-size:11pt;margin:0;padding:0.5em;line-height:14pt}
         .marker {font-weight: bold; color: black;text-decoration: none;}
         .version {color: gray;}
         .error {margin-bottom: 10px;}
         .expandable { text-decoration:underline; font-weight:bold; color:navy; cursor:hand; }
         @media screen and (max-width: 639px) {
          pre { width: 440px; overflow: auto; white-space: pre-wrap; word-wrap: break-word; }
         }
         @media screen and (max-width: 479px) {
          pre { width: 280px; }
         }
        </style>
    </head>

    <body bgcolor="white">

            <span><H1>'/' ?‰ç”¨ç¨‹å?ä¸­ç™¼?Ÿä¼º?å™¨?¯èª¤??hr width=100% size=1 color=silver></H1>

            <h2> <i>?¾ä??°è?æºã€?/i> </h2></span>

            <font face="Arial, Helvetica, Geneva, SunSans-Regular, sans-serif ">

            <b> ?è¿°: </b>HTTP 404. ?¨è?å°‹æ‰¾?„è?æº?(?–å…¶?¸ä??§ç??¶ä¸­ä¹‹ä?) ?¯èƒ½å·²ç?ç§»é™¤?å?ç¨±å·²ç¶“è??´æ??¯æš«?‚ç„¡æ³•ä½¿?¨ã€‚è?æª¢é–±ä¸‹å? URLï¼Œä¸¦ä¸”ç¢ºå®šå??„æ‹¼å¯«ç„¡èª¤ã€?
            <br><br>

            <b> è¦æ???URL: </b>/SessionWeb/LoginSession.aspx<br><br>

    </body>
</html>

2022/1/26 ¤W¤È 09:09:36(175206703) : <?xml version='1.0' encoding='big5'?><Result Code='0' ServerTime='99999999-999999'><Error Code='-100000' Msg='¤¸¥ó¿ù»~ToGetProduct -- Automation ¿ù»~
§@·~¨t²ÎµLªk°õ¦æ %1¡C '/></Result>
2022/1/26 ¤W¤È 09:09:37(175207264) : <!DOCTYPE html>
<html>
    <head>
        <title>?¾ä??°è?æºã€?/title>
        <meta name="viewport" content="width=device-width" />
        <style>
         body {font-family:"Verdana";font-weight:normal;font-size: .7em;color:black;} 
         p {font-family:"Verdana";font-weight:normal;color:black;margin-top: -5px}
         b {font-family:"Verdana";font-weight:bold;color:black;margin-top: -5px}
         H1 { font-family:"Verdana";font-weight:normal;font-size:18pt;color:red }
         H2 { font-family:"Verdana";font-weight:normal;font-size:14pt;color:maroon }
         pre {font-family:"Consolas","Lucida Console",Monospace;font-size:11pt;margin:0;padding:0.5em;line-height:14pt}
         .marker {font-weight: bold; color: black;text-decoration: none;}
         .version {color: gray;}
         .error {margin-bottom: 10px;}
         .expandable { text-decoration:underline; font-weight:bold; color:navy; cursor:hand; }
         @media screen and (max-width: 639px) {
          pre { width: 440px; overflow: auto; white-space: pre-wrap; word-wrap: break-word; }
         }
         @media screen and (max-width: 479px) {
          pre { width: 280px; }
         }
        </style>
    </head>

    <body bgcolor="white">

            <span><H1>'/' ?‰ç”¨ç¨‹å?ä¸­ç™¼?Ÿä¼º?å™¨?¯èª¤??hr width=100% size=1 color=silver></H1>

            <h2> <i>?¾ä??°è?æºã€?/i> </h2></span>

            <font face="Arial, Helvetica, Geneva, SunSans-Regular, sans-serif ">

            <b> ?è¿°: </b>HTTP 404. ?¨è?å°‹æ‰¾?„è?æº?(?–å…¶?¸ä??§ç??¶ä¸­ä¹‹ä?) ?¯èƒ½å·²ç?ç§»é™¤?å?ç¨±å·²ç¶“è??´æ??¯æš«?‚ç„¡æ³•ä½¿?¨ã€‚è?æª¢é–±ä¸‹å? URLï¼Œä¸¦ä¸”ç¢ºå®šå??„æ‹¼å¯«ç„¡èª¤ã€?
            <br><br>

            <b> è¦æ???URL: </b>/SessionWeb/LoginSession.aspx<br><br>

    </body>
</html>

2022/1/26 ¤W¤È 09:09:37(175207546) : <?xml version='1.0' encoding='big5'?><Result Code='0' ServerTime='99999999-999999'><Error Code='-100000' Msg='¤¸¥ó¿ù»~ToGetProduct -- Automation ¿ù»~
§@·~¨t²ÎµLªk°õ¦æ %1¡C '/></Result>
2022/1/26 ¤W¤È 09:09:38(175207846) : <!DOCTYPE html>
<html>
    <head>
        <title>?¾ä??°è?æºã€?/title>
        <meta name="viewport" content="width=device-width" />
        <style>
         body {font-family:"Verdana";font-weight:normal;font-size: .7em;color:black;} 
         p {font-family:"Verdana";font-weight:normal;color:black;margin-top: -5px}
         b {font-family:"Verdana";font-weight:bold;color:black;margin-top: -5px}
         H1 { font-family:"Verdana";font-weight:normal;font-size:18pt;color:red }
         H2 { font-family:"Verdana";font-weight:normal;font-size:14pt;color:maroon }
         pre {font-family:"Consolas","Lucida Console",Monospace;font-size:11pt;margin:0;padding:0.5em;line-height:14pt}
         .marker {font-weight: bold; color: black;text-decoration: none;}
         .version {color: gray;}
         .error {margin-bottom: 10px;}
         .expandable { text-decoration:underline; font-weight:bold; color:navy; cursor:hand; }
         @media screen and (max-width: 639px) {
          pre { width: 440px; overflow: auto; white-space: pre-wrap; word-wrap: break-word; }
         }
         @media screen and (max-width: 479px) {
          pre { width: 280px; }
         }
        </style>
    </head>

    <body bgcolor="white">

            <span><H1>'/' ?‰ç”¨ç¨‹å?ä¸­ç™¼?Ÿä¼º?å™¨?¯èª¤??hr width=100% size=1 color=silver></H1>

            <h2> <i>?¾ä??°è?æºã€?/i> </h2></span>

            <font face="Arial, Helvetica, Geneva, SunSans-Regular, sans-serif ">

            <b> ?è¿°: </b>HTTP 404. ?¨è?å°‹æ‰¾?„è?æº?(?–å…¶?¸ä??§ç??¶ä¸­ä¹‹ä?) ?¯èƒ½å·²ç?ç§»é™¤?å?ç¨±å·²ç¶“è??´æ??¯æš«?‚ç„¡æ³•ä½¿?¨ã€‚è?æª¢é–±ä¸‹å? URLï¼Œä¸¦ä¸”ç¢ºå®šå??„æ‹¼å¯«ç„¡èª¤ã€?
            <br><br>

            <b> è¦æ???URL: </b>/SessionWeb/LoginSession.aspx<br><br>

    </body>
</html>

2022/1/26 ¤W¤È 09:09:38(175208203) : <?xml version='1.0' encoding='big5'?><Result Code='0' ServerTime='99999999-999999'><Error Code='-100000' Msg='¤¸¥ó¿ù»~ToGetProduct -- Automation ¿ù»~
§@·~¨t²ÎµLªk°õ¦æ %1¡C '/></Result>
2022/1/26 ¤W¤È 09:09:38(175208506) : <!DOCTYPE html>
<html>
    <head>
        <title>?¾ä??°è?æºã€?/title>
        <meta name="viewport" content="width=device-width" />
        <style>
         body {font-family:"Verdana";font-weight:normal;font-size: .7em;color:black;} 
         p {font-family:"Verdana";font-weight:normal;color:black;margin-top: -5px}
         b {font-family:"Verdana";font-weight:bold;color:black;margin-top: -5px}
         H1 { font-family:"Verdana";font-weight:normal;font-size:18pt;color:red }
         H2 { font-family:"Verdana";font-weight:normal;font-size:14pt;color:maroon }
         pre {font-family:"Consolas","Lucida Console",Monospace;font-size:11pt;margin:0;padding:0.5em;line-height:14pt}
         .marker {font-weight: bold; color: black;text-decoration: none;}
         .version {color: gray;}
         .error {margin-bottom: 10px;}
         .expandable { text-decoration:underline; font-weight:bold; color:navy; cursor:hand; }
         @media screen and (max-width: 639px) {
          pre { width: 440px; overflow: auto; white-space: pre-wrap; word-wrap: break-word; }
         }
         @media screen and (max-width: 479px) {
          pre { width: 280px; }
         }
        </style>
    </head>

    <body bgcolor="white">

            <span><H1>'/' ?‰ç”¨ç¨‹å?ä¸­ç™¼?Ÿä¼º?å™¨?¯èª¤??hr width=100% size=1 color=silver></H1>

            <h2> <i>?¾ä??°è?æºã€?/i> </h2></span>

            <font face="Arial, Helvetica, Geneva, SunSans-Regular, sans-serif ">

            <b> ?è¿°: </b>HTTP 404. ?¨è?å°‹æ‰¾?„è?æº?(?–å…¶?¸ä??§ç??¶ä¸­ä¹‹ä?) ?¯èƒ½å·²ç?ç§»é™¤?å?ç¨±å·²ç¶“è??´æ??¯æš«?‚ç„¡æ³•ä½¿?¨ã€‚è?æª¢é–±ä¸‹å? URLï¼Œä¸¦ä¸”ç¢ºå®šå??„æ‹¼å¯«ç„¡èª¤ã€?
            <br><br>

            <b> è¦æ???URL: </b>/SessionWeb/LoginSession.aspx<br><br>

    </body>
</html>

2022/1/26 ¤W¤È 09:44:57(203656) : <?xml version='1.0' encoding='big5'?><Result Code='0' ServerTime='99999999-999999'><Error Code='-100000' Msg='¤¸¥ó¿ù»~ToGetProduct -- Automation ¿ù»~
§@·~¨t²ÎµLªk°õ¦æ %1¡C '/></Result>
2022/1/26 ¤W¤È 09:44:57(204360) : <!DOCTYPE html>
<html>
    <head>
        <title>?¾ä??°è?æºã€?/title>
        <meta name="viewport" content="width=device-width" />
        <style>
         body {font-family:"Verdana";font-weight:normal;font-size: .7em;color:black;} 
         p {font-family:"Verdana";font-weight:normal;color:black;margin-top: -5px}
         b {font-family:"Verdana";font-weight:bold;color:black;margin-top: -5px}
         H1 { font-family:"Verdana";font-weight:normal;font-size:18pt;color:red }
         H2 { font-family:"Verdana";font-weight:normal;font-size:14pt;color:maroon }
         pre {font-family:"Consolas","Lucida Console",Monospace;font-size:11pt;margin:0;padding:0.5em;line-height:14pt}
         .marker {font-weight: bold; color: black;text-decoration: none;}
         .version {color: gray;}
         .error {margin-bottom: 10px;}
         .expandable { text-decoration:underline; font-weight:bold; color:navy; cursor:hand; }
         @media screen and (max-width: 639px) {
          pre { width: 440px; overflow: auto; white-space: pre-wrap; word-wrap: break-word; }
         }
         @media screen and (max-width: 479px) {
          pre { width: 280px; }
         }
        </style>
    </head>

    <body bgcolor="white">

            <span><H1>'/' ?‰ç”¨ç¨‹å?ä¸­ç™¼?Ÿä¼º?å™¨?¯èª¤??hr width=100% size=1 color=silver></H1>

            <h2> <i>?¾ä??°è?æºã€?/i> </h2></span>

            <font face="Arial, Helvetica, Geneva, SunSans-Regular, sans-serif ">

            <b> ?è¿°: </b>HTTP 404. ?¨è?å°‹æ‰¾?„è?æº?(?–å…¶?¸ä??§ç??¶ä¸­ä¹‹ä?) ?¯èƒ½å·²ç?ç§»é™¤?å?ç¨±å·²ç¶“è??´æ??¯æš«?‚ç„¡æ³•ä½¿?¨ã€‚è?æª¢é–±ä¸‹å? URLï¼Œä¸¦ä¸”ç¢ºå®šå??„æ‹¼å¯«ç„¡èª¤ã€?
            <br><br>

            <b> è¦æ???URL: </b>/SessionWeb/LoginSession.aspx<br><br>

    </body>
</html>

2022/1/26 ¤W¤È 09:44:58(204734) : <?xml version='1.0' encoding='big5'?><Result Code='0' ServerTime='99999999-999999'><Error Code='-100000' Msg='¤¸¥ó¿ù»~ToGetProduct -- Automation ¿ù»~
§@·~¨t²ÎµLªk°õ¦æ %1¡C '/></Result>
2022/1/26 ¤W¤È 09:44:58(204982) : <!DOCTYPE html>
<html>
    <head>
        <title>?¾ä??°è?æºã€?/title>
        <meta name="viewport" content="width=device-width" />
        <style>
         body {font-family:"Verdana";font-weight:normal;font-size: .7em;color:black;} 
         p {font-family:"Verdana";font-weight:normal;color:black;margin-top: -5px}
         b {font-family:"Verdana";font-weight:bold;color:black;margin-top: -5px}
         H1 { font-family:"Verdana";font-weight:normal;font-size:18pt;color:red }
         H2 { font-family:"Verdana";font-weight:normal;font-size:14pt;color:maroon }
         pre {font-family:"Consolas","Lucida Console",Monospace;font-size:11pt;margin:0;padding:0.5em;line-height:14pt}
         .marker {font-weight: bold; color: black;text-decoration: none;}
         .version {color: gray;}
         .error {margin-bottom: 10px;}
         .expandable { text-decoration:underline; font-weight:bold; color:navy; cursor:hand; }
         @media screen and (max-width: 639px) {
          pre { width: 440px; overflow: auto; white-space: pre-wrap; word-wrap: break-word; }
         }
         @media screen and (max-width: 479px) {
          pre { width: 280px; }
         }
        </style>
    </head>

    <body bgcolor="white">

            <span><H1>'/' ?‰ç”¨ç¨‹å?ä¸­ç™¼?Ÿä¼º?å™¨?¯èª¤??hr width=100% size=1 color=silver></H1>

            <h2> <i>?¾ä??°è?æºã€?/i> </h2></span>

            <font face="Arial, Helvetica, Geneva, SunSans-Regular, sans-serif ">

            <b> ?è¿°: </b>HTTP 404. ?¨è?å°‹æ‰¾?„è?æº?(?–å…¶?¸ä??§ç??¶ä¸­ä¹‹ä?) ?¯èƒ½å·²ç?ç§»é™¤?å?ç¨±å·²ç¶“è??´æ??¯æš«?‚ç„¡æ³•ä½¿?¨ã€‚è?æª¢é–±ä¸‹å? URLï¼Œä¸¦ä¸”ç¢ºå®šå??„æ‹¼å¯«ç„¡èª¤ã€?
            <br><br>

            <b> è¦æ???URL: </b>/SessionWeb/LoginSession.aspx<br><br>

    </body>
</html>

2022/1/26 ¤W¤È 09:44:58(205296) : <?xml version='1.0' encoding='big5'?><Result Code='0' ServerTime='99999999-999999'><Error Code='-100000' Msg='¤¸¥ó¿ù»~ToGetProduct -- Automation ¿ù»~
§@·~¨t²ÎµLªk°õ¦æ %1¡C '/></Result>
2022/1/26 ¤W¤È 09:44:59(205623) : <!DOCTYPE html>
<html>
    <head>
        <title>?¾ä??°è?æºã€?/title>
        <meta name="viewport" content="width=device-width" />
        <style>
         body {font-family:"Verdana";font-weight:normal;font-size: .7em;color:black;} 
         p {font-family:"Verdana";font-weight:normal;color:black;margin-top: -5px}
         b {font-family:"Verdana";font-weight:bold;color:black;margin-top: -5px}
         H1 { font-family:"Verdana";font-weight:normal;font-size:18pt;color:red }
         H2 { font-family:"Verdana";font-weight:normal;font-size:14pt;color:maroon }
         pre {font-family:"Consolas","Lucida Console",Monospace;font-size:11pt;margin:0;padding:0.5em;line-height:14pt}
         .marker {font-weight: bold; color: black;text-decoration: none;}
         .version {color: gray;}
         .error {margin-bottom: 10px;}
         .expandable { text-decoration:underline; font-weight:bold; color:navy; cursor:hand; }
         @media screen and (max-width: 639px) {
          pre { width: 440px; overflow: auto; white-space: pre-wrap; word-wrap: break-word; }
         }
         @media screen and (max-width: 479px) {
          pre { width: 280px; }
         }
        </style>
    </head>

    <body bgcolor="white">

            <span><H1>'/' ?‰ç”¨ç¨‹å?ä¸­ç™¼?Ÿä¼º?å™¨?¯èª¤??hr width=100% size=1 color=silver></H1>

            <h2> <i>?¾ä??°è?æºã€?/i> </h2></span>

            <font face="Arial, Helvetica, Geneva, SunSans-Regular, sans-serif ">

            <b> ?è¿°: </b>HTTP 404. ?¨è?å°‹æ‰¾?„è?æº?(?–å…¶?¸ä??§ç??¶ä¸­ä¹‹ä?) ?¯èƒ½å·²ç?ç§»é™¤?å?ç¨±å·²ç¶“è??´æ??¯æš«?‚ç„¡æ³•ä½¿?¨ã€‚è?æª¢é–±ä¸‹å? URLï¼Œä¸¦ä¸”ç¢ºå®šå??„æ‹¼å¯«ç„¡èª¤ã€?
            <br><br>

            <b> è¦æ???URL: </b>/SessionWeb/LoginSession.aspx<br><br>

    </body>
</html>

2022/1/26 ¤W¤È 09:44:59(206031) : <?xml version='1.0' encoding='big5'?><Result Code='0' ServerTime='99999999-999999'><Error Code='-100000' Msg='¤¸¥ó¿ù»~ToGetProduct -- Automation ¿ù»~
§@·~¨t²ÎµLªk°õ¦æ %1¡C '/></Result>
2022/1/26 ¤W¤È 09:44:59(206301) : <!DOCTYPE html>
<html>
    <head>
        <title>?¾ä??°è?æºã€?/title>
        <meta name="viewport" content="width=device-width" />
        <style>
         body {font-family:"Verdana";font-weight:normal;font-size: .7em;color:black;} 
         p {font-family:"Verdana";font-weight:normal;color:black;margin-top: -5px}
         b {font-family:"Verdana";font-weight:bold;color:black;margin-top: -5px}
         H1 { font-family:"Verdana";font-weight:normal;font-size:18pt;color:red }
         H2 { font-family:"Verdana";font-weight:normal;font-size:14pt;color:maroon }
         pre {font-family:"Consolas","Lucida Console",Monospace;font-size:11pt;margin:0;padding:0.5em;line-height:14pt}
         .marker {font-weight: bold; color: black;text-decoration: none;}
         .version {color: gray;}
         .error {margin-bottom: 10px;}
         .expandable { text-decoration:underline; font-weight:bold; color:navy; cursor:hand; }
         @media screen and (max-width: 639px) {
          pre { width: 440px; overflow: auto; white-space: pre-wrap; word-wrap: break-word; }
         }
         @media screen and (max-width: 479px) {
          pre { width: 280px; }
         }
        </style>
    </head>

    <body bgcolor="white">

            <span><H1>'/' ?‰ç”¨ç¨‹å?ä¸­ç™¼?Ÿä¼º?å™¨?¯èª¤??hr width=100% size=1 color=silver></H1>

            <h2> <i>?¾ä??°è?æºã€?/i> </h2></span>

            <font face="Arial, Helvetica, Geneva, SunSans-Regular, sans-serif ">

            <b> ?è¿°: </b>HTTP 404. ?¨è?å°‹æ‰¾?„è?æº?(?–å…¶?¸ä??§ç??¶ä¸­ä¹‹ä?) ?¯èƒ½å·²ç?ç§»é™¤?å?ç¨±å·²ç¶“è??´æ??¯æš«?‚ç„¡æ³•ä½¿?¨ã€‚è?æª¢é–±ä¸‹å? URLï¼Œä¸¦ä¸”ç¢ºå®šå??„æ‹¼å¯«ç„¡èª¤ã€?
            <br><br>

            <b> è¦æ???URL: </b>/SessionWeb/LoginSession.aspx<br><br>

    </body>
</html>

2022/1/26 ¤W¤È 09:46:19(284765) : <?xml version='1.0' encoding='big5'?><Result Code='0' ServerTime='99999999-999999'><Error Code='-100000' Msg='¤¸¥ó¿ù»~ToGetProduct -- Automation ¿ù»~
§@·~¨t²ÎµLªk°õ¦æ %1¡C '/></Result>
2022/1/26 ¤W¤È 09:46:19(285008) : <!DOCTYPE html>
<html>
    <head>
        <title>?¾ä??°è?æºã€?/title>
        <meta name="viewport" content="width=device-width" />
        <style>
         body {font-family:"Verdana";font-weight:normal;font-size: .7em;color:black;} 
         p {font-family:"Verdana";font-weight:normal;color:black;margin-top: -5px}
         b {font-family:"Verdana";font-weight:bold;color:black;margin-top: -5px}
         H1 { font-family:"Verdana";font-weight:normal;font-size:18pt;color:red }
         H2 { font-family:"Verdana";font-weight:normal;font-size:14pt;color:maroon }
         pre {font-family:"Consolas","Lucida Console",Monospace;font-size:11pt;margin:0;padding:0.5em;line-height:14pt}
         .marker {font-weight: bold; color: black;text-decoration: none;}
         .version {color: gray;}
         .error {margin-bottom: 10px;}
         .expandable { text-decoration:underline; font-weight:bold; color:navy; cursor:hand; }
         @media screen and (max-width: 639px) {
          pre { width: 440px; overflow: auto; white-space: pre-wrap; word-wrap: break-word; }
         }
         @media screen and (max-width: 479px) {
          pre { width: 280px; }
         }
        </style>
    </head>

    <body bgcolor="white">

            <span><H1>'/' ?‰ç”¨ç¨‹å?ä¸­ç™¼?Ÿä¼º?å™¨?¯èª¤??hr width=100% size=1 color=silver></H1>

            <h2> <i>?¾ä??°è?æºã€?/i> </h2></span>

            <font face="Arial, Helvetica, Geneva, SunSans-Regular, sans-serif ">

            <b> ?è¿°: </b>HTTP 404. ?¨è?å°‹æ‰¾?„è?æº?(?–å…¶?¸ä??§ç??¶ä¸­ä¹‹ä?) ?¯èƒ½å·²ç?ç§»é™¤?å?ç¨±å·²ç¶“è??´æ??¯æš«?‚ç„¡æ³•ä½¿?¨ã€‚è?æª¢é–±ä¸‹å? URLï¼Œä¸¦ä¸”ç¢ºå®šå??„æ‹¼å¯«ç„¡èª¤ã€?
            <br><br>

            <b> è¦æ???URL: </b>/SessionWeb/LoginSession.aspx<br><br>

    </body>
</html>

2022/1/26 ¤W¤È 09:46:19(285312) : <?xml version='1.0' encoding='big5'?><Result Code='0' ServerTime='99999999-999999'><Error Code='-100000' Msg='¤¸¥ó¿ù»~ToGetProduct -- Automation ¿ù»~
§@·~¨t²ÎµLªk°õ¦æ %1¡C '/></Result>
2022/1/26 ¤W¤È 09:46:19(285533) : <!DOCTYPE html>
<html>
    <head>
        <title>?¾ä??°è?æºã€?/title>
        <meta name="viewport" content="width=device-width" />
        <style>
         body {font-family:"Verdana";font-weight:normal;font-size: .7em;color:black;} 
         p {font-family:"Verdana";font-weight:normal;color:black;margin-top: -5px}
         b {font-family:"Verdana";font-weight:bold;color:black;margin-top: -5px}
         H1 { font-family:"Verdana";font-weight:normal;font-size:18pt;color:red }
         H2 { font-family:"Verdana";font-weight:normal;font-size:14pt;color:maroon }
         pre {font-family:"Consolas","Lucida Console",Monospace;font-size:11pt;margin:0;padding:0.5em;line-height:14pt}
         .marker {font-weight: bold; color: black;text-decoration: none;}
         .version {color: gray;}
         .error {margin-bottom: 10px;}
         .expandable { text-decoration:underline; font-weight:bold; color:navy; cursor:hand; }
         @media screen and (max-width: 639px) {
          pre { width: 440px; overflow: auto; white-space: pre-wrap; word-wrap: break-word; }
         }
         @media screen and (max-width: 479px) {
          pre { width: 280px; }
         }
        </style>
    </head>

    <body bgcolor="white">

            <span><H1>'/' ?‰ç”¨ç¨‹å?ä¸­ç™¼?Ÿä¼º?å™¨?¯èª¤??hr width=100% size=1 color=silver></H1>

            <h2> <i>?¾ä??°è?æºã€?/i> </h2></span>

            <font face="Arial, Helvetica, Geneva, SunSans-Regular, sans-serif ">

            <b> ?è¿°: </b>HTTP 404. ?¨è?å°‹æ‰¾?„è?æº?(?–å…¶?¸ä??§ç??¶ä¸­ä¹‹ä?) ?¯èƒ½å·²ç?ç§»é™¤?å?ç¨±å·²ç¶“è??´æ??¯æš«?‚ç„¡æ³•ä½¿?¨ã€‚è?æª¢é–±ä¸‹å? URLï¼Œä¸¦ä¸”ç¢ºå®šå??„æ‹¼å¯«ç„¡èª¤ã€?
            <br><br>

            <b> è¦æ???URL: </b>/SessionWeb/LoginSession.aspx<br><br>

    </body>
</html>

2022/1/26 ¤W¤È 09:46:20(285812) : <?xml version='1.0' encoding='big5'?><Result Code='0' ServerTime='99999999-999999'><Error Code='-100000' Msg='¤¸¥ó¿ù»~ToGetProduct -- Automation ¿ù»~
§@·~¨t²ÎµLªk°õ¦æ %1¡C '/></Result>
2022/1/26 ¤W¤È 09:46:20(286039) : <!DOCTYPE html>
<html>
    <head>
        <title>?¾ä??°è?æºã€?/title>
        <meta name="viewport" content="width=device-width" />
        <style>
         body {font-family:"Verdana";font-weight:normal;font-size: .7em;color:black;} 
         p {font-family:"Verdana";font-weight:normal;color:black;margin-top: -5px}
         b {font-family:"Verdana";font-weight:bold;color:black;margin-top: -5px}
         H1 { font-family:"Verdana";font-weight:normal;font-size:18pt;color:red }
         H2 { font-family:"Verdana";font-weight:normal;font-size:14pt;color:maroon }
         pre {font-family:"Consolas","Lucida Console",Monospace;font-size:11pt;margin:0;padding:0.5em;line-height:14pt}
         .marker {font-weight: bold; color: black;text-decoration: none;}
         .version {color: gray;}
         .error {margin-bottom: 10px;}
         .expandable { text-decoration:underline; font-weight:bold; color:navy; cursor:hand; }
         @media screen and (max-width: 639px) {
          pre { width: 440px; overflow: auto; white-space: pre-wrap; word-wrap: break-word; }
         }
         @media screen and (max-width: 479px) {
          pre { width: 280px; }
         }
        </style>
    </head>

    <body bgcolor="white">

            <span><H1>'/' ?‰ç”¨ç¨‹å?ä¸­ç™¼?Ÿä¼º?å™¨?¯èª¤??hr width=100% size=1 color=silver></H1>

            <h2> <i>?¾ä??°è?æºã€?/i> </h2></span>

            <font face="Arial, Helvetica, Geneva, SunSans-Regular, sans-serif ">

            <b> ?è¿°: </b>HTTP 404. ?¨è?å°‹æ‰¾?„è?æº?(?–å…¶?¸ä??§ç??¶ä¸­ä¹‹ä?) ?¯èƒ½å·²ç?ç§»é™¤?å?ç¨±å·²ç¶“è??´æ??¯æš«?‚ç„¡æ³•ä½¿?¨ã€‚è?æª¢é–±ä¸‹å? URLï¼Œä¸¦ä¸”ç¢ºå®šå??„æ‹¼å¯«ç„¡èª¤ã€?
            <br><br>

            <b> è¦æ???URL: </b>/SessionWeb/LoginSession.aspx<br><br>

    </body>
</html>

2022/1/26 ¤W¤È 09:46:20(286359) : <?xml version='1.0' encoding='big5'?><Result Code='0' ServerTime='99999999-999999'><Error Code='-100000' Msg='¤¸¥ó¿ù»~ToGetProduct -- Automation ¿ù»~
§@·~¨t²ÎµLªk°õ¦æ %1¡C '/></Result>
2022/1/26 ¤W¤È 09:46:20(286605) : <!DOCTYPE html>
<html>
    <head>
        <title>?¾ä??°è?æºã€?/title>
        <meta name="viewport" content="width=device-width" />
        <style>
         body {font-family:"Verdana";font-weight:normal;font-size: .7em;color:black;} 
         p {font-family:"Verdana";font-weight:normal;color:black;margin-top: -5px}
         b {font-family:"Verdana";font-weight:bold;color:black;margin-top: -5px}
         H1 { font-family:"Verdana";font-weight:normal;font-size:18pt;color:red }
         H2 { font-family:"Verdana";font-weight:normal;font-size:14pt;color:maroon }
         pre {font-family:"Consolas","Lucida Console",Monospace;font-size:11pt;margin:0;padding:0.5em;line-height:14pt}
         .marker {font-weight: bold; color: black;text-decoration: none;}
         .version {color: gray;}
         .error {margin-bottom: 10px;}
         .expandable { text-decoration:underline; font-weight:bold; color:navy; cursor:hand; }
         @media screen and (max-width: 639px) {
          pre { width: 440px; overflow: auto; white-space: pre-wrap; word-wrap: break-word; }
         }
         @media screen and (max-width: 479px) {
          pre { width: 280px; }
         }
        </style>
    </head>

    <body bgcolor="white">

            <span><H1>'/' ?‰ç”¨ç¨‹å?ä¸­ç™¼?Ÿä¼º?å™¨?¯èª¤??hr width=100% size=1 color=silver></H1>

            <h2> <i>?¾ä??°è?æºã€?/i> </h2></span>

            <font face="Arial, Helvetica, Geneva, SunSans-Regular, sans-serif ">

            <b> ?è¿°: </b>HTTP 404. ?¨è?å°‹æ‰¾?„è?æº?(?–å…¶?¸ä??§ç??¶ä¸­ä¹‹ä?) ?¯èƒ½å·²ç?ç§»é™¤?å?ç¨±å·²ç¶“è??´æ??¯æš«?‚ç„¡æ³•ä½¿?¨ã€‚è?æª¢é–±ä¸‹å? URLï¼Œä¸¦ä¸”ç¢ºå®šå??„æ‹¼å¯«ç„¡èª¤ã€?
            <br><br>

            <b> è¦æ???URL: </b>/SessionWeb/LoginSession.aspx<br><br>

    </body>
</html>

2022/1/26 ¤W¤È 09:48:30(415296) : <?xml version='1.0' encoding='big5'?><Result Code='0' ServerTime='99999999-999999'><Error Code='-100000' Msg='¤¸¥ó¿ù»~ToGetProduct -- Automation ¿ù»~
§@·~¨t²ÎµLªk°õ¦æ %1¡C '/></Result>
2022/1/26 ¤W¤È 09:48:30(415547) : <!DOCTYPE html>
<html>
    <head>
        <title>?¾ä??°è?æºã€?/title>
        <meta name="viewport" content="width=device-width" />
        <style>
         body {font-family:"Verdana";font-weight:normal;font-size: .7em;color:black;} 
         p {font-family:"Verdana";font-weight:normal;color:black;margin-top: -5px}
         b {font-family:"Verdana";font-weight:bold;color:black;margin-top: -5px}
         H1 { font-family:"Verdana";font-weight:normal;font-size:18pt;color:red }
         H2 { font-family:"Verdana";font-weight:normal;font-size:14pt;color:maroon }
         pre {font-family:"Consolas","Lucida Console",Monospace;font-size:11pt;margin:0;padding:0.5em;line-height:14pt}
         .marker {font-weight: bold; color: black;text-decoration: none;}
         .version {color: gray;}
         .error {margin-bottom: 10px;}
         .expandable { text-decoration:underline; font-weight:bold; color:navy; cursor:hand; }
         @media screen and (max-width: 639px) {
          pre { width: 440px; overflow: auto; white-space: pre-wrap; word-wrap: break-word; }
         }
         @media screen and (max-width: 479px) {
          pre { width: 280px; }
         }
        </style>
    </head>

    <body bgcolor="white">

            <span><H1>'/' ?‰ç”¨ç¨‹å?ä¸­ç™¼?Ÿä¼º?å™¨?¯èª¤??hr width=100% size=1 color=silver></H1>

            <h2> <i>?¾ä??°è?æºã€?/i> </h2></span>

            <font face="Arial, Helvetica, Geneva, SunSans-Regular, sans-serif ">

            <b> ?è¿°: </b>HTTP 404. ?¨è?å°‹æ‰¾?„è?æº?(?–å…¶?¸ä??§ç??¶ä¸­ä¹‹ä?) ?¯èƒ½å·²ç?ç§»é™¤?å?ç¨±å·²ç¶“è??´æ??¯æš«?‚ç„¡æ³•ä½¿?¨ã€‚è?æª¢é–±ä¸‹å? URLï¼Œä¸¦ä¸”ç¢ºå®šå??„æ‹¼å¯«ç„¡èª¤ã€?
            <br><br>

            <b> è¦æ???URL: </b>/SessionWeb/LoginSession.aspx<br><br>

    </body>
</html>

2022/1/26 ¤W¤È 09:48:30(415906) : <?xml version='1.0' encoding='big5'?><Result Code='0' ServerTime='99999999-999999'><Error Code='-100000' Msg='¤¸¥ó¿ù»~ToGetProduct -- Automation ¿ù»~
§@·~¨t²ÎµLªk°õ¦æ %1¡C '/></Result>
2022/1/26 ¤W¤È 09:48:30(416157) : <!DOCTYPE html>
<html>
    <head>
        <title>?¾ä??°è?æºã€?/title>
        <meta name="viewport" content="width=device-width" />
        <style>
         body {font-family:"Verdana";font-weight:normal;font-size: .7em;color:black;} 
         p {font-family:"Verdana";font-weight:normal;color:black;margin-top: -5px}
         b {font-family:"Verdana";font-weight:bold;color:black;margin-top: -5px}
         H1 { font-family:"Verdana";font-weight:normal;font-size:18pt;color:red }
         H2 { font-family:"Verdana";font-weight:normal;font-size:14pt;color:maroon }
         pre {font-family:"Consolas","Lucida Console",Monospace;font-size:11pt;margin:0;padding:0.5em;line-height:14pt}
         .marker {font-weight: bold; color: black;text-decoration: none;}
         .version {color: gray;}
         .error {margin-bottom: 10px;}
         .expandable { text-decoration:underline; font-weight:bold; color:navy; cursor:hand; }
         @media screen and (max-width: 639px) {
          pre { width: 440px; overflow: auto; white-space: pre-wrap; word-wrap: break-word; }
         }
         @media screen and (max-width: 479px) {
          pre { width: 280px; }
         }
        </style>
    </head>

    <body bgcolor="white">

            <span><H1>'/' ?‰ç”¨ç¨‹å?ä¸­ç™¼?Ÿä¼º?å™¨?¯èª¤??hr width=100% size=1 color=silver></H1>

            <h2> <i>?¾ä??°è?æºã€?/i> </h2></span>

            <font face="Arial, Helvetica, Geneva, SunSans-Regular, sans-serif ">

            <b> ?è¿°: </b>HTTP 404. ?¨è?å°‹æ‰¾?„è?æº?(?–å…¶?¸ä??§ç??¶ä¸­ä¹‹ä?) ?¯èƒ½å·²ç?ç§»é™¤?å?ç¨±å·²ç¶“è??´æ??¯æš«?‚ç„¡æ³•ä½¿?¨ã€‚è?æª¢é–±ä¸‹å? URLï¼Œä¸¦ä¸”ç¢ºå®šå??„æ‹¼å¯«ç„¡èª¤ã€?
            <br><br>

            <b> è¦æ???URL: </b>/SessionWeb/LoginSession.aspx<br><br>

    </body>
</html>

2022/1/26 ¤W¤È 09:48:31(416437) : <?xml version='1.0' encoding='big5'?><Result Code='0' ServerTime='99999999-999999'><Error Code='-100000' Msg='¤¸¥ó¿ù»~ToGetProduct -- Automation ¿ù»~
§@·~¨t²ÎµLªk°õ¦æ %1¡C '/></Result>
2022/1/26 ¤W¤È 09:48:31(416691) : <!DOCTYPE html>
<html>
    <head>
        <title>?¾ä??°è?æºã€?/title>
        <meta name="viewport" content="width=device-width" />
        <style>
         body {font-family:"Verdana";font-weight:normal;font-size: .7em;color:black;} 
         p {font-family:"Verdana";font-weight:normal;color:black;margin-top: -5px}
         b {font-family:"Verdana";font-weight:bold;color:black;margin-top: -5px}
         H1 { font-family:"Verdana";font-weight:normal;font-size:18pt;color:red }
         H2 { font-family:"Verdana";font-weight:normal;font-size:14pt;color:maroon }
         pre {font-family:"Consolas","Lucida Console",Monospace;font-size:11pt;margin:0;padding:0.5em;line-height:14pt}
         .marker {font-weight: bold; color: black;text-decoration: none;}
         .version {color: gray;}
         .error {margin-bottom: 10px;}
         .expandable { text-decoration:underline; font-weight:bold; color:navy; cursor:hand; }
         @media screen and (max-width: 639px) {
          pre { width: 440px; overflow: auto; white-space: pre-wrap; word-wrap: break-word; }
         }
         @media screen and (max-width: 479px) {
          pre { width: 280px; }
         }
        </style>
    </head>

    <body bgcolor="white">

            <span><H1>'/' ?‰ç”¨ç¨‹å?ä¸­ç™¼?Ÿä¼º?å™¨?¯èª¤??hr width=100% size=1 color=silver></H1>

            <h2> <i>?¾ä??°è?æºã€?/i> </h2></span>

            <font face="Arial, Helvetica, Geneva, SunSans-Regular, sans-serif ">

            <b> ?è¿°: </b>HTTP 404. ?¨è?å°‹æ‰¾?„è?æº?(?–å…¶?¸ä??§ç??¶ä¸­ä¹‹ä?) ?¯èƒ½å·²ç?ç§»é™¤?å?ç¨±å·²ç¶“è??´æ??¯æš«?‚ç„¡æ³•ä½¿?¨ã€‚è?æª¢é–±ä¸‹å? URLï¼Œä¸¦ä¸”ç¢ºå®šå??„æ‹¼å¯«ç„¡èª¤ã€?
            <br><br>

            <b> è¦æ???URL: </b>/SessionWeb/LoginSession.aspx<br><br>

    </body>
</html>

2022/1/26 ¤W¤È 09:48:31(417093) : <?xml version='1.0' encoding='big5'?><Result Code='0' ServerTime='99999999-999999'><Error Code='-100000' Msg='¤¸¥ó¿ù»~ToGetProduct -- Automation ¿ù»~
§@·~¨t²ÎµLªk°õ¦æ %1¡C '/></Result>
2022/1/26 ¤W¤È 09:48:32(417340) : <!DOCTYPE html>
<html>
    <head>
        <title>?¾ä??°è?æºã€?/title>
        <meta name="viewport" content="width=device-width" />
        <style>
         body {font-family:"Verdana";font-weight:normal;font-size: .7em;color:black;} 
         p {font-family:"Verdana";font-weight:normal;color:black;margin-top: -5px}
         b {font-family:"Verdana";font-weight:bold;color:black;margin-top: -5px}
         H1 { font-family:"Verdana";font-weight:normal;font-size:18pt;color:red }
         H2 { font-family:"Verdana";font-weight:normal;font-size:14pt;color:maroon }
         pre {font-family:"Consolas","Lucida Console",Monospace;font-size:11pt;margin:0;padding:0.5em;line-height:14pt}
         .marker {font-weight: bold; color: black;text-decoration: none;}
         .version {color: gray;}
         .error {margin-bottom: 10px;}
         .expandable { text-decoration:underline; font-weight:bold; color:navy; cursor:hand; }
         @media screen and (max-width: 639px) {
          pre { width: 440px; overflow: auto; white-space: pre-wrap; word-wrap: break-word; }
         }
         @media screen and (max-width: 479px) {
          pre { width: 280px; }
         }
        </style>
    </head>

    <body bgcolor="white">

            <span><H1>'/' ?‰ç”¨ç¨‹å?ä¸­ç™¼?Ÿä¼º?å™¨?¯èª¤??hr width=100% size=1 color=silver></H1>

            <h2> <i>?¾ä??°è?æºã€?/i> </h2></span>

            <font face="Arial, Helvetica, Geneva, SunSans-Regular, sans-serif ">

            <b> ?è¿°: </b>HTTP 404. ?¨è?å°‹æ‰¾?„è?æº?(?–å…¶?¸ä??§ç??¶ä¸­ä¹‹ä?) ?¯èƒ½å·²ç?ç§»é™¤?å?ç¨±å·²ç¶“è??´æ??¯æš«?‚ç„¡æ³•ä½¿?¨ã€‚è?æª¢é–±ä¸‹å? URLï¼Œä¸¦ä¸”ç¢ºå®šå??„æ‹¼å¯«ç„¡èª¤ã€?
            <br><br>

            <b> è¦æ???URL: </b>/SessionWeb/LoginSession.aspx<br><br>

    </body>
</html>

2022/1/26 ¤W¤È 09:48:39(424812) : <?xml version='1.0' encoding='big5'?><Result Code='0' ServerTime='99999999-999999'><Error Code='-100000' Msg='¤¸¥ó¿ù»~ToGetProduct -- Automation ¿ù»~
§@·~¨t²ÎµLªk°õ¦æ %1¡C '/></Result>
2022/1/26 ¤W¤È 09:48:39(425020) : <!DOCTYPE html>
<html>
    <head>
        <title>?¾ä??°è?æºã€?/title>
        <meta name="viewport" content="width=device-width" />
        <style>
         body {font-family:"Verdana";font-weight:normal;font-size: .7em;color:black;} 
         p {font-family:"Verdana";font-weight:normal;color:black;margin-top: -5px}
         b {font-family:"Verdana";font-weight:bold;color:black;margin-top: -5px}
         H1 { font-family:"Verdana";font-weight:normal;font-size:18pt;color:red }
         H2 { font-family:"Verdana";font-weight:normal;font-size:14pt;color:maroon }
         pre {font-family:"Consolas","Lucida Console",Monospace;font-size:11pt;margin:0;padding:0.5em;line-height:14pt}
         .marker {font-weight: bold; color: black;text-decoration: none;}
         .version {color: gray;}
         .error {margin-bottom: 10px;}
         .expandable { text-decoration:underline; font-weight:bold; color:navy; cursor:hand; }
         @media screen and (max-width: 639px) {
          pre { width: 440px; overflow: auto; white-space: pre-wrap; word-wrap: break-word; }
         }
         @media screen and (max-width: 479px) {
          pre { width: 280px; }
         }
        </style>
    </head>

    <body bgcolor="white">

            <span><H1>'/' ?‰ç”¨ç¨‹å?ä¸­ç™¼?Ÿä¼º?å™¨?¯èª¤??hr width=100% size=1 color=silver></H1>

            <h2> <i>?¾ä??°è?æºã€?/i> </h2></span>

            <font face="Arial, Helvetica, Geneva, SunSans-Regular, sans-serif ">

            <b> ?è¿°: </b>HTTP 404. ?¨è?å°‹æ‰¾?„è?æº?(?–å…¶?¸ä??§ç??¶ä¸­ä¹‹ä?) ?¯èƒ½å·²ç?ç§»é™¤?å?ç¨±å·²ç¶“è??´æ??¯æš«?‚ç„¡æ³•ä½¿?¨ã€‚è?æª¢é–±ä¸‹å? URLï¼Œä¸¦ä¸”ç¢ºå®šå??„æ‹¼å¯«ç„¡èª¤ã€?
            <br><br>

            <b> è¦æ???URL: </b>/SessionWeb/LoginSession.aspx<br><br>

    </body>
</html>

2022/1/26 ¤W¤È 09:48:40(425312) : <?xml version='1.0' encoding='big5'?><Result Code='0' ServerTime='99999999-999999'><Error Code='-100000' Msg='¤¸¥ó¿ù»~ToGetProduct -- Automation ¿ù»~
§@·~¨t²ÎµLªk°õ¦æ %1¡C '/></Result>
2022/1/26 ¤W¤È 09:48:40(425515) : <!DOCTYPE html>
<html>
    <head>
        <title>?¾ä??°è?æºã€?/title>
        <meta name="viewport" content="width=device-width" />
        <style>
         body {font-family:"Verdana";font-weight:normal;font-size: .7em;color:black;} 
         p {font-family:"Verdana";font-weight:normal;color:black;margin-top: -5px}
         b {font-family:"Verdana";font-weight:bold;color:black;margin-top: -5px}
         H1 { font-family:"Verdana";font-weight:normal;font-size:18pt;color:red }
         H2 { font-family:"Verdana";font-weight:normal;font-size:14pt;color:maroon }
         pre {font-family:"Consolas","Lucida Console",Monospace;font-size:11pt;margin:0;padding:0.5em;line-height:14pt}
         .marker {font-weight: bold; color: black;text-decoration: none;}
         .version {color: gray;}
         .error {margin-bottom: 10px;}
         .expandable { text-decoration:underline; font-weight:bold; color:navy; cursor:hand; }
         @media screen and (max-width: 639px) {
          pre { width: 440px; overflow: auto; white-space: pre-wrap; word-wrap: break-word; }
         }
         @media screen and (max-width: 479px) {
          pre { width: 280px; }
         }
        </style>
    </head>

    <body bgcolor="white">

            <span><H1>'/' ?‰ç”¨ç¨‹å?ä¸­ç™¼?Ÿä¼º?å™¨?¯èª¤??hr width=100% size=1 color=silver></H1>

            <h2> <i>?¾ä??°è?æºã€?/i> </h2></span>

            <font face="Arial, Helvetica, Geneva, SunSans-Regular, sans-serif ">

            <b> ?è¿°: </b>HTTP 404. ?¨è?å°‹æ‰¾?„è?æº?(?–å…¶?¸ä??§ç??¶ä¸­ä¹‹ä?) ?¯èƒ½å·²ç?ç§»é™¤?å?ç¨±å·²ç¶“è??´æ??¯æš«?‚ç„¡æ³•ä½¿?¨ã€‚è?æª¢é–±ä¸‹å? URLï¼Œä¸¦ä¸”ç¢ºå®šå??„æ‹¼å¯«ç„¡èª¤ã€?
            <br><br>

            <b> è¦æ???URL: </b>/SessionWeb/LoginSession.aspx<br><br>

    </body>
</html>

2022/1/26 ¤W¤È 09:48:40(425781) : <?xml version='1.0' encoding='big5'?><Result Code='0' ServerTime='99999999-999999'><Error Code='-100000' Msg='¤¸¥ó¿ù»~ToGetProduct -- Automation ¿ù»~
§@·~¨t²ÎµLªk°õ¦æ %1¡C '/></Result>
2022/1/26 ¤W¤È 09:48:40(425984) : <!DOCTYPE html>
<html>
    <head>
        <title>?¾ä??°è?æºã€?/title>
        <meta name="viewport" content="width=device-width" />
        <style>
         body {font-family:"Verdana";font-weight:normal;font-size: .7em;color:black;} 
         p {font-family:"Verdana";font-weight:normal;color:black;margin-top: -5px}
         b {font-family:"Verdana";font-weight:bold;color:black;margin-top: -5px}
         H1 { font-family:"Verdana";font-weight:normal;font-size:18pt;color:red }
         H2 { font-family:"Verdana";font-weight:normal;font-size:14pt;color:maroon }
         pre {font-family:"Consolas","Lucida Console",Monospace;font-size:11pt;margin:0;padding:0.5em;line-height:14pt}
         .marker {font-weight: bold; color: black;text-decoration: none;}
         .version {color: gray;}
         .error {margin-bottom: 10px;}
         .expandable { text-decoration:underline; font-weight:bold; color:navy; cursor:hand; }
         @media screen and (max-width: 639px) {
          pre { width: 440px; overflow: auto; white-space: pre-wrap; word-wrap: break-word; }
         }
         @media screen and (max-width: 479px) {
          pre { width: 280px; }
         }
        </style>
    </head>

    <body bgcolor="white">

            <span><H1>'/' ?‰ç”¨ç¨‹å?ä¸­ç™¼?Ÿä¼º?å™¨?¯èª¤??hr width=100% size=1 color=silver></H1>

            <h2> <i>?¾ä??°è?æºã€?/i> </h2></span>

            <font face="Arial, Helvetica, Geneva, SunSans-Regular, sans-serif ">

            <b> ?è¿°: </b>HTTP 404. ?¨è?å°‹æ‰¾?„è?æº?(?–å…¶?¸ä??§ç??¶ä¸­ä¹‹ä?) ?¯èƒ½å·²ç?ç§»é™¤?å?ç¨±å·²ç¶“è??´æ??¯æš«?‚ç„¡æ³•ä½¿?¨ã€‚è?æª¢é–±ä¸‹å? URLï¼Œä¸¦ä¸”ç¢ºå®šå??„æ‹¼å¯«ç„¡èª¤ã€?
            <br><br>

            <b> è¦æ???URL: </b>/SessionWeb/LoginSession.aspx<br><br>

    </body>
</html>

2022/1/26 ¤W¤È 09:48:41(426250) : <?xml version='1.0' encoding='big5'?><Result Code='0' ServerTime='99999999-999999'><Error Code='-100000' Msg='¤¸¥ó¿ù»~ToGetProduct -- Automation ¿ù»~
§@·~¨t²ÎµLªk°õ¦æ %1¡C '/></Result>
2022/1/26 ¤W¤È 09:48:41(426470) : <!DOCTYPE html>
<html>
    <head>
        <title>?¾ä??°è?æºã€?/title>
        <meta name="viewport" content="width=device-width" />
        <style>
         body {font-family:"Verdana";font-weight:normal;font-size: .7em;color:black;} 
         p {font-family:"Verdana";font-weight:normal;color:black;margin-top: -5px}
         b {font-family:"Verdana";font-weight:bold;color:black;margin-top: -5px}
         H1 { font-family:"Verdana";font-weight:normal;font-size:18pt;color:red }
         H2 { font-family:"Verdana";font-weight:normal;font-size:14pt;color:maroon }
         pre {font-family:"Consolas","Lucida Console",Monospace;font-size:11pt;margin:0;padding:0.5em;line-height:14pt}
         .marker {font-weight: bold; color: black;text-decoration: none;}
         .version {color: gray;}
         .error {margin-bottom: 10px;}
         .expandable { text-decoration:underline; font-weight:bold; color:navy; cursor:hand; }
         @media screen and (max-width: 639px) {
          pre { width: 440px; overflow: auto; white-space: pre-wrap; word-wrap: break-word; }
         }
         @media screen and (max-width: 479px) {
          pre { width: 280px; }
         }
        </style>
    </head>

    <body bgcolor="white">

            <span><H1>'/' ?‰ç”¨ç¨‹å?ä¸­ç™¼?Ÿä¼º?å™¨?¯èª¤??hr width=100% size=1 color=silver></H1>

            <h2> <i>?¾ä??°è?æºã€?/i> </h2></span>

            <font face="Arial, Helvetica, Geneva, SunSans-Regular, sans-serif ">

            <b> ?è¿°: </b>HTTP 404. ?¨è?å°‹æ‰¾?„è?æº?(?–å…¶?¸ä??§ç??¶ä¸­ä¹‹ä?) ?¯èƒ½å·²ç?ç§»é™¤?å?ç¨±å·²ç¶“è??´æ??¯æš«?‚ç„¡æ³•ä½¿?¨ã€‚è?æª¢é–±ä¸‹å? URLï¼Œä¸¦ä¸”ç¢ºå®šå??„æ‹¼å¯«ç„¡èª¤ã€?
            <br><br>

            <b> è¦æ???URL: </b>/SessionWeb/LoginSession.aspx<br><br>

    </body>
</html>

2022/1/26 ¤W¤È 09:49:08(453625) : <?xml version='1.0' encoding='big5'?><Result Code='0' ServerTime='99999999-999999'><Error Code='-100000' Msg='¤¸¥ó¿ù»~ToGetProduct -- Automation ¿ù»~
§@·~¨t²ÎµLªk°õ¦æ %1¡C '/></Result>
2022/1/26 ¤W¤È 09:49:08(453804) : <!DOCTYPE html>
<html>
    <head>
        <title>?¾ä??°è?æºã€?/title>
        <meta name="viewport" content="width=device-width" />
        <style>
         body {font-family:"Verdana";font-weight:normal;font-size: .7em;color:black;} 
         p {font-family:"Verdana";font-weight:normal;color:black;margin-top: -5px}
         b {font-family:"Verdana";font-weight:bold;color:black;margin-top: -5px}
         H1 { font-family:"Verdana";font-weight:normal;font-size:18pt;color:red }
         H2 { font-family:"Verdana";font-weight:normal;font-size:14pt;color:maroon }
         pre {font-family:"Consolas","Lucida Console",Monospace;font-size:11pt;margin:0;padding:0.5em;line-height:14pt}
         .marker {font-weight: bold; color: black;text-decoration: none;}
         .version {color: gray;}
         .error {margin-bottom: 10px;}
         .expandable { text-decoration:underline; font-weight:bold; color:navy; cursor:hand; }
         @media screen and (max-width: 639px) {
          pre { width: 440px; overflow: auto; white-space: pre-wrap; word-wrap: break-word; }
         }
         @media screen and (max-width: 479px) {
          pre { width: 280px; }
         }
        </style>
    </head>

    <body bgcolor="white">

            <span><H1>'/' ?‰ç”¨ç¨‹å?ä¸­ç™¼?Ÿä¼º?å™¨?¯èª¤??hr width=100% size=1 color=silver></H1>

            <h2> <i>?¾ä??°è?æºã€?/i> </h2></span>

            <font face="Arial, Helvetica, Geneva, SunSans-Regular, sans-serif ">

            <b> ?è¿°: </b>HTTP 404. ?¨è?å°‹æ‰¾?„è?æº?(?–å…¶?¸ä??§ç??¶ä¸­ä¹‹ä?) ?¯èƒ½å·²ç?ç§»é™¤?å?ç¨±å·²ç¶“è??´æ??¯æš«?‚ç„¡æ³•ä½¿?¨ã€‚è?æª¢é–±ä¸‹å? URLï¼Œä¸¦ä¸”ç¢ºå®šå??„æ‹¼å¯«ç„¡èª¤ã€?
            <br><br>

            <b> è¦æ???URL: </b>/SessionWeb/LoginSession.aspx<br><br>

    </body>
</html>

2022/1/26 ¤W¤È 09:49:08(454046) : <?xml version='1.0' encoding='big5'?><Result Code='0' ServerTime='99999999-999999'><Error Code='-100000' Msg='¤¸¥ó¿ù»~ToGetProduct -- Automation ¿ù»~
§@·~¨t²ÎµLªk°õ¦æ %1¡C '/></Result>
2022/1/26 ¤W¤È 09:49:08(454242) : <!DOCTYPE html>
<html>
    <head>
        <title>?¾ä??°è?æºã€?/title>
        <meta name="viewport" content="width=device-width" />
        <style>
         body {font-family:"Verdana";font-weight:normal;font-size: .7em;color:black;} 
         p {font-family:"Verdana";font-weight:normal;color:black;margin-top: -5px}
         b {font-family:"Verdana";font-weight:bold;color:black;margin-top: -5px}
         H1 { font-family:"Verdana";font-weight:normal;font-size:18pt;color:red }
         H2 { font-family:"Verdana";font-weight:normal;font-size:14pt;color:maroon }
         pre {font-family:"Consolas","Lucida Console",Monospace;font-size:11pt;margin:0;padding:0.5em;line-height:14pt}
         .marker {font-weight: bold; color: black;text-decoration: none;}
         .version {color: gray;}
         .error {margin-bottom: 10px;}
         .expandable { text-decoration:underline; font-weight:bold; color:navy; cursor:hand; }
         @media screen and (max-width: 639px) {
          pre { width: 440px; overflow: auto; white-space: pre-wrap; word-wrap: break-word; }
         }
         @media screen and (max-width: 479px) {
          pre { width: 280px; }
         }
        </style>
    </head>

    <body bgcolor="white">

            <span><H1>'/' ?‰ç”¨ç¨‹å?ä¸­ç™¼?Ÿä¼º?å™¨?¯èª¤??hr width=100% size=1 color=silver></H1>

            <h2> <i>?¾ä??°è?æºã€?/i> </h2></span>

            <font face="Arial, Helvetica, Geneva, SunSans-Regular, sans-serif ">

            <b> ?è¿°: </b>HTTP 404. ?¨è?å°‹æ‰¾?„è?æº?(?–å…¶?¸ä??§ç??¶ä¸­ä¹‹ä?) ?¯èƒ½å·²ç?ç§»é™¤?å?ç¨±å·²ç¶“è??´æ??¯æš«?‚ç„¡æ³•ä½¿?¨ã€‚è?æª¢é–±ä¸‹å? URLï¼Œä¸¦ä¸”ç¢ºå®šå??„æ‹¼å¯«ç„¡èª¤ã€?
            <br><br>

            <b> è¦æ???URL: </b>/SessionWeb/LoginSession.aspx<br><br>

    </body>
</html>

2022/1/26 ¤W¤È 09:49:09(454484) : <?xml version='1.0' encoding='big5'?><Result Code='0' ServerTime='99999999-999999'><Error Code='-100000' Msg='¤¸¥ó¿ù»~ToGetProduct -- Automation ¿ù»~
§@·~¨t²ÎµLªk°õ¦æ %1¡C '/></Result>
2022/1/26 ¤W¤È 09:49:09(454671) : <!DOCTYPE html>
<html>
    <head>
        <title>?¾ä??°è?æºã€?/title>
        <meta name="viewport" content="width=device-width" />
        <style>
         body {font-family:"Verdana";font-weight:normal;font-size: .7em;color:black;} 
         p {font-family:"Verdana";font-weight:normal;color:black;margin-top: -5px}
         b {font-family:"Verdana";font-weight:bold;color:black;margin-top: -5px}
         H1 { font-family:"Verdana";font-weight:normal;font-size:18pt;color:red }
         H2 { font-family:"Verdana";font-weight:normal;font-size:14pt;color:maroon }
         pre {font-family:"Consolas","Lucida Console",Monospace;font-size:11pt;margin:0;padding:0.5em;line-height:14pt}
         .marker {font-weight: bold; color: black;text-decoration: none;}
         .version {color: gray;}
         .error {margin-bottom: 10px;}
         .expandable { text-decoration:underline; font-weight:bold; color:navy; cursor:hand; }
         @media screen and (max-width: 639px) {
          pre { width: 440px; overflow: auto; white-space: pre-wrap; word-wrap: break-word; }
         }
         @media screen and (max-width: 479px) {
          pre { width: 280px; }
         }
        </style>
    </head>

    <body bgcolor="white">

            <span><H1>'/' ?‰ç”¨ç¨‹å?ä¸­ç™¼?Ÿä¼º?å™¨?¯èª¤??hr width=100% size=1 color=silver></H1>

            <h2> <i>?¾ä??°è?æºã€?/i> </h2></span>

            <font face="Arial, Helvetica, Geneva, SunSans-Regular, sans-serif ">

            <b> ?è¿°: </b>HTTP 404. ?¨è?å°‹æ‰¾?„è?æº?(?–å…¶?¸ä??§ç??¶ä¸­ä¹‹ä?) ?¯èƒ½å·²ç?ç§»é™¤?å?ç¨±å·²ç¶“è??´æ??¯æš«?‚ç„¡æ³•ä½¿?¨ã€‚è?æª¢é–±ä¸‹å? URLï¼Œä¸¦ä¸”ç¢ºå®šå??„æ‹¼å¯«ç„¡èª¤ã€?
            <br><br>

            <b> è¦æ???URL: </b>/SessionWeb/LoginSession.aspx<br><br>

    </body>
</html>

2022/1/26 ¤W¤È 09:49:09(454953) : <?xml version='1.0' encoding='big5'?><Result Code='0' ServerTime='99999999-999999'><Error Code='-100000' Msg='¤¸¥ó¿ù»~ToGetProduct -- Automation ¿ù»~
§@·~¨t²ÎµLªk°õ¦æ %1¡C '/></Result>
2022/1/26 ¤W¤È 09:49:09(455130) : <!DOCTYPE html>
<html>
    <head>
        <title>?¾ä??°è?æºã€?/title>
        <meta name="viewport" content="width=device-width" />
        <style>
         body {font-family:"Verdana";font-weight:normal;font-size: .7em;color:black;} 
         p {font-family:"Verdana";font-weight:normal;color:black;margin-top: -5px}
         b {font-family:"Verdana";font-weight:bold;color:black;margin-top: -5px}
         H1 { font-family:"Verdana";font-weight:normal;font-size:18pt;color:red }
         H2 { font-family:"Verdana";font-weight:normal;font-size:14pt;color:maroon }
         pre {font-family:"Consolas","Lucida Console",Monospace;font-size:11pt;margin:0;padding:0.5em;line-height:14pt}
         .marker {font-weight: bold; color: black;text-decoration: none;}
         .version {color: gray;}
         .error {margin-bottom: 10px;}
         .expandable { text-decoration:underline; font-weight:bold; color:navy; cursor:hand; }
         @media screen and (max-width: 639px) {
          pre { width: 440px; overflow: auto; white-space: pre-wrap; word-wrap: break-word; }
         }
         @media screen and (max-width: 479px) {
          pre { width: 280px; }
         }
        </style>
    </head>

    <body bgcolor="white">

            <span><H1>'/' ?‰ç”¨ç¨‹å?ä¸­ç™¼?Ÿä¼º?å™¨?¯èª¤??hr width=100% size=1 color=silver></H1>

            <h2> <i>?¾ä??°è?æºã€?/i> </h2></span>

            <font face="Arial, Helvetica, Geneva, SunSans-Regular, sans-serif ">

            <b> ?è¿°: </b>HTTP 404. ?¨è?å°‹æ‰¾?„è?æº?(?–å…¶?¸ä??§ç??¶ä¸­ä¹‹ä?) ?¯èƒ½å·²ç?ç§»é™¤?å?ç¨±å·²ç¶“è??´æ??¯æš«?‚ç„¡æ³•ä½¿?¨ã€‚è?æª¢é–±ä¸‹å? URLï¼Œä¸¦ä¸”ç¢ºå®šå??„æ‹¼å¯«ç„¡èª¤ã€?
            <br><br>

            <b> è¦æ???URL: </b>/SessionWeb/LoginSession.aspx<br><br>

    </body>
</html>

2022/1/26 ¤W¤È 09:50:37(542734) : <?xml version='1.0' encoding='big5'?><Result Code='0' ServerTime='99999999-999999'><Error Code='-100000' Msg='¤¸¥ó¿ù»~ToGetProduct -- Automation ¿ù»~
§@·~¨t²ÎµLªk°õ¦æ %1¡C '/></Result>
2022/1/26 ¤W¤È 09:50:37(542946) : <!DOCTYPE html>
<html>
    <head>
        <title>?¾ä??°è?æºã€?/title>
        <meta name="viewport" content="width=device-width" />
        <style>
         body {font-family:"Verdana";font-weight:normal;font-size: .7em;color:black;} 
         p {font-family:"Verdana";font-weight:normal;color:black;margin-top: -5px}
         b {font-family:"Verdana";font-weight:bold;color:black;margin-top: -5px}
         H1 { font-family:"Verdana";font-weight:normal;font-size:18pt;color:red }
         H2 { font-family:"Verdana";font-weight:normal;font-size:14pt;color:maroon }
         pre {font-family:"Consolas","Lucida Console",Monospace;font-size:11pt;margin:0;padding:0.5em;line-height:14pt}
         .marker {font-weight: bold; color: black;text-decoration: none;}
         .version {color: gray;}
         .error {margin-bottom: 10px;}
         .expandable { text-decoration:underline; font-weight:bold; color:navy; cursor:hand; }
         @media screen and (max-width: 639px) {
          pre { width: 440px; overflow: auto; white-space: pre-wrap; word-wrap: break-word; }
         }
         @media screen and (max-width: 479px) {
          pre { width: 280px; }
         }
        </style>
    </head>

    <body bgcolor="white">

            <span><H1>'/' ?‰ç”¨ç¨‹å?ä¸­ç™¼?Ÿä¼º?å™¨?¯èª¤??hr width=100% size=1 color=silver></H1>

            <h2> <i>?¾ä??°è?æºã€?/i> </h2></span>

            <font face="Arial, Helvetica, Geneva, SunSans-Regular, sans-serif ">

            <b> ?è¿°: </b>HTTP 404. ?¨è?å°‹æ‰¾?„è?æº?(?–å…¶?¸ä??§ç??¶ä¸­ä¹‹ä?) ?¯èƒ½å·²ç?ç§»é™¤?å?ç¨±å·²ç¶“è??´æ??¯æš«?‚ç„¡æ³•ä½¿?¨ã€‚è?æª¢é–±ä¸‹å? URLï¼Œä¸¦ä¸”ç¢ºå®šå??„æ‹¼å¯«ç„¡èª¤ã€?
            <br><br>

            <b> è¦æ???URL: </b>/SessionWeb/LoginSession.aspx<br><br>

    </body>
</html>

2022/1/26 ¤W¤È 09:50:37(543218) : <?xml version='1.0' encoding='big5'?><Result Code='0' ServerTime='99999999-999999'><Error Code='-100000' Msg='¤¸¥ó¿ù»~ToGetProduct -- Automation ¿ù»~
§@·~¨t²ÎµLªk°õ¦æ %1¡C '/></Result>
2022/1/26 ¤W¤È 09:50:38(543444) : <!DOCTYPE html>
<html>
    <head>
        <title>?¾ä??°è?æºã€?/title>
        <meta name="viewport" content="width=device-width" />
        <style>
         body {font-family:"Verdana";font-weight:normal;font-size: .7em;color:black;} 
         p {font-family:"Verdana";font-weight:normal;color:black;margin-top: -5px}
         b {font-family:"Verdana";font-weight:bold;color:black;margin-top: -5px}
         H1 { font-family:"Verdana";font-weight:normal;font-size:18pt;color:red }
         H2 { font-family:"Verdana";font-weight:normal;font-size:14pt;color:maroon }
         pre {font-family:"Consolas","Lucida Console",Monospace;font-size:11pt;margin:0;padding:0.5em;line-height:14pt}
         .marker {font-weight: bold; color: black;text-decoration: none;}
         .version {color: gray;}
         .error {margin-bottom: 10px;}
         .expandable { text-decoration:underline; font-weight:bold; color:navy; cursor:hand; }
         @media screen and (max-width: 639px) {
          pre { width: 440px; overflow: auto; white-space: pre-wrap; word-wrap: break-word; }
         }
         @media screen and (max-width: 479px) {
          pre { width: 280px; }
         }
        </style>
    </head>

    <body bgcolor="white">

            <span><H1>'/' ?‰ç”¨ç¨‹å?ä¸­ç™¼?Ÿä¼º?å™¨?¯èª¤??hr width=100% size=1 color=silver></H1>

            <h2> <i>?¾ä??°è?æºã€?/i> </h2></span>

            <font face="Arial, Helvetica, Geneva, SunSans-Regular, sans-serif ">

            <b> ?è¿°: </b>HTTP 404. ?¨è?å°‹æ‰¾?„è?æº?(?–å…¶?¸ä??§ç??¶ä¸­ä¹‹ä?) ?¯èƒ½å·²ç?ç§»é™¤?å?ç¨±å·²ç¶“è??´æ??¯æš«?‚ç„¡æ³•ä½¿?¨ã€‚è?æª¢é–±ä¸‹å? URLï¼Œä¸¦ä¸”ç¢ºå®šå??„æ‹¼å¯«ç„¡èª¤ã€?
            <br><br>

            <b> è¦æ???URL: </b>/SessionWeb/LoginSession.aspx<br><br>

    </body>
</html>

2022/1/26 ¤W¤È 09:50:38(543703) : <?xml version='1.0' encoding='big5'?><Result Code='0' ServerTime='99999999-999999'><Error Code='-100000' Msg='¤¸¥ó¿ù»~ToGetProduct -- Automation ¿ù»~
§@·~¨t²ÎµLªk°õ¦æ %1¡C '/></Result>
2022/1/26 ¤W¤È 09:50:38(543888) : <!DOCTYPE html>
<html>
    <head>
        <title>?¾ä??°è?æºã€?/title>
        <meta name="viewport" content="width=device-width" />
        <style>
         body {font-family:"Verdana";font-weight:normal;font-size: .7em;color:black;} 
         p {font-family:"Verdana";font-weight:normal;color:black;margin-top: -5px}
         b {font-family:"Verdana";font-weight:bold;color:black;margin-top: -5px}
         H1 { font-family:"Verdana";font-weight:normal;font-size:18pt;color:red }
         H2 { font-family:"Verdana";font-weight:normal;font-size:14pt;color:maroon }
         pre {font-family:"Consolas","Lucida Console",Monospace;font-size:11pt;margin:0;padding:0.5em;line-height:14pt}
         .marker {font-weight: bold; color: black;text-decoration: none;}
         .version {color: gray;}
         .error {margin-bottom: 10px;}
         .expandable { text-decoration:underline; font-weight:bold; color:navy; cursor:hand; }
         @media screen and (max-width: 639px) {
          pre { width: 440px; overflow: auto; white-space: pre-wrap; word-wrap: break-word; }
         }
         @media screen and (max-width: 479px) {
          pre { width: 280px; }
         }
        </style>
    </head>

    <body bgcolor="white">

            <span><H1>'/' ?‰ç”¨ç¨‹å?ä¸­ç™¼?Ÿä¼º?å™¨?¯èª¤??hr width=100% size=1 color=silver></H1>

            <h2> <i>?¾ä??°è?æºã€?/i> </h2></span>

            <font face="Arial, Helvetica, Geneva, SunSans-Regular, sans-serif ">

            <b> ?è¿°: </b>HTTP 404. ?¨è?å°‹æ‰¾?„è?æº?(?–å…¶?¸ä??§ç??¶ä¸­ä¹‹ä?) ?¯èƒ½å·²ç?ç§»é™¤?å?ç¨±å·²ç¶“è??´æ??¯æš«?‚ç„¡æ³•ä½¿?¨ã€‚è?æª¢é–±ä¸‹å? URLï¼Œä¸¦ä¸”ç¢ºå®šå??„æ‹¼å¯«ç„¡èª¤ã€?
            <br><br>

            <b> è¦æ???URL: </b>/SessionWeb/LoginSession.aspx<br><br>

    </body>
</html>

2022/1/26 ¤W¤È 09:50:38(544140) : <?xml version='1.0' encoding='big5'?><Result Code='0' ServerTime='99999999-999999'><Error Code='-100000' Msg='¤¸¥ó¿ù»~ToGetProduct -- Automation ¿ù»~
§@·~¨t²ÎµLªk°õ¦æ %1¡C '/></Result>
2022/1/26 ¤W¤È 09:50:39(544338) : <!DOCTYPE html>
<html>
    <head>
        <title>?¾ä??°è?æºã€?/title>
        <meta name="viewport" content="width=device-width" />
        <style>
         body {font-family:"Verdana";font-weight:normal;font-size: .7em;color:black;} 
         p {font-family:"Verdana";font-weight:normal;color:black;margin-top: -5px}
         b {font-family:"Verdana";font-weight:bold;color:black;margin-top: -5px}
         H1 { font-family:"Verdana";font-weight:normal;font-size:18pt;color:red }
         H2 { font-family:"Verdana";font-weight:normal;font-size:14pt;color:maroon }
         pre {font-family:"Consolas","Lucida Console",Monospace;font-size:11pt;margin:0;padding:0.5em;line-height:14pt}
         .marker {font-weight: bold; color: black;text-decoration: none;}
         .version {color: gray;}
         .error {margin-bottom: 10px;}
         .expandable { text-decoration:underline; font-weight:bold; color:navy; cursor:hand; }
         @media screen and (max-width: 639px) {
          pre { width: 440px; overflow: auto; white-space: pre-wrap; word-wrap: break-word; }
         }
         @media screen and (max-width: 479px) {
          pre { width: 280px; }
         }
        </style>
    </head>

    <body bgcolor="white">

            <span><H1>'/' ?‰ç”¨ç¨‹å?ä¸­ç™¼?Ÿä¼º?å™¨?¯èª¤??hr width=100% size=1 color=silver></H1>

            <h2> <i>?¾ä??°è?æºã€?/i> </h2></span>

            <font face="Arial, Helvetica, Geneva, SunSans-Regular, sans-serif ">

            <b> ?è¿°: </b>HTTP 404. ?¨è?å°‹æ‰¾?„è?æº?(?–å…¶?¸ä??§ç??¶ä¸­ä¹‹ä?) ?¯èƒ½å·²ç?ç§»é™¤?å?ç¨±å·²ç¶“è??´æ??¯æš«?‚ç„¡æ³•ä½¿?¨ã€‚è?æª¢é–±ä¸‹å? URLï¼Œä¸¦ä¸”ç¢ºå®šå??„æ‹¼å¯«ç„¡èª¤ã€?
            <br><br>

            <b> è¦æ???URL: </b>/SessionWeb/LoginSession.aspx<br><br>

    </body>
</html>

2022/1/26 ¤W¤È 09:52:14(639296) : <?xml version='1.0' encoding='big5'?><Result Code='0' ServerTime='99999999-999999'><Error Code='-100000' Msg='¤¸¥ó¿ù»~ToGetProduct -- Automation ¿ù»~
§@·~¨t²ÎµLªk°õ¦æ %1¡C '/></Result>
2022/1/26 ¤W¤È 09:52:14(639489) : <!DOCTYPE html>
<html>
    <head>
        <title>?¾ä??°è?æºã€?/title>
        <meta name="viewport" content="width=device-width" />
        <style>
         body {font-family:"Verdana";font-weight:normal;font-size: .7em;color:black;} 
         p {font-family:"Verdana";font-weight:normal;color:black;margin-top: -5px}
         b {font-family:"Verdana";font-weight:bold;color:black;margin-top: -5px}
         H1 { font-family:"Verdana";font-weight:normal;font-size:18pt;color:red }
         H2 { font-family:"Verdana";font-weight:normal;font-size:14pt;color:maroon }
         pre {font-family:"Consolas","Lucida Console",Monospace;font-size:11pt;margin:0;padding:0.5em;line-height:14pt}
         .marker {font-weight: bold; color: black;text-decoration: none;}
         .version {color: gray;}
         .error {margin-bottom: 10px;}
         .expandable { text-decoration:underline; font-weight:bold; color:navy; cursor:hand; }
         @media screen and (max-width: 639px) {
          pre { width: 440px; overflow: auto; white-space: pre-wrap; word-wrap: break-word; }
         }
         @media screen and (max-width: 479px) {
          pre { width: 280px; }
         }
        </style>
    </head>

    <body bgcolor="white">

            <span><H1>'/' ?‰ç”¨ç¨‹å?ä¸­ç™¼?Ÿä¼º?å™¨?¯èª¤??hr width=100% size=1 color=silver></H1>

            <h2> <i>?¾ä??°è?æºã€?/i> </h2></span>

            <font face="Arial, Helvetica, Geneva, SunSans-Regular, sans-serif ">

            <b> ?è¿°: </b>HTTP 404. ?¨è?å°‹æ‰¾?„è?æº?(?–å…¶?¸ä??§ç??¶ä¸­ä¹‹ä?) ?¯èƒ½å·²ç?ç§»é™¤?å?ç¨±å·²ç¶“è??´æ??¯æš«?‚ç„¡æ³•ä½¿?¨ã€‚è?æª¢é–±ä¸‹å? URLï¼Œä¸¦ä¸”ç¢ºå®šå??„æ‹¼å¯«ç„¡èª¤ã€?
            <br><br>

            <b> è¦æ???URL: </b>/SessionWeb/LoginSession.aspx<br><br>

    </body>
</html>

2022/1/26 ¤W¤È 09:52:14(639765) : <?xml version='1.0' encoding='big5'?><Result Code='0' ServerTime='99999999-999999'><Error Code='-100000' Msg='¤¸¥ó¿ù»~ToGetProduct -- Automation ¿ù»~
§@·~¨t²ÎµLªk°õ¦æ %1¡C '/></Result>
2022/1/26 ¤W¤È 09:52:14(639951) : <!DOCTYPE html>
<html>
    <head>
        <title>?¾ä??°è?æºã€?/title>
        <meta name="viewport" content="width=device-width" />
        <style>
         body {font-family:"Verdana";font-weight:normal;font-size: .7em;color:black;} 
         p {font-family:"Verdana";font-weight:normal;color:black;margin-top: -5px}
         b {font-family:"Verdana";font-weight:bold;color:black;margin-top: -5px}
         H1 { font-family:"Verdana";font-weight:normal;font-size:18pt;color:red }
         H2 { font-family:"Verdana";font-weight:normal;font-size:14pt;color:maroon }
         pre {font-family:"Consolas","Lucida Console",Monospace;font-size:11pt;margin:0;padding:0.5em;line-height:14pt}
         .marker {font-weight: bold; color: black;text-decoration: none;}
         .version {color: gray;}
         .error {margin-bottom: 10px;}
         .expandable { text-decoration:underline; font-weight:bold; color:navy; cursor:hand; }
         @media screen and (max-width: 639px) {
          pre { width: 440px; overflow: auto; white-space: pre-wrap; word-wrap: break-word; }
         }
         @media screen and (max-width: 479px) {
          pre { width: 280px; }
         }
        </style>
    </head>

    <body bgcolor="white">

            <span><H1>'/' ?‰ç”¨ç¨‹å?ä¸­ç™¼?Ÿä¼º?å™¨?¯èª¤??hr width=100% size=1 color=silver></H1>

            <h2> <i>?¾ä??°è?æºã€?/i> </h2></span>

            <font face="Arial, Helvetica, Geneva, SunSans-Regular, sans-serif ">

            <b> ?è¿°: </b>HTTP 404. ?¨è?å°‹æ‰¾?„è?æº?(?–å…¶?¸ä??§ç??¶ä¸­ä¹‹ä?) ?¯èƒ½å·²ç?ç§»é™¤?å?ç¨±å·²ç¶“è??´æ??¯æš«?‚ç„¡æ³•ä½¿?¨ã€‚è?æª¢é–±ä¸‹å? URLï¼Œä¸¦ä¸”ç¢ºå®šå??„æ‹¼å¯«ç„¡èª¤ã€?
            <br><br>

            <b> è¦æ???URL: </b>/SessionWeb/LoginSession.aspx<br><br>

    </body>
</html>

2022/1/26 ¤W¤È 09:52:14(640218) : <?xml version='1.0' encoding='big5'?><Result Code='0' ServerTime='99999999-999999'><Error Code='-100000' Msg='¤¸¥ó¿ù»~ToGetProduct -- Automation ¿ù»~
§@·~¨t²ÎµLªk°õ¦æ %1¡C '/></Result>
2022/1/26 ¤W¤È 09:52:15(640416) : <!DOCTYPE html>
<html>
    <head>
        <title>?¾ä??°è?æºã€?/title>
        <meta name="viewport" content="width=device-width" />
        <style>
         body {font-family:"Verdana";font-weight:normal;font-size: .7em;color:black;} 
         p {font-family:"Verdana";font-weight:normal;color:black;margin-top: -5px}
         b {font-family:"Verdana";font-weight:bold;color:black;margin-top: -5px}
         H1 { font-family:"Verdana";font-weight:normal;font-size:18pt;color:red }
         H2 { font-family:"Verdana";font-weight:normal;font-size:14pt;color:maroon }
         pre {font-family:"Consolas","Lucida Console",Monospace;font-size:11pt;margin:0;padding:0.5em;line-height:14pt}
         .marker {font-weight: bold; color: black;text-decoration: none;}
         .version {color: gray;}
         .error {margin-bottom: 10px;}
         .expandable { text-decoration:underline; font-weight:bold; color:navy; cursor:hand; }
         @media screen and (max-width: 639px) {
          pre { width: 440px; overflow: auto; white-space: pre-wrap; word-wrap: break-word; }
         }
         @media screen and (max-width: 479px) {
          pre { width: 280px; }
         }
        </style>
    </head>

    <body bgcolor="white">

            <span><H1>'/' ?‰ç”¨ç¨‹å?ä¸­ç™¼?Ÿä¼º?å™¨?¯èª¤??hr width=100% size=1 color=silver></H1>

            <h2> <i>?¾ä??°è?æºã€?/i> </h2></span>

            <font face="Arial, Helvetica, Geneva, SunSans-Regular, sans-serif ">

            <b> ?è¿°: </b>HTTP 404. ?¨è?å°‹æ‰¾?„è?æº?(?–å…¶?¸ä??§ç??¶ä¸­ä¹‹ä?) ?¯èƒ½å·²ç?ç§»é™¤?å?ç¨±å·²ç¶“è??´æ??¯æš«?‚ç„¡æ³•ä½¿?¨ã€‚è?æª¢é–±ä¸‹å? URLï¼Œä¸¦ä¸”ç¢ºå®šå??„æ‹¼å¯«ç„¡èª¤ã€?
            <br><br>

            <b> è¦æ???URL: </b>/SessionWeb/LoginSession.aspx<br><br>

    </body>
</html>

2022/1/26 ¤W¤È 09:52:15(640703) : <?xml version='1.0' encoding='big5'?><Result Code='0' ServerTime='99999999-999999'><Error Code='-100000' Msg='¤¸¥ó¿ù»~ToGetProduct -- Automation ¿ù»~
§@·~¨t²ÎµLªk°õ¦æ %1¡C '/></Result>
2022/1/26 ¤W¤È 09:52:15(640886) : <!DOCTYPE html>
<html>
    <head>
        <title>?¾ä??°è?æºã€?/title>
        <meta name="viewport" content="width=device-width" />
        <style>
         body {font-family:"Verdana";font-weight:normal;font-size: .7em;color:black;} 
         p {font-family:"Verdana";font-weight:normal;color:black;margin-top: -5px}
         b {font-family:"Verdana";font-weight:bold;color:black;margin-top: -5px}
         H1 { font-family:"Verdana";font-weight:normal;font-size:18pt;color:red }
         H2 { font-family:"Verdana";font-weight:normal;font-size:14pt;color:maroon }
         pre {font-family:"Consolas","Lucida Console",Monospace;font-size:11pt;margin:0;padding:0.5em;line-height:14pt}
         .marker {font-weight: bold; color: black;text-decoration: none;}
         .version {color: gray;}
         .error {margin-bottom: 10px;}
         .expandable { text-decoration:underline; font-weight:bold; color:navy; cursor:hand; }
         @media screen and (max-width: 639px) {
          pre { width: 440px; overflow: auto; white-space: pre-wrap; word-wrap: break-word; }
         }
         @media screen and (max-width: 479px) {
          pre { width: 280px; }
         }
        </style>
    </head>

    <body bgcolor="white">

            <span><H1>'/' ?‰ç”¨ç¨‹å?ä¸­ç™¼?Ÿä¼º?å™¨?¯èª¤??hr width=100% size=1 color=silver></H1>

            <h2> <i>?¾ä??°è?æºã€?/i> </h2></span>

            <font face="Arial, Helvetica, Geneva, SunSans-Regular, sans-serif ">

            <b> ?è¿°: </b>HTTP 404. ?¨è?å°‹æ‰¾?„è?æº?(?–å…¶?¸ä??§ç??¶ä¸­ä¹‹ä?) ?¯èƒ½å·²ç?ç§»é™¤?å?ç¨±å·²ç¶“è??´æ??¯æš«?‚ç„¡æ³•ä½¿?¨ã€‚è?æª¢é–±ä¸‹å? URLï¼Œä¸¦ä¸”ç¢ºå®šå??„æ‹¼å¯«ç„¡èª¤ã€?
            <br><br>

            <b> è¦æ???URL: </b>/SessionWeb/LoginSession.aspx<br><br>

    </body>
</html>

2022/1/26 ¤W¤È 09:53:40(726234) : <?xml version='1.0' encoding='big5'?><Result Code='0' ServerTime='99999999-999999'><Error Code='-100000' Msg='¤¸¥ó¿ù»~ToGetProduct -- Automation ¿ù»~
§@·~¨t²ÎµLªk°õ¦æ %1¡C '/></Result>
2022/1/26 ¤W¤È 09:53:41(726431) : <!DOCTYPE html>
<html>
    <head>
        <title>?¾ä??°è?æºã€?/title>
        <meta name="viewport" content="width=device-width" />
        <style>
         body {font-family:"Verdana";font-weight:normal;font-size: .7em;color:black;} 
         p {font-family:"Verdana";font-weight:normal;color:black;margin-top: -5px}
         b {font-family:"Verdana";font-weight:bold;color:black;margin-top: -5px}
         H1 { font-family:"Verdana";font-weight:normal;font-size:18pt;color:red }
         H2 { font-family:"Verdana";font-weight:normal;font-size:14pt;color:maroon }
         pre {font-family:"Consolas","Lucida Console",Monospace;font-size:11pt;margin:0;padding:0.5em;line-height:14pt}
         .marker {font-weight: bold; color: black;text-decoration: none;}
         .version {color: gray;}
         .error {margin-bottom: 10px;}
         .expandable { text-decoration:underline; font-weight:bold; color:navy; cursor:hand; }
         @media screen and (max-width: 639px) {
          pre { width: 440px; overflow: auto; white-space: pre-wrap; word-wrap: break-word; }
         }
         @media screen and (max-width: 479px) {
          pre { width: 280px; }
         }
        </style>
    </head>

    <body bgcolor="white">

            <span><H1>'/' ?‰ç”¨ç¨‹å?ä¸­ç™¼?Ÿä¼º?å™¨?¯èª¤??hr width=100% size=1 color=silver></H1>

            <h2> <i>?¾ä??°è?æºã€?/i> </h2></span>

            <font face="Arial, Helvetica, Geneva, SunSans-Regular, sans-serif ">

            <b> ?è¿°: </b>HTTP 404. ?¨è?å°‹æ‰¾?„è?æº?(?–å…¶?¸ä??§ç??¶ä¸­ä¹‹ä?) ?¯èƒ½å·²ç?ç§»é™¤?å?ç¨±å·²ç¶“è??´æ??¯æš«?‚ç„¡æ³•ä½¿?¨ã€‚è?æª¢é–±ä¸‹å? URLï¼Œä¸¦ä¸”ç¢ºå®šå??„æ‹¼å¯«ç„¡èª¤ã€?
            <br><br>

            <b> è¦æ???URL: </b>/SessionWeb/LoginSession.aspx<br><br>

    </body>
</html>

2022/1/26 ¤W¤È 09:53:41(726765) : <?xml version='1.0' encoding='big5'?><Result Code='0' ServerTime='99999999-999999'><Error Code='-100000' Msg='¤¸¥ó¿ù»~ToGetProduct -- Automation ¿ù»~
§@·~¨t²ÎµLªk°õ¦æ %1¡C '/></Result>
2022/1/26 ¤W¤È 09:53:41(726974) : <!DOCTYPE html>
<html>
    <head>
        <title>?¾ä??°è?æºã€?/title>
        <meta name="viewport" content="width=device-width" />
        <style>
         body {font-family:"Verdana";font-weight:normal;font-size: .7em;color:black;} 
         p {font-family:"Verdana";font-weight:normal;color:black;margin-top: -5px}
         b {font-family:"Verdana";font-weight:bold;color:black;margin-top: -5px}
         H1 { font-family:"Verdana";font-weight:normal;font-size:18pt;color:red }
         H2 { font-family:"Verdana";font-weight:normal;font-size:14pt;color:maroon }
         pre {font-family:"Consolas","Lucida Console",Monospace;font-size:11pt;margin:0;padding:0.5em;line-height:14pt}
         .marker {font-weight: bold; color: black;text-decoration: none;}
         .version {color: gray;}
         .error {margin-bottom: 10px;}
         .expandable { text-decoration:underline; font-weight:bold; color:navy; cursor:hand; }
         @media screen and (max-width: 639px) {
          pre { width: 440px; overflow: auto; white-space: pre-wrap; word-wrap: break-word; }
         }
         @media screen and (max-width: 479px) {
          pre { width: 280px; }
         }
        </style>
    </head>

    <body bgcolor="white">

            <span><H1>'/' ?‰ç”¨ç¨‹å?ä¸­ç™¼?Ÿä¼º?å™¨?¯èª¤??hr width=100% size=1 color=silver></H1>

            <h2> <i>?¾ä??°è?æºã€?/i> </h2></span>

            <font face="Arial, Helvetica, Geneva, SunSans-Regular, sans-serif ">

            <b> ?è¿°: </b>HTTP 404. ?¨è?å°‹æ‰¾?„è?æº?(?–å…¶?¸ä??§ç??¶ä¸­ä¹‹ä?) ?¯èƒ½å·²ç?ç§»é™¤?å?ç¨±å·²ç¶“è??´æ??¯æš«?‚ç„¡æ³•ä½¿?¨ã€‚è?æª¢é–±ä¸‹å? URLï¼Œä¸¦ä¸”ç¢ºå®šå??„æ‹¼å¯«ç„¡èª¤ã€?
            <br><br>

            <b> è¦æ???URL: </b>/SessionWeb/LoginSession.aspx<br><br>

    </body>
</html>

2022/1/26 ¤W¤È 09:53:41(727218) : <?xml version='1.0' encoding='big5'?><Result Code='0' ServerTime='99999999-999999'><Error Code='-100000' Msg='¤¸¥ó¿ù»~ToGetProduct -- Automation ¿ù»~
§@·~¨t²ÎµLªk°õ¦æ %1¡C '/></Result>
2022/1/26 ¤W¤È 09:53:42(727412) : <!DOCTYPE html>
<html>
    <head>
        <title>?¾ä??°è?æºã€?/title>
        <meta name="viewport" content="width=device-width" />
        <style>
         body {font-family:"Verdana";font-weight:normal;font-size: .7em;color:black;} 
         p {font-family:"Verdana";font-weight:normal;color:black;margin-top: -5px}
         b {font-family:"Verdana";font-weight:bold;color:black;margin-top: -5px}
         H1 { font-family:"Verdana";font-weight:normal;font-size:18pt;color:red }
         H2 { font-family:"Verdana";font-weight:normal;font-size:14pt;color:maroon }
         pre {font-family:"Consolas","Lucida Console",Monospace;font-size:11pt;margin:0;padding:0.5em;line-height:14pt}
         .marker {font-weight: bold; color: black;text-decoration: none;}
         .version {color: gray;}
         .error {margin-bottom: 10px;}
         .expandable { text-decoration:underline; font-weight:bold; color:navy; cursor:hand; }
         @media screen and (max-width: 639px) {
          pre { width: 440px; overflow: auto; white-space: pre-wrap; word-wrap: break-word; }
         }
         @media screen and (max-width: 479px) {
          pre { width: 280px; }
         }
        </style>
    </head>

    <body bgcolor="white">

            <span><H1>'/' ?‰ç”¨ç¨‹å?ä¸­ç™¼?Ÿä¼º?å™¨?¯èª¤??hr width=100% size=1 color=silver></H1>

            <h2> <i>?¾ä??°è?æºã€?/i> </h2></span>

            <font face="Arial, Helvetica, Geneva, SunSans-Regular, sans-serif ">

            <b> ?è¿°: </b>HTTP 404. ?¨è?å°‹æ‰¾?„è?æº?(?–å…¶?¸ä??§ç??¶ä¸­ä¹‹ä?) ?¯èƒ½å·²ç?ç§»é™¤?å?ç¨±å·²ç¶“è??´æ??¯æš«?‚ç„¡æ³•ä½¿?¨ã€‚è?æª¢é–±ä¸‹å? URLï¼Œä¸¦ä¸”ç¢ºå®šå??„æ‹¼å¯«ç„¡èª¤ã€?
            <br><br>

            <b> è¦æ???URL: </b>/SessionWeb/LoginSession.aspx<br><br>

    </body>
</html>

2022/1/26 ¤W¤È 09:53:42(727671) : <?xml version='1.0' encoding='big5'?><Result Code='0' ServerTime='99999999-999999'><Error Code='-100000' Msg='¤¸¥ó¿ù»~ToGetProduct -- Automation ¿ù»~
§@·~¨t²ÎµLªk°õ¦æ %1¡C '/></Result>
2022/1/26 ¤W¤È 09:53:42(727881) : <!DOCTYPE html>
<html>
    <head>
        <title>?¾ä??°è?æºã€?/title>
        <meta name="viewport" content="width=device-width" />
        <style>
         body {font-family:"Verdana";font-weight:normal;font-size: .7em;color:black;} 
         p {font-family:"Verdana";font-weight:normal;color:black;margin-top: -5px}
         b {font-family:"Verdana";font-weight:bold;color:black;margin-top: -5px}
         H1 { font-family:"Verdana";font-weight:normal;font-size:18pt;color:red }
         H2 { font-family:"Verdana";font-weight:normal;font-size:14pt;color:maroon }
         pre {font-family:"Consolas","Lucida Console",Monospace;font-size:11pt;margin:0;padding:0.5em;line-height:14pt}
         .marker {font-weight: bold; color: black;text-decoration: none;}
         .version {color: gray;}
         .error {margin-bottom: 10px;}
         .expandable { text-decoration:underline; font-weight:bold; color:navy; cursor:hand; }
         @media screen and (max-width: 639px) {
          pre { width: 440px; overflow: auto; white-space: pre-wrap; word-wrap: break-word; }
         }
         @media screen and (max-width: 479px) {
          pre { width: 280px; }
         }
        </style>
    </head>

    <body bgcolor="white">

            <span><H1>'/' ?‰ç”¨ç¨‹å?ä¸­ç™¼?Ÿä¼º?å™¨?¯èª¤??hr width=100% size=1 color=silver></H1>

            <h2> <i>?¾ä??°è?æºã€?/i> </h2></span>

            <font face="Arial, Helvetica, Geneva, SunSans-Regular, sans-serif ">

            <b> ?è¿°: </b>HTTP 404. ?¨è?å°‹æ‰¾?„è?æº?(?–å…¶?¸ä??§ç??¶ä¸­ä¹‹ä?) ?¯èƒ½å·²ç?ç§»é™¤?å?ç¨±å·²ç¶“è??´æ??¯æš«?‚ç„¡æ³•ä½¿?¨ã€‚è?æª¢é–±ä¸‹å? URLï¼Œä¸¦ä¸”ç¢ºå®šå??„æ‹¼å¯«ç„¡èª¤ã€?
            <br><br>

            <b> è¦æ???URL: </b>/SessionWeb/LoginSession.aspx<br><br>

    </body>
</html>

2022/1/26 ¤W¤È 09:55:34(839765) : <?xml version='1.0' encoding='big5'?><Result Code='0' ServerTime='99999999-999999'><Error Code='-100000' Msg='¤¸¥ó¿ù»~ToGetProduct -- Automation ¿ù»~
§@·~¨t²ÎµLªk°õ¦æ %1¡C '/></Result>
2022/1/26 ¤W¤È 09:55:34(839967) : <!DOCTYPE html>
<html>
    <head>
        <title>?¾ä??°è?æºã€?/title>
        <meta name="viewport" content="width=device-width" />
        <style>
         body {font-family:"Verdana";font-weight:normal;font-size: .7em;color:black;} 
         p {font-family:"Verdana";font-weight:normal;color:black;margin-top: -5px}
         b {font-family:"Verdana";font-weight:bold;color:black;margin-top: -5px}
         H1 { font-family:"Verdana";font-weight:normal;font-size:18pt;color:red }
         H2 { font-family:"Verdana";font-weight:normal;font-size:14pt;color:maroon }
         pre {font-family:"Consolas","Lucida Console",Monospace;font-size:11pt;margin:0;padding:0.5em;line-height:14pt}
         .marker {font-weight: bold; color: black;text-decoration: none;}
         .version {color: gray;}
         .error {margin-bottom: 10px;}
         .expandable { text-decoration:underline; font-weight:bold; color:navy; cursor:hand; }
         @media screen and (max-width: 639px) {
          pre { width: 440px; overflow: auto; white-space: pre-wrap; word-wrap: break-word; }
         }
         @media screen and (max-width: 479px) {
          pre { width: 280px; }
         }
        </style>
    </head>

    <body bgcolor="white">

            <span><H1>'/' ?‰ç”¨ç¨‹å?ä¸­ç™¼?Ÿä¼º?å™¨?¯èª¤??hr width=100% size=1 color=silver></H1>

            <h2> <i>?¾ä??°è?æºã€?/i> </h2></span>

            <font face="Arial, Helvetica, Geneva, SunSans-Regular, sans-serif ">

            <b> ?è¿°: </b>HTTP 404. ?¨è?å°‹æ‰¾?„è?æº?(?–å…¶?¸ä??§ç??¶ä¸­ä¹‹ä?) ?¯èƒ½å·²ç?ç§»é™¤?å?ç¨±å·²ç¶“è??´æ??¯æš«?‚ç„¡æ³•ä½¿?¨ã€‚è?æª¢é–±ä¸‹å? URLï¼Œä¸¦ä¸”ç¢ºå®šå??„æ‹¼å¯«ç„¡èª¤ã€?
            <br><br>

            <b> è¦æ???URL: </b>/SessionWeb/LoginSession.aspx<br><br>

    </body>
</html>

2022/1/26 ¤W¤È 09:55:34(840218) : <?xml version='1.0' encoding='big5'?><Result Code='0' ServerTime='99999999-999999'><Error Code='-100000' Msg='¤¸¥ó¿ù»~ToGetProduct -- Automation ¿ù»~
§@·~¨t²ÎµLªk°õ¦æ %1¡C '/></Result>
2022/1/26 ¤W¤È 09:55:35(840423) : <!DOCTYPE html>
<html>
    <head>
        <title>?¾ä??°è?æºã€?/title>
        <meta name="viewport" content="width=device-width" />
        <style>
         body {font-family:"Verdana";font-weight:normal;font-size: .7em;color:black;} 
         p {font-family:"Verdana";font-weight:normal;color:black;margin-top: -5px}
         b {font-family:"Verdana";font-weight:bold;color:black;margin-top: -5px}
         H1 { font-family:"Verdana";font-weight:normal;font-size:18pt;color:red }
         H2 { font-family:"Verdana";font-weight:normal;font-size:14pt;color:maroon }
         pre {font-family:"Consolas","Lucida Console",Monospace;font-size:11pt;margin:0;padding:0.5em;line-height:14pt}
         .marker {font-weight: bold; color: black;text-decoration: none;}
         .version {color: gray;}
         .error {margin-bottom: 10px;}
         .expandable { text-decoration:underline; font-weight:bold; color:navy; cursor:hand; }
         @media screen and (max-width: 639px) {
          pre { width: 440px; overflow: auto; white-space: pre-wrap; word-wrap: break-word; }
         }
         @media screen and (max-width: 479px) {
          pre { width: 280px; }
         }
        </style>
    </head>

    <body bgcolor="white">

            <span><H1>'/' ?‰ç”¨ç¨‹å?ä¸­ç™¼?Ÿä¼º?å™¨?¯èª¤??hr width=100% size=1 color=silver></H1>

            <h2> <i>?¾ä??°è?æºã€?/i> </h2></span>

            <font face="Arial, Helvetica, Geneva, SunSans-Regular, sans-serif ">

            <b> ?è¿°: </b>HTTP 404. ?¨è?å°‹æ‰¾?„è?æº?(?–å…¶?¸ä??§ç??¶ä¸­ä¹‹ä?) ?¯èƒ½å·²ç?ç§»é™¤?å?ç¨±å·²ç¶“è??´æ??¯æš«?‚ç„¡æ³•ä½¿?¨ã€‚è?æª¢é–±ä¸‹å? URLï¼Œä¸¦ä¸”ç¢ºå®šå??„æ‹¼å¯«ç„¡èª¤ã€?
            <br><br>

            <b> è¦æ???URL: </b>/SessionWeb/LoginSession.aspx<br><br>

    </body>
</html>

2022/1/26 ¤W¤È 09:55:35(840656) : <?xml version='1.0' encoding='big5'?><Result Code='0' ServerTime='99999999-999999'><Error Code='-100000' Msg='¤¸¥ó¿ù»~ToGetProduct -- Automation ¿ù»~
§@·~¨t²ÎµLªk°õ¦æ %1¡C '/></Result>
2022/1/26 ¤W¤È 09:55:35(840891) : <!DOCTYPE html>
<html>
    <head>
        <title>?¾ä??°è?æºã€?/title>
        <meta name="viewport" content="width=device-width" />
        <style>
         body {font-family:"Verdana";font-weight:normal;font-size: .7em;color:black;} 
         p {font-family:"Verdana";font-weight:normal;color:black;margin-top: -5px}
         b {font-family:"Verdana";font-weight:bold;color:black;margin-top: -5px}
         H1 { font-family:"Verdana";font-weight:normal;font-size:18pt;color:red }
         H2 { font-family:"Verdana";font-weight:normal;font-size:14pt;color:maroon }
         pre {font-family:"Consolas","Lucida Console",Monospace;font-size:11pt;margin:0;padding:0.5em;line-height:14pt}
         .marker {font-weight: bold; color: black;text-decoration: none;}
         .version {color: gray;}
         .error {margin-bottom: 10px;}
         .expandable { text-decoration:underline; font-weight:bold; color:navy; cursor:hand; }
         @media screen and (max-width: 639px) {
          pre { width: 440px; overflow: auto; white-space: pre-wrap; word-wrap: break-word; }
         }
         @media screen and (max-width: 479px) {
          pre { width: 280px; }
         }
        </style>
    </head>

    <body bgcolor="white">

            <span><H1>'/' ?‰ç”¨ç¨‹å?ä¸­ç™¼?Ÿä¼º?å™¨?¯èª¤??hr width=100% size=1 color=silver></H1>

            <h2> <i>?¾ä??°è?æºã€?/i> </h2></span>

            <font face="Arial, Helvetica, Geneva, SunSans-Regular, sans-serif ">

            <b> ?è¿°: </b>HTTP 404. ?¨è?å°‹æ‰¾?„è?æº?(?–å…¶?¸ä??§ç??¶ä¸­ä¹‹ä?) ?¯èƒ½å·²ç?ç§»é™¤?å?ç¨±å·²ç¶“è??´æ??¯æš«?‚ç„¡æ³•ä½¿?¨ã€‚è?æª¢é–±ä¸‹å? URLï¼Œä¸¦ä¸”ç¢ºå®šå??„æ‹¼å¯«ç„¡èª¤ã€?
            <br><br>

            <b> è¦æ???URL: </b>/SessionWeb/LoginSession.aspx<br><br>

    </body>
</html>

2022/1/26 ¤W¤È 09:55:35(841125) : <?xml version='1.0' encoding='big5'?><Result Code='0' ServerTime='99999999-999999'><Error Code='-100000' Msg='¤¸¥ó¿ù»~ToGetProduct -- Automation ¿ù»~
§@·~¨t²ÎµLªk°õ¦æ %1¡C '/></Result>
2022/1/26 ¤W¤È 09:55:36(841328) : <!DOCTYPE html>
<html>
    <head>
        <title>?¾ä??°è?æºã€?/title>
        <meta name="viewport" content="width=device-width" />
        <style>
         body {font-family:"Verdana";font-weight:normal;font-size: .7em;color:black;} 
         p {font-family:"Verdana";font-weight:normal;color:black;margin-top: -5px}
         b {font-family:"Verdana";font-weight:bold;color:black;margin-top: -5px}
         H1 { font-family:"Verdana";font-weight:normal;font-size:18pt;color:red }
         H2 { font-family:"Verdana";font-weight:normal;font-size:14pt;color:maroon }
         pre {font-family:"Consolas","Lucida Console",Monospace;font-size:11pt;margin:0;padding:0.5em;line-height:14pt}
         .marker {font-weight: bold; color: black;text-decoration: none;}
         .version {color: gray;}
         .error {margin-bottom: 10px;}
         .expandable { text-decoration:underline; font-weight:bold; color:navy; cursor:hand; }
         @media screen and (max-width: 639px) {
          pre { width: 440px; overflow: auto; white-space: pre-wrap; word-wrap: break-word; }
         }
         @media screen and (max-width: 479px) {
          pre { width: 280px; }
         }
        </style>
    </head>

    <body bgcolor="white">

            <span><H1>'/' ?‰ç”¨ç¨‹å?ä¸­ç™¼?Ÿä¼º?å™¨?¯èª¤??hr width=100% size=1 color=silver></H1>

            <h2> <i>?¾ä??°è?æºã€?/i> </h2></span>

            <font face="Arial, Helvetica, Geneva, SunSans-Regular, sans-serif ">

            <b> ?è¿°: </b>HTTP 404. ?¨è?å°‹æ‰¾?„è?æº?(?–å…¶?¸ä??§ç??¶ä¸­ä¹‹ä?) ?¯èƒ½å·²ç?ç§»é™¤?å?ç¨±å·²ç¶“è??´æ??¯æš«?‚ç„¡æ³•ä½¿?¨ã€‚è?æª¢é–±ä¸‹å? URLï¼Œä¸¦ä¸”ç¢ºå®šå??„æ‹¼å¯«ç„¡èª¤ã€?
            <br><br>

            <b> è¦æ???URL: </b>/SessionWeb/LoginSession.aspx<br><br>

    </body>
</html>

