2021/4/26 下午 03:46:19(621221336) : (CCF60569EE8C4022BE5EAD77D2623A8E) << u0=15000-0108360&u1=H122192596&u3=CMj0sDNQbe4xo/A6qkTFKJFTUOQXEa+/MQ==#F026000&u6=5&u7=159&p0=20210426&p1=0&p2=MXFE1&p3=S&p4=24&p5=0&p6=1&p7=2&p8=I&p9=&p10=&p11=0&p12=8&ca0=H122192596&ca1=x=H122192596:20210426,0,MXFE1,S,24,0,1,2,I,,0,8&ca3=caFubonFAP.dll&ca2=MIIGoQYJKoZIhvcNAQcCoIIGkjCCBo4CAQExCzAJBgUrDgMCGgUAMD4GCSqGSIb3
DQEHAaAxBC94PUgxMjIxOTI1OTY6MjAyMTA0MjYsMCxNWEZFMSxTLDI0LDAsMSwy
LEksLDAsOKCCBJowggSWMIIDfqADAgECAgR8jV9TMA0GCSqGSIb3DQEBBQUAMG0x
CzAJBgNVBAYTAlRXMRswGQYDVQQKExJUQUlXQU4tQ0EuQ09NIEluYy4xJzAlBgNV
BAsTHkNlcnRpZmljYXRpb24gU2VydmljZSBQcm92aWRlcjEYMBYGA1UEAxMPVGFp
Q0EgU2VjdXJlIENBMB4XDTIxMDQxNDA1MzMzMFoXDTIyMDQxNDE1NTk1OVowgZ4x
CzAJBgNVBAYTAlRXMRgwFgYDVQQKEw9UYWlDQSBTZWN1cmUgQ0ExJzAlBgNVBAoT
HkNlcnRpZmljYXRpb24gU2VydmljZSBQcm92aWRlcjEVMBMGA1UECxMMUkEtRnVi
b25FQ1JBMQ0wCwYDVQQLEwRFQ1BMMRMwEQYDVQQDEwpIMTIyMTkyNTk2MREwDwYJ
KoZIhvcNAQkBFgJAQDCCASIwDQYJKoZIhvcNAQEBBQADggEPADCCAQoCggEBAMlw
xWxpLb5AWPm4RJJLu7nmrd9D0jU/lzSBq3kbXHkpcXVP49rxDlqTuJQZaXkv1iRU
VONfpDpF3G1bhHTraBIfuAT4Q6pQoJkvzlEzDHi0D2rLk1iwy7QRlywDQ8CR50ix
rgyE8pMnRx0JgH3QfhCfw7Tg95mN1DLCIz2OhXhBQnnQ6G19TXRmVvMQq/NeZ6kP
ARsDLCCjZSTAH0GFOtW6s/kEo9ukuZX0Dxng7IQZsrDpZ7PJTGhU52Jb4gdCBc4V
/f1A/2mWVWS6GtUVUL04h/fEJMBu29RnrRMhaauxcUuKAjzp4GILnIoxnj24OsV+
EabFBFU/b76OwnXur3kCAwEAAaOCAQowggEGMB8GA1UdIwQYMBaAFMCyGRLSygeo
wv1MtkGHtP+jDve3MB0GA1UdDgQWBBTgTP1gyOcfok3PQiHTpwXUACbkkTBIBgNV
HR8EQTA/MD2gO6A5hjdodHRwOi8vaXRheC50d2NhLmNvbS50dy9lY3BsdXMvZWNw
bHVzX1VDQV8yMDE4X3NoYTEuY3JsMF8GA1UdIARYMFYwVAYHYIZ2AwEDATBJMCMG
CCsGAQUFBwIBFhdodHRwOi8vd3d3LnR3Y2EuY29tLnR3LzAiBggrBgEFBQcCAjAW
GhRSZXN0cmljdGlvbiA9My4yLjIuMjAJBgNVHRMEAjAAMA4GA1UdDwEB/wQEAwIE
8DANBgkqhkiG9w0BAQUFAAOCAQEAeobJkFVRedG50zclbvsmLK46rrGgOfi9fvfV
AM7XAt85WoNKK3sUaGLSSCRHetbvAqU4gxoy+gPT1rCUMnW25MAvMK7zi/g1KG/T
pbKWV39jH0zk3H753/rgtREpHyyY0oVjjHR46BKIgvPBBO9zsL/xNakGmOErL0gT
yIQqQSJ0VhdiG+qHZskzizkx5Lb5WqOstu7xoXHCXBAm93J6aHk2le57amqenAAA
I14E8a6l33Azy60cCEOmU3vEN8VP3t4LqFgokbaTWRTe9EXi0YpwXlj26UIH+DOK
yZWo9UP6GIWSs+HebTmnP4uGEc3Kj+omnaIHicQZHBEkgwX0gDGCAZwwggGYAgEB
MHUwbTELMAkGA1UEBhMCVFcxGzAZBgNVBAoTElRBSVdBTi1DQS5DT00gSW5jLjEn
MCUGA1UECxMeQ2VydGlmaWNhdGlvbiBTZXJ2aWNlIFByb3ZpZGVyMRgwFgYDVQQD
Ew9UYWlDQSBTZWN1cmUgQ0ECBHyNX1MwCQYFKw4DAhoFADANBgkqhkiG9w0BAQEF
AASCAQDA6hH951etD88gHjjVbmUMYel9yit58C9/KYusdg9DLqQY/fCtwteW4Ef4
rSpSX+nZjImFVqdca4G2X3+a+OHRSNeYI6JKFImW3mSC4IVOIuIoUsiQ59EEuBhW
jEqolIseOYq2XSa9nGcYOsv0e0Q0PlMSpyTqHmuX/cwNQ1k48EWkILO0NDnKvKvn
JmI4hwrL8WREMdMaPO2MQA9CQEPhw3ut5NvkLgKykoIAAooSDzDRTHeuWlD61ws7
iMI1/CADhudKZgARyPGa5A8MZ7vZ7i2Cp6TRiOUkalpuj19yRGsgV6UoOuXg/Avl
hXXHRk8qtd2Tmemsk8asjRIzcMby&FUBON_VERSION=0.3.0.10&USERID=H122192596
2021/4/26 下午 03:46:19(621221456) : (CCF60569EE8C4022BE5EAD77D2623A8E) >> <?xml version='1.0' encoding='big5'?><Result Code='0' ServerTime='20210426-154619'><Data><Row AID="15000-0108360" TDate="20210426" OID="17531028" OrderNo="a00VS" ProductType="0" Session="1" CommID="MXFE1" BS="S" CommID2="" BS2="" PriceType="24" Price="17442" CreateTime="20210426 154619" Cond="I" Offset="2" Qoriginal="1" Qcurrent="1" Qmatched="0" ConfirmTime="" Code="" CodeMsg="" CanCancel="N" CanModify="N" Source="e01API" OrgID="" IsPreOrder="N" AvgPrice="0" UpdateTime="20210426 154619" State="30" Mode="1" StateMsg="委託成功" OrgPrice="17442" /></Data></Result>
2021/4/26 下午 03:47:11(621272918) : (6EEB34E1E21B479CA930A36CEC21CD02) << u0=15000-0108360&u1=H122192596&u3=CMj0sDNQbe4xo/A6qkTFKJFTUOQXEa+/MQ==#F026000&u6=5&u7=159&p0=20210426&p1=0&p2=MXFE1&p3=B&p4=24&p5=0&p6=1&p7=2&p8=I&p9=&p10=&p11=0&p12=8&ca0=H122192596&ca1=x=H122192596:20210426,0,MXFE1,B,24,0,1,2,I,,0,8&ca3=caFubonFAP.dll&ca2=MIIGoQYJKoZIhvcNAQcCoIIGkjCCBo4CAQExCzAJBgUrDgMCGgUAMD4GCSqGSIb3
DQEHAaAxBC94PUgxMjIxOTI1OTY6MjAyMTA0MjYsMCxNWEZFMSxCLDI0LDAsMSwy
LEksLDAsOKCCBJowggSWMIIDfqADAgECAgR8jV9TMA0GCSqGSIb3DQEBBQUAMG0x
CzAJBgNVBAYTAlRXMRswGQYDVQQKExJUQUlXQU4tQ0EuQ09NIEluYy4xJzAlBgNV
BAsTHkNlcnRpZmljYXRpb24gU2VydmljZSBQcm92aWRlcjEYMBYGA1UEAxMPVGFp
Q0EgU2VjdXJlIENBMB4XDTIxMDQxNDA1MzMzMFoXDTIyMDQxNDE1NTk1OVowgZ4x
CzAJBgNVBAYTAlRXMRgwFgYDVQQKEw9UYWlDQSBTZWN1cmUgQ0ExJzAlBgNVBAoT
HkNlcnRpZmljYXRpb24gU2VydmljZSBQcm92aWRlcjEVMBMGA1UECxMMUkEtRnVi
b25FQ1JBMQ0wCwYDVQQLEwRFQ1BMMRMwEQYDVQQDEwpIMTIyMTkyNTk2MREwDwYJ
KoZIhvcNAQkBFgJAQDCCASIwDQYJKoZIhvcNAQEBBQADggEPADCCAQoCggEBAMlw
xWxpLb5AWPm4RJJLu7nmrd9D0jU/lzSBq3kbXHkpcXVP49rxDlqTuJQZaXkv1iRU
VONfpDpF3G1bhHTraBIfuAT4Q6pQoJkvzlEzDHi0D2rLk1iwy7QRlywDQ8CR50ix
rgyE8pMnRx0JgH3QfhCfw7Tg95mN1DLCIz2OhXhBQnnQ6G19TXRmVvMQq/NeZ6kP
ARsDLCCjZSTAH0GFOtW6s/kEo9ukuZX0Dxng7IQZsrDpZ7PJTGhU52Jb4gdCBc4V
/f1A/2mWVWS6GtUVUL04h/fEJMBu29RnrRMhaauxcUuKAjzp4GILnIoxnj24OsV+
EabFBFU/b76OwnXur3kCAwEAAaOCAQowggEGMB8GA1UdIwQYMBaAFMCyGRLSygeo
wv1MtkGHtP+jDve3MB0GA1UdDgQWBBTgTP1gyOcfok3PQiHTpwXUACbkkTBIBgNV
HR8EQTA/MD2gO6A5hjdodHRwOi8vaXRheC50d2NhLmNvbS50dy9lY3BsdXMvZWNw
bHVzX1VDQV8yMDE4X3NoYTEuY3JsMF8GA1UdIARYMFYwVAYHYIZ2AwEDATBJMCMG
CCsGAQUFBwIBFhdodHRwOi8vd3d3LnR3Y2EuY29tLnR3LzAiBggrBgEFBQcCAjAW
GhRSZXN0cmljdGlvbiA9My4yLjIuMjAJBgNVHRMEAjAAMA4GA1UdDwEB/wQEAwIE
8DANBgkqhkiG9w0BAQUFAAOCAQEAeobJkFVRedG50zclbvsmLK46rrGgOfi9fvfV
AM7XAt85WoNKK3sUaGLSSCRHetbvAqU4gxoy+gPT1rCUMnW25MAvMK7zi/g1KG/T
pbKWV39jH0zk3H753/rgtREpHyyY0oVjjHR46BKIgvPBBO9zsL/xNakGmOErL0gT
yIQqQSJ0VhdiG+qHZskzizkx5Lb5WqOstu7xoXHCXBAm93J6aHk2le57amqenAAA
I14E8a6l33Azy60cCEOmU3vEN8VP3t4LqFgokbaTWRTe9EXi0YpwXlj26UIH+DOK
yZWo9UP6GIWSs+HebTmnP4uGEc3Kj+omnaIHicQZHBEkgwX0gDGCAZwwggGYAgEB
MHUwbTELMAkGA1UEBhMCVFcxGzAZBgNVBAoTElRBSVdBTi1DQS5DT00gSW5jLjEn
MCUGA1UECxMeQ2VydGlmaWNhdGlvbiBTZXJ2aWNlIFByb3ZpZGVyMRgwFgYDVQQD
Ew9UYWlDQSBTZWN1cmUgQ0ECBHyNX1MwCQYFKw4DAhoFADANBgkqhkiG9w0BAQEF
AASCAQCggWtwOllmnfmWu0AOvfUnaSUBZY94QU2g6WYVQs7lrJLWiAeplhQwQFQA
js/TF+qecwscFkM0bOuhUDlrU3NlaUC9Y6Vnb8hy0yGvn5Z2vSVdwYK6aKHWHLU5
T5OS2Xi20FTgjtZjmkYv4UYLjlYS6cPUiJ7EtNB6ftmSR/SyNW/0tPE6FEFI2ej7
x+87ugkp3dRvhg8ZgHCULb/GL3X4OhxukpcQMkDnKuiHouiGrf4FfhAZ9pg+pjVJ
ilmdE61mow5saBuhEDl549kwa4KfXykcwDhHenQeVGalNRYiZ6+EDkQRHD+u53e3
gDq8to8QNo2FQiTaqT9ANmfmoTfj&FUBON_VERSION=0.3.0.10&USERID=H122192596
2021/4/26 下午 03:47:11(621273088) : (6EEB34E1E21B479CA930A36CEC21CD02) >> <?xml version='1.0' encoding='big5'?><Result Code='0' ServerTime='20210426-154711'><Data><Row AID="15000-0108360" TDate="20210426" OID="17531036" OrderNo="a00Vb" ProductType="0" Session="1" CommID="MXFE1" BS="B" CommID2="" BS2="" PriceType="24" Price="17616" CreateTime="20210426 154711" Cond="I" Offset="2" Qoriginal="1" Qcurrent="1" Qmatched="0" ConfirmTime="" Code="" CodeMsg="" CanCancel="N" CanModify="N" Source="e01API" OrgID="" IsPreOrder="N" AvgPrice="0" UpdateTime="20210426 154711" State="30" Mode="1" StateMsg="委託成功" OrgPrice="17616" /></Data></Result>
2021/4/26 下午 04:04:52(622334112) : (45694EFA1287480BA1D6DB9D87BA916A) << u0=15000-0108360&u1=H122192596&u3=CMj0sDNQbe4xo/A6qkTFKJFTUOQXEa+/MQ==#F026000&u6=5&u7=159&p0=20210426&p1=0&p2=MXFE1&p3=B&p4=24&p5=0&p6=1&p7=2&p8=I&p9=&p10=&p11=0&p12=8&ca0=H122192596&ca1=x=H122192596:20210426,0,MXFE1,B,24,0,1,2,I,,0,8&ca3=caFubonFAP.dll&ca2=MIIGoQYJKoZIhvcNAQcCoIIGkjCCBo4CAQExCzAJBgUrDgMCGgUAMD4GCSqGSIb3
DQEHAaAxBC94PUgxMjIxOTI1OTY6MjAyMTA0MjYsMCxNWEZFMSxCLDI0LDAsMSwy
LEksLDAsOKCCBJowggSWMIIDfqADAgECAgR8jV9TMA0GCSqGSIb3DQEBBQUAMG0x
CzAJBgNVBAYTAlRXMRswGQYDVQQKExJUQUlXQU4tQ0EuQ09NIEluYy4xJzAlBgNV
BAsTHkNlcnRpZmljYXRpb24gU2VydmljZSBQcm92aWRlcjEYMBYGA1UEAxMPVGFp
Q0EgU2VjdXJlIENBMB4XDTIxMDQxNDA1MzMzMFoXDTIyMDQxNDE1NTk1OVowgZ4x
CzAJBgNVBAYTAlRXMRgwFgYDVQQKEw9UYWlDQSBTZWN1cmUgQ0ExJzAlBgNVBAoT
HkNlcnRpZmljYXRpb24gU2VydmljZSBQcm92aWRlcjEVMBMGA1UECxMMUkEtRnVi
b25FQ1JBMQ0wCwYDVQQLEwRFQ1BMMRMwEQYDVQQDEwpIMTIyMTkyNTk2MREwDwYJ
KoZIhvcNAQkBFgJAQDCCASIwDQYJKoZIhvcNAQEBBQADggEPADCCAQoCggEBAMlw
xWxpLb5AWPm4RJJLu7nmrd9D0jU/lzSBq3kbXHkpcXVP49rxDlqTuJQZaXkv1iRU
VONfpDpF3G1bhHTraBIfuAT4Q6pQoJkvzlEzDHi0D2rLk1iwy7QRlywDQ8CR50ix
rgyE8pMnRx0JgH3QfhCfw7Tg95mN1DLCIz2OhXhBQnnQ6G19TXRmVvMQq/NeZ6kP
ARsDLCCjZSTAH0GFOtW6s/kEo9ukuZX0Dxng7IQZsrDpZ7PJTGhU52Jb4gdCBc4V
/f1A/2mWVWS6GtUVUL04h/fEJMBu29RnrRMhaauxcUuKAjzp4GILnIoxnj24OsV+
EabFBFU/b76OwnXur3kCAwEAAaOCAQowggEGMB8GA1UdIwQYMBaAFMCyGRLSygeo
wv1MtkGHtP+jDve3MB0GA1UdDgQWBBTgTP1gyOcfok3PQiHTpwXUACbkkTBIBgNV
HR8EQTA/MD2gO6A5hjdodHRwOi8vaXRheC50d2NhLmNvbS50dy9lY3BsdXMvZWNw
bHVzX1VDQV8yMDE4X3NoYTEuY3JsMF8GA1UdIARYMFYwVAYHYIZ2AwEDATBJMCMG
CCsGAQUFBwIBFhdodHRwOi8vd3d3LnR3Y2EuY29tLnR3LzAiBggrBgEFBQcCAjAW
GhRSZXN0cmljdGlvbiA9My4yLjIuMjAJBgNVHRMEAjAAMA4GA1UdDwEB/wQEAwIE
8DANBgkqhkiG9w0BAQUFAAOCAQEAeobJkFVRedG50zclbvsmLK46rrGgOfi9fvfV
AM7XAt85WoNKK3sUaGLSSCRHetbvAqU4gxoy+gPT1rCUMnW25MAvMK7zi/g1KG/T
pbKWV39jH0zk3H753/rgtREpHyyY0oVjjHR46BKIgvPBBO9zsL/xNakGmOErL0gT
yIQqQSJ0VhdiG+qHZskzizkx5Lb5WqOstu7xoXHCXBAm93J6aHk2le57amqenAAA
I14E8a6l33Azy60cCEOmU3vEN8VP3t4LqFgokbaTWRTe9EXi0YpwXlj26UIH+DOK
yZWo9UP6GIWSs+HebTmnP4uGEc3Kj+omnaIHicQZHBEkgwX0gDGCAZwwggGYAgEB
MHUwbTELMAkGA1UEBhMCVFcxGzAZBgNVBAoTElRBSVdBTi1DQS5DT00gSW5jLjEn
MCUGA1UECxMeQ2VydGlmaWNhdGlvbiBTZXJ2aWNlIFByb3ZpZGVyMRgwFgYDVQQD
Ew9UYWlDQSBTZWN1cmUgQ0ECBHyNX1MwCQYFKw4DAhoFADANBgkqhkiG9w0BAQEF
AASCAQCggWtwOllmnfmWu0AOvfUnaSUBZY94QU2g6WYVQs7lrJLWiAeplhQwQFQA
js/TF+qecwscFkM0bOuhUDlrU3NlaUC9Y6Vnb8hy0yGvn5Z2vSVdwYK6aKHWHLU5
T5OS2Xi20FTgjtZjmkYv4UYLjlYS6cPUiJ7EtNB6ftmSR/SyNW/0tPE6FEFI2ej7
x+87ugkp3dRvhg8ZgHCULb/GL3X4OhxukpcQMkDnKuiHouiGrf4FfhAZ9pg+pjVJ
ilmdE61mow5saBuhEDl549kwa4KfXykcwDhHenQeVGalNRYiZ6+EDkQRHD+u53e3
gDq8to8QNo2FQiTaqT9ANmfmoTfj&FUBON_VERSION=0.3.0.10&USERID=H122192596
2021/4/26 下午 04:04:52(622334402) : (45694EFA1287480BA1D6DB9D87BA916A) >> <?xml version='1.0' encoding='big5'?><Result Code='0' ServerTime='20210426-160452'><Data><Row AID="15000-0108360" TDate="20210426" OID="17531155" OrderNo="a00Yx" ProductType="0" Session="1" CommID="MXFE1" BS="B" CommID2="" BS2="" PriceType="24" Price="17625" CreateTime="20210426 160452" Cond="I" Offset="2" Qoriginal="1" Qcurrent="1" Qmatched="0" ConfirmTime="" Code="" CodeMsg="" CanCancel="N" CanModify="N" Source="e01API" OrgID="" IsPreOrder="N" AvgPrice="0" UpdateTime="20210426 160452" State="30" Mode="1" StateMsg="委託成功" OrgPrice="17625" /></Data></Result>
2021/4/26 下午 04:14:55(622937838) : (64F431BC55324A2A8EF305782EC2399F) << u0=15000-0108360&u1=H122192596&u3=CMj0sDNQbe4xo/A6qkTFKJFTUOQXEa+/MQ==#F026000&u6=5&u7=159&p0=20210426&p1=0&p2=MXFE1&p3=S&p4=24&p5=0&p6=1&p7=2&p8=I&p9=&p10=&p11=0&p12=8&ca0=H122192596&ca1=x=H122192596:20210426,0,MXFE1,S,24,0,1,2,I,,0,8&ca3=caFubonFAP.dll&ca2=MIIGoQYJKoZIhvcNAQcCoIIGkjCCBo4CAQExCzAJBgUrDgMCGgUAMD4GCSqGSIb3
DQEHAaAxBC94PUgxMjIxOTI1OTY6MjAyMTA0MjYsMCxNWEZFMSxTLDI0LDAsMSwy
LEksLDAsOKCCBJowggSWMIIDfqADAgECAgR8jV9TMA0GCSqGSIb3DQEBBQUAMG0x
CzAJBgNVBAYTAlRXMRswGQYDVQQKExJUQUlXQU4tQ0EuQ09NIEluYy4xJzAlBgNV
BAsTHkNlcnRpZmljYXRpb24gU2VydmljZSBQcm92aWRlcjEYMBYGA1UEAxMPVGFp
Q0EgU2VjdXJlIENBMB4XDTIxMDQxNDA1MzMzMFoXDTIyMDQxNDE1NTk1OVowgZ4x
CzAJBgNVBAYTAlRXMRgwFgYDVQQKEw9UYWlDQSBTZWN1cmUgQ0ExJzAlBgNVBAoT
HkNlcnRpZmljYXRpb24gU2VydmljZSBQcm92aWRlcjEVMBMGA1UECxMMUkEtRnVi
b25FQ1JBMQ0wCwYDVQQLEwRFQ1BMMRMwEQYDVQQDEwpIMTIyMTkyNTk2MREwDwYJ
KoZIhvcNAQkBFgJAQDCCASIwDQYJKoZIhvcNAQEBBQADggEPADCCAQoCggEBAMlw
xWxpLb5AWPm4RJJLu7nmrd9D0jU/lzSBq3kbXHkpcXVP49rxDlqTuJQZaXkv1iRU
VONfpDpF3G1bhHTraBIfuAT4Q6pQoJkvzlEzDHi0D2rLk1iwy7QRlywDQ8CR50ix
rgyE8pMnRx0JgH3QfhCfw7Tg95mN1DLCIz2OhXhBQnnQ6G19TXRmVvMQq/NeZ6kP
ARsDLCCjZSTAH0GFOtW6s/kEo9ukuZX0Dxng7IQZsrDpZ7PJTGhU52Jb4gdCBc4V
/f1A/2mWVWS6GtUVUL04h/fEJMBu29RnrRMhaauxcUuKAjzp4GILnIoxnj24OsV+
EabFBFU/b76OwnXur3kCAwEAAaOCAQowggEGMB8GA1UdIwQYMBaAFMCyGRLSygeo
wv1MtkGHtP+jDve3MB0GA1UdDgQWBBTgTP1gyOcfok3PQiHTpwXUACbkkTBIBgNV
HR8EQTA/MD2gO6A5hjdodHRwOi8vaXRheC50d2NhLmNvbS50dy9lY3BsdXMvZWNw
bHVzX1VDQV8yMDE4X3NoYTEuY3JsMF8GA1UdIARYMFYwVAYHYIZ2AwEDATBJMCMG
CCsGAQUFBwIBFhdodHRwOi8vd3d3LnR3Y2EuY29tLnR3LzAiBggrBgEFBQcCAjAW
GhRSZXN0cmljdGlvbiA9My4yLjIuMjAJBgNVHRMEAjAAMA4GA1UdDwEB/wQEAwIE
8DANBgkqhkiG9w0BAQUFAAOCAQEAeobJkFVRedG50zclbvsmLK46rrGgOfi9fvfV
AM7XAt85WoNKK3sUaGLSSCRHetbvAqU4gxoy+gPT1rCUMnW25MAvMK7zi/g1KG/T
pbKWV39jH0zk3H753/rgtREpHyyY0oVjjHR46BKIgvPBBO9zsL/xNakGmOErL0gT
yIQqQSJ0VhdiG+qHZskzizkx5Lb5WqOstu7xoXHCXBAm93J6aHk2le57amqenAAA
I14E8a6l33Azy60cCEOmU3vEN8VP3t4LqFgokbaTWRTe9EXi0YpwXlj26UIH+DOK
yZWo9UP6GIWSs+HebTmnP4uGEc3Kj+omnaIHicQZHBEkgwX0gDGCAZwwggGYAgEB
MHUwbTELMAkGA1UEBhMCVFcxGzAZBgNVBAoTElRBSVdBTi1DQS5DT00gSW5jLjEn
MCUGA1UECxMeQ2VydGlmaWNhdGlvbiBTZXJ2aWNlIFByb3ZpZGVyMRgwFgYDVQQD
Ew9UYWlDQSBTZWN1cmUgQ0ECBHyNX1MwCQYFKw4DAhoFADANBgkqhkiG9w0BAQEF
AASCAQDA6hH951etD88gHjjVbmUMYel9yit58C9/KYusdg9DLqQY/fCtwteW4Ef4
rSpSX+nZjImFVqdca4G2X3+a+OHRSNeYI6JKFImW3mSC4IVOIuIoUsiQ59EEuBhW
jEqolIseOYq2XSa9nGcYOsv0e0Q0PlMSpyTqHmuX/cwNQ1k48EWkILO0NDnKvKvn
JmI4hwrL8WREMdMaPO2MQA9CQEPhw3ut5NvkLgKykoIAAooSDzDRTHeuWlD61ws7
iMI1/CADhudKZgARyPGa5A8MZ7vZ7i2Cp6TRiOUkalpuj19yRGsgV6UoOuXg/Avl
hXXHRk8qtd2Tmemsk8asjRIzcMby&FUBON_VERSION=0.3.0.10&USERID=H122192596
2021/4/26 下午 04:14:56(622937998) : (64F431BC55324A2A8EF305782EC2399F) >> <?xml version='1.0' encoding='big5'?><Result Code='0' ServerTime='20210426-161455'><Data><Row AID="15000-0108360" TDate="20210426" OID="17531225" OrderNo="a00aV" ProductType="0" Session="1" CommID="MXFE1" BS="S" CommID2="" BS2="" PriceType="24" Price="17447" CreateTime="20210426 161456" Cond="I" Offset="2" Qoriginal="1" Qcurrent="1" Qmatched="0" ConfirmTime="" Code="" CodeMsg="" CanCancel="N" CanModify="N" Source="e01API" OrgID="" IsPreOrder="N" AvgPrice="0" UpdateTime="20210426 161456" State="30" Mode="1" StateMsg="委託成功" OrgPrice="17447" /></Data></Result>
2021/4/26 下午 04:20:29(623271083) : (491A309714364573830C5E1F9FC4FCAD) << u0=15000-0108360&u1=H122192596&u3=CMj0sDNQbe4xo/A6qkTFKJFTUOQXEa+/MQ==#F026000&u6=5&u7=159&p0=20210426&p1=0&p2=MXFE1&p3=S&p4=24&p5=0&p6=1&p7=2&p8=I&p9=&p10=&p11=0&p12=8&ca0=H122192596&ca1=x=H122192596:20210426,0,MXFE1,S,24,0,1,2,I,,0,8&ca3=caFubonFAP.dll&ca2=MIIGoQYJKoZIhvcNAQcCoIIGkjCCBo4CAQExCzAJBgUrDgMCGgUAMD4GCSqGSIb3
DQEHAaAxBC94PUgxMjIxOTI1OTY6MjAyMTA0MjYsMCxNWEZFMSxTLDI0LDAsMSwy
LEksLDAsOKCCBJowggSWMIIDfqADAgECAgR8jV9TMA0GCSqGSIb3DQEBBQUAMG0x
CzAJBgNVBAYTAlRXMRswGQYDVQQKExJUQUlXQU4tQ0EuQ09NIEluYy4xJzAlBgNV
BAsTHkNlcnRpZmljYXRpb24gU2VydmljZSBQcm92aWRlcjEYMBYGA1UEAxMPVGFp
Q0EgU2VjdXJlIENBMB4XDTIxMDQxNDA1MzMzMFoXDTIyMDQxNDE1NTk1OVowgZ4x
CzAJBgNVBAYTAlRXMRgwFgYDVQQKEw9UYWlDQSBTZWN1cmUgQ0ExJzAlBgNVBAoT
HkNlcnRpZmljYXRpb24gU2VydmljZSBQcm92aWRlcjEVMBMGA1UECxMMUkEtRnVi
b25FQ1JBMQ0wCwYDVQQLEwRFQ1BMMRMwEQYDVQQDEwpIMTIyMTkyNTk2MREwDwYJ
KoZIhvcNAQkBFgJAQDCCASIwDQYJKoZIhvcNAQEBBQADggEPADCCAQoCggEBAMlw
xWxpLb5AWPm4RJJLu7nmrd9D0jU/lzSBq3kbXHkpcXVP49rxDlqTuJQZaXkv1iRU
VONfpDpF3G1bhHTraBIfuAT4Q6pQoJkvzlEzDHi0D2rLk1iwy7QRlywDQ8CR50ix
rgyE8pMnRx0JgH3QfhCfw7Tg95mN1DLCIz2OhXhBQnnQ6G19TXRmVvMQq/NeZ6kP
ARsDLCCjZSTAH0GFOtW6s/kEo9ukuZX0Dxng7IQZsrDpZ7PJTGhU52Jb4gdCBc4V
/f1A/2mWVWS6GtUVUL04h/fEJMBu29RnrRMhaauxcUuKAjzp4GILnIoxnj24OsV+
EabFBFU/b76OwnXur3kCAwEAAaOCAQowggEGMB8GA1UdIwQYMBaAFMCyGRLSygeo
wv1MtkGHtP+jDve3MB0GA1UdDgQWBBTgTP1gyOcfok3PQiHTpwXUACbkkTBIBgNV
HR8EQTA/MD2gO6A5hjdodHRwOi8vaXRheC50d2NhLmNvbS50dy9lY3BsdXMvZWNw
bHVzX1VDQV8yMDE4X3NoYTEuY3JsMF8GA1UdIARYMFYwVAYHYIZ2AwEDATBJMCMG
CCsGAQUFBwIBFhdodHRwOi8vd3d3LnR3Y2EuY29tLnR3LzAiBggrBgEFBQcCAjAW
GhRSZXN0cmljdGlvbiA9My4yLjIuMjAJBgNVHRMEAjAAMA4GA1UdDwEB/wQEAwIE
8DANBgkqhkiG9w0BAQUFAAOCAQEAeobJkFVRedG50zclbvsmLK46rrGgOfi9fvfV
AM7XAt85WoNKK3sUaGLSSCRHetbvAqU4gxoy+gPT1rCUMnW25MAvMK7zi/g1KG/T
pbKWV39jH0zk3H753/rgtREpHyyY0oVjjHR46BKIgvPBBO9zsL/xNakGmOErL0gT
yIQqQSJ0VhdiG+qHZskzizkx5Lb5WqOstu7xoXHCXBAm93J6aHk2le57amqenAAA
I14E8a6l33Azy60cCEOmU3vEN8VP3t4LqFgokbaTWRTe9EXi0YpwXlj26UIH+DOK
yZWo9UP6GIWSs+HebTmnP4uGEc3Kj+omnaIHicQZHBEkgwX0gDGCAZwwggGYAgEB
MHUwbTELMAkGA1UEBhMCVFcxGzAZBgNVBAoTElRBSVdBTi1DQS5DT00gSW5jLjEn
MCUGA1UECxMeQ2VydGlmaWNhdGlvbiBTZXJ2aWNlIFByb3ZpZGVyMRgwFgYDVQQD
Ew9UYWlDQSBTZWN1cmUgQ0ECBHyNX1MwCQYFKw4DAhoFADANBgkqhkiG9w0BAQEF
AASCAQDA6hH951etD88gHjjVbmUMYel9yit58C9/KYusdg9DLqQY/fCtwteW4Ef4
rSpSX+nZjImFVqdca4G2X3+a+OHRSNeYI6JKFImW3mSC4IVOIuIoUsiQ59EEuBhW
jEqolIseOYq2XSa9nGcYOsv0e0Q0PlMSpyTqHmuX/cwNQ1k48EWkILO0NDnKvKvn
JmI4hwrL8WREMdMaPO2MQA9CQEPhw3ut5NvkLgKykoIAAooSDzDRTHeuWlD61ws7
iMI1/CADhudKZgARyPGa5A8MZ7vZ7i2Cp6TRiOUkalpuj19yRGsgV6UoOuXg/Avl
hXXHRk8qtd2Tmemsk8asjRIzcMby&FUBON_VERSION=0.3.0.10&USERID=H122192596
2021/4/26 下午 04:20:29(623271280) : (491A309714364573830C5E1F9FC4FCAD) >> <?xml version='1.0' encoding='big5'?><Result Code='0' ServerTime='20210426-162028'><Data><Row AID="15000-0108360" TDate="20210426" OID="17531245" OrderNo="a00bG" ProductType="0" Session="1" CommID="MXFE1" BS="S" CommID2="" BS2="" PriceType="24" Price="17444" CreateTime="20210426 162029" Cond="I" Offset="2" Qoriginal="1" Qcurrent="1" Qmatched="0" ConfirmTime="" Code="" CodeMsg="" CanCancel="N" CanModify="N" Source="e01API" OrgID="" IsPreOrder="N" AvgPrice="0" UpdateTime="20210426 162029" State="30" Mode="1" StateMsg="委託成功" OrgPrice="17444" /></Data></Result>
2021/4/26 下午 04:23:06(623427944) : (5774D56E838A45F1B819E9AB44271503) << u0=15000-0108360&u1=H122192596&u3=CMj0sDNQbe4xo/A6qkTFKJFTUOQXEa+/MQ==#F026000&u6=5&u7=159&p0=20210426&p1=0&p2=MXFE1&p3=S&p4=24&p5=0&p6=1&p7=2&p8=I&p9=&p10=&p11=0&p12=8&ca0=H122192596&ca1=x=H122192596:20210426,0,MXFE1,S,24,0,1,2,I,,0,8&ca3=caFubonFAP.dll&ca2=MIIGoQYJKoZIhvcNAQcCoIIGkjCCBo4CAQExCzAJBgUrDgMCGgUAMD4GCSqGSIb3
DQEHAaAxBC94PUgxMjIxOTI1OTY6MjAyMTA0MjYsMCxNWEZFMSxTLDI0LDAsMSwy
LEksLDAsOKCCBJowggSWMIIDfqADAgECAgR8jV9TMA0GCSqGSIb3DQEBBQUAMG0x
CzAJBgNVBAYTAlRXMRswGQYDVQQKExJUQUlXQU4tQ0EuQ09NIEluYy4xJzAlBgNV
BAsTHkNlcnRpZmljYXRpb24gU2VydmljZSBQcm92aWRlcjEYMBYGA1UEAxMPVGFp
Q0EgU2VjdXJlIENBMB4XDTIxMDQxNDA1MzMzMFoXDTIyMDQxNDE1NTk1OVowgZ4x
CzAJBgNVBAYTAlRXMRgwFgYDVQQKEw9UYWlDQSBTZWN1cmUgQ0ExJzAlBgNVBAoT
HkNlcnRpZmljYXRpb24gU2VydmljZSBQcm92aWRlcjEVMBMGA1UECxMMUkEtRnVi
b25FQ1JBMQ0wCwYDVQQLEwRFQ1BMMRMwEQYDVQQDEwpIMTIyMTkyNTk2MREwDwYJ
KoZIhvcNAQkBFgJAQDCCASIwDQYJKoZIhvcNAQEBBQADggEPADCCAQoCggEBAMlw
xWxpLb5AWPm4RJJLu7nmrd9D0jU/lzSBq3kbXHkpcXVP49rxDlqTuJQZaXkv1iRU
VONfpDpF3G1bhHTraBIfuAT4Q6pQoJkvzlEzDHi0D2rLk1iwy7QRlywDQ8CR50ix
rgyE8pMnRx0JgH3QfhCfw7Tg95mN1DLCIz2OhXhBQnnQ6G19TXRmVvMQq/NeZ6kP
ARsDLCCjZSTAH0GFOtW6s/kEo9ukuZX0Dxng7IQZsrDpZ7PJTGhU52Jb4gdCBc4V
/f1A/2mWVWS6GtUVUL04h/fEJMBu29RnrRMhaauxcUuKAjzp4GILnIoxnj24OsV+
EabFBFU/b76OwnXur3kCAwEAAaOCAQowggEGMB8GA1UdIwQYMBaAFMCyGRLSygeo
wv1MtkGHtP+jDve3MB0GA1UdDgQWBBTgTP1gyOcfok3PQiHTpwXUACbkkTBIBgNV
HR8EQTA/MD2gO6A5hjdodHRwOi8vaXRheC50d2NhLmNvbS50dy9lY3BsdXMvZWNw
bHVzX1VDQV8yMDE4X3NoYTEuY3JsMF8GA1UdIARYMFYwVAYHYIZ2AwEDATBJMCMG
CCsGAQUFBwIBFhdodHRwOi8vd3d3LnR3Y2EuY29tLnR3LzAiBggrBgEFBQcCAjAW
GhRSZXN0cmljdGlvbiA9My4yLjIuMjAJBgNVHRMEAjAAMA4GA1UdDwEB/wQEAwIE
8DANBgkqhkiG9w0BAQUFAAOCAQEAeobJkFVRedG50zclbvsmLK46rrGgOfi9fvfV
AM7XAt85WoNKK3sUaGLSSCRHetbvAqU4gxoy+gPT1rCUMnW25MAvMK7zi/g1KG/T
pbKWV39jH0zk3H753/rgtREpHyyY0oVjjHR46BKIgvPBBO9zsL/xNakGmOErL0gT
yIQqQSJ0VhdiG+qHZskzizkx5Lb5WqOstu7xoXHCXBAm93J6aHk2le57amqenAAA
I14E8a6l33Azy60cCEOmU3vEN8VP3t4LqFgokbaTWRTe9EXi0YpwXlj26UIH+DOK
yZWo9UP6GIWSs+HebTmnP4uGEc3Kj+omnaIHicQZHBEkgwX0gDGCAZwwggGYAgEB
MHUwbTELMAkGA1UEBhMCVFcxGzAZBgNVBAoTElRBSVdBTi1DQS5DT00gSW5jLjEn
MCUGA1UECxMeQ2VydGlmaWNhdGlvbiBTZXJ2aWNlIFByb3ZpZGVyMRgwFgYDVQQD
Ew9UYWlDQSBTZWN1cmUgQ0ECBHyNX1MwCQYFKw4DAhoFADANBgkqhkiG9w0BAQEF
AASCAQDA6hH951etD88gHjjVbmUMYel9yit58C9/KYusdg9DLqQY/fCtwteW4Ef4
rSpSX+nZjImFVqdca4G2X3+a+OHRSNeYI6JKFImW3mSC4IVOIuIoUsiQ59EEuBhW
jEqolIseOYq2XSa9nGcYOsv0e0Q0PlMSpyTqHmuX/cwNQ1k48EWkILO0NDnKvKvn
JmI4hwrL8WREMdMaPO2MQA9CQEPhw3ut5NvkLgKykoIAAooSDzDRTHeuWlD61ws7
iMI1/CADhudKZgARyPGa5A8MZ7vZ7i2Cp6TRiOUkalpuj19yRGsgV6UoOuXg/Avl
hXXHRk8qtd2Tmemsk8asjRIzcMby&FUBON_VERSION=0.3.0.10&USERID=H122192596
2021/4/26 下午 04:23:06(623428118) : (5774D56E838A45F1B819E9AB44271503) >> <?xml version='1.0' encoding='big5'?><Result Code='0' ServerTime='20210426-162305'><Data><Row AID="15000-0108360" TDate="20210426" OID="17531304" OrderNo="a00cR" ProductType="0" Session="1" CommID="MXFE1" BS="S" CommID2="" BS2="" PriceType="24" Price="17437" CreateTime="20210426 162306" Cond="I" Offset="2" Qoriginal="1" Qcurrent="1" Qmatched="0" ConfirmTime="" Code="" CodeMsg="" CanCancel="N" CanModify="N" Source="e01API" OrgID="" IsPreOrder="N" AvgPrice="0" UpdateTime="20210426 162306" State="30" Mode="1" StateMsg="委託成功" OrgPrice="17437" /></Data></Result>
2021/4/26 下午 04:23:27(623449442) : (0D23332621EB46C1ADC41F5D33ED68A8) << u0=15000-0108360&u1=H122192596&u3=CMj0sDNQbe4xo/A6qkTFKJFTUOQXEa+/MQ==#F026000&u6=5&u7=159&p0=20210426&p1=0&p2=MXFE1&p3=B&p4=24&p5=0&p6=1&p7=2&p8=I&p9=&p10=&p11=0&p12=8&ca0=H122192596&ca1=x=H122192596:20210426,0,MXFE1,B,24,0,1,2,I,,0,8&ca3=caFubonFAP.dll&ca2=MIIGoQYJKoZIhvcNAQcCoIIGkjCCBo4CAQExCzAJBgUrDgMCGgUAMD4GCSqGSIb3
DQEHAaAxBC94PUgxMjIxOTI1OTY6MjAyMTA0MjYsMCxNWEZFMSxCLDI0LDAsMSwy
LEksLDAsOKCCBJowggSWMIIDfqADAgECAgR8jV9TMA0GCSqGSIb3DQEBBQUAMG0x
CzAJBgNVBAYTAlRXMRswGQYDVQQKExJUQUlXQU4tQ0EuQ09NIEluYy4xJzAlBgNV
BAsTHkNlcnRpZmljYXRpb24gU2VydmljZSBQcm92aWRlcjEYMBYGA1UEAxMPVGFp
Q0EgU2VjdXJlIENBMB4XDTIxMDQxNDA1MzMzMFoXDTIyMDQxNDE1NTk1OVowgZ4x
CzAJBgNVBAYTAlRXMRgwFgYDVQQKEw9UYWlDQSBTZWN1cmUgQ0ExJzAlBgNVBAoT
HkNlcnRpZmljYXRpb24gU2VydmljZSBQcm92aWRlcjEVMBMGA1UECxMMUkEtRnVi
b25FQ1JBMQ0wCwYDVQQLEwRFQ1BMMRMwEQYDVQQDEwpIMTIyMTkyNTk2MREwDwYJ
KoZIhvcNAQkBFgJAQDCCASIwDQYJKoZIhvcNAQEBBQADggEPADCCAQoCggEBAMlw
xWxpLb5AWPm4RJJLu7nmrd9D0jU/lzSBq3kbXHkpcXVP49rxDlqTuJQZaXkv1iRU
VONfpDpF3G1bhHTraBIfuAT4Q6pQoJkvzlEzDHi0D2rLk1iwy7QRlywDQ8CR50ix
rgyE8pMnRx0JgH3QfhCfw7Tg95mN1DLCIz2OhXhBQnnQ6G19TXRmVvMQq/NeZ6kP
ARsDLCCjZSTAH0GFOtW6s/kEo9ukuZX0Dxng7IQZsrDpZ7PJTGhU52Jb4gdCBc4V
/f1A/2mWVWS6GtUVUL04h/fEJMBu29RnrRMhaauxcUuKAjzp4GILnIoxnj24OsV+
EabFBFU/b76OwnXur3kCAwEAAaOCAQowggEGMB8GA1UdIwQYMBaAFMCyGRLSygeo
wv1MtkGHtP+jDve3MB0GA1UdDgQWBBTgTP1gyOcfok3PQiHTpwXUACbkkTBIBgNV
HR8EQTA/MD2gO6A5hjdodHRwOi8vaXRheC50d2NhLmNvbS50dy9lY3BsdXMvZWNw
bHVzX1VDQV8yMDE4X3NoYTEuY3JsMF8GA1UdIARYMFYwVAYHYIZ2AwEDATBJMCMG
CCsGAQUFBwIBFhdodHRwOi8vd3d3LnR3Y2EuY29tLnR3LzAiBggrBgEFBQcCAjAW
GhRSZXN0cmljdGlvbiA9My4yLjIuMjAJBgNVHRMEAjAAMA4GA1UdDwEB/wQEAwIE
8DANBgkqhkiG9w0BAQUFAAOCAQEAeobJkFVRedG50zclbvsmLK46rrGgOfi9fvfV
AM7XAt85WoNKK3sUaGLSSCRHetbvAqU4gxoy+gPT1rCUMnW25MAvMK7zi/g1KG/T
pbKWV39jH0zk3H753/rgtREpHyyY0oVjjHR46BKIgvPBBO9zsL/xNakGmOErL0gT
yIQqQSJ0VhdiG+qHZskzizkx5Lb5WqOstu7xoXHCXBAm93J6aHk2le57amqenAAA
I14E8a6l33Azy60cCEOmU3vEN8VP3t4LqFgokbaTWRTe9EXi0YpwXlj26UIH+DOK
yZWo9UP6GIWSs+HebTmnP4uGEc3Kj+omnaIHicQZHBEkgwX0gDGCAZwwggGYAgEB
MHUwbTELMAkGA1UEBhMCVFcxGzAZBgNVBAoTElRBSVdBTi1DQS5DT00gSW5jLjEn
MCUGA1UECxMeQ2VydGlmaWNhdGlvbiBTZXJ2aWNlIFByb3ZpZGVyMRgwFgYDVQQD
Ew9UYWlDQSBTZWN1cmUgQ0ECBHyNX1MwCQYFKw4DAhoFADANBgkqhkiG9w0BAQEF
AASCAQCggWtwOllmnfmWu0AOvfUnaSUBZY94QU2g6WYVQs7lrJLWiAeplhQwQFQA
js/TF+qecwscFkM0bOuhUDlrU3NlaUC9Y6Vnb8hy0yGvn5Z2vSVdwYK6aKHWHLU5
T5OS2Xi20FTgjtZjmkYv4UYLjlYS6cPUiJ7EtNB6ftmSR/SyNW/0tPE6FEFI2ej7
x+87ugkp3dRvhg8ZgHCULb/GL3X4OhxukpcQMkDnKuiHouiGrf4FfhAZ9pg+pjVJ
ilmdE61mow5saBuhEDl549kwa4KfXykcwDhHenQeVGalNRYiZ6+EDkQRHD+u53e3
gDq8to8QNo2FQiTaqT9ANmfmoTfj&FUBON_VERSION=0.3.0.10&USERID=H122192596
2021/4/26 下午 04:23:27(623449611) : (0D23332621EB46C1ADC41F5D33ED68A8) >> <?xml version='1.0' encoding='big5'?><Result Code='0' ServerTime='20210426-162327'><Data><Row AID="15000-0108360" TDate="20210426" OID="17531310" OrderNo="a00cb" ProductType="0" Session="1" CommID="MXFE1" BS="B" CommID2="" BS2="" PriceType="24" Price="17615" CreateTime="20210426 162327" Cond="I" Offset="2" Qoriginal="1" Qcurrent="1" Qmatched="0" ConfirmTime="" Code="" CodeMsg="" CanCancel="N" CanModify="N" Source="e01API" OrgID="" IsPreOrder="N" AvgPrice="0" UpdateTime="20210426 162327" State="30" Mode="1" StateMsg="委託成功" OrgPrice="17615" /></Data></Result>
2021/4/26 下午 04:23:38(623459967) : (537858C4715D4834A4125775BA9EA199) << u0=15000-0108360&u1=H122192596&u3=CMj0sDNQbe4xo/A6qkTFKJFTUOQXEa+/MQ==#F026000&u6=5&u7=159&p0=20210426&p1=0&p2=MXFE1&p3=B&p4=24&p5=0&p6=1&p7=2&p8=I&p9=&p10=&p11=0&p12=8&ca0=H122192596&ca1=x=H122192596:20210426,0,MXFE1,B,24,0,1,2,I,,0,8&ca3=caFubonFAP.dll&ca2=MIIGoQYJKoZIhvcNAQcCoIIGkjCCBo4CAQExCzAJBgUrDgMCGgUAMD4GCSqGSIb3
DQEHAaAxBC94PUgxMjIxOTI1OTY6MjAyMTA0MjYsMCxNWEZFMSxCLDI0LDAsMSwy
LEksLDAsOKCCBJowggSWMIIDfqADAgECAgR8jV9TMA0GCSqGSIb3DQEBBQUAMG0x
CzAJBgNVBAYTAlRXMRswGQYDVQQKExJUQUlXQU4tQ0EuQ09NIEluYy4xJzAlBgNV
BAsTHkNlcnRpZmljYXRpb24gU2VydmljZSBQcm92aWRlcjEYMBYGA1UEAxMPVGFp
Q0EgU2VjdXJlIENBMB4XDTIxMDQxNDA1MzMzMFoXDTIyMDQxNDE1NTk1OVowgZ4x
CzAJBgNVBAYTAlRXMRgwFgYDVQQKEw9UYWlDQSBTZWN1cmUgQ0ExJzAlBgNVBAoT
HkNlcnRpZmljYXRpb24gU2VydmljZSBQcm92aWRlcjEVMBMGA1UECxMMUkEtRnVi
b25FQ1JBMQ0wCwYDVQQLEwRFQ1BMMRMwEQYDVQQDEwpIMTIyMTkyNTk2MREwDwYJ
KoZIhvcNAQkBFgJAQDCCASIwDQYJKoZIhvcNAQEBBQADggEPADCCAQoCggEBAMlw
xWxpLb5AWPm4RJJLu7nmrd9D0jU/lzSBq3kbXHkpcXVP49rxDlqTuJQZaXkv1iRU
VONfpDpF3G1bhHTraBIfuAT4Q6pQoJkvzlEzDHi0D2rLk1iwy7QRlywDQ8CR50ix
rgyE8pMnRx0JgH3QfhCfw7Tg95mN1DLCIz2OhXhBQnnQ6G19TXRmVvMQq/NeZ6kP
ARsDLCCjZSTAH0GFOtW6s/kEo9ukuZX0Dxng7IQZsrDpZ7PJTGhU52Jb4gdCBc4V
/f1A/2mWVWS6GtUVUL04h/fEJMBu29RnrRMhaauxcUuKAjzp4GILnIoxnj24OsV+
EabFBFU/b76OwnXur3kCAwEAAaOCAQowggEGMB8GA1UdIwQYMBaAFMCyGRLSygeo
wv1MtkGHtP+jDve3MB0GA1UdDgQWBBTgTP1gyOcfok3PQiHTpwXUACbkkTBIBgNV
HR8EQTA/MD2gO6A5hjdodHRwOi8vaXRheC50d2NhLmNvbS50dy9lY3BsdXMvZWNw
bHVzX1VDQV8yMDE4X3NoYTEuY3JsMF8GA1UdIARYMFYwVAYHYIZ2AwEDATBJMCMG
CCsGAQUFBwIBFhdodHRwOi8vd3d3LnR3Y2EuY29tLnR3LzAiBggrBgEFBQcCAjAW
GhRSZXN0cmljdGlvbiA9My4yLjIuMjAJBgNVHRMEAjAAMA4GA1UdDwEB/wQEAwIE
8DANBgkqhkiG9w0BAQUFAAOCAQEAeobJkFVRedG50zclbvsmLK46rrGgOfi9fvfV
AM7XAt85WoNKK3sUaGLSSCRHetbvAqU4gxoy+gPT1rCUMnW25MAvMK7zi/g1KG/T
pbKWV39jH0zk3H753/rgtREpHyyY0oVjjHR46BKIgvPBBO9zsL/xNakGmOErL0gT
yIQqQSJ0VhdiG+qHZskzizkx5Lb5WqOstu7xoXHCXBAm93J6aHk2le57amqenAAA
I14E8a6l33Azy60cCEOmU3vEN8VP3t4LqFgokbaTWRTe9EXi0YpwXlj26UIH+DOK
yZWo9UP6GIWSs+HebTmnP4uGEc3Kj+omnaIHicQZHBEkgwX0gDGCAZwwggGYAgEB
MHUwbTELMAkGA1UEBhMCVFcxGzAZBgNVBAoTElRBSVdBTi1DQS5DT00gSW5jLjEn
MCUGA1UECxMeQ2VydGlmaWNhdGlvbiBTZXJ2aWNlIFByb3ZpZGVyMRgwFgYDVQQD
Ew9UYWlDQSBTZWN1cmUgQ0ECBHyNX1MwCQYFKw4DAhoFADANBgkqhkiG9w0BAQEF
AASCAQCggWtwOllmnfmWu0AOvfUnaSUBZY94QU2g6WYVQs7lrJLWiAeplhQwQFQA
js/TF+qecwscFkM0bOuhUDlrU3NlaUC9Y6Vnb8hy0yGvn5Z2vSVdwYK6aKHWHLU5
T5OS2Xi20FTgjtZjmkYv4UYLjlYS6cPUiJ7EtNB6ftmSR/SyNW/0tPE6FEFI2ej7
x+87ugkp3dRvhg8ZgHCULb/GL3X4OhxukpcQMkDnKuiHouiGrf4FfhAZ9pg+pjVJ
ilmdE61mow5saBuhEDl549kwa4KfXykcwDhHenQeVGalNRYiZ6+EDkQRHD+u53e3
gDq8to8QNo2FQiTaqT9ANmfmoTfj&FUBON_VERSION=0.3.0.10&USERID=H122192596
2021/4/26 下午 04:23:38(623460172) : (537858C4715D4834A4125775BA9EA199) >> <?xml version='1.0' encoding='big5'?><Result Code='0' ServerTime='20210426-162337'><Data><Row AID="15000-0108360" TDate="20210426" OID="17531321" OrderNo="a00cm" ProductType="0" Session="1" CommID="MXFE1" BS="B" CommID2="" BS2="" PriceType="24" Price="17615" CreateTime="20210426 162338" Cond="I" Offset="2" Qoriginal="1" Qcurrent="1" Qmatched="0" ConfirmTime="" Code="" CodeMsg="" CanCancel="N" CanModify="N" Source="e01API" OrgID="" IsPreOrder="N" AvgPrice="0" UpdateTime="20210426 162338" State="30" Mode="1" StateMsg="委託成功" OrgPrice="17615" /></Data></Result>
2021/4/26 下午 04:59:37(625621490) : (457CAB18E6834D45B8D4524A6E843952) << u0=15000-0108360&u1=H122192596&u3=CMj0sDNQbe4xo/A6qkTFKJFTUOQXEa+/MQ==#F026000&u6=5&u7=159&p0=20210426&p1=0&p2=MXFE1&p3=B&p4=24&p5=0&p6=1&p7=2&p8=I&p9=&p10=&p11=0&p12=8&ca0=H122192596&ca1=x=H122192596:20210426,0,MXFE1,B,24,0,1,2,I,,0,8&ca3=caFubonFAP.dll&ca2=MIIGoQYJKoZIhvcNAQcCoIIGkjCCBo4CAQExCzAJBgUrDgMCGgUAMD4GCSqGSIb3
DQEHAaAxBC94PUgxMjIxOTI1OTY6MjAyMTA0MjYsMCxNWEZFMSxCLDI0LDAsMSwy
LEksLDAsOKCCBJowggSWMIIDfqADAgECAgR8jV9TMA0GCSqGSIb3DQEBBQUAMG0x
CzAJBgNVBAYTAlRXMRswGQYDVQQKExJUQUlXQU4tQ0EuQ09NIEluYy4xJzAlBgNV
BAsTHkNlcnRpZmljYXRpb24gU2VydmljZSBQcm92aWRlcjEYMBYGA1UEAxMPVGFp
Q0EgU2VjdXJlIENBMB4XDTIxMDQxNDA1MzMzMFoXDTIyMDQxNDE1NTk1OVowgZ4x
CzAJBgNVBAYTAlRXMRgwFgYDVQQKEw9UYWlDQSBTZWN1cmUgQ0ExJzAlBgNVBAoT
HkNlcnRpZmljYXRpb24gU2VydmljZSBQcm92aWRlcjEVMBMGA1UECxMMUkEtRnVi
b25FQ1JBMQ0wCwYDVQQLEwRFQ1BMMRMwEQYDVQQDEwpIMTIyMTkyNTk2MREwDwYJ
KoZIhvcNAQkBFgJAQDCCASIwDQYJKoZIhvcNAQEBBQADggEPADCCAQoCggEBAMlw
xWxpLb5AWPm4RJJLu7nmrd9D0jU/lzSBq3kbXHkpcXVP49rxDlqTuJQZaXkv1iRU
VONfpDpF3G1bhHTraBIfuAT4Q6pQoJkvzlEzDHi0D2rLk1iwy7QRlywDQ8CR50ix
rgyE8pMnRx0JgH3QfhCfw7Tg95mN1DLCIz2OhXhBQnnQ6G19TXRmVvMQq/NeZ6kP
ARsDLCCjZSTAH0GFOtW6s/kEo9ukuZX0Dxng7IQZsrDpZ7PJTGhU52Jb4gdCBc4V
/f1A/2mWVWS6GtUVUL04h/fEJMBu29RnrRMhaauxcUuKAjzp4GILnIoxnj24OsV+
EabFBFU/b76OwnXur3kCAwEAAaOCAQowggEGMB8GA1UdIwQYMBaAFMCyGRLSygeo
wv1MtkGHtP+jDve3MB0GA1UdDgQWBBTgTP1gyOcfok3PQiHTpwXUACbkkTBIBgNV
HR8EQTA/MD2gO6A5hjdodHRwOi8vaXRheC50d2NhLmNvbS50dy9lY3BsdXMvZWNw
bHVzX1VDQV8yMDE4X3NoYTEuY3JsMF8GA1UdIARYMFYwVAYHYIZ2AwEDATBJMCMG
CCsGAQUFBwIBFhdodHRwOi8vd3d3LnR3Y2EuY29tLnR3LzAiBggrBgEFBQcCAjAW
GhRSZXN0cmljdGlvbiA9My4yLjIuMjAJBgNVHRMEAjAAMA4GA1UdDwEB/wQEAwIE
8DANBgkqhkiG9w0BAQUFAAOCAQEAeobJkFVRedG50zclbvsmLK46rrGgOfi9fvfV
AM7XAt85WoNKK3sUaGLSSCRHetbvAqU4gxoy+gPT1rCUMnW25MAvMK7zi/g1KG/T
pbKWV39jH0zk3H753/rgtREpHyyY0oVjjHR46BKIgvPBBO9zsL/xNakGmOErL0gT
yIQqQSJ0VhdiG+qHZskzizkx5Lb5WqOstu7xoXHCXBAm93J6aHk2le57amqenAAA
I14E8a6l33Azy60cCEOmU3vEN8VP3t4LqFgokbaTWRTe9EXi0YpwXlj26UIH+DOK
yZWo9UP6GIWSs+HebTmnP4uGEc3Kj+omnaIHicQZHBEkgwX0gDGCAZwwggGYAgEB
MHUwbTELMAkGA1UEBhMCVFcxGzAZBgNVBAoTElRBSVdBTi1DQS5DT00gSW5jLjEn
MCUGA1UECxMeQ2VydGlmaWNhdGlvbiBTZXJ2aWNlIFByb3ZpZGVyMRgwFgYDVQQD
Ew9UYWlDQSBTZWN1cmUgQ0ECBHyNX1MwCQYFKw4DAhoFADANBgkqhkiG9w0BAQEF
AASCAQCggWtwOllmnfmWu0AOvfUnaSUBZY94QU2g6WYVQs7lrJLWiAeplhQwQFQA
js/TF+qecwscFkM0bOuhUDlrU3NlaUC9Y6Vnb8hy0yGvn5Z2vSVdwYK6aKHWHLU5
T5OS2Xi20FTgjtZjmkYv4UYLjlYS6cPUiJ7EtNB6ftmSR/SyNW/0tPE6FEFI2ej7
x+87ugkp3dRvhg8ZgHCULb/GL3X4OhxukpcQMkDnKuiHouiGrf4FfhAZ9pg+pjVJ
ilmdE61mow5saBuhEDl549kwa4KfXykcwDhHenQeVGalNRYiZ6+EDkQRHD+u53e3
gDq8to8QNo2FQiTaqT9ANmfmoTfj&FUBON_VERSION=0.3.0.10&USERID=H122192596
2021/4/26 下午 04:59:37(625621661) : (457CAB18E6834D45B8D4524A6E843952) >> <?xml version='1.0' encoding='big5'?><Result Code='0' ServerTime='20210426-165939'><Data><Row AID="15000-0108360" TDate="20210426" OID="17531834" OrderNo="a00nx" ProductType="0" Session="1" CommID="MXFE1" BS="B" CommID2="" BS2="" PriceType="24" Price="17606" CreateTime="20210426 165939" Cond="I" Offset="2" Qoriginal="1" Qcurrent="1" Qmatched="0" ConfirmTime="" Code="" CodeMsg="" CanCancel="N" CanModify="N" Source="e01API" OrgID="" IsPreOrder="N" AvgPrice="0" UpdateTime="20210426 165939" State="30" Mode="1" StateMsg="委託成功" OrgPrice="17606" /></Data></Result>
2021/4/26 下午 04:59:55(625639121) : (92ADA1E1874A4EFDA6771D80FB3F2C54) << u0=15000-0108360&u1=H122192596&u3=CMj0sDNQbe4xo/A6qkTFKJFTUOQXEa+/MQ==#F026000&u6=5&u7=159&p0=20210426&p1=0&p2=MXFE1&p3=S&p4=24&p5=0&p6=1&p7=2&p8=I&p9=&p10=&p11=0&p12=8&ca0=H122192596&ca1=x=H122192596:20210426,0,MXFE1,S,24,0,1,2,I,,0,8&ca3=caFubonFAP.dll&ca2=MIIGoQYJKoZIhvcNAQcCoIIGkjCCBo4CAQExCzAJBgUrDgMCGgUAMD4GCSqGSIb3
DQEHAaAxBC94PUgxMjIxOTI1OTY6MjAyMTA0MjYsMCxNWEZFMSxTLDI0LDAsMSwy
LEksLDAsOKCCBJowggSWMIIDfqADAgECAgR8jV9TMA0GCSqGSIb3DQEBBQUAMG0x
CzAJBgNVBAYTAlRXMRswGQYDVQQKExJUQUlXQU4tQ0EuQ09NIEluYy4xJzAlBgNV
BAsTHkNlcnRpZmljYXRpb24gU2VydmljZSBQcm92aWRlcjEYMBYGA1UEAxMPVGFp
Q0EgU2VjdXJlIENBMB4XDTIxMDQxNDA1MzMzMFoXDTIyMDQxNDE1NTk1OVowgZ4x
CzAJBgNVBAYTAlRXMRgwFgYDVQQKEw9UYWlDQSBTZWN1cmUgQ0ExJzAlBgNVBAoT
HkNlcnRpZmljYXRpb24gU2VydmljZSBQcm92aWRlcjEVMBMGA1UECxMMUkEtRnVi
b25FQ1JBMQ0wCwYDVQQLEwRFQ1BMMRMwEQYDVQQDEwpIMTIyMTkyNTk2MREwDwYJ
KoZIhvcNAQkBFgJAQDCCASIwDQYJKoZIhvcNAQEBBQADggEPADCCAQoCggEBAMlw
xWxpLb5AWPm4RJJLu7nmrd9D0jU/lzSBq3kbXHkpcXVP49rxDlqTuJQZaXkv1iRU
VONfpDpF3G1bhHTraBIfuAT4Q6pQoJkvzlEzDHi0D2rLk1iwy7QRlywDQ8CR50ix
rgyE8pMnRx0JgH3QfhCfw7Tg95mN1DLCIz2OhXhBQnnQ6G19TXRmVvMQq/NeZ6kP
ARsDLCCjZSTAH0GFOtW6s/kEo9ukuZX0Dxng7IQZsrDpZ7PJTGhU52Jb4gdCBc4V
/f1A/2mWVWS6GtUVUL04h/fEJMBu29RnrRMhaauxcUuKAjzp4GILnIoxnj24OsV+
EabFBFU/b76OwnXur3kCAwEAAaOCAQowggEGMB8GA1UdIwQYMBaAFMCyGRLSygeo
wv1MtkGHtP+jDve3MB0GA1UdDgQWBBTgTP1gyOcfok3PQiHTpwXUACbkkTBIBgNV
HR8EQTA/MD2gO6A5hjdodHRwOi8vaXRheC50d2NhLmNvbS50dy9lY3BsdXMvZWNw
bHVzX1VDQV8yMDE4X3NoYTEuY3JsMF8GA1UdIARYMFYwVAYHYIZ2AwEDATBJMCMG
CCsGAQUFBwIBFhdodHRwOi8vd3d3LnR3Y2EuY29tLnR3LzAiBggrBgEFBQcCAjAW
GhRSZXN0cmljdGlvbiA9My4yLjIuMjAJBgNVHRMEAjAAMA4GA1UdDwEB/wQEAwIE
8DANBgkqhkiG9w0BAQUFAAOCAQEAeobJkFVRedG50zclbvsmLK46rrGgOfi9fvfV
AM7XAt85WoNKK3sUaGLSSCRHetbvAqU4gxoy+gPT1rCUMnW25MAvMK7zi/g1KG/T
pbKWV39jH0zk3H753/rgtREpHyyY0oVjjHR46BKIgvPBBO9zsL/xNakGmOErL0gT
yIQqQSJ0VhdiG+qHZskzizkx5Lb5WqOstu7xoXHCXBAm93J6aHk2le57amqenAAA
I14E8a6l33Azy60cCEOmU3vEN8VP3t4LqFgokbaTWRTe9EXi0YpwXlj26UIH+DOK
yZWo9UP6GIWSs+HebTmnP4uGEc3Kj+omnaIHicQZHBEkgwX0gDGCAZwwggGYAgEB
MHUwbTELMAkGA1UEBhMCVFcxGzAZBgNVBAoTElRBSVdBTi1DQS5DT00gSW5jLjEn
MCUGA1UECxMeQ2VydGlmaWNhdGlvbiBTZXJ2aWNlIFByb3ZpZGVyMRgwFgYDVQQD
Ew9UYWlDQSBTZWN1cmUgQ0ECBHyNX1MwCQYFKw4DAhoFADANBgkqhkiG9w0BAQEF
AASCAQDA6hH951etD88gHjjVbmUMYel9yit58C9/KYusdg9DLqQY/fCtwteW4Ef4
rSpSX+nZjImFVqdca4G2X3+a+OHRSNeYI6JKFImW3mSC4IVOIuIoUsiQ59EEuBhW
jEqolIseOYq2XSa9nGcYOsv0e0Q0PlMSpyTqHmuX/cwNQ1k48EWkILO0NDnKvKvn
JmI4hwrL8WREMdMaPO2MQA9CQEPhw3ut5NvkLgKykoIAAooSDzDRTHeuWlD61ws7
iMI1/CADhudKZgARyPGa5A8MZ7vZ7i2Cp6TRiOUkalpuj19yRGsgV6UoOuXg/Avl
hXXHRk8qtd2Tmemsk8asjRIzcMby&FUBON_VERSION=0.3.0.10&USERID=H122192596
2021/4/26 下午 04:59:55(625639352) : (92ADA1E1874A4EFDA6771D80FB3F2C54) >> <?xml version='1.0' encoding='big5'?><Result Code='0' ServerTime='20210426-165956'><Data><Row AID="15000-0108360" TDate="20210426" OID="17531842" OrderNo="a00o5" ProductType="0" Session="1" CommID="MXFE1" BS="S" CommID2="" BS2="" PriceType="24" Price="17432" CreateTime="20210426 165957" Cond="I" Offset="2" Qoriginal="1" Qcurrent="1" Qmatched="0" ConfirmTime="" Code="" CodeMsg="" CanCancel="N" CanModify="N" Source="e01API" OrgID="" IsPreOrder="N" AvgPrice="0" UpdateTime="20210426 165957" State="30" Mode="1" StateMsg="委託成功" OrgPrice="17432" /></Data></Result>
2021/4/26 下午 05:20:51(626895602) : (3CD8D3E75FC2426F8C96B74B3567BFBB) << u0=15000-0108360&u1=H122192596&u3=CMj0sDNQbe4xo/A6qkTFKJFTUOQXEa+/MQ==#F026000&u6=5&u7=159&p0=20210426&p1=0&p2=MXFE1&p3=B&p4=24&p5=0&p6=1&p7=2&p8=I&p9=&p10=&p11=0&p12=8&ca0=H122192596&ca1=x=H122192596:20210426,0,MXFE1,B,24,0,1,2,I,,0,8&ca3=caFubonFAP.dll&ca2=MIIGoQYJKoZIhvcNAQcCoIIGkjCCBo4CAQExCzAJBgUrDgMCGgUAMD4GCSqGSIb3
DQEHAaAxBC94PUgxMjIxOTI1OTY6MjAyMTA0MjYsMCxNWEZFMSxCLDI0LDAsMSwy
LEksLDAsOKCCBJowggSWMIIDfqADAgECAgR8jV9TMA0GCSqGSIb3DQEBBQUAMG0x
CzAJBgNVBAYTAlRXMRswGQYDVQQKExJUQUlXQU4tQ0EuQ09NIEluYy4xJzAlBgNV
BAsTHkNlcnRpZmljYXRpb24gU2VydmljZSBQcm92aWRlcjEYMBYGA1UEAxMPVGFp
Q0EgU2VjdXJlIENBMB4XDTIxMDQxNDA1MzMzMFoXDTIyMDQxNDE1NTk1OVowgZ4x
CzAJBgNVBAYTAlRXMRgwFgYDVQQKEw9UYWlDQSBTZWN1cmUgQ0ExJzAlBgNVBAoT
HkNlcnRpZmljYXRpb24gU2VydmljZSBQcm92aWRlcjEVMBMGA1UECxMMUkEtRnVi
b25FQ1JBMQ0wCwYDVQQLEwRFQ1BMMRMwEQYDVQQDEwpIMTIyMTkyNTk2MREwDwYJ
KoZIhvcNAQkBFgJAQDCCASIwDQYJKoZIhvcNAQEBBQADggEPADCCAQoCggEBAMlw
xWxpLb5AWPm4RJJLu7nmrd9D0jU/lzSBq3kbXHkpcXVP49rxDlqTuJQZaXkv1iRU
VONfpDpF3G1bhHTraBIfuAT4Q6pQoJkvzlEzDHi0D2rLk1iwy7QRlywDQ8CR50ix
rgyE8pMnRx0JgH3QfhCfw7Tg95mN1DLCIz2OhXhBQnnQ6G19TXRmVvMQq/NeZ6kP
ARsDLCCjZSTAH0GFOtW6s/kEo9ukuZX0Dxng7IQZsrDpZ7PJTGhU52Jb4gdCBc4V
/f1A/2mWVWS6GtUVUL04h/fEJMBu29RnrRMhaauxcUuKAjzp4GILnIoxnj24OsV+
EabFBFU/b76OwnXur3kCAwEAAaOCAQowggEGMB8GA1UdIwQYMBaAFMCyGRLSygeo
wv1MtkGHtP+jDve3MB0GA1UdDgQWBBTgTP1gyOcfok3PQiHTpwXUACbkkTBIBgNV
HR8EQTA/MD2gO6A5hjdodHRwOi8vaXRheC50d2NhLmNvbS50dy9lY3BsdXMvZWNw
bHVzX1VDQV8yMDE4X3NoYTEuY3JsMF8GA1UdIARYMFYwVAYHYIZ2AwEDATBJMCMG
CCsGAQUFBwIBFhdodHRwOi8vd3d3LnR3Y2EuY29tLnR3LzAiBggrBgEFBQcCAjAW
GhRSZXN0cmljdGlvbiA9My4yLjIuMjAJBgNVHRMEAjAAMA4GA1UdDwEB/wQEAwIE
8DANBgkqhkiG9w0BAQUFAAOCAQEAeobJkFVRedG50zclbvsmLK46rrGgOfi9fvfV
AM7XAt85WoNKK3sUaGLSSCRHetbvAqU4gxoy+gPT1rCUMnW25MAvMK7zi/g1KG/T
pbKWV39jH0zk3H753/rgtREpHyyY0oVjjHR46BKIgvPBBO9zsL/xNakGmOErL0gT
yIQqQSJ0VhdiG+qHZskzizkx5Lb5WqOstu7xoXHCXBAm93J6aHk2le57amqenAAA
I14E8a6l33Azy60cCEOmU3vEN8VP3t4LqFgokbaTWRTe9EXi0YpwXlj26UIH+DOK
yZWo9UP6GIWSs+HebTmnP4uGEc3Kj+omnaIHicQZHBEkgwX0gDGCAZwwggGYAgEB
MHUwbTELMAkGA1UEBhMCVFcxGzAZBgNVBAoTElRBSVdBTi1DQS5DT00gSW5jLjEn
MCUGA1UECxMeQ2VydGlmaWNhdGlvbiBTZXJ2aWNlIFByb3ZpZGVyMRgwFgYDVQQD
Ew9UYWlDQSBTZWN1cmUgQ0ECBHyNX1MwCQYFKw4DAhoFADANBgkqhkiG9w0BAQEF
AASCAQCggWtwOllmnfmWu0AOvfUnaSUBZY94QU2g6WYVQs7lrJLWiAeplhQwQFQA
js/TF+qecwscFkM0bOuhUDlrU3NlaUC9Y6Vnb8hy0yGvn5Z2vSVdwYK6aKHWHLU5
T5OS2Xi20FTgjtZjmkYv4UYLjlYS6cPUiJ7EtNB6ftmSR/SyNW/0tPE6FEFI2ej7
x+87ugkp3dRvhg8ZgHCULb/GL3X4OhxukpcQMkDnKuiHouiGrf4FfhAZ9pg+pjVJ
ilmdE61mow5saBuhEDl549kwa4KfXykcwDhHenQeVGalNRYiZ6+EDkQRHD+u53e3
gDq8to8QNo2FQiTaqT9ANmfmoTfj&FUBON_VERSION=0.3.0.10&USERID=H122192596
2021/4/26 下午 05:20:51(626895906) : (3CD8D3E75FC2426F8C96B74B3567BFBB) >> <?xml version='1.0' encoding='big5'?><Result Code='0' ServerTime='20210426-172053'><Data><Row AID="15000-0108360" TDate="20210426" OID="17532004" OrderNo="a00s0" ProductType="0" Session="1" CommID="MXFE1" BS="B" CommID2="" BS2="" PriceType="24" Price="17617" CreateTime="20210426 172053" Cond="I" Offset="2" Qoriginal="1" Qcurrent="1" Qmatched="0" ConfirmTime="" Code="" CodeMsg="" CanCancel="N" CanModify="N" Source="e01API" OrgID="" IsPreOrder="N" AvgPrice="0" UpdateTime="20210426 172053" State="30" Mode="1" StateMsg="委託成功" OrgPrice="17617" /></Data></Result>
2021/4/26 下午 05:25:49(627193250) : (1378F7143224448D83966A2CFD07D3D7) << u0=15000-0108360&u1=H122192596&u3=CMj0sDNQbe4xo/A6qkTFKJFTUOQXEa+/MQ==#F026000&u6=5&u7=159&p0=20210426&p1=0&p2=MXFE1&p3=S&p4=24&p5=0&p6=1&p7=2&p8=I&p9=&p10=&p11=0&p12=8&ca0=H122192596&ca1=x=H122192596:20210426,0,MXFE1,S,24,0,1,2,I,,0,8&ca3=caFubonFAP.dll&ca2=MIIGoQYJKoZIhvcNAQcCoIIGkjCCBo4CAQExCzAJBgUrDgMCGgUAMD4GCSqGSIb3
DQEHAaAxBC94PUgxMjIxOTI1OTY6MjAyMTA0MjYsMCxNWEZFMSxTLDI0LDAsMSwy
LEksLDAsOKCCBJowggSWMIIDfqADAgECAgR8jV9TMA0GCSqGSIb3DQEBBQUAMG0x
CzAJBgNVBAYTAlRXMRswGQYDVQQKExJUQUlXQU4tQ0EuQ09NIEluYy4xJzAlBgNV
BAsTHkNlcnRpZmljYXRpb24gU2VydmljZSBQcm92aWRlcjEYMBYGA1UEAxMPVGFp
Q0EgU2VjdXJlIENBMB4XDTIxMDQxNDA1MzMzMFoXDTIyMDQxNDE1NTk1OVowgZ4x
CzAJBgNVBAYTAlRXMRgwFgYDVQQKEw9UYWlDQSBTZWN1cmUgQ0ExJzAlBgNVBAoT
HkNlcnRpZmljYXRpb24gU2VydmljZSBQcm92aWRlcjEVMBMGA1UECxMMUkEtRnVi
b25FQ1JBMQ0wCwYDVQQLEwRFQ1BMMRMwEQYDVQQDEwpIMTIyMTkyNTk2MREwDwYJ
KoZIhvcNAQkBFgJAQDCCASIwDQYJKoZIhvcNAQEBBQADggEPADCCAQoCggEBAMlw
xWxpLb5AWPm4RJJLu7nmrd9D0jU/lzSBq3kbXHkpcXVP49rxDlqTuJQZaXkv1iRU
VONfpDpF3G1bhHTraBIfuAT4Q6pQoJkvzlEzDHi0D2rLk1iwy7QRlywDQ8CR50ix
rgyE8pMnRx0JgH3QfhCfw7Tg95mN1DLCIz2OhXhBQnnQ6G19TXRmVvMQq/NeZ6kP
ARsDLCCjZSTAH0GFOtW6s/kEo9ukuZX0Dxng7IQZsrDpZ7PJTGhU52Jb4gdCBc4V
/f1A/2mWVWS6GtUVUL04h/fEJMBu29RnrRMhaauxcUuKAjzp4GILnIoxnj24OsV+
EabFBFU/b76OwnXur3kCAwEAAaOCAQowggEGMB8GA1UdIwQYMBaAFMCyGRLSygeo
wv1MtkGHtP+jDve3MB0GA1UdDgQWBBTgTP1gyOcfok3PQiHTpwXUACbkkTBIBgNV
HR8EQTA/MD2gO6A5hjdodHRwOi8vaXRheC50d2NhLmNvbS50dy9lY3BsdXMvZWNw
bHVzX1VDQV8yMDE4X3NoYTEuY3JsMF8GA1UdIARYMFYwVAYHYIZ2AwEDATBJMCMG
CCsGAQUFBwIBFhdodHRwOi8vd3d3LnR3Y2EuY29tLnR3LzAiBggrBgEFBQcCAjAW
GhRSZXN0cmljdGlvbiA9My4yLjIuMjAJBgNVHRMEAjAAMA4GA1UdDwEB/wQEAwIE
8DANBgkqhkiG9w0BAQUFAAOCAQEAeobJkFVRedG50zclbvsmLK46rrGgOfi9fvfV
AM7XAt85WoNKK3sUaGLSSCRHetbvAqU4gxoy+gPT1rCUMnW25MAvMK7zi/g1KG/T
pbKWV39jH0zk3H753/rgtREpHyyY0oVjjHR46BKIgvPBBO9zsL/xNakGmOErL0gT
yIQqQSJ0VhdiG+qHZskzizkx5Lb5WqOstu7xoXHCXBAm93J6aHk2le57amqenAAA
I14E8a6l33Azy60cCEOmU3vEN8VP3t4LqFgokbaTWRTe9EXi0YpwXlj26UIH+DOK
yZWo9UP6GIWSs+HebTmnP4uGEc3Kj+omnaIHicQZHBEkgwX0gDGCAZwwggGYAgEB
MHUwbTELMAkGA1UEBhMCVFcxGzAZBgNVBAoTElRBSVdBTi1DQS5DT00gSW5jLjEn
MCUGA1UECxMeQ2VydGlmaWNhdGlvbiBTZXJ2aWNlIFByb3ZpZGVyMRgwFgYDVQQD
Ew9UYWlDQSBTZWN1cmUgQ0ECBHyNX1MwCQYFKw4DAhoFADANBgkqhkiG9w0BAQEF
AASCAQDA6hH951etD88gHjjVbmUMYel9yit58C9/KYusdg9DLqQY/fCtwteW4Ef4
rSpSX+nZjImFVqdca4G2X3+a+OHRSNeYI6JKFImW3mSC4IVOIuIoUsiQ59EEuBhW
jEqolIseOYq2XSa9nGcYOsv0e0Q0PlMSpyTqHmuX/cwNQ1k48EWkILO0NDnKvKvn
JmI4hwrL8WREMdMaPO2MQA9CQEPhw3ut5NvkLgKykoIAAooSDzDRTHeuWlD61ws7
iMI1/CADhudKZgARyPGa5A8MZ7vZ7i2Cp6TRiOUkalpuj19yRGsgV6UoOuXg/Avl
hXXHRk8qtd2Tmemsk8asjRIzcMby&FUBON_VERSION=0.3.0.10&USERID=H122192596
2021/4/26 下午 05:25:49(627193381) : (1378F7143224448D83966A2CFD07D3D7) >> <?xml version='1.0' encoding='big5'?><Result Code='0' ServerTime='20210426-172551'><Data><Row AID="15000-0108360" TDate="20210426" OID="17532071" OrderNo="a00tO" ProductType="0" Session="1" CommID="MXFE1" BS="S" CommID2="" BS2="" PriceType="24" Price="17436" CreateTime="20210426 172551" Cond="I" Offset="2" Qoriginal="1" Qcurrent="1" Qmatched="0" ConfirmTime="" Code="" CodeMsg="" CanCancel="N" CanModify="N" Source="e01API" OrgID="" IsPreOrder="N" AvgPrice="0" UpdateTime="20210426 172551" State="30" Mode="1" StateMsg="委託成功" OrgPrice="17436" /></Data></Result>
2021/4/26 下午 06:04:53(629537348) : (A34F11396EB04BBAACAE53CDC1659A89) << u0=15000-0108360&u1=H122192596&u3=CMj0sDNQbe4xo/A6qkTFKJFTUOQXEa+/MQ==#F026000&u6=5&u7=159&p0=20210426&p1=0&p2=MXFE1&p3=B&p4=24&p5=0&p6=1&p7=2&p8=I&p9=&p10=&p11=0&p12=8&ca0=H122192596&ca1=x=H122192596:20210426,0,MXFE1,B,24,0,1,2,I,,0,8&ca3=caFubonFAP.dll&ca2=MIIGoQYJKoZIhvcNAQcCoIIGkjCCBo4CAQExCzAJBgUrDgMCGgUAMD4GCSqGSIb3
DQEHAaAxBC94PUgxMjIxOTI1OTY6MjAyMTA0MjYsMCxNWEZFMSxCLDI0LDAsMSwy
LEksLDAsOKCCBJowggSWMIIDfqADAgECAgR8jV9TMA0GCSqGSIb3DQEBBQUAMG0x
CzAJBgNVBAYTAlRXMRswGQYDVQQKExJUQUlXQU4tQ0EuQ09NIEluYy4xJzAlBgNV
BAsTHkNlcnRpZmljYXRpb24gU2VydmljZSBQcm92aWRlcjEYMBYGA1UEAxMPVGFp
Q0EgU2VjdXJlIENBMB4XDTIxMDQxNDA1MzMzMFoXDTIyMDQxNDE1NTk1OVowgZ4x
CzAJBgNVBAYTAlRXMRgwFgYDVQQKEw9UYWlDQSBTZWN1cmUgQ0ExJzAlBgNVBAoT
HkNlcnRpZmljYXRpb24gU2VydmljZSBQcm92aWRlcjEVMBMGA1UECxMMUkEtRnVi
b25FQ1JBMQ0wCwYDVQQLEwRFQ1BMMRMwEQYDVQQDEwpIMTIyMTkyNTk2MREwDwYJ
KoZIhvcNAQkBFgJAQDCCASIwDQYJKoZIhvcNAQEBBQADggEPADCCAQoCggEBAMlw
xWxpLb5AWPm4RJJLu7nmrd9D0jU/lzSBq3kbXHkpcXVP49rxDlqTuJQZaXkv1iRU
VONfpDpF3G1bhHTraBIfuAT4Q6pQoJkvzlEzDHi0D2rLk1iwy7QRlywDQ8CR50ix
rgyE8pMnRx0JgH3QfhCfw7Tg95mN1DLCIz2OhXhBQnnQ6G19TXRmVvMQq/NeZ6kP
ARsDLCCjZSTAH0GFOtW6s/kEo9ukuZX0Dxng7IQZsrDpZ7PJTGhU52Jb4gdCBc4V
/f1A/2mWVWS6GtUVUL04h/fEJMBu29RnrRMhaauxcUuKAjzp4GILnIoxnj24OsV+
EabFBFU/b76OwnXur3kCAwEAAaOCAQowggEGMB8GA1UdIwQYMBaAFMCyGRLSygeo
wv1MtkGHtP+jDve3MB0GA1UdDgQWBBTgTP1gyOcfok3PQiHTpwXUACbkkTBIBgNV
HR8EQTA/MD2gO6A5hjdodHRwOi8vaXRheC50d2NhLmNvbS50dy9lY3BsdXMvZWNw
bHVzX1VDQV8yMDE4X3NoYTEuY3JsMF8GA1UdIARYMFYwVAYHYIZ2AwEDATBJMCMG
CCsGAQUFBwIBFhdodHRwOi8vd3d3LnR3Y2EuY29tLnR3LzAiBggrBgEFBQcCAjAW
GhRSZXN0cmljdGlvbiA9My4yLjIuMjAJBgNVHRMEAjAAMA4GA1UdDwEB/wQEAwIE
8DANBgkqhkiG9w0BAQUFAAOCAQEAeobJkFVRedG50zclbvsmLK46rrGgOfi9fvfV
AM7XAt85WoNKK3sUaGLSSCRHetbvAqU4gxoy+gPT1rCUMnW25MAvMK7zi/g1KG/T
pbKWV39jH0zk3H753/rgtREpHyyY0oVjjHR46BKIgvPBBO9zsL/xNakGmOErL0gT
yIQqQSJ0VhdiG+qHZskzizkx5Lb5WqOstu7xoXHCXBAm93J6aHk2le57amqenAAA
I14E8a6l33Azy60cCEOmU3vEN8VP3t4LqFgokbaTWRTe9EXi0YpwXlj26UIH+DOK
yZWo9UP6GIWSs+HebTmnP4uGEc3Kj+omnaIHicQZHBEkgwX0gDGCAZwwggGYAgEB
MHUwbTELMAkGA1UEBhMCVFcxGzAZBgNVBAoTElRBSVdBTi1DQS5DT00gSW5jLjEn
MCUGA1UECxMeQ2VydGlmaWNhdGlvbiBTZXJ2aWNlIFByb3ZpZGVyMRgwFgYDVQQD
Ew9UYWlDQSBTZWN1cmUgQ0ECBHyNX1MwCQYFKw4DAhoFADANBgkqhkiG9w0BAQEF
AASCAQCggWtwOllmnfmWu0AOvfUnaSUBZY94QU2g6WYVQs7lrJLWiAeplhQwQFQA
js/TF+qecwscFkM0bOuhUDlrU3NlaUC9Y6Vnb8hy0yGvn5Z2vSVdwYK6aKHWHLU5
T5OS2Xi20FTgjtZjmkYv4UYLjlYS6cPUiJ7EtNB6ftmSR/SyNW/0tPE6FEFI2ej7
x+87ugkp3dRvhg8ZgHCULb/GL3X4OhxukpcQMkDnKuiHouiGrf4FfhAZ9pg+pjVJ
ilmdE61mow5saBuhEDl549kwa4KfXykcwDhHenQeVGalNRYiZ6+EDkQRHD+u53e3
gDq8to8QNo2FQiTaqT9ANmfmoTfj&FUBON_VERSION=0.3.0.10&USERID=H122192596
2021/4/26 下午 06:04:53(629537681) : (A34F11396EB04BBAACAE53CDC1659A89) >> <?xml version='1.0' encoding='big5'?><Result Code='0' ServerTime='20210426-180455'><Data><Row AID="15000-0108360" TDate="20210426" OID="17532278" OrderNo="a00zG" ProductType="0" Session="1" CommID="MXFE1" BS="B" CommID2="" BS2="" PriceType="24" Price="17606" CreateTime="20210426 180455" Cond="I" Offset="2" Qoriginal="1" Qcurrent="1" Qmatched="0" ConfirmTime="" Code="" CodeMsg="" CanCancel="N" CanModify="N" Source="e01API" OrgID="" IsPreOrder="N" AvgPrice="0" UpdateTime="20210426 180455" State="30" Mode="1" StateMsg="委託成功" OrgPrice="17606" /></Data></Result>
2021/4/26 下午 06:09:17(629799199) : (A69DA3F3BE7A4694A2202216AF7B7E11) << u0=15000-0108360&u1=H122192596&u3=CMj0sDNQbe4xo/A6qkTFKJFTUOQXEa+/MQ==#F026000&u6=5&u7=159&p0=20210426&p1=0&p2=MXFE1&p3=S&p4=24&p5=0&p6=1&p7=2&p8=I&p9=&p10=&p11=0&p12=8&ca0=H122192596&ca1=x=H122192596:20210426,0,MXFE1,S,24,0,1,2,I,,0,8&ca3=caFubonFAP.dll&ca2=MIIGoQYJKoZIhvcNAQcCoIIGkjCCBo4CAQExCzAJBgUrDgMCGgUAMD4GCSqGSIb3
DQEHAaAxBC94PUgxMjIxOTI1OTY6MjAyMTA0MjYsMCxNWEZFMSxTLDI0LDAsMSwy
LEksLDAsOKCCBJowggSWMIIDfqADAgECAgR8jV9TMA0GCSqGSIb3DQEBBQUAMG0x
CzAJBgNVBAYTAlRXMRswGQYDVQQKExJUQUlXQU4tQ0EuQ09NIEluYy4xJzAlBgNV
BAsTHkNlcnRpZmljYXRpb24gU2VydmljZSBQcm92aWRlcjEYMBYGA1UEAxMPVGFp
Q0EgU2VjdXJlIENBMB4XDTIxMDQxNDA1MzMzMFoXDTIyMDQxNDE1NTk1OVowgZ4x
CzAJBgNVBAYTAlRXMRgwFgYDVQQKEw9UYWlDQSBTZWN1cmUgQ0ExJzAlBgNVBAoT
HkNlcnRpZmljYXRpb24gU2VydmljZSBQcm92aWRlcjEVMBMGA1UECxMMUkEtRnVi
b25FQ1JBMQ0wCwYDVQQLEwRFQ1BMMRMwEQYDVQQDEwpIMTIyMTkyNTk2MREwDwYJ
KoZIhvcNAQkBFgJAQDCCASIwDQYJKoZIhvcNAQEBBQADggEPADCCAQoCggEBAMlw
xWxpLb5AWPm4RJJLu7nmrd9D0jU/lzSBq3kbXHkpcXVP49rxDlqTuJQZaXkv1iRU
VONfpDpF3G1bhHTraBIfuAT4Q6pQoJkvzlEzDHi0D2rLk1iwy7QRlywDQ8CR50ix
rgyE8pMnRx0JgH3QfhCfw7Tg95mN1DLCIz2OhXhBQnnQ6G19TXRmVvMQq/NeZ6kP
ARsDLCCjZSTAH0GFOtW6s/kEo9ukuZX0Dxng7IQZsrDpZ7PJTGhU52Jb4gdCBc4V
/f1A/2mWVWS6GtUVUL04h/fEJMBu29RnrRMhaauxcUuKAjzp4GILnIoxnj24OsV+
EabFBFU/b76OwnXur3kCAwEAAaOCAQowggEGMB8GA1UdIwQYMBaAFMCyGRLSygeo
wv1MtkGHtP+jDve3MB0GA1UdDgQWBBTgTP1gyOcfok3PQiHTpwXUACbkkTBIBgNV
HR8EQTA/MD2gO6A5hjdodHRwOi8vaXRheC50d2NhLmNvbS50dy9lY3BsdXMvZWNw
bHVzX1VDQV8yMDE4X3NoYTEuY3JsMF8GA1UdIARYMFYwVAYHYIZ2AwEDATBJMCMG
CCsGAQUFBwIBFhdodHRwOi8vd3d3LnR3Y2EuY29tLnR3LzAiBggrBgEFBQcCAjAW
GhRSZXN0cmljdGlvbiA9My4yLjIuMjAJBgNVHRMEAjAAMA4GA1UdDwEB/wQEAwIE
8DANBgkqhkiG9w0BAQUFAAOCAQEAeobJkFVRedG50zclbvsmLK46rrGgOfi9fvfV
AM7XAt85WoNKK3sUaGLSSCRHetbvAqU4gxoy+gPT1rCUMnW25MAvMK7zi/g1KG/T
pbKWV39jH0zk3H753/rgtREpHyyY0oVjjHR46BKIgvPBBO9zsL/xNakGmOErL0gT
yIQqQSJ0VhdiG+qHZskzizkx5Lb5WqOstu7xoXHCXBAm93J6aHk2le57amqenAAA
I14E8a6l33Azy60cCEOmU3vEN8VP3t4LqFgokbaTWRTe9EXi0YpwXlj26UIH+DOK
yZWo9UP6GIWSs+HebTmnP4uGEc3Kj+omnaIHicQZHBEkgwX0gDGCAZwwggGYAgEB
MHUwbTELMAkGA1UEBhMCVFcxGzAZBgNVBAoTElRBSVdBTi1DQS5DT00gSW5jLjEn
MCUGA1UECxMeQ2VydGlmaWNhdGlvbiBTZXJ2aWNlIFByb3ZpZGVyMRgwFgYDVQQD
Ew9UYWlDQSBTZWN1cmUgQ0ECBHyNX1MwCQYFKw4DAhoFADANBgkqhkiG9w0BAQEF
AASCAQDA6hH951etD88gHjjVbmUMYel9yit58C9/KYusdg9DLqQY/fCtwteW4Ef4
rSpSX+nZjImFVqdca4G2X3+a+OHRSNeYI6JKFImW3mSC4IVOIuIoUsiQ59EEuBhW
jEqolIseOYq2XSa9nGcYOsv0e0Q0PlMSpyTqHmuX/cwNQ1k48EWkILO0NDnKvKvn
JmI4hwrL8WREMdMaPO2MQA9CQEPhw3ut5NvkLgKykoIAAooSDzDRTHeuWlD61ws7
iMI1/CADhudKZgARyPGa5A8MZ7vZ7i2Cp6TRiOUkalpuj19yRGsgV6UoOuXg/Avl
hXXHRk8qtd2Tmemsk8asjRIzcMby&FUBON_VERSION=0.3.0.10&USERID=H122192596
2021/4/26 下午 06:09:17(629799367) : (A69DA3F3BE7A4694A2202216AF7B7E11) >> <?xml version='1.0' encoding='big5'?><Result Code='0' ServerTime='20210426-180916'><Data><Row AID="15000-0108360" TDate="20210426" OID="17532296" OrderNo="a00zl" ProductType="0" Session="1" CommID="MXFE1" BS="S" CommID2="" BS2="" PriceType="24" Price="17436" CreateTime="20210426 180917" Cond="I" Offset="2" Qoriginal="1" Qcurrent="1" Qmatched="0" ConfirmTime="" Code="" CodeMsg="" CanCancel="N" CanModify="N" Source="e01API" OrgID="" IsPreOrder="N" AvgPrice="0" UpdateTime="20210426 180917" State="30" Mode="1" StateMsg="委託成功" OrgPrice="17436" /></Data></Result>
