2022/1/25 下午 03:37:07(112054661) :  >> Server2Client_Set : <?xml version='1.0' encoding='big5'?><Result Code='0' ServerTime='2022/01/25 15:37:06'><Error Code='0' FBF='FBF' TP_Equity_Position_TIME='60' TSE_OPEN='Y' TAIEMG_OPEN='N' FUTURE_OPEN='Y' SESSION_OPEN='N' IApi='Y' eLogin_CID='Y' TP_ORDER_TIME = '300' MAX_ORDER_COUNT = '100' CONTI_ORDER_TIME = '60' DELAY_TIME = '500' DELAY_TIME1 = '1000' TP_ORDER_TIME_I = '300' MAX_ORDER_COUNT_I = '20' MSG_URL='http://e01api.fbs.com.tw/PortalTW/bulletin.htm' MSG_DELAY_TIME='10' MSG_HEIGHT='5000' MSG_WIDTH='8000' MSG_DATE='12/29/2014' TAIEMG_CACHE_HH='8' TAIEMG_CACHE_MM='35' TAIEMG_CACHE_DELAY_TIME='300'/></Result>
2022/1/25 下午 03:37:07(112054696) :  >> Server2Client_Set : <?xml version='1.0' encoding='big5'?><Result Code='0' ServerTime='2022/01/25 15:37:06'><Error Code='0' FBF='FBF' TP_Equity_Position_TIME='60' TSE_OPEN='Y' TAIEMG_OPEN='N' FUTURE_OPEN='Y' SESSION_OPEN='N' IApi='Y' eLogin_CID='Y' TP_ORDER_TIME = '300' MAX_ORDER_COUNT = '100' CONTI_ORDER_TIME = '60' DELAY_TIME = '500' DELAY_TIME1 = '1000' TP_ORDER_TIME_I = '300' MAX_ORDER_COUNT_I = '20' MSG_URL='http://e01api.fbs.com.tw/PortalTW/bulletin.htm' MSG_DELAY_TIME='10' MSG_HEIGHT='5000' MSG_WIDTH='8000' MSG_DATE='12/29/2014' TAIEMG_CACHE_HH='8' TAIEMG_CACHE_MM='35' TAIEMG_CACHE_DELAY_TIME='300'/></Result>
2022/1/25 下午 03:37:07(112054726) :  >> <?xml version='1.0' encoding='big5'?><Result Code='0' ServerTime='20220125-153706'>	
				<Data Code='0'>
					<Time>20220125-153706</Time>
				</Data>	
			</Result>
2022/1/25 下午 03:37:07(112055108) :  >> Server2Client_Set_F_ID : <?xml version='1.0' encoding='big5'?><Result Code='0' ServerTime='2022/01/25 15:37:07'><Error Code='0' FBF='FBF' TP_Equity_Position_TIME='60' TSE_OPEN='Y' TAIEMG_OPEN='N' FUTURE_OPEN='Y' SESSION_OPEN='N' IApi='Y' eLogin_CID='Y' TP_ORDER_TIME = '300' MAX_ORDER_COUNT = '100' CONTI_ORDER_TIME = '60' DELAY_TIME = '500' DELAY_TIME1 = '1000' TP_ORDER_TIME_I = '300' MAX_ORDER_COUNT_I = '20' MSG_URL='http://e01api.fbs.com.tw/PortalTW/bulletin.htm' MSG_DELAY_TIME='10' MSG_HEIGHT='5000' MSG_WIDTH='8000' MSG_DATE='12/29/2014' TAIEMG_CACHE_HH='8' TAIEMG_CACHE_MM='35' TAIEMG_CACHE_DELAY_TIME='300'/></Result>
2022/1/25 下午 03:37:07(112055390) :  >> [mem:] TP_Order_Time[300] Max_Order_Count[100] Conti_Order_Time[60] Delay_Time[500] Delay_Time1[1000] TP_EP_QUERY_TIME[20] TP_Order_Time_I[300] Max_Order_Count_I[20] Conti_Order_Time_I[60] Delay_Time_I[500] Delay_Time1_I[1000]
2022/1/25 下午 03:37:27(112074953) :  >> Server2Client_Set : <?xml version='1.0' encoding='big5'?><Result Code='0' ServerTime='2022/01/25 15:37:27'><Error Code='0' FBF='FBF' TP_Equity_Position_TIME='60' TSE_OPEN='Y' TAIEMG_OPEN='N' FUTURE_OPEN='Y' SESSION_OPEN='N' IApi='Y' eLogin_CID='Y' TP_ORDER_TIME = '300' MAX_ORDER_COUNT = '100' CONTI_ORDER_TIME = '60' DELAY_TIME = '500' DELAY_TIME1 = '1000' TP_ORDER_TIME_I = '300' MAX_ORDER_COUNT_I = '20' MSG_URL='http://e01api.fbs.com.tw/PortalTW/bulletin.htm' MSG_DELAY_TIME='10' MSG_HEIGHT='5000' MSG_WIDTH='8000' MSG_DATE='12/29/2014' TAIEMG_CACHE_HH='8' TAIEMG_CACHE_MM='35' TAIEMG_CACHE_DELAY_TIME='300'/></Result>
2022/1/25 下午 03:37:27(112074991) :  >> Server2Client_Set : <?xml version='1.0' encoding='big5'?><Result Code='0' ServerTime='2022/01/25 15:37:27'><Error Code='0' FBF='FBF' TP_Equity_Position_TIME='60' TSE_OPEN='Y' TAIEMG_OPEN='N' FUTURE_OPEN='Y' SESSION_OPEN='N' IApi='Y' eLogin_CID='Y' TP_ORDER_TIME = '300' MAX_ORDER_COUNT = '100' CONTI_ORDER_TIME = '60' DELAY_TIME = '500' DELAY_TIME1 = '1000' TP_ORDER_TIME_I = '300' MAX_ORDER_COUNT_I = '20' MSG_URL='http://e01api.fbs.com.tw/PortalTW/bulletin.htm' MSG_DELAY_TIME='10' MSG_HEIGHT='5000' MSG_WIDTH='8000' MSG_DATE='12/29/2014' TAIEMG_CACHE_HH='8' TAIEMG_CACHE_MM='35' TAIEMG_CACHE_DELAY_TIME='300'/></Result>
2022/1/25 下午 03:37:27(112075032) :  >> <?xml version='1.0' encoding='big5'?><Result Code='0' ServerTime='20220125-153727'>	
				<Data Code='0'>
					<Time>20220125-153727</Time>
				</Data>	
			</Result>
2022/1/25 下午 03:37:27(112075151) :  >> Server2Client_Set_F_ID : <?xml version='1.0' encoding='big5'?><Result Code='0' ServerTime='2022/01/25 15:37:27'><Error Code='0' FBF='FBF' TP_Equity_Position_TIME='60' TSE_OPEN='Y' TAIEMG_OPEN='N' FUTURE_OPEN='Y' SESSION_OPEN='N' IApi='Y' eLogin_CID='Y' TP_ORDER_TIME = '300' MAX_ORDER_COUNT = '100' CONTI_ORDER_TIME = '60' DELAY_TIME = '500' DELAY_TIME1 = '1000' TP_ORDER_TIME_I = '300' MAX_ORDER_COUNT_I = '20' MSG_URL='http://e01api.fbs.com.tw/PortalTW/bulletin.htm' MSG_DELAY_TIME='10' MSG_HEIGHT='5000' MSG_WIDTH='8000' MSG_DATE='12/29/2014' TAIEMG_CACHE_HH='8' TAIEMG_CACHE_MM='35' TAIEMG_CACHE_DELAY_TIME='300'/></Result>
2022/1/25 下午 03:37:27(112075277) :  >> [mem:] TP_Order_Time[300] Max_Order_Count[100] Conti_Order_Time[60] Delay_Time[500] Delay_Time1[1000] TP_EP_QUERY_TIME[20] TP_Order_Time_I[300] Max_Order_Count_I[20] Conti_Order_Time_I[60] Delay_Time_I[500] Delay_Time1_I[1000]
2022/1/25 下午 03:38:28(112135667) :  >> Server2Client_Set : <?xml version='1.0' encoding='big5'?><Result Code='0' ServerTime='2022/01/25 15:38:27'><Error Code='0' FBF='FBF' TP_Equity_Position_TIME='60' TSE_OPEN='Y' TAIEMG_OPEN='N' FUTURE_OPEN='Y' SESSION_OPEN='N' IApi='Y' eLogin_CID='Y' TP_ORDER_TIME = '300' MAX_ORDER_COUNT = '100' CONTI_ORDER_TIME = '60' DELAY_TIME = '500' DELAY_TIME1 = '1000' TP_ORDER_TIME_I = '300' MAX_ORDER_COUNT_I = '20' MSG_URL='http://e01api.fbs.com.tw/PortalTW/bulletin.htm' MSG_DELAY_TIME='10' MSG_HEIGHT='5000' MSG_WIDTH='8000' MSG_DATE='12/29/2014' TAIEMG_CACHE_HH='8' TAIEMG_CACHE_MM='35' TAIEMG_CACHE_DELAY_TIME='300'/></Result>
2022/1/25 下午 03:38:28(112135702) :  >> Server2Client_Set : <?xml version='1.0' encoding='big5'?><Result Code='0' ServerTime='2022/01/25 15:38:27'><Error Code='0' FBF='FBF' TP_Equity_Position_TIME='60' TSE_OPEN='Y' TAIEMG_OPEN='N' FUTURE_OPEN='Y' SESSION_OPEN='N' IApi='Y' eLogin_CID='Y' TP_ORDER_TIME = '300' MAX_ORDER_COUNT = '100' CONTI_ORDER_TIME = '60' DELAY_TIME = '500' DELAY_TIME1 = '1000' TP_ORDER_TIME_I = '300' MAX_ORDER_COUNT_I = '20' MSG_URL='http://e01api.fbs.com.tw/PortalTW/bulletin.htm' MSG_DELAY_TIME='10' MSG_HEIGHT='5000' MSG_WIDTH='8000' MSG_DATE='12/29/2014' TAIEMG_CACHE_HH='8' TAIEMG_CACHE_MM='35' TAIEMG_CACHE_DELAY_TIME='300'/></Result>
2022/1/25 下午 03:38:28(112135719) :  >> <?xml version='1.0' encoding='big5'?><Result Code='0' ServerTime='20220125-153827'>	
				<Data Code='0'>
					<Time>20220125-153827</Time>
				</Data>	
			</Result>
2022/1/25 下午 03:38:28(112135803) :  >> Server2Client_Set_F_ID : <?xml version='1.0' encoding='big5'?><Result Code='0' ServerTime='2022/01/25 15:38:28'><Error Code='0' FBF='FBF' TP_Equity_Position_TIME='60' TSE_OPEN='Y' TAIEMG_OPEN='N' FUTURE_OPEN='Y' SESSION_OPEN='N' IApi='Y' eLogin_CID='Y' TP_ORDER_TIME = '300' MAX_ORDER_COUNT = '100' CONTI_ORDER_TIME = '60' DELAY_TIME = '500' DELAY_TIME1 = '1000' TP_ORDER_TIME_I = '300' MAX_ORDER_COUNT_I = '20' MSG_URL='http://e01api.fbs.com.tw/PortalTW/bulletin.htm' MSG_DELAY_TIME='10' MSG_HEIGHT='5000' MSG_WIDTH='8000' MSG_DATE='12/29/2014' TAIEMG_CACHE_HH='8' TAIEMG_CACHE_MM='35' TAIEMG_CACHE_DELAY_TIME='300'/></Result>
2022/1/25 下午 03:38:28(112135940) :  >> [mem:] TP_Order_Time[300] Max_Order_Count[100] Conti_Order_Time[60] Delay_Time[500] Delay_Time1[1000] TP_EP_QUERY_TIME[20] TP_Order_Time_I[300] Max_Order_Count_I[20] Conti_Order_Time_I[60] Delay_Time_I[500] Delay_Time1_I[1000]
2022/1/25 下午 03:38:48(112156184) :  >> Server2Client_Set : <?xml version='1.0' encoding='big5'?><Result Code='0' ServerTime='2022/01/25 15:38:48'><Error Code='0' FBF='FBF' TP_Equity_Position_TIME='60' TSE_OPEN='Y' TAIEMG_OPEN='N' FUTURE_OPEN='Y' SESSION_OPEN='N' IApi='Y' eLogin_CID='Y' TP_ORDER_TIME = '300' MAX_ORDER_COUNT = '100' CONTI_ORDER_TIME = '60' DELAY_TIME = '500' DELAY_TIME1 = '1000' TP_ORDER_TIME_I = '300' MAX_ORDER_COUNT_I = '20' MSG_URL='http://e01api.fbs.com.tw/PortalTW/bulletin.htm' MSG_DELAY_TIME='10' MSG_HEIGHT='5000' MSG_WIDTH='8000' MSG_DATE='12/29/2014' TAIEMG_CACHE_HH='8' TAIEMG_CACHE_MM='35' TAIEMG_CACHE_DELAY_TIME='300'/></Result>
2022/1/25 下午 03:38:48(112156215) :  >> Server2Client_Set : <?xml version='1.0' encoding='big5'?><Result Code='0' ServerTime='2022/01/25 15:38:48'><Error Code='0' FBF='FBF' TP_Equity_Position_TIME='60' TSE_OPEN='Y' TAIEMG_OPEN='N' FUTURE_OPEN='Y' SESSION_OPEN='N' IApi='Y' eLogin_CID='Y' TP_ORDER_TIME = '300' MAX_ORDER_COUNT = '100' CONTI_ORDER_TIME = '60' DELAY_TIME = '500' DELAY_TIME1 = '1000' TP_ORDER_TIME_I = '300' MAX_ORDER_COUNT_I = '20' MSG_URL='http://e01api.fbs.com.tw/PortalTW/bulletin.htm' MSG_DELAY_TIME='10' MSG_HEIGHT='5000' MSG_WIDTH='8000' MSG_DATE='12/29/2014' TAIEMG_CACHE_HH='8' TAIEMG_CACHE_MM='35' TAIEMG_CACHE_DELAY_TIME='300'/></Result>
2022/1/25 下午 03:38:48(112156233) :  >> <?xml version='1.0' encoding='big5'?><Result Code='0' ServerTime='20220125-153848'>	
				<Data Code='0'>
					<Time>20220125-153848</Time>
				</Data>	
			</Result>
2022/1/25 下午 03:38:48(112156312) :  >> Server2Client_Set_F_ID : <?xml version='1.0' encoding='big5'?><Result Code='0' ServerTime='2022/01/25 15:38:48'><Error Code='0' FBF='FBF' TP_Equity_Position_TIME='60' TSE_OPEN='Y' TAIEMG_OPEN='N' FUTURE_OPEN='Y' SESSION_OPEN='N' IApi='Y' eLogin_CID='Y' TP_ORDER_TIME = '300' MAX_ORDER_COUNT = '100' CONTI_ORDER_TIME = '60' DELAY_TIME = '500' DELAY_TIME1 = '1000' TP_ORDER_TIME_I = '300' MAX_ORDER_COUNT_I = '20' MSG_URL='http://e01api.fbs.com.tw/PortalTW/bulletin.htm' MSG_DELAY_TIME='10' MSG_HEIGHT='5000' MSG_WIDTH='8000' MSG_DATE='12/29/2014' TAIEMG_CACHE_HH='8' TAIEMG_CACHE_MM='35' TAIEMG_CACHE_DELAY_TIME='300'/></Result>
2022/1/25 下午 03:38:48(112156438) :  >> [mem:] TP_Order_Time[300] Max_Order_Count[100] Conti_Order_Time[60] Delay_Time[500] Delay_Time1[1000] TP_EP_QUERY_TIME[20] TP_Order_Time_I[300] Max_Order_Count_I[20] Conti_Order_Time_I[60] Delay_Time_I[500] Delay_Time1_I[1000]
2022/1/25 下午 03:38:49(112156688) :  >> Server2Client_Set : <?xml version='1.0' encoding='big5'?><Result Code='0' ServerTime='2022/01/25 15:38:48'><Error Code='0' FBF='FBF' TP_Equity_Position_TIME='60' TSE_OPEN='Y' TAIEMG_OPEN='N' FUTURE_OPEN='Y' SESSION_OPEN='N' IApi='Y' eLogin_CID='Y' TP_ORDER_TIME = '300' MAX_ORDER_COUNT = '100' CONTI_ORDER_TIME = '60' DELAY_TIME = '500' DELAY_TIME1 = '1000' TP_ORDER_TIME_I = '300' MAX_ORDER_COUNT_I = '20' MSG_URL='http://e01api.fbs.com.tw/PortalTW/bulletin.htm' MSG_DELAY_TIME='10' MSG_HEIGHT='5000' MSG_WIDTH='8000' MSG_DATE='12/29/2014' TAIEMG_CACHE_HH='8' TAIEMG_CACHE_MM='35' TAIEMG_CACHE_DELAY_TIME='300'/></Result>
2022/1/25 下午 03:38:49(112156718) :  >> Server2Client_Set : <?xml version='1.0' encoding='big5'?><Result Code='0' ServerTime='2022/01/25 15:38:48'><Error Code='0' FBF='FBF' TP_Equity_Position_TIME='60' TSE_OPEN='Y' TAIEMG_OPEN='N' FUTURE_OPEN='Y' SESSION_OPEN='N' IApi='Y' eLogin_CID='Y' TP_ORDER_TIME = '300' MAX_ORDER_COUNT = '100' CONTI_ORDER_TIME = '60' DELAY_TIME = '500' DELAY_TIME1 = '1000' TP_ORDER_TIME_I = '300' MAX_ORDER_COUNT_I = '20' MSG_URL='http://e01api.fbs.com.tw/PortalTW/bulletin.htm' MSG_DELAY_TIME='10' MSG_HEIGHT='5000' MSG_WIDTH='8000' MSG_DATE='12/29/2014' TAIEMG_CACHE_HH='8' TAIEMG_CACHE_MM='35' TAIEMG_CACHE_DELAY_TIME='300'/></Result>
2022/1/25 下午 03:38:49(112156735) :  >> <?xml version='1.0' encoding='big5'?><Result Code='0' ServerTime='20220125-153848'>	
				<Data Code='0'>
					<Time>20220125-153848</Time>
				</Data>	
			</Result>
2022/1/25 下午 03:38:49(112156802) :  >> Server2Client_Set_F_ID : <?xml version='1.0' encoding='big5'?><Result Code='0' ServerTime='2022/01/25 15:38:49'><Error Code='0' FBF='FBF' TP_Equity_Position_TIME='60' TSE_OPEN='Y' TAIEMG_OPEN='N' FUTURE_OPEN='Y' SESSION_OPEN='N' IApi='Y' eLogin_CID='Y' TP_ORDER_TIME = '300' MAX_ORDER_COUNT = '100' CONTI_ORDER_TIME = '60' DELAY_TIME = '500' DELAY_TIME1 = '1000' TP_ORDER_TIME_I = '300' MAX_ORDER_COUNT_I = '20' MSG_URL='http://e01api.fbs.com.tw/PortalTW/bulletin.htm' MSG_DELAY_TIME='10' MSG_HEIGHT='5000' MSG_WIDTH='8000' MSG_DATE='12/29/2014' TAIEMG_CACHE_HH='8' TAIEMG_CACHE_MM='35' TAIEMG_CACHE_DELAY_TIME='300'/></Result>
2022/1/25 下午 03:38:49(112156916) :  >> [mem:] TP_Order_Time[300] Max_Order_Count[100] Conti_Order_Time[60] Delay_Time[500] Delay_Time1[1000] TP_EP_QUERY_TIME[20] TP_Order_Time_I[300] Max_Order_Count_I[20] Conti_Order_Time_I[60] Delay_Time_I[500] Delay_Time1_I[1000]
2022/1/25 下午 03:39:15(112182768) :  >> Server2Client_Set : <?xml version='1.0' encoding='big5'?><Result Code='0' ServerTime='2022/01/25 15:39:14'><Error Code='0' FBF='FBF' TP_Equity_Position_TIME='60' TSE_OPEN='Y' TAIEMG_OPEN='N' FUTURE_OPEN='Y' SESSION_OPEN='N' IApi='Y' eLogin_CID='Y' TP_ORDER_TIME = '300' MAX_ORDER_COUNT = '100' CONTI_ORDER_TIME = '60' DELAY_TIME = '500' DELAY_TIME1 = '1000' TP_ORDER_TIME_I = '300' MAX_ORDER_COUNT_I = '20' MSG_URL='http://e01api.fbs.com.tw/PortalTW/bulletin.htm' MSG_DELAY_TIME='10' MSG_HEIGHT='5000' MSG_WIDTH='8000' MSG_DATE='12/29/2014' TAIEMG_CACHE_HH='8' TAIEMG_CACHE_MM='35' TAIEMG_CACHE_DELAY_TIME='300'/></Result>
2022/1/25 下午 03:39:15(112182803) :  >> Server2Client_Set : <?xml version='1.0' encoding='big5'?><Result Code='0' ServerTime='2022/01/25 15:39:15'><Error Code='0' FBF='FBF' TP_Equity_Position_TIME='60' TSE_OPEN='Y' TAIEMG_OPEN='N' FUTURE_OPEN='Y' SESSION_OPEN='N' IApi='Y' eLogin_CID='Y' TP_ORDER_TIME = '300' MAX_ORDER_COUNT = '100' CONTI_ORDER_TIME = '60' DELAY_TIME = '500' DELAY_TIME1 = '1000' TP_ORDER_TIME_I = '300' MAX_ORDER_COUNT_I = '20' MSG_URL='http://e01api.fbs.com.tw/PortalTW/bulletin.htm' MSG_DELAY_TIME='10' MSG_HEIGHT='5000' MSG_WIDTH='8000' MSG_DATE='12/29/2014' TAIEMG_CACHE_HH='8' TAIEMG_CACHE_MM='35' TAIEMG_CACHE_DELAY_TIME='300'/></Result>
2022/1/25 下午 03:39:15(112182824) :  >> <?xml version='1.0' encoding='big5'?><Result Code='0' ServerTime='20220125-153915'>	
				<Data Code='0'>
					<Time>20220125-153915</Time>
				</Data>	
			</Result>
2022/1/25 下午 03:39:15(112182909) :  >> Server2Client_Set_F_ID : <?xml version='1.0' encoding='big5'?><Result Code='0' ServerTime='2022/01/25 15:39:15'><Error Code='0' FBF='FBF' TP_Equity_Position_TIME='60' TSE_OPEN='Y' TAIEMG_OPEN='N' FUTURE_OPEN='Y' SESSION_OPEN='N' IApi='Y' eLogin_CID='Y' TP_ORDER_TIME = '300' MAX_ORDER_COUNT = '100' CONTI_ORDER_TIME = '60' DELAY_TIME = '500' DELAY_TIME1 = '1000' TP_ORDER_TIME_I = '300' MAX_ORDER_COUNT_I = '20' MSG_URL='http://e01api.fbs.com.tw/PortalTW/bulletin.htm' MSG_DELAY_TIME='10' MSG_HEIGHT='5000' MSG_WIDTH='8000' MSG_DATE='12/29/2014' TAIEMG_CACHE_HH='8' TAIEMG_CACHE_MM='35' TAIEMG_CACHE_DELAY_TIME='300'/></Result>
2022/1/25 下午 03:39:15(112183072) :  >> [mem:] TP_Order_Time[300] Max_Order_Count[100] Conti_Order_Time[60] Delay_Time[500] Delay_Time1[1000] TP_EP_QUERY_TIME[20] TP_Order_Time_I[300] Max_Order_Count_I[20] Conti_Order_Time_I[60] Delay_Time_I[500] Delay_Time1_I[1000]
2022/1/25 下午 03:39:15(112183334) :  >> Server2Client_Set : <?xml version='1.0' encoding='big5'?><Result Code='0' ServerTime='2022/01/25 15:39:15'><Error Code='0' FBF='FBF' TP_Equity_Position_TIME='60' TSE_OPEN='Y' TAIEMG_OPEN='N' FUTURE_OPEN='Y' SESSION_OPEN='N' IApi='Y' eLogin_CID='Y' TP_ORDER_TIME = '300' MAX_ORDER_COUNT = '100' CONTI_ORDER_TIME = '60' DELAY_TIME = '500' DELAY_TIME1 = '1000' TP_ORDER_TIME_I = '300' MAX_ORDER_COUNT_I = '20' MSG_URL='http://e01api.fbs.com.tw/PortalTW/bulletin.htm' MSG_DELAY_TIME='10' MSG_HEIGHT='5000' MSG_WIDTH='8000' MSG_DATE='12/29/2014' TAIEMG_CACHE_HH='8' TAIEMG_CACHE_MM='35' TAIEMG_CACHE_DELAY_TIME='300'/></Result>
2022/1/25 下午 03:39:15(112183375) :  >> Server2Client_Set : <?xml version='1.0' encoding='big5'?><Result Code='0' ServerTime='2022/01/25 15:39:15'><Error Code='0' FBF='FBF' TP_Equity_Position_TIME='60' TSE_OPEN='Y' TAIEMG_OPEN='N' FUTURE_OPEN='Y' SESSION_OPEN='N' IApi='Y' eLogin_CID='Y' TP_ORDER_TIME = '300' MAX_ORDER_COUNT = '100' CONTI_ORDER_TIME = '60' DELAY_TIME = '500' DELAY_TIME1 = '1000' TP_ORDER_TIME_I = '300' MAX_ORDER_COUNT_I = '20' MSG_URL='http://e01api.fbs.com.tw/PortalTW/bulletin.htm' MSG_DELAY_TIME='10' MSG_HEIGHT='5000' MSG_WIDTH='8000' MSG_DATE='12/29/2014' TAIEMG_CACHE_HH='8' TAIEMG_CACHE_MM='35' TAIEMG_CACHE_DELAY_TIME='300'/></Result>
2022/1/25 下午 03:39:15(112183395) :  >> <?xml version='1.0' encoding='big5'?><Result Code='0' ServerTime='20220125-153915'>	
				<Data Code='0'>
					<Time>20220125-153915</Time>
				</Data>	
			</Result>
2022/1/25 下午 03:39:15(112183474) :  >> Server2Client_Set_F_ID : <?xml version='1.0' encoding='big5'?><Result Code='0' ServerTime='2022/01/25 15:39:15'><Error Code='0' FBF='FBF' TP_Equity_Position_TIME='60' TSE_OPEN='Y' TAIEMG_OPEN='N' FUTURE_OPEN='Y' SESSION_OPEN='N' IApi='Y' eLogin_CID='Y' TP_ORDER_TIME = '300' MAX_ORDER_COUNT = '100' CONTI_ORDER_TIME = '60' DELAY_TIME = '500' DELAY_TIME1 = '1000' TP_ORDER_TIME_I = '300' MAX_ORDER_COUNT_I = '20' MSG_URL='http://e01api.fbs.com.tw/PortalTW/bulletin.htm' MSG_DELAY_TIME='10' MSG_HEIGHT='5000' MSG_WIDTH='8000' MSG_DATE='12/29/2014' TAIEMG_CACHE_HH='8' TAIEMG_CACHE_MM='35' TAIEMG_CACHE_DELAY_TIME='300'/></Result>
2022/1/25 下午 03:39:15(112183599) :  >> [mem:] TP_Order_Time[300] Max_Order_Count[100] Conti_Order_Time[60] Delay_Time[500] Delay_Time1[1000] TP_EP_QUERY_TIME[20] TP_Order_Time_I[300] Max_Order_Count_I[20] Conti_Order_Time_I[60] Delay_Time_I[500] Delay_Time1_I[1000]
2022/1/25 下午 03:39:16(112183875) :  >> Server2Client_Set : <?xml version='1.0' encoding='big5'?><Result Code='0' ServerTime='2022/01/25 15:39:16'><Error Code='0' FBF='FBF' TP_Equity_Position_TIME='60' TSE_OPEN='Y' TAIEMG_OPEN='N' FUTURE_OPEN='Y' SESSION_OPEN='N' IApi='Y' eLogin_CID='Y' TP_ORDER_TIME = '300' MAX_ORDER_COUNT = '100' CONTI_ORDER_TIME = '60' DELAY_TIME = '500' DELAY_TIME1 = '1000' TP_ORDER_TIME_I = '300' MAX_ORDER_COUNT_I = '20' MSG_URL='http://e01api.fbs.com.tw/PortalTW/bulletin.htm' MSG_DELAY_TIME='10' MSG_HEIGHT='5000' MSG_WIDTH='8000' MSG_DATE='12/29/2014' TAIEMG_CACHE_HH='8' TAIEMG_CACHE_MM='35' TAIEMG_CACHE_DELAY_TIME='300'/></Result>
2022/1/25 下午 03:39:16(112183908) :  >> Server2Client_Set : <?xml version='1.0' encoding='big5'?><Result Code='0' ServerTime='2022/01/25 15:39:16'><Error Code='0' FBF='FBF' TP_Equity_Position_TIME='60' TSE_OPEN='Y' TAIEMG_OPEN='N' FUTURE_OPEN='Y' SESSION_OPEN='N' IApi='Y' eLogin_CID='Y' TP_ORDER_TIME = '300' MAX_ORDER_COUNT = '100' CONTI_ORDER_TIME = '60' DELAY_TIME = '500' DELAY_TIME1 = '1000' TP_ORDER_TIME_I = '300' MAX_ORDER_COUNT_I = '20' MSG_URL='http://e01api.fbs.com.tw/PortalTW/bulletin.htm' MSG_DELAY_TIME='10' MSG_HEIGHT='5000' MSG_WIDTH='8000' MSG_DATE='12/29/2014' TAIEMG_CACHE_HH='8' TAIEMG_CACHE_MM='35' TAIEMG_CACHE_DELAY_TIME='300'/></Result>
2022/1/25 下午 03:39:16(112183923) :  >> <?xml version='1.0' encoding='big5'?><Result Code='0' ServerTime='20220125-153916'>	
				<Data Code='0'>
					<Time>20220125-153916</Time>
				</Data>	
			</Result>
2022/1/25 下午 03:39:16(112184008) :  >> Server2Client_Set_F_ID : <?xml version='1.0' encoding='big5'?><Result Code='0' ServerTime='2022/01/25 15:39:16'><Error Code='0' FBF='FBF' TP_Equity_Position_TIME='60' TSE_OPEN='Y' TAIEMG_OPEN='N' FUTURE_OPEN='Y' SESSION_OPEN='N' IApi='Y' eLogin_CID='Y' TP_ORDER_TIME = '300' MAX_ORDER_COUNT = '100' CONTI_ORDER_TIME = '60' DELAY_TIME = '500' DELAY_TIME1 = '1000' TP_ORDER_TIME_I = '300' MAX_ORDER_COUNT_I = '20' MSG_URL='http://e01api.fbs.com.tw/PortalTW/bulletin.htm' MSG_DELAY_TIME='10' MSG_HEIGHT='5000' MSG_WIDTH='8000' MSG_DATE='12/29/2014' TAIEMG_CACHE_HH='8' TAIEMG_CACHE_MM='35' TAIEMG_CACHE_DELAY_TIME='300'/></Result>
2022/1/25 下午 03:39:16(112184180) :  >> [mem:] TP_Order_Time[300] Max_Order_Count[100] Conti_Order_Time[60] Delay_Time[500] Delay_Time1[1000] TP_EP_QUERY_TIME[20] TP_Order_Time_I[300] Max_Order_Count_I[20] Conti_Order_Time_I[60] Delay_Time_I[500] Delay_Time1_I[1000]
2022/1/25 下午 03:51:34(112922013) :  >> Server2Client_Set : <?xml version='1.0' encoding='big5'?><Result Code='0' ServerTime='2022/01/25 15:51:34'><Error Code='0' FBF='FBF' TP_Equity_Position_TIME='60' TSE_OPEN='Y' TAIEMG_OPEN='N' FUTURE_OPEN='Y' SESSION_OPEN='N' IApi='Y' eLogin_CID='Y' TP_ORDER_TIME = '300' MAX_ORDER_COUNT = '100' CONTI_ORDER_TIME = '60' DELAY_TIME = '500' DELAY_TIME1 = '1000' TP_ORDER_TIME_I = '300' MAX_ORDER_COUNT_I = '20' MSG_URL='http://e01api.fbs.com.tw/PortalTW/bulletin.htm' MSG_DELAY_TIME='10' MSG_HEIGHT='5000' MSG_WIDTH='8000' MSG_DATE='12/29/2014' TAIEMG_CACHE_HH='8' TAIEMG_CACHE_MM='35' TAIEMG_CACHE_DELAY_TIME='300'/></Result>
2022/1/25 下午 03:51:34(112922047) :  >> Server2Client_Set : <?xml version='1.0' encoding='big5'?><Result Code='0' ServerTime='2022/01/25 15:51:34'><Error Code='0' FBF='FBF' TP_Equity_Position_TIME='60' TSE_OPEN='Y' TAIEMG_OPEN='N' FUTURE_OPEN='Y' SESSION_OPEN='N' IApi='Y' eLogin_CID='Y' TP_ORDER_TIME = '300' MAX_ORDER_COUNT = '100' CONTI_ORDER_TIME = '60' DELAY_TIME = '500' DELAY_TIME1 = '1000' TP_ORDER_TIME_I = '300' MAX_ORDER_COUNT_I = '20' MSG_URL='http://e01api.fbs.com.tw/PortalTW/bulletin.htm' MSG_DELAY_TIME='10' MSG_HEIGHT='5000' MSG_WIDTH='8000' MSG_DATE='12/29/2014' TAIEMG_CACHE_HH='8' TAIEMG_CACHE_MM='35' TAIEMG_CACHE_DELAY_TIME='300'/></Result>
2022/1/25 下午 03:51:34(112922068) :  >> <?xml version='1.0' encoding='big5'?><Result Code='0' ServerTime='20220125-155134'>	
				<Data Code='0'>
					<Time>20220125-155134</Time>
				</Data>	
			</Result>
2022/1/25 下午 03:51:34(112922148) :  >> Server2Client_Set_F_ID : <?xml version='1.0' encoding='big5'?><Result Code='0' ServerTime='2022/01/25 15:51:34'><Error Code='0' FBF='FBF' TP_Equity_Position_TIME='60' TSE_OPEN='Y' TAIEMG_OPEN='N' FUTURE_OPEN='Y' SESSION_OPEN='N' IApi='Y' eLogin_CID='Y' TP_ORDER_TIME = '300' MAX_ORDER_COUNT = '100' CONTI_ORDER_TIME = '60' DELAY_TIME = '500' DELAY_TIME1 = '1000' TP_ORDER_TIME_I = '300' MAX_ORDER_COUNT_I = '20' MSG_URL='http://e01api.fbs.com.tw/PortalTW/bulletin.htm' MSG_DELAY_TIME='10' MSG_HEIGHT='5000' MSG_WIDTH='8000' MSG_DATE='12/29/2014' TAIEMG_CACHE_HH='8' TAIEMG_CACHE_MM='35' TAIEMG_CACHE_DELAY_TIME='300'/></Result>
2022/1/25 下午 03:51:34(112922364) :  >> [mem:] TP_Order_Time[300] Max_Order_Count[100] Conti_Order_Time[60] Delay_Time[500] Delay_Time1[1000] TP_EP_QUERY_TIME[20] TP_Order_Time_I[300] Max_Order_Count_I[20] Conti_Order_Time_I[60] Delay_Time_I[500] Delay_Time1_I[1000]
2022/1/25 下午 03:51:34(112922591) :  >> Server2Client_Set : <?xml version='1.0' encoding='big5'?><Result Code='0' ServerTime='2022/01/25 15:51:34'><Error Code='0' FBF='FBF' TP_Equity_Position_TIME='60' TSE_OPEN='Y' TAIEMG_OPEN='N' FUTURE_OPEN='Y' SESSION_OPEN='N' IApi='Y' eLogin_CID='Y' TP_ORDER_TIME = '300' MAX_ORDER_COUNT = '100' CONTI_ORDER_TIME = '60' DELAY_TIME = '500' DELAY_TIME1 = '1000' TP_ORDER_TIME_I = '300' MAX_ORDER_COUNT_I = '20' MSG_URL='http://e01api.fbs.com.tw/PortalTW/bulletin.htm' MSG_DELAY_TIME='10' MSG_HEIGHT='5000' MSG_WIDTH='8000' MSG_DATE='12/29/2014' TAIEMG_CACHE_HH='8' TAIEMG_CACHE_MM='35' TAIEMG_CACHE_DELAY_TIME='300'/></Result>
2022/1/25 下午 03:51:34(112922619) :  >> Server2Client_Set : <?xml version='1.0' encoding='big5'?><Result Code='0' ServerTime='2022/01/25 15:51:34'><Error Code='0' FBF='FBF' TP_Equity_Position_TIME='60' TSE_OPEN='Y' TAIEMG_OPEN='N' FUTURE_OPEN='Y' SESSION_OPEN='N' IApi='Y' eLogin_CID='Y' TP_ORDER_TIME = '300' MAX_ORDER_COUNT = '100' CONTI_ORDER_TIME = '60' DELAY_TIME = '500' DELAY_TIME1 = '1000' TP_ORDER_TIME_I = '300' MAX_ORDER_COUNT_I = '20' MSG_URL='http://e01api.fbs.com.tw/PortalTW/bulletin.htm' MSG_DELAY_TIME='10' MSG_HEIGHT='5000' MSG_WIDTH='8000' MSG_DATE='12/29/2014' TAIEMG_CACHE_HH='8' TAIEMG_CACHE_MM='35' TAIEMG_CACHE_DELAY_TIME='300'/></Result>
2022/1/25 下午 03:51:34(112922638) :  >> <?xml version='1.0' encoding='big5'?><Result Code='0' ServerTime='20220125-155134'>	
				<Data Code='0'>
					<Time>20220125-155134</Time>
				</Data>	
			</Result>
2022/1/25 下午 03:51:35(112922715) :  >> Server2Client_Set_F_ID : <?xml version='1.0' encoding='big5'?><Result Code='0' ServerTime='2022/01/25 15:51:34'><Error Code='0' FBF='FBF' TP_Equity_Position_TIME='60' TSE_OPEN='Y' TAIEMG_OPEN='N' FUTURE_OPEN='Y' SESSION_OPEN='N' IApi='Y' eLogin_CID='Y' TP_ORDER_TIME = '300' MAX_ORDER_COUNT = '100' CONTI_ORDER_TIME = '60' DELAY_TIME = '500' DELAY_TIME1 = '1000' TP_ORDER_TIME_I = '300' MAX_ORDER_COUNT_I = '20' MSG_URL='http://e01api.fbs.com.tw/PortalTW/bulletin.htm' MSG_DELAY_TIME='10' MSG_HEIGHT='5000' MSG_WIDTH='8000' MSG_DATE='12/29/2014' TAIEMG_CACHE_HH='8' TAIEMG_CACHE_MM='35' TAIEMG_CACHE_DELAY_TIME='300'/></Result>
2022/1/25 下午 03:51:35(112922844) :  >> [mem:] TP_Order_Time[300] Max_Order_Count[100] Conti_Order_Time[60] Delay_Time[500] Delay_Time1[1000] TP_EP_QUERY_TIME[20] TP_Order_Time_I[300] Max_Order_Count_I[20] Conti_Order_Time_I[60] Delay_Time_I[500] Delay_Time1_I[1000]
2022/1/25 下午 03:51:35(112923044) :  >> Server2Client_Set : <?xml version='1.0' encoding='big5'?><Result Code='0' ServerTime='2022/01/25 15:51:35'><Error Code='0' FBF='FBF' TP_Equity_Position_TIME='60' TSE_OPEN='Y' TAIEMG_OPEN='N' FUTURE_OPEN='Y' SESSION_OPEN='N' IApi='Y' eLogin_CID='Y' TP_ORDER_TIME = '300' MAX_ORDER_COUNT = '100' CONTI_ORDER_TIME = '60' DELAY_TIME = '500' DELAY_TIME1 = '1000' TP_ORDER_TIME_I = '300' MAX_ORDER_COUNT_I = '20' MSG_URL='http://e01api.fbs.com.tw/PortalTW/bulletin.htm' MSG_DELAY_TIME='10' MSG_HEIGHT='5000' MSG_WIDTH='8000' MSG_DATE='12/29/2014' TAIEMG_CACHE_HH='8' TAIEMG_CACHE_MM='35' TAIEMG_CACHE_DELAY_TIME='300'/></Result>
2022/1/25 下午 03:51:35(112923076) :  >> Server2Client_Set : <?xml version='1.0' encoding='big5'?><Result Code='0' ServerTime='2022/01/25 15:51:35'><Error Code='0' FBF='FBF' TP_Equity_Position_TIME='60' TSE_OPEN='Y' TAIEMG_OPEN='N' FUTURE_OPEN='Y' SESSION_OPEN='N' IApi='Y' eLogin_CID='Y' TP_ORDER_TIME = '300' MAX_ORDER_COUNT = '100' CONTI_ORDER_TIME = '60' DELAY_TIME = '500' DELAY_TIME1 = '1000' TP_ORDER_TIME_I = '300' MAX_ORDER_COUNT_I = '20' MSG_URL='http://e01api.fbs.com.tw/PortalTW/bulletin.htm' MSG_DELAY_TIME='10' MSG_HEIGHT='5000' MSG_WIDTH='8000' MSG_DATE='12/29/2014' TAIEMG_CACHE_HH='8' TAIEMG_CACHE_MM='35' TAIEMG_CACHE_DELAY_TIME='300'/></Result>
2022/1/25 下午 03:51:35(112923089) :  >> <?xml version='1.0' encoding='big5'?><Result Code='0' ServerTime='20220125-155135'>	
				<Data Code='0'>
					<Time>20220125-155135</Time>
				</Data>	
			</Result>
2022/1/25 下午 03:51:35(112923163) :  >> Server2Client_Set_F_ID : <?xml version='1.0' encoding='big5'?><Result Code='0' ServerTime='2022/01/25 15:51:35'><Error Code='0' FBF='FBF' TP_Equity_Position_TIME='60' TSE_OPEN='Y' TAIEMG_OPEN='N' FUTURE_OPEN='Y' SESSION_OPEN='N' IApi='Y' eLogin_CID='Y' TP_ORDER_TIME = '300' MAX_ORDER_COUNT = '100' CONTI_ORDER_TIME = '60' DELAY_TIME = '500' DELAY_TIME1 = '1000' TP_ORDER_TIME_I = '300' MAX_ORDER_COUNT_I = '20' MSG_URL='http://e01api.fbs.com.tw/PortalTW/bulletin.htm' MSG_DELAY_TIME='10' MSG_HEIGHT='5000' MSG_WIDTH='8000' MSG_DATE='12/29/2014' TAIEMG_CACHE_HH='8' TAIEMG_CACHE_MM='35' TAIEMG_CACHE_DELAY_TIME='300'/></Result>
2022/1/25 下午 03:51:35(112923276) :  >> [mem:] TP_Order_Time[300] Max_Order_Count[100] Conti_Order_Time[60] Delay_Time[500] Delay_Time1[1000] TP_EP_QUERY_TIME[20] TP_Order_Time_I[300] Max_Order_Count_I[20] Conti_Order_Time_I[60] Delay_Time_I[500] Delay_Time1_I[1000]
2022/1/25 下午 03:52:17(112965090) :  >> Server2Client_Set : <?xml version='1.0' encoding='big5'?><Result Code='0' ServerTime='2022/01/25 15:52:17'><Error Code='0' FBF='FBF' TP_Equity_Position_TIME='60' TSE_OPEN='Y' TAIEMG_OPEN='N' FUTURE_OPEN='Y' SESSION_OPEN='N' IApi='Y' eLogin_CID='Y' TP_ORDER_TIME = '300' MAX_ORDER_COUNT = '100' CONTI_ORDER_TIME = '60' DELAY_TIME = '500' DELAY_TIME1 = '1000' TP_ORDER_TIME_I = '300' MAX_ORDER_COUNT_I = '20' MSG_URL='http://e01api.fbs.com.tw/PortalTW/bulletin.htm' MSG_DELAY_TIME='10' MSG_HEIGHT='5000' MSG_WIDTH='8000' MSG_DATE='12/29/2014' TAIEMG_CACHE_HH='8' TAIEMG_CACHE_MM='35' TAIEMG_CACHE_DELAY_TIME='300'/></Result>
2022/1/25 下午 03:52:17(112965121) :  >> Server2Client_Set : <?xml version='1.0' encoding='big5'?><Result Code='0' ServerTime='2022/01/25 15:52:17'><Error Code='0' FBF='FBF' TP_Equity_Position_TIME='60' TSE_OPEN='Y' TAIEMG_OPEN='N' FUTURE_OPEN='Y' SESSION_OPEN='N' IApi='Y' eLogin_CID='Y' TP_ORDER_TIME = '300' MAX_ORDER_COUNT = '100' CONTI_ORDER_TIME = '60' DELAY_TIME = '500' DELAY_TIME1 = '1000' TP_ORDER_TIME_I = '300' MAX_ORDER_COUNT_I = '20' MSG_URL='http://e01api.fbs.com.tw/PortalTW/bulletin.htm' MSG_DELAY_TIME='10' MSG_HEIGHT='5000' MSG_WIDTH='8000' MSG_DATE='12/29/2014' TAIEMG_CACHE_HH='8' TAIEMG_CACHE_MM='35' TAIEMG_CACHE_DELAY_TIME='300'/></Result>
2022/1/25 下午 03:52:17(112965137) :  >> <?xml version='1.0' encoding='big5'?><Result Code='0' ServerTime='20220125-155217'>	
				<Data Code='0'>
					<Time>20220125-155217</Time>
				</Data>	
			</Result>
2022/1/25 下午 03:52:17(112965229) :  >> Server2Client_Set_F_ID : <?xml version='1.0' encoding='big5'?><Result Code='0' ServerTime='2022/01/25 15:52:17'><Error Code='0' FBF='FBF' TP_Equity_Position_TIME='60' TSE_OPEN='Y' TAIEMG_OPEN='N' FUTURE_OPEN='Y' SESSION_OPEN='N' IApi='Y' eLogin_CID='Y' TP_ORDER_TIME = '300' MAX_ORDER_COUNT = '100' CONTI_ORDER_TIME = '60' DELAY_TIME = '500' DELAY_TIME1 = '1000' TP_ORDER_TIME_I = '300' MAX_ORDER_COUNT_I = '20' MSG_URL='http://e01api.fbs.com.tw/PortalTW/bulletin.htm' MSG_DELAY_TIME='10' MSG_HEIGHT='5000' MSG_WIDTH='8000' MSG_DATE='12/29/2014' TAIEMG_CACHE_HH='8' TAIEMG_CACHE_MM='35' TAIEMG_CACHE_DELAY_TIME='300'/></Result>
2022/1/25 下午 03:52:17(112965349) :  >> [mem:] TP_Order_Time[300] Max_Order_Count[100] Conti_Order_Time[60] Delay_Time[500] Delay_Time1[1000] TP_EP_QUERY_TIME[20] TP_Order_Time_I[300] Max_Order_Count_I[20] Conti_Order_Time_I[60] Delay_Time_I[500] Delay_Time1_I[1000]
2022/1/25 下午 03:52:17(112965613) :  >> Server2Client_Set : <?xml version='1.0' encoding='big5'?><Result Code='0' ServerTime='2022/01/25 15:52:17'><Error Code='0' FBF='FBF' TP_Equity_Position_TIME='60' TSE_OPEN='Y' TAIEMG_OPEN='N' FUTURE_OPEN='Y' SESSION_OPEN='N' IApi='Y' eLogin_CID='Y' TP_ORDER_TIME = '300' MAX_ORDER_COUNT = '100' CONTI_ORDER_TIME = '60' DELAY_TIME = '500' DELAY_TIME1 = '1000' TP_ORDER_TIME_I = '300' MAX_ORDER_COUNT_I = '20' MSG_URL='http://e01api.fbs.com.tw/PortalTW/bulletin.htm' MSG_DELAY_TIME='10' MSG_HEIGHT='5000' MSG_WIDTH='8000' MSG_DATE='12/29/2014' TAIEMG_CACHE_HH='8' TAIEMG_CACHE_MM='35' TAIEMG_CACHE_DELAY_TIME='300'/></Result>
2022/1/25 下午 03:52:17(112965646) :  >> Server2Client_Set : <?xml version='1.0' encoding='big5'?><Result Code='0' ServerTime='2022/01/25 15:52:17'><Error Code='0' FBF='FBF' TP_Equity_Position_TIME='60' TSE_OPEN='Y' TAIEMG_OPEN='N' FUTURE_OPEN='Y' SESSION_OPEN='N' IApi='Y' eLogin_CID='Y' TP_ORDER_TIME = '300' MAX_ORDER_COUNT = '100' CONTI_ORDER_TIME = '60' DELAY_TIME = '500' DELAY_TIME1 = '1000' TP_ORDER_TIME_I = '300' MAX_ORDER_COUNT_I = '20' MSG_URL='http://e01api.fbs.com.tw/PortalTW/bulletin.htm' MSG_DELAY_TIME='10' MSG_HEIGHT='5000' MSG_WIDTH='8000' MSG_DATE='12/29/2014' TAIEMG_CACHE_HH='8' TAIEMG_CACHE_MM='35' TAIEMG_CACHE_DELAY_TIME='300'/></Result>
2022/1/25 下午 03:52:17(112965661) :  >> <?xml version='1.0' encoding='big5'?><Result Code='0' ServerTime='20220125-155217'>	
				<Data Code='0'>
					<Time>20220125-155217</Time>
				</Data>	
			</Result>
2022/1/25 下午 03:52:18(112965742) :  >> Server2Client_Set_F_ID : <?xml version='1.0' encoding='big5'?><Result Code='0' ServerTime='2022/01/25 15:52:17'><Error Code='0' FBF='FBF' TP_Equity_Position_TIME='60' TSE_OPEN='Y' TAIEMG_OPEN='N' FUTURE_OPEN='Y' SESSION_OPEN='N' IApi='Y' eLogin_CID='Y' TP_ORDER_TIME = '300' MAX_ORDER_COUNT = '100' CONTI_ORDER_TIME = '60' DELAY_TIME = '500' DELAY_TIME1 = '1000' TP_ORDER_TIME_I = '300' MAX_ORDER_COUNT_I = '20' MSG_URL='http://e01api.fbs.com.tw/PortalTW/bulletin.htm' MSG_DELAY_TIME='10' MSG_HEIGHT='5000' MSG_WIDTH='8000' MSG_DATE='12/29/2014' TAIEMG_CACHE_HH='8' TAIEMG_CACHE_MM='35' TAIEMG_CACHE_DELAY_TIME='300'/></Result>
2022/1/25 下午 03:52:18(112965896) :  >> [mem:] TP_Order_Time[300] Max_Order_Count[100] Conti_Order_Time[60] Delay_Time[500] Delay_Time1[1000] TP_EP_QUERY_TIME[20] TP_Order_Time_I[300] Max_Order_Count_I[20] Conti_Order_Time_I[60] Delay_Time_I[500] Delay_Time1_I[1000]
2022/1/25 下午 03:52:18(112966115) :  >> Server2Client_Set : <?xml version='1.0' encoding='big5'?><Result Code='0' ServerTime='2022/01/25 15:52:18'><Error Code='0' FBF='FBF' TP_Equity_Position_TIME='60' TSE_OPEN='Y' TAIEMG_OPEN='N' FUTURE_OPEN='Y' SESSION_OPEN='N' IApi='Y' eLogin_CID='Y' TP_ORDER_TIME = '300' MAX_ORDER_COUNT = '100' CONTI_ORDER_TIME = '60' DELAY_TIME = '500' DELAY_TIME1 = '1000' TP_ORDER_TIME_I = '300' MAX_ORDER_COUNT_I = '20' MSG_URL='http://e01api.fbs.com.tw/PortalTW/bulletin.htm' MSG_DELAY_TIME='10' MSG_HEIGHT='5000' MSG_WIDTH='8000' MSG_DATE='12/29/2014' TAIEMG_CACHE_HH='8' TAIEMG_CACHE_MM='35' TAIEMG_CACHE_DELAY_TIME='300'/></Result>
2022/1/25 下午 03:52:18(112966145) :  >> Server2Client_Set : <?xml version='1.0' encoding='big5'?><Result Code='0' ServerTime='2022/01/25 15:52:18'><Error Code='0' FBF='FBF' TP_Equity_Position_TIME='60' TSE_OPEN='Y' TAIEMG_OPEN='N' FUTURE_OPEN='Y' SESSION_OPEN='N' IApi='Y' eLogin_CID='Y' TP_ORDER_TIME = '300' MAX_ORDER_COUNT = '100' CONTI_ORDER_TIME = '60' DELAY_TIME = '500' DELAY_TIME1 = '1000' TP_ORDER_TIME_I = '300' MAX_ORDER_COUNT_I = '20' MSG_URL='http://e01api.fbs.com.tw/PortalTW/bulletin.htm' MSG_DELAY_TIME='10' MSG_HEIGHT='5000' MSG_WIDTH='8000' MSG_DATE='12/29/2014' TAIEMG_CACHE_HH='8' TAIEMG_CACHE_MM='35' TAIEMG_CACHE_DELAY_TIME='300'/></Result>
2022/1/25 下午 03:52:18(112966169) :  >> <?xml version='1.0' encoding='big5'?><Result Code='0' ServerTime='20220125-155218'>	
				<Data Code='0'>
					<Time>20220125-155218</Time>
				</Data>	
			</Result>
2022/1/25 下午 03:52:18(112966262) :  >> Server2Client_Set_F_ID : <?xml version='1.0' encoding='big5'?><Result Code='0' ServerTime='2022/01/25 15:52:18'><Error Code='0' FBF='FBF' TP_Equity_Position_TIME='60' TSE_OPEN='Y' TAIEMG_OPEN='N' FUTURE_OPEN='Y' SESSION_OPEN='N' IApi='Y' eLogin_CID='Y' TP_ORDER_TIME = '300' MAX_ORDER_COUNT = '100' CONTI_ORDER_TIME = '60' DELAY_TIME = '500' DELAY_TIME1 = '1000' TP_ORDER_TIME_I = '300' MAX_ORDER_COUNT_I = '20' MSG_URL='http://e01api.fbs.com.tw/PortalTW/bulletin.htm' MSG_DELAY_TIME='10' MSG_HEIGHT='5000' MSG_WIDTH='8000' MSG_DATE='12/29/2014' TAIEMG_CACHE_HH='8' TAIEMG_CACHE_MM='35' TAIEMG_CACHE_DELAY_TIME='300'/></Result>
2022/1/25 下午 03:52:18(112966438) :  >> [mem:] TP_Order_Time[300] Max_Order_Count[100] Conti_Order_Time[60] Delay_Time[500] Delay_Time1[1000] TP_EP_QUERY_TIME[20] TP_Order_Time_I[300] Max_Order_Count_I[20] Conti_Order_Time_I[60] Delay_Time_I[500] Delay_Time1_I[1000]
2022/1/25 下午 03:52:35(112982852) :  >> Server2Client_Set : <?xml version='1.0' encoding='big5'?><Result Code='0' ServerTime='2022/01/25 15:52:35'><Error Code='0' FBF='FBF' TP_Equity_Position_TIME='60' TSE_OPEN='Y' TAIEMG_OPEN='N' FUTURE_OPEN='Y' SESSION_OPEN='N' IApi='Y' eLogin_CID='Y' TP_ORDER_TIME = '300' MAX_ORDER_COUNT = '100' CONTI_ORDER_TIME = '60' DELAY_TIME = '500' DELAY_TIME1 = '1000' TP_ORDER_TIME_I = '300' MAX_ORDER_COUNT_I = '20' MSG_URL='http://e01api.fbs.com.tw/PortalTW/bulletin.htm' MSG_DELAY_TIME='10' MSG_HEIGHT='5000' MSG_WIDTH='8000' MSG_DATE='12/29/2014' TAIEMG_CACHE_HH='8' TAIEMG_CACHE_MM='35' TAIEMG_CACHE_DELAY_TIME='300'/></Result>
2022/1/25 下午 03:52:35(112982887) :  >> Server2Client_Set : <?xml version='1.0' encoding='big5'?><Result Code='0' ServerTime='2022/01/25 15:52:35'><Error Code='0' FBF='FBF' TP_Equity_Position_TIME='60' TSE_OPEN='Y' TAIEMG_OPEN='N' FUTURE_OPEN='Y' SESSION_OPEN='N' IApi='Y' eLogin_CID='Y' TP_ORDER_TIME = '300' MAX_ORDER_COUNT = '100' CONTI_ORDER_TIME = '60' DELAY_TIME = '500' DELAY_TIME1 = '1000' TP_ORDER_TIME_I = '300' MAX_ORDER_COUNT_I = '20' MSG_URL='http://e01api.fbs.com.tw/PortalTW/bulletin.htm' MSG_DELAY_TIME='10' MSG_HEIGHT='5000' MSG_WIDTH='8000' MSG_DATE='12/29/2014' TAIEMG_CACHE_HH='8' TAIEMG_CACHE_MM='35' TAIEMG_CACHE_DELAY_TIME='300'/></Result>
2022/1/25 下午 03:52:35(112982906) :  >> <?xml version='1.0' encoding='big5'?><Result Code='0' ServerTime='20220125-155235'>	
				<Data Code='0'>
					<Time>20220125-155235</Time>
				</Data>	
			</Result>
2022/1/25 下午 03:52:35(112982992) :  >> Server2Client_Set_F_ID : <?xml version='1.0' encoding='big5'?><Result Code='0' ServerTime='2022/01/25 15:52:35'><Error Code='0' FBF='FBF' TP_Equity_Position_TIME='60' TSE_OPEN='Y' TAIEMG_OPEN='N' FUTURE_OPEN='Y' SESSION_OPEN='N' IApi='Y' eLogin_CID='Y' TP_ORDER_TIME = '300' MAX_ORDER_COUNT = '100' CONTI_ORDER_TIME = '60' DELAY_TIME = '500' DELAY_TIME1 = '1000' TP_ORDER_TIME_I = '300' MAX_ORDER_COUNT_I = '20' MSG_URL='http://e01api.fbs.com.tw/PortalTW/bulletin.htm' MSG_DELAY_TIME='10' MSG_HEIGHT='5000' MSG_WIDTH='8000' MSG_DATE='12/29/2014' TAIEMG_CACHE_HH='8' TAIEMG_CACHE_MM='35' TAIEMG_CACHE_DELAY_TIME='300'/></Result>
2022/1/25 下午 03:52:35(112983106) :  >> [mem:] TP_Order_Time[300] Max_Order_Count[100] Conti_Order_Time[60] Delay_Time[500] Delay_Time1[1000] TP_EP_QUERY_TIME[20] TP_Order_Time_I[300] Max_Order_Count_I[20] Conti_Order_Time_I[60] Delay_Time_I[500] Delay_Time1_I[1000]
2022/1/25 下午 03:52:35(112983310) :  >> Server2Client_Set : <?xml version='1.0' encoding='big5'?><Result Code='0' ServerTime='2022/01/25 15:52:35'><Error Code='0' FBF='FBF' TP_Equity_Position_TIME='60' TSE_OPEN='Y' TAIEMG_OPEN='N' FUTURE_OPEN='Y' SESSION_OPEN='N' IApi='Y' eLogin_CID='Y' TP_ORDER_TIME = '300' MAX_ORDER_COUNT = '100' CONTI_ORDER_TIME = '60' DELAY_TIME = '500' DELAY_TIME1 = '1000' TP_ORDER_TIME_I = '300' MAX_ORDER_COUNT_I = '20' MSG_URL='http://e01api.fbs.com.tw/PortalTW/bulletin.htm' MSG_DELAY_TIME='10' MSG_HEIGHT='5000' MSG_WIDTH='8000' MSG_DATE='12/29/2014' TAIEMG_CACHE_HH='8' TAIEMG_CACHE_MM='35' TAIEMG_CACHE_DELAY_TIME='300'/></Result>
2022/1/25 下午 03:52:35(112983340) :  >> Server2Client_Set : <?xml version='1.0' encoding='big5'?><Result Code='0' ServerTime='2022/01/25 15:52:35'><Error Code='0' FBF='FBF' TP_Equity_Position_TIME='60' TSE_OPEN='Y' TAIEMG_OPEN='N' FUTURE_OPEN='Y' SESSION_OPEN='N' IApi='Y' eLogin_CID='Y' TP_ORDER_TIME = '300' MAX_ORDER_COUNT = '100' CONTI_ORDER_TIME = '60' DELAY_TIME = '500' DELAY_TIME1 = '1000' TP_ORDER_TIME_I = '300' MAX_ORDER_COUNT_I = '20' MSG_URL='http://e01api.fbs.com.tw/PortalTW/bulletin.htm' MSG_DELAY_TIME='10' MSG_HEIGHT='5000' MSG_WIDTH='8000' MSG_DATE='12/29/2014' TAIEMG_CACHE_HH='8' TAIEMG_CACHE_MM='35' TAIEMG_CACHE_DELAY_TIME='300'/></Result>
2022/1/25 下午 03:52:35(112983356) :  >> <?xml version='1.0' encoding='big5'?><Result Code='0' ServerTime='20220125-155235'>	
				<Data Code='0'>
					<Time>20220125-155235</Time>
				</Data>	
			</Result>
2022/1/25 下午 03:52:35(112983449) :  >> Server2Client_Set_F_ID : <?xml version='1.0' encoding='big5'?><Result Code='0' ServerTime='2022/01/25 15:52:35'><Error Code='0' FBF='FBF' TP_Equity_Position_TIME='60' TSE_OPEN='Y' TAIEMG_OPEN='N' FUTURE_OPEN='Y' SESSION_OPEN='N' IApi='Y' eLogin_CID='Y' TP_ORDER_TIME = '300' MAX_ORDER_COUNT = '100' CONTI_ORDER_TIME = '60' DELAY_TIME = '500' DELAY_TIME1 = '1000' TP_ORDER_TIME_I = '300' MAX_ORDER_COUNT_I = '20' MSG_URL='http://e01api.fbs.com.tw/PortalTW/bulletin.htm' MSG_DELAY_TIME='10' MSG_HEIGHT='5000' MSG_WIDTH='8000' MSG_DATE='12/29/2014' TAIEMG_CACHE_HH='8' TAIEMG_CACHE_MM='35' TAIEMG_CACHE_DELAY_TIME='300'/></Result>
2022/1/25 下午 03:52:35(112983574) :  >> [mem:] TP_Order_Time[300] Max_Order_Count[100] Conti_Order_Time[60] Delay_Time[500] Delay_Time1[1000] TP_EP_QUERY_TIME[20] TP_Order_Time_I[300] Max_Order_Count_I[20] Conti_Order_Time_I[60] Delay_Time_I[500] Delay_Time1_I[1000]
2022/1/25 下午 03:52:36(112983777) :  >> Server2Client_Set : <?xml version='1.0' encoding='big5'?><Result Code='0' ServerTime='2022/01/25 15:52:35'><Error Code='0' FBF='FBF' TP_Equity_Position_TIME='60' TSE_OPEN='Y' TAIEMG_OPEN='N' FUTURE_OPEN='Y' SESSION_OPEN='N' IApi='Y' eLogin_CID='Y' TP_ORDER_TIME = '300' MAX_ORDER_COUNT = '100' CONTI_ORDER_TIME = '60' DELAY_TIME = '500' DELAY_TIME1 = '1000' TP_ORDER_TIME_I = '300' MAX_ORDER_COUNT_I = '20' MSG_URL='http://e01api.fbs.com.tw/PortalTW/bulletin.htm' MSG_DELAY_TIME='10' MSG_HEIGHT='5000' MSG_WIDTH='8000' MSG_DATE='12/29/2014' TAIEMG_CACHE_HH='8' TAIEMG_CACHE_MM='35' TAIEMG_CACHE_DELAY_TIME='300'/></Result>
2022/1/25 下午 03:52:36(112983805) :  >> Server2Client_Set : <?xml version='1.0' encoding='big5'?><Result Code='0' ServerTime='2022/01/25 15:52:35'><Error Code='0' FBF='FBF' TP_Equity_Position_TIME='60' TSE_OPEN='Y' TAIEMG_OPEN='N' FUTURE_OPEN='Y' SESSION_OPEN='N' IApi='Y' eLogin_CID='Y' TP_ORDER_TIME = '300' MAX_ORDER_COUNT = '100' CONTI_ORDER_TIME = '60' DELAY_TIME = '500' DELAY_TIME1 = '1000' TP_ORDER_TIME_I = '300' MAX_ORDER_COUNT_I = '20' MSG_URL='http://e01api.fbs.com.tw/PortalTW/bulletin.htm' MSG_DELAY_TIME='10' MSG_HEIGHT='5000' MSG_WIDTH='8000' MSG_DATE='12/29/2014' TAIEMG_CACHE_HH='8' TAIEMG_CACHE_MM='35' TAIEMG_CACHE_DELAY_TIME='300'/></Result>
2022/1/25 下午 03:52:36(112983821) :  >> <?xml version='1.0' encoding='big5'?><Result Code='0' ServerTime='20220125-155236'>	
				<Data Code='0'>
					<Time>20220125-155236</Time>
				</Data>	
			</Result>
2022/1/25 下午 03:52:36(112983904) :  >> Server2Client_Set_F_ID : <?xml version='1.0' encoding='big5'?><Result Code='0' ServerTime='2022/01/25 15:52:36'><Error Code='0' FBF='FBF' TP_Equity_Position_TIME='60' TSE_OPEN='Y' TAIEMG_OPEN='N' FUTURE_OPEN='Y' SESSION_OPEN='N' IApi='Y' eLogin_CID='Y' TP_ORDER_TIME = '300' MAX_ORDER_COUNT = '100' CONTI_ORDER_TIME = '60' DELAY_TIME = '500' DELAY_TIME1 = '1000' TP_ORDER_TIME_I = '300' MAX_ORDER_COUNT_I = '20' MSG_URL='http://e01api.fbs.com.tw/PortalTW/bulletin.htm' MSG_DELAY_TIME='10' MSG_HEIGHT='5000' MSG_WIDTH='8000' MSG_DATE='12/29/2014' TAIEMG_CACHE_HH='8' TAIEMG_CACHE_MM='35' TAIEMG_CACHE_DELAY_TIME='300'/></Result>
2022/1/25 下午 03:52:36(112984017) :  >> [mem:] TP_Order_Time[300] Max_Order_Count[100] Conti_Order_Time[60] Delay_Time[500] Delay_Time1[1000] TP_EP_QUERY_TIME[20] TP_Order_Time_I[300] Max_Order_Count_I[20] Conti_Order_Time_I[60] Delay_Time_I[500] Delay_Time1_I[1000]
2022/1/25 下午 03:53:05(113012970) :  >> Server2Client_Set : <?xml version='1.0' encoding='big5'?><Result Code='0' ServerTime='2022/01/25 15:53:05'><Error Code='0' FBF='FBF' TP_Equity_Position_TIME='60' TSE_OPEN='Y' TAIEMG_OPEN='N' FUTURE_OPEN='Y' SESSION_OPEN='N' IApi='Y' eLogin_CID='Y' TP_ORDER_TIME = '300' MAX_ORDER_COUNT = '100' CONTI_ORDER_TIME = '60' DELAY_TIME = '500' DELAY_TIME1 = '1000' TP_ORDER_TIME_I = '300' MAX_ORDER_COUNT_I = '20' MSG_URL='http://e01api.fbs.com.tw/PortalTW/bulletin.htm' MSG_DELAY_TIME='10' MSG_HEIGHT='5000' MSG_WIDTH='8000' MSG_DATE='12/29/2014' TAIEMG_CACHE_HH='8' TAIEMG_CACHE_MM='35' TAIEMG_CACHE_DELAY_TIME='300'/></Result>
2022/1/25 下午 03:53:05(113013001) :  >> Server2Client_Set : <?xml version='1.0' encoding='big5'?><Result Code='0' ServerTime='2022/01/25 15:53:05'><Error Code='0' FBF='FBF' TP_Equity_Position_TIME='60' TSE_OPEN='Y' TAIEMG_OPEN='N' FUTURE_OPEN='Y' SESSION_OPEN='N' IApi='Y' eLogin_CID='Y' TP_ORDER_TIME = '300' MAX_ORDER_COUNT = '100' CONTI_ORDER_TIME = '60' DELAY_TIME = '500' DELAY_TIME1 = '1000' TP_ORDER_TIME_I = '300' MAX_ORDER_COUNT_I = '20' MSG_URL='http://e01api.fbs.com.tw/PortalTW/bulletin.htm' MSG_DELAY_TIME='10' MSG_HEIGHT='5000' MSG_WIDTH='8000' MSG_DATE='12/29/2014' TAIEMG_CACHE_HH='8' TAIEMG_CACHE_MM='35' TAIEMG_CACHE_DELAY_TIME='300'/></Result>
2022/1/25 下午 03:53:05(113013017) :  >> <?xml version='1.0' encoding='big5'?><Result Code='0' ServerTime='20220125-155305'>	
				<Data Code='0'>
					<Time>20220125-155305</Time>
				</Data>	
			</Result>
2022/1/25 下午 03:53:05(113013143) :  >> Server2Client_Set_F_ID : <?xml version='1.0' encoding='big5'?><Result Code='0' ServerTime='2022/01/25 15:53:05'><Error Code='0' FBF='FBF' TP_Equity_Position_TIME='60' TSE_OPEN='Y' TAIEMG_OPEN='N' FUTURE_OPEN='Y' SESSION_OPEN='N' IApi='Y' eLogin_CID='Y' TP_ORDER_TIME = '300' MAX_ORDER_COUNT = '100' CONTI_ORDER_TIME = '60' DELAY_TIME = '500' DELAY_TIME1 = '1000' TP_ORDER_TIME_I = '300' MAX_ORDER_COUNT_I = '20' MSG_URL='http://e01api.fbs.com.tw/PortalTW/bulletin.htm' MSG_DELAY_TIME='10' MSG_HEIGHT='5000' MSG_WIDTH='8000' MSG_DATE='12/29/2014' TAIEMG_CACHE_HH='8' TAIEMG_CACHE_MM='35' TAIEMG_CACHE_DELAY_TIME='300'/></Result>
2022/1/25 下午 03:53:05(113013275) :  >> [mem:] TP_Order_Time[300] Max_Order_Count[100] Conti_Order_Time[60] Delay_Time[500] Delay_Time1[1000] TP_EP_QUERY_TIME[20] TP_Order_Time_I[300] Max_Order_Count_I[20] Conti_Order_Time_I[60] Delay_Time_I[500] Delay_Time1_I[1000]
2022/1/25 下午 03:53:05(113013503) :  >> Server2Client_Set : <?xml version='1.0' encoding='big5'?><Result Code='0' ServerTime='2022/01/25 15:53:05'><Error Code='0' FBF='FBF' TP_Equity_Position_TIME='60' TSE_OPEN='Y' TAIEMG_OPEN='N' FUTURE_OPEN='Y' SESSION_OPEN='N' IApi='Y' eLogin_CID='Y' TP_ORDER_TIME = '300' MAX_ORDER_COUNT = '100' CONTI_ORDER_TIME = '60' DELAY_TIME = '500' DELAY_TIME1 = '1000' TP_ORDER_TIME_I = '300' MAX_ORDER_COUNT_I = '20' MSG_URL='http://e01api.fbs.com.tw/PortalTW/bulletin.htm' MSG_DELAY_TIME='10' MSG_HEIGHT='5000' MSG_WIDTH='8000' MSG_DATE='12/29/2014' TAIEMG_CACHE_HH='8' TAIEMG_CACHE_MM='35' TAIEMG_CACHE_DELAY_TIME='300'/></Result>
2022/1/25 下午 03:53:05(113013532) :  >> Server2Client_Set : <?xml version='1.0' encoding='big5'?><Result Code='0' ServerTime='2022/01/25 15:53:05'><Error Code='0' FBF='FBF' TP_Equity_Position_TIME='60' TSE_OPEN='Y' TAIEMG_OPEN='N' FUTURE_OPEN='Y' SESSION_OPEN='N' IApi='Y' eLogin_CID='Y' TP_ORDER_TIME = '300' MAX_ORDER_COUNT = '100' CONTI_ORDER_TIME = '60' DELAY_TIME = '500' DELAY_TIME1 = '1000' TP_ORDER_TIME_I = '300' MAX_ORDER_COUNT_I = '20' MSG_URL='http://e01api.fbs.com.tw/PortalTW/bulletin.htm' MSG_DELAY_TIME='10' MSG_HEIGHT='5000' MSG_WIDTH='8000' MSG_DATE='12/29/2014' TAIEMG_CACHE_HH='8' TAIEMG_CACHE_MM='35' TAIEMG_CACHE_DELAY_TIME='300'/></Result>
2022/1/25 下午 03:53:05(113013549) :  >> <?xml version='1.0' encoding='big5'?><Result Code='0' ServerTime='20220125-155305'>	
				<Data Code='0'>
					<Time>20220125-155305</Time>
				</Data>	
			</Result>
2022/1/25 下午 03:53:06(113013672) :  >> Server2Client_Set_F_ID : <?xml version='1.0' encoding='big5'?><Result Code='0' ServerTime='2022/01/25 15:53:05'><Error Code='0' FBF='FBF' TP_Equity_Position_TIME='60' TSE_OPEN='Y' TAIEMG_OPEN='N' FUTURE_OPEN='Y' SESSION_OPEN='N' IApi='Y' eLogin_CID='Y' TP_ORDER_TIME = '300' MAX_ORDER_COUNT = '100' CONTI_ORDER_TIME = '60' DELAY_TIME = '500' DELAY_TIME1 = '1000' TP_ORDER_TIME_I = '300' MAX_ORDER_COUNT_I = '20' MSG_URL='http://e01api.fbs.com.tw/PortalTW/bulletin.htm' MSG_DELAY_TIME='10' MSG_HEIGHT='5000' MSG_WIDTH='8000' MSG_DATE='12/29/2014' TAIEMG_CACHE_HH='8' TAIEMG_CACHE_MM='35' TAIEMG_CACHE_DELAY_TIME='300'/></Result>
2022/1/25 下午 03:53:06(113013786) :  >> [mem:] TP_Order_Time[300] Max_Order_Count[100] Conti_Order_Time[60] Delay_Time[500] Delay_Time1[1000] TP_EP_QUERY_TIME[20] TP_Order_Time_I[300] Max_Order_Count_I[20] Conti_Order_Time_I[60] Delay_Time_I[500] Delay_Time1_I[1000]
2022/1/25 下午 03:53:06(113014016) :  >> Server2Client_Set : <?xml version='1.0' encoding='big5'?><Result Code='0' ServerTime='2022/01/25 15:53:06'><Error Code='0' FBF='FBF' TP_Equity_Position_TIME='60' TSE_OPEN='Y' TAIEMG_OPEN='N' FUTURE_OPEN='Y' SESSION_OPEN='N' IApi='Y' eLogin_CID='Y' TP_ORDER_TIME = '300' MAX_ORDER_COUNT = '100' CONTI_ORDER_TIME = '60' DELAY_TIME = '500' DELAY_TIME1 = '1000' TP_ORDER_TIME_I = '300' MAX_ORDER_COUNT_I = '20' MSG_URL='http://e01api.fbs.com.tw/PortalTW/bulletin.htm' MSG_DELAY_TIME='10' MSG_HEIGHT='5000' MSG_WIDTH='8000' MSG_DATE='12/29/2014' TAIEMG_CACHE_HH='8' TAIEMG_CACHE_MM='35' TAIEMG_CACHE_DELAY_TIME='300'/></Result>
2022/1/25 下午 03:53:06(113014047) :  >> Server2Client_Set : <?xml version='1.0' encoding='big5'?><Result Code='0' ServerTime='2022/01/25 15:53:06'><Error Code='0' FBF='FBF' TP_Equity_Position_TIME='60' TSE_OPEN='Y' TAIEMG_OPEN='N' FUTURE_OPEN='Y' SESSION_OPEN='N' IApi='Y' eLogin_CID='Y' TP_ORDER_TIME = '300' MAX_ORDER_COUNT = '100' CONTI_ORDER_TIME = '60' DELAY_TIME = '500' DELAY_TIME1 = '1000' TP_ORDER_TIME_I = '300' MAX_ORDER_COUNT_I = '20' MSG_URL='http://e01api.fbs.com.tw/PortalTW/bulletin.htm' MSG_DELAY_TIME='10' MSG_HEIGHT='5000' MSG_WIDTH='8000' MSG_DATE='12/29/2014' TAIEMG_CACHE_HH='8' TAIEMG_CACHE_MM='35' TAIEMG_CACHE_DELAY_TIME='300'/></Result>
2022/1/25 下午 03:53:06(113014063) :  >> <?xml version='1.0' encoding='big5'?><Result Code='0' ServerTime='20220125-155306'>	
				<Data Code='0'>
					<Time>20220125-155306</Time>
				</Data>	
			</Result>
2022/1/25 下午 03:53:06(113014200) :  >> Server2Client_Set_F_ID : <?xml version='1.0' encoding='big5'?><Result Code='0' ServerTime='2022/01/25 15:53:06'><Error Code='0' FBF='FBF' TP_Equity_Position_TIME='60' TSE_OPEN='Y' TAIEMG_OPEN='N' FUTURE_OPEN='Y' SESSION_OPEN='N' IApi='Y' eLogin_CID='Y' TP_ORDER_TIME = '300' MAX_ORDER_COUNT = '100' CONTI_ORDER_TIME = '60' DELAY_TIME = '500' DELAY_TIME1 = '1000' TP_ORDER_TIME_I = '300' MAX_ORDER_COUNT_I = '20' MSG_URL='http://e01api.fbs.com.tw/PortalTW/bulletin.htm' MSG_DELAY_TIME='10' MSG_HEIGHT='5000' MSG_WIDTH='8000' MSG_DATE='12/29/2014' TAIEMG_CACHE_HH='8' TAIEMG_CACHE_MM='35' TAIEMG_CACHE_DELAY_TIME='300'/></Result>
2022/1/25 下午 03:53:06(113014314) :  >> [mem:] TP_Order_Time[300] Max_Order_Count[100] Conti_Order_Time[60] Delay_Time[500] Delay_Time1[1000] TP_EP_QUERY_TIME[20] TP_Order_Time_I[300] Max_Order_Count_I[20] Conti_Order_Time_I[60] Delay_Time_I[500] Delay_Time1_I[1000]
2022/1/25 下午 03:53:06(113014540) :  >> Server2Client_Set : <?xml version='1.0' encoding='big5'?><Result Code='0' ServerTime='2022/01/25 15:53:06'><Error Code='0' FBF='FBF' TP_Equity_Position_TIME='60' TSE_OPEN='Y' TAIEMG_OPEN='N' FUTURE_OPEN='Y' SESSION_OPEN='N' IApi='Y' eLogin_CID='Y' TP_ORDER_TIME = '300' MAX_ORDER_COUNT = '100' CONTI_ORDER_TIME = '60' DELAY_TIME = '500' DELAY_TIME1 = '1000' TP_ORDER_TIME_I = '300' MAX_ORDER_COUNT_I = '20' MSG_URL='http://e01api.fbs.com.tw/PortalTW/bulletin.htm' MSG_DELAY_TIME='10' MSG_HEIGHT='5000' MSG_WIDTH='8000' MSG_DATE='12/29/2014' TAIEMG_CACHE_HH='8' TAIEMG_CACHE_MM='35' TAIEMG_CACHE_DELAY_TIME='300'/></Result>
2022/1/25 下午 03:53:06(113014569) :  >> Server2Client_Set : <?xml version='1.0' encoding='big5'?><Result Code='0' ServerTime='2022/01/25 15:53:06'><Error Code='0' FBF='FBF' TP_Equity_Position_TIME='60' TSE_OPEN='Y' TAIEMG_OPEN='N' FUTURE_OPEN='Y' SESSION_OPEN='N' IApi='Y' eLogin_CID='Y' TP_ORDER_TIME = '300' MAX_ORDER_COUNT = '100' CONTI_ORDER_TIME = '60' DELAY_TIME = '500' DELAY_TIME1 = '1000' TP_ORDER_TIME_I = '300' MAX_ORDER_COUNT_I = '20' MSG_URL='http://e01api.fbs.com.tw/PortalTW/bulletin.htm' MSG_DELAY_TIME='10' MSG_HEIGHT='5000' MSG_WIDTH='8000' MSG_DATE='12/29/2014' TAIEMG_CACHE_HH='8' TAIEMG_CACHE_MM='35' TAIEMG_CACHE_DELAY_TIME='300'/></Result>
2022/1/25 下午 03:53:06(113014584) :  >> <?xml version='1.0' encoding='big5'?><Result Code='0' ServerTime='20220125-155306'>	
				<Data Code='0'>
					<Time>20220125-155306</Time>
				</Data>	
			</Result>
2022/1/25 下午 03:53:07(113014705) :  >> Server2Client_Set_F_ID : <?xml version='1.0' encoding='big5'?><Result Code='0' ServerTime='2022/01/25 15:53:06'><Error Code='0' FBF='FBF' TP_Equity_Position_TIME='60' TSE_OPEN='Y' TAIEMG_OPEN='N' FUTURE_OPEN='Y' SESSION_OPEN='N' IApi='Y' eLogin_CID='Y' TP_ORDER_TIME = '300' MAX_ORDER_COUNT = '100' CONTI_ORDER_TIME = '60' DELAY_TIME = '500' DELAY_TIME1 = '1000' TP_ORDER_TIME_I = '300' MAX_ORDER_COUNT_I = '20' MSG_URL='http://e01api.fbs.com.tw/PortalTW/bulletin.htm' MSG_DELAY_TIME='10' MSG_HEIGHT='5000' MSG_WIDTH='8000' MSG_DATE='12/29/2014' TAIEMG_CACHE_HH='8' TAIEMG_CACHE_MM='35' TAIEMG_CACHE_DELAY_TIME='300'/></Result>
2022/1/25 下午 03:53:07(113014817) :  >> [mem:] TP_Order_Time[300] Max_Order_Count[100] Conti_Order_Time[60] Delay_Time[500] Delay_Time1[1000] TP_EP_QUERY_TIME[20] TP_Order_Time_I[300] Max_Order_Count_I[20] Conti_Order_Time_I[60] Delay_Time_I[500] Delay_Time1_I[1000]
